#***************************************************************************

#sjplacer

#Version:            1.1

#Build Date:         Dec  5 2017 15:35:27

#File Generated:     Feb 20 2019 18:38:14

#Purpose:            

#Copyright (C) 2010-2011 by Softjin Technologies Pvt Ltd. All rights reserved.

#***************************************************************************

Executing : C:\Program Files (x86)\Cypress\PSoC Creator\4.2\PSoC Creator\bin/sjplacer.exe --proj-name SmartBoy --netlist-vh2 SmartBoy_p.vh2 --arch p4_udb2x2 --arch-file C:\Program Files (x86)\Cypress\PSoC Creator\4.2\PSoC Creator\dev\arch/udbdsi_2x2_04.cydata --ip-file C:\Program Files (x86)\Cypress\PSoC Creator\4.2\PSoC Creator\dev\psoc4/3/256dma/ip_blocks.cydata --rrg-file C:\Program Files (x86)\Cypress\PSoC Creator\4.2\PSoC Creator\dev\psoc4/3/256dma/route_arch-rrg.cydata --irq-file C:\Program Files (x86)\Cypress\PSoC Creator\4.2\PSoC Creator\dev\psoc4/3/256dma/irqconn.cydata --drq-file C:\Program Files (x86)\Cypress\PSoC Creator\4.2\PSoC Creator\dev\psoc4/3/256dma/triggerconn.cydata --dsi-conn-file C:\Program Files (x86)\Cypress\PSoC Creator\4.2\PSoC Creator\dev\psoc4/3/256dma/dsiconn.cydata --pins-file pins_56-QFN.xml --lib-file SmartBoy_p.lib --sdc-file SmartBoy.sdc --io-pcf SmartBoy.pci --outdir .

		Softjin Techologies Placer, Version 1.1

Build Date : Dec  5 2017	15:33:41

D2004: Option and Settings Summary
=============================================================
Netlist vh2 file          - SmartBoy_p.vh2
Architecture file         - C:\Program Files (x86)\Cypress\PSoC Creator\4.2\PSoC Creator\dev\arch/udbdsi_2x2_04.cydata
Package                   - 
Defparam file             - 
SDC file                  - SmartBoy.sdc
Output directory          - .
Timing library            - SmartBoy_p.lib
IO Placement file         - SmartBoy.pci

D2050: Starting reading inputs for placer
=============================================================
D2065: Reading netlist file : "SmartBoy_p.vh2"
D2065: Reading arch file : "C:\Program Files (x86)\Cypress\PSoC Creator\4.2\PSoC Creator\dev\arch/udbdsi_2x2_04.cydata"
D2051: Reading of inputs for placer completed successfully

D2053: Starting placement of the design
=============================================================

Phase 2
Phase 3

Design Statistics after Packing
    Number of Combinational MCs 	:	0
    Number of Sequential MCs    	:	12
    Number of DPs               	:	0
    Number of Controls          	:	0
    Number of Status            	:	0
    Number of SyncCells         	:	0
    Number of count7cells       	:	0

Device Utilization Summary after Packing
    Macrocells                  :	12/32
    UDBS                        :	2/4
    IOs                         :	13/38


D2088: Phase 3, elapsed time : 0.0 (sec)

Phase 4
D2088: Phase 4, elapsed time : 0.0 (sec)

Phase 6

######################################################################
Placement Timing Summary

The timing summary is based on estimated routing delays after
placement. For final timing report, please carry out the timing
analysis after routing.
======================================================================

######################################################################
                     Clock Summary 
======================================================================
Number of clocks: 14
Clock: ADC_intClock         | Frequency: N/A       | Target:   2.7 MHz
Clock: ADC_intClock(FFB)    | Frequency: N/A       | Target:   2.7 MHz
Clock: Clock_1              | Frequency: N/A       | Target:   0.0 MHz
Clock: Clock_1(FFB)         | Frequency: N/A       | Target:   0.0 MHz
Clock: Clock_2              | Frequency: N/A       | Target:   0.0 MHz
Clock: Clock_2(FFB)         | Frequency: N/A       | Target:   0.0 MHz
Clock: CyECO                | Frequency: N/A       | Target:  24.0 MHz
Clock: CyHFClk              | Frequency: N/A       | Target:  24.0 MHz
Clock: CyILO                | Frequency: N/A       | Target:   0.0 MHz
Clock: CyIMO                | Frequency: N/A       | Target:  24.0 MHz
Clock: CyLFClk              | Frequency: N/A       | Target:   0.0 MHz
Clock: CyRouted1            | Frequency: N/A       | Target:  24.0 MHz
Clock: CySysClk             | Frequency: N/A       | Target:  24.0 MHz
Clock: Debouncer_Clock      | Frequency: 123.4 MHz | Target:   0.0 MHz

======================================================================
                     End of Clock Summary
######################################################################

D2088: Phase 6, elapsed time : 0.0 (sec)

Phase 7
######################################################################
                     Clock Summary 
======================================================================
Number of clocks: 14
Clock: ADC_intClock         | Frequency: N/A       | Target:   2.7 MHz
Clock: ADC_intClock(FFB)    | Frequency: N/A       | Target:   2.7 MHz
Clock: Clock_1              | Frequency: N/A       | Target:   0.0 MHz
Clock: Clock_1(FFB)         | Frequency: N/A       | Target:   0.0 MHz
Clock: Clock_2              | Frequency: N/A       | Target:   0.0 MHz
Clock: Clock_2(FFB)         | Frequency: N/A       | Target:   0.0 MHz
Clock: CyECO                | Frequency: N/A       | Target:  24.0 MHz
Clock: CyHFClk              | Frequency: N/A       | Target:  24.0 MHz
Clock: CyILO                | Frequency: N/A       | Target:   0.0 MHz
Clock: CyIMO                | Frequency: N/A       | Target:  24.0 MHz
Clock: CyLFClk              | Frequency: N/A       | Target:   0.0 MHz
Clock: CyRouted1            | Frequency: N/A       | Target:  24.0 MHz
Clock: CySysClk             | Frequency: N/A       | Target:  24.0 MHz
Clock: Debouncer_Clock      | Frequency: 123.4 MHz | Target:   0.0 MHz

======================================================================
                     End of Clock Summary
######################################################################
D2088: Phase 7, elapsed time : 0.0 (sec)

Final Design Statistics
    Number of Combinational MCs 	:	0
    Number of Sequential MCs    	:	12
    Number of DPs               	:	0
    Number of Controls          	:	0
    Number of Status            	:	0
    Number of SyncCells         	:	0
    Number of count7cells       	:	0
    Number of IOs       	:	13

Device Utilization Summary
    Macrocells                  :	12/32
    IOs                         :	13/38



######################################################################
Placement Timing Summary

The timing summary is based on estimated routing delays after
placement. For final timing report, please carry out the timing
analysis after routing.
======================================================================


######################################################################
                     Clock Summary 
======================================================================
Number of clocks: 14
Clock: ADC_intClock         | Frequency: N/A       | Target:   2.7 MHz
Clock: ADC_intClock(FFB)    | Frequency: N/A       | Target:   2.7 MHz
Clock: Clock_1              | Frequency: N/A       | Target:   0.0 MHz
Clock: Clock_1(FFB)         | Frequency: N/A       | Target:   0.0 MHz
Clock: Clock_2              | Frequency: N/A       | Target:   0.0 MHz
Clock: Clock_2(FFB)         | Frequency: N/A       | Target:   0.0 MHz
Clock: CyECO                | Frequency: N/A       | Target:  24.0 MHz
Clock: CyHFClk              | Frequency: N/A       | Target:  24.0 MHz
Clock: CyILO                | Frequency: N/A       | Target:   0.0 MHz
Clock: CyIMO                | Frequency: N/A       | Target:  24.0 MHz
Clock: CyLFClk              | Frequency: N/A       | Target:   0.0 MHz
Clock: CyRouted1            | Frequency: N/A       | Target:  24.0 MHz
Clock: CySysClk             | Frequency: N/A       | Target:  24.0 MHz
Clock: Debouncer_Clock      | Frequency: 123.4 MHz | Target:   0.0 MHz

======================================================================
                     End of Clock Summary
######################################################################

Phase 8
D2088: Phase 8, elapsed time : 0.0 (sec)

D2054: Placement of the design completed successfully

I2076: Total run-time: 0.4 sec.

