ARM GAS  C:\Users\Kozak\AppData\Local\Temp\ccbX0Oyq.s 			page 1


   1              		.syntax unified
   2              		.cpu cortex-m0plus
   3              		.fpu softvfp
   4              		.eabi_attribute 20, 1
   5              		.eabi_attribute 21, 1
   6              		.eabi_attribute 23, 3
   7              		.eabi_attribute 24, 1
   8              		.eabi_attribute 25, 1
   9              		.eabi_attribute 26, 1
  10              		.eabi_attribute 30, 1
  11              		.eabi_attribute 34, 0
  12              		.eabi_attribute 18, 4
  13              		.thumb
  14              		.syntax unified
  15              		.file	"buttons.c"
  16              		.text
  17              	.Ltext0:
  18              		.cfi_sections	.debug_frame
  19              		.section	.text.Button_Back_Int_Handler,"ax",%progbits
  20              		.align	2
  21              		.global	Button_Back_Int_Handler
  22              		.code	16
  23              		.thumb_func
  24              		.type	Button_Back_Int_Handler, %function
  25              	Button_Back_Int_Handler:
  26              	.LFB34:
  27              		.file 1 "buttons.c"
   1:buttons.c     **** #include "bipboy.h"
   2:buttons.c     **** 
   3:buttons.c     **** uint16 counter = 0;
   4:buttons.c     **** 
   5:buttons.c     **** CY_ISR(Button_Back_Int_Handler) {   
  28              		.loc 1 5 0
  29              		.cfi_startproc
  30              		@ args = 0, pretend = 0, frame = 0
  31              		@ frame_needed = 0, uses_anonymous_args = 0
  32 0000 10B5     		push	{r4, lr}
  33              		.cfi_def_cfa_offset 8
  34              		.cfi_offset 4, -8
  35              		.cfi_offset 14, -4
   6:buttons.c     ****     counter++;
  36              		.loc 1 6 0
  37 0002 034A     		ldr	r2, .L2
  38 0004 1388     		ldrh	r3, [r2]
  39 0006 0133     		adds	r3, r3, #1
  40 0008 1380     		strh	r3, [r2]
   7:buttons.c     ****     Button_Back_ClearInterrupt();
  41              		.loc 1 7 0
  42 000a FFF7FEFF 		bl	Button_Back_ClearInterrupt
  43              	.LVL0:
   8:buttons.c     **** }
  44              		.loc 1 8 0
  45              		@ sp needed
  46 000e 10BD     		pop	{r4, pc}
  47              	.L3:
  48              		.align	2
  49              	.L2:
ARM GAS  C:\Users\Kozak\AppData\Local\Temp\ccbX0Oyq.s 			page 2


  50 0010 00000000 		.word	.LANCHOR0
  51              		.cfi_endproc
  52              	.LFE34:
  53              		.size	Button_Back_Int_Handler, .-Button_Back_Int_Handler
  54              		.section	.text.Button_Ok_Int_Handler,"ax",%progbits
  55              		.align	2
  56              		.global	Button_Ok_Int_Handler
  57              		.code	16
  58              		.thumb_func
  59              		.type	Button_Ok_Int_Handler, %function
  60              	Button_Ok_Int_Handler:
  61              	.LFB35:
   9:buttons.c     **** 
  10:buttons.c     **** CY_ISR(Button_Ok_Int_Handler) {
  62              		.loc 1 10 0
  63              		.cfi_startproc
  64              		@ args = 0, pretend = 0, frame = 0
  65              		@ frame_needed = 0, uses_anonymous_args = 0
  66 0000 10B5     		push	{r4, lr}
  67              		.cfi_def_cfa_offset 8
  68              		.cfi_offset 4, -8
  69              		.cfi_offset 14, -4
  11:buttons.c     ****     counter++;
  70              		.loc 1 11 0
  71 0002 034A     		ldr	r2, .L5
  72 0004 1388     		ldrh	r3, [r2]
  73 0006 0133     		adds	r3, r3, #1
  74 0008 1380     		strh	r3, [r2]
  12:buttons.c     ****     Button_Ok_ClearInterrupt();
  75              		.loc 1 12 0
  76 000a FFF7FEFF 		bl	Button_Ok_ClearInterrupt
  77              	.LVL1:
  13:buttons.c     **** }
  78              		.loc 1 13 0
  79              		@ sp needed
  80 000e 10BD     		pop	{r4, pc}
  81              	.L6:
  82              		.align	2
  83              	.L5:
  84 0010 00000000 		.word	.LANCHOR0
  85              		.cfi_endproc
  86              	.LFE35:
  87              		.size	Button_Ok_Int_Handler, .-Button_Ok_Int_Handler
  88              		.section	.text.Button_Up_Int_Handler,"ax",%progbits
  89              		.align	2
  90              		.global	Button_Up_Int_Handler
  91              		.code	16
  92              		.thumb_func
  93              		.type	Button_Up_Int_Handler, %function
  94              	Button_Up_Int_Handler:
  95              	.LFB36:
  14:buttons.c     **** 
  15:buttons.c     **** CY_ISR(Button_Up_Int_Handler) {
  96              		.loc 1 15 0
  97              		.cfi_startproc
  98              		@ args = 0, pretend = 0, frame = 0
  99              		@ frame_needed = 0, uses_anonymous_args = 0
ARM GAS  C:\Users\Kozak\AppData\Local\Temp\ccbX0Oyq.s 			page 3


 100 0000 10B5     		push	{r4, lr}
 101              		.cfi_def_cfa_offset 8
 102              		.cfi_offset 4, -8
 103              		.cfi_offset 14, -4
  16:buttons.c     ****     counter++;
 104              		.loc 1 16 0
 105 0002 034A     		ldr	r2, .L8
 106 0004 1388     		ldrh	r3, [r2]
 107 0006 0133     		adds	r3, r3, #1
 108 0008 1380     		strh	r3, [r2]
  17:buttons.c     ****     Button_Up_ClearInterrupt();
 109              		.loc 1 17 0
 110 000a FFF7FEFF 		bl	Button_Up_ClearInterrupt
 111              	.LVL2:
  18:buttons.c     **** }
 112              		.loc 1 18 0
 113              		@ sp needed
 114 000e 10BD     		pop	{r4, pc}
 115              	.L9:
 116              		.align	2
 117              	.L8:
 118 0010 00000000 		.word	.LANCHOR0
 119              		.cfi_endproc
 120              	.LFE36:
 121              		.size	Button_Up_Int_Handler, .-Button_Up_Int_Handler
 122              		.section	.text.Button_Down_Int_Handler,"ax",%progbits
 123              		.align	2
 124              		.global	Button_Down_Int_Handler
 125              		.code	16
 126              		.thumb_func
 127              		.type	Button_Down_Int_Handler, %function
 128              	Button_Down_Int_Handler:
 129              	.LFB37:
  19:buttons.c     **** 
  20:buttons.c     **** CY_ISR(Button_Down_Int_Handler) {
 130              		.loc 1 20 0
 131              		.cfi_startproc
 132              		@ args = 0, pretend = 0, frame = 0
 133              		@ frame_needed = 0, uses_anonymous_args = 0
 134 0000 10B5     		push	{r4, lr}
 135              		.cfi_def_cfa_offset 8
 136              		.cfi_offset 4, -8
 137              		.cfi_offset 14, -4
  21:buttons.c     ****     counter++;
 138              		.loc 1 21 0
 139 0002 034A     		ldr	r2, .L11
 140 0004 1388     		ldrh	r3, [r2]
 141 0006 0133     		adds	r3, r3, #1
 142 0008 1380     		strh	r3, [r2]
  22:buttons.c     ****     Button_Down_ClearInterrupt();
 143              		.loc 1 22 0
 144 000a FFF7FEFF 		bl	Button_Down_ClearInterrupt
 145              	.LVL3:
  23:buttons.c     **** }
 146              		.loc 1 23 0
 147              		@ sp needed
 148 000e 10BD     		pop	{r4, pc}
ARM GAS  C:\Users\Kozak\AppData\Local\Temp\ccbX0Oyq.s 			page 4


 149              	.L12:
 150              		.align	2
 151              	.L11:
 152 0010 00000000 		.word	.LANCHOR0
 153              		.cfi_endproc
 154              	.LFE37:
 155              		.size	Button_Down_Int_Handler, .-Button_Down_Int_Handler
 156              		.global	counter
 157              		.bss
 158              		.align	1
 159              		.set	.LANCHOR0,. + 0
 160              		.type	counter, %object
 161              		.size	counter, 2
 162              	counter:
 163 0000 0000     		.space	2
 164              		.text
 165              	.Letext0:
 166              		.file 2 "Generated_Source\\PSoC4/Button_Back.h"
 167              		.file 3 "Generated_Source\\PSoC4/Button_Ok.h"
 168              		.file 4 "Generated_Source\\PSoC4/Button_Up.h"
 169              		.file 5 "Generated_Source\\PSoC4/Button_Down.h"
 170              		.file 6 "Generated_Source\\PSoC4/cytypes.h"
 171              		.section	.debug_info,"",%progbits
 172              	.Ldebug_info0:
 173 0000 50010000 		.4byte	0x150
 174 0004 0400     		.2byte	0x4
 175 0006 00000000 		.4byte	.Ldebug_abbrev0
 176 000a 04       		.byte	0x4
 177 000b 01       		.uleb128 0x1
 178 000c 9D000000 		.4byte	.LASF22
 179 0010 0C       		.byte	0xc
 180 0011 3D010000 		.4byte	.LASF23
 181 0015 78010000 		.4byte	.LASF24
 182 0019 00000000 		.4byte	.Ldebug_ranges0+0
 183 001d 00000000 		.4byte	0
 184 0021 00000000 		.4byte	.Ldebug_line0
 185 0025 02       		.uleb128 0x2
 186 0026 01       		.byte	0x1
 187 0027 06       		.byte	0x6
 188 0028 A6010000 		.4byte	.LASF0
 189 002c 02       		.uleb128 0x2
 190 002d 01       		.byte	0x1
 191 002e 08       		.byte	0x8
 192 002f 2E000000 		.4byte	.LASF1
 193 0033 02       		.uleb128 0x2
 194 0034 02       		.byte	0x2
 195 0035 05       		.byte	0x5
 196 0036 66000000 		.4byte	.LASF2
 197 003a 02       		.uleb128 0x2
 198 003b 02       		.byte	0x2
 199 003c 07       		.byte	0x7
 200 003d 0E000000 		.4byte	.LASF3
 201 0041 02       		.uleb128 0x2
 202 0042 04       		.byte	0x4
 203 0043 05       		.byte	0x5
 204 0044 34010000 		.4byte	.LASF4
 205 0048 02       		.uleb128 0x2
ARM GAS  C:\Users\Kozak\AppData\Local\Temp\ccbX0Oyq.s 			page 5


 206 0049 04       		.byte	0x4
 207 004a 07       		.byte	0x7
 208 004b 54000000 		.4byte	.LASF5
 209 004f 02       		.uleb128 0x2
 210 0050 08       		.byte	0x8
 211 0051 05       		.byte	0x5
 212 0052 00000000 		.4byte	.LASF6
 213 0056 02       		.uleb128 0x2
 214 0057 08       		.byte	0x8
 215 0058 07       		.byte	0x7
 216 0059 86000000 		.4byte	.LASF7
 217 005d 03       		.uleb128 0x3
 218 005e 04       		.byte	0x4
 219 005f 05       		.byte	0x5
 220 0060 696E7400 		.ascii	"int\000"
 221 0064 02       		.uleb128 0x2
 222 0065 04       		.byte	0x4
 223 0066 07       		.byte	0x7
 224 0067 21000000 		.4byte	.LASF8
 225 006b 04       		.uleb128 0x4
 226 006c 1D020000 		.4byte	.LASF25
 227 0070 06       		.byte	0x6
 228 0071 E501     		.2byte	0x1e5
 229 0073 3A000000 		.4byte	0x3a
 230 0077 02       		.uleb128 0x2
 231 0078 04       		.byte	0x4
 232 0079 04       		.byte	0x4
 233 007a FE010000 		.4byte	.LASF9
 234 007e 02       		.uleb128 0x2
 235 007f 08       		.byte	0x8
 236 0080 04       		.byte	0x4
 237 0081 5D010000 		.4byte	.LASF10
 238 0085 02       		.uleb128 0x2
 239 0086 01       		.byte	0x1
 240 0087 08       		.byte	0x8
 241 0088 2F010000 		.4byte	.LASF11
 242 008c 02       		.uleb128 0x2
 243 008d 08       		.byte	0x8
 244 008e 04       		.byte	0x4
 245 008f 64010000 		.4byte	.LASF12
 246 0093 02       		.uleb128 0x2
 247 0094 04       		.byte	0x4
 248 0095 07       		.byte	0x7
 249 0096 24020000 		.4byte	.LASF13
 250 009a 05       		.uleb128 0x5
 251 009b 3C000000 		.4byte	.LASF14
 252 009f 01       		.byte	0x1
 253 00a0 05       		.byte	0x5
 254 00a1 00000000 		.4byte	.LFB34
 255 00a5 14000000 		.4byte	.LFE34-.LFB34
 256 00a9 01       		.uleb128 0x1
 257 00aa 9C       		.byte	0x9c
 258 00ab B9000000 		.4byte	0xb9
 259 00af 06       		.uleb128 0x6
 260 00b0 0E000000 		.4byte	.LVL0
 261 00b4 27010000 		.4byte	0x127
 262 00b8 00       		.byte	0
ARM GAS  C:\Users\Kozak\AppData\Local\Temp\ccbX0Oyq.s 			page 6


 263 00b9 05       		.uleb128 0x5
 264 00ba 47010000 		.4byte	.LASF15
 265 00be 01       		.byte	0x1
 266 00bf 0A       		.byte	0xa
 267 00c0 00000000 		.4byte	.LFB35
 268 00c4 14000000 		.4byte	.LFE35-.LFB35
 269 00c8 01       		.uleb128 0x1
 270 00c9 9C       		.byte	0x9c
 271 00ca D8000000 		.4byte	0xd8
 272 00ce 06       		.uleb128 0x6
 273 00cf 0E000000 		.4byte	.LVL1
 274 00d3 32010000 		.4byte	0x132
 275 00d7 00       		.byte	0
 276 00d8 05       		.uleb128 0x5
 277 00d9 70000000 		.4byte	.LASF16
 278 00dd 01       		.byte	0x1
 279 00de 0F       		.byte	0xf
 280 00df 00000000 		.4byte	.LFB36
 281 00e3 14000000 		.4byte	.LFE36-.LFB36
 282 00e7 01       		.uleb128 0x1
 283 00e8 9C       		.byte	0x9c
 284 00e9 F7000000 		.4byte	0xf7
 285 00ed 06       		.uleb128 0x6
 286 00ee 0E000000 		.4byte	.LVL2
 287 00f2 3D010000 		.4byte	0x13d
 288 00f6 00       		.byte	0
 289 00f7 05       		.uleb128 0x5
 290 00f8 CD010000 		.4byte	.LASF17
 291 00fc 01       		.byte	0x1
 292 00fd 14       		.byte	0x14
 293 00fe 00000000 		.4byte	.LFB37
 294 0102 14000000 		.4byte	.LFE37-.LFB37
 295 0106 01       		.uleb128 0x1
 296 0107 9C       		.byte	0x9c
 297 0108 16010000 		.4byte	0x116
 298 010c 06       		.uleb128 0x6
 299 010d 0E000000 		.4byte	.LVL3
 300 0111 48010000 		.4byte	0x148
 301 0115 00       		.byte	0
 302 0116 07       		.uleb128 0x7
 303 0117 70010000 		.4byte	.LASF26
 304 011b 01       		.byte	0x1
 305 011c 03       		.byte	0x3
 306 011d 6B000000 		.4byte	0x6b
 307 0121 05       		.uleb128 0x5
 308 0122 03       		.byte	0x3
 309 0123 00000000 		.4byte	counter
 310 0127 08       		.uleb128 0x8
 311 0128 2D020000 		.4byte	.LASF18
 312 012c 2D020000 		.4byte	.LASF18
 313 0130 02       		.byte	0x2
 314 0131 39       		.byte	0x39
 315 0132 08       		.uleb128 0x8
 316 0133 E5010000 		.4byte	.LASF19
 317 0137 E5010000 		.4byte	.LASF19
 318 013b 03       		.byte	0x3
 319 013c 39       		.byte	0x39
ARM GAS  C:\Users\Kozak\AppData\Local\Temp\ccbX0Oyq.s 			page 7


 320 013d 08       		.uleb128 0x8
 321 013e 04020000 		.4byte	.LASF20
 322 0142 04020000 		.4byte	.LASF20
 323 0146 04       		.byte	0x4
 324 0147 39       		.byte	0x39
 325 0148 08       		.uleb128 0x8
 326 0149 B2010000 		.4byte	.LASF21
 327 014d B2010000 		.4byte	.LASF21
 328 0151 05       		.byte	0x5
 329 0152 39       		.byte	0x39
 330 0153 00       		.byte	0
 331              		.section	.debug_abbrev,"",%progbits
 332              	.Ldebug_abbrev0:
 333 0000 01       		.uleb128 0x1
 334 0001 11       		.uleb128 0x11
 335 0002 01       		.byte	0x1
 336 0003 25       		.uleb128 0x25
 337 0004 0E       		.uleb128 0xe
 338 0005 13       		.uleb128 0x13
 339 0006 0B       		.uleb128 0xb
 340 0007 03       		.uleb128 0x3
 341 0008 0E       		.uleb128 0xe
 342 0009 1B       		.uleb128 0x1b
 343 000a 0E       		.uleb128 0xe
 344 000b 55       		.uleb128 0x55
 345 000c 17       		.uleb128 0x17
 346 000d 11       		.uleb128 0x11
 347 000e 01       		.uleb128 0x1
 348 000f 10       		.uleb128 0x10
 349 0010 17       		.uleb128 0x17
 350 0011 00       		.byte	0
 351 0012 00       		.byte	0
 352 0013 02       		.uleb128 0x2
 353 0014 24       		.uleb128 0x24
 354 0015 00       		.byte	0
 355 0016 0B       		.uleb128 0xb
 356 0017 0B       		.uleb128 0xb
 357 0018 3E       		.uleb128 0x3e
 358 0019 0B       		.uleb128 0xb
 359 001a 03       		.uleb128 0x3
 360 001b 0E       		.uleb128 0xe
 361 001c 00       		.byte	0
 362 001d 00       		.byte	0
 363 001e 03       		.uleb128 0x3
 364 001f 24       		.uleb128 0x24
 365 0020 00       		.byte	0
 366 0021 0B       		.uleb128 0xb
 367 0022 0B       		.uleb128 0xb
 368 0023 3E       		.uleb128 0x3e
 369 0024 0B       		.uleb128 0xb
 370 0025 03       		.uleb128 0x3
 371 0026 08       		.uleb128 0x8
 372 0027 00       		.byte	0
 373 0028 00       		.byte	0
 374 0029 04       		.uleb128 0x4
 375 002a 16       		.uleb128 0x16
 376 002b 00       		.byte	0
ARM GAS  C:\Users\Kozak\AppData\Local\Temp\ccbX0Oyq.s 			page 8


 377 002c 03       		.uleb128 0x3
 378 002d 0E       		.uleb128 0xe
 379 002e 3A       		.uleb128 0x3a
 380 002f 0B       		.uleb128 0xb
 381 0030 3B       		.uleb128 0x3b
 382 0031 05       		.uleb128 0x5
 383 0032 49       		.uleb128 0x49
 384 0033 13       		.uleb128 0x13
 385 0034 00       		.byte	0
 386 0035 00       		.byte	0
 387 0036 05       		.uleb128 0x5
 388 0037 2E       		.uleb128 0x2e
 389 0038 01       		.byte	0x1
 390 0039 3F       		.uleb128 0x3f
 391 003a 19       		.uleb128 0x19
 392 003b 03       		.uleb128 0x3
 393 003c 0E       		.uleb128 0xe
 394 003d 3A       		.uleb128 0x3a
 395 003e 0B       		.uleb128 0xb
 396 003f 3B       		.uleb128 0x3b
 397 0040 0B       		.uleb128 0xb
 398 0041 27       		.uleb128 0x27
 399 0042 19       		.uleb128 0x19
 400 0043 11       		.uleb128 0x11
 401 0044 01       		.uleb128 0x1
 402 0045 12       		.uleb128 0x12
 403 0046 06       		.uleb128 0x6
 404 0047 40       		.uleb128 0x40
 405 0048 18       		.uleb128 0x18
 406 0049 9742     		.uleb128 0x2117
 407 004b 19       		.uleb128 0x19
 408 004c 01       		.uleb128 0x1
 409 004d 13       		.uleb128 0x13
 410 004e 00       		.byte	0
 411 004f 00       		.byte	0
 412 0050 06       		.uleb128 0x6
 413 0051 898201   		.uleb128 0x4109
 414 0054 00       		.byte	0
 415 0055 11       		.uleb128 0x11
 416 0056 01       		.uleb128 0x1
 417 0057 31       		.uleb128 0x31
 418 0058 13       		.uleb128 0x13
 419 0059 00       		.byte	0
 420 005a 00       		.byte	0
 421 005b 07       		.uleb128 0x7
 422 005c 34       		.uleb128 0x34
 423 005d 00       		.byte	0
 424 005e 03       		.uleb128 0x3
 425 005f 0E       		.uleb128 0xe
 426 0060 3A       		.uleb128 0x3a
 427 0061 0B       		.uleb128 0xb
 428 0062 3B       		.uleb128 0x3b
 429 0063 0B       		.uleb128 0xb
 430 0064 49       		.uleb128 0x49
 431 0065 13       		.uleb128 0x13
 432 0066 3F       		.uleb128 0x3f
 433 0067 19       		.uleb128 0x19
ARM GAS  C:\Users\Kozak\AppData\Local\Temp\ccbX0Oyq.s 			page 9


 434 0068 02       		.uleb128 0x2
 435 0069 18       		.uleb128 0x18
 436 006a 00       		.byte	0
 437 006b 00       		.byte	0
 438 006c 08       		.uleb128 0x8
 439 006d 2E       		.uleb128 0x2e
 440 006e 00       		.byte	0
 441 006f 3F       		.uleb128 0x3f
 442 0070 19       		.uleb128 0x19
 443 0071 3C       		.uleb128 0x3c
 444 0072 19       		.uleb128 0x19
 445 0073 6E       		.uleb128 0x6e
 446 0074 0E       		.uleb128 0xe
 447 0075 03       		.uleb128 0x3
 448 0076 0E       		.uleb128 0xe
 449 0077 3A       		.uleb128 0x3a
 450 0078 0B       		.uleb128 0xb
 451 0079 3B       		.uleb128 0x3b
 452 007a 0B       		.uleb128 0xb
 453 007b 00       		.byte	0
 454 007c 00       		.byte	0
 455 007d 00       		.byte	0
 456              		.section	.debug_aranges,"",%progbits
 457 0000 34000000 		.4byte	0x34
 458 0004 0200     		.2byte	0x2
 459 0006 00000000 		.4byte	.Ldebug_info0
 460 000a 04       		.byte	0x4
 461 000b 00       		.byte	0
 462 000c 0000     		.2byte	0
 463 000e 0000     		.2byte	0
 464 0010 00000000 		.4byte	.LFB34
 465 0014 14000000 		.4byte	.LFE34-.LFB34
 466 0018 00000000 		.4byte	.LFB35
 467 001c 14000000 		.4byte	.LFE35-.LFB35
 468 0020 00000000 		.4byte	.LFB36
 469 0024 14000000 		.4byte	.LFE36-.LFB36
 470 0028 00000000 		.4byte	.LFB37
 471 002c 14000000 		.4byte	.LFE37-.LFB37
 472 0030 00000000 		.4byte	0
 473 0034 00000000 		.4byte	0
 474              		.section	.debug_ranges,"",%progbits
 475              	.Ldebug_ranges0:
 476 0000 00000000 		.4byte	.LFB34
 477 0004 14000000 		.4byte	.LFE34
 478 0008 00000000 		.4byte	.LFB35
 479 000c 14000000 		.4byte	.LFE35
 480 0010 00000000 		.4byte	.LFB36
 481 0014 14000000 		.4byte	.LFE36
 482 0018 00000000 		.4byte	.LFB37
 483 001c 14000000 		.4byte	.LFE37
 484 0020 00000000 		.4byte	0
 485 0024 00000000 		.4byte	0
 486              		.section	.debug_line,"",%progbits
 487              	.Ldebug_line0:
 488 0000 D0000000 		.section	.debug_str,"MS",%progbits,1
 488      02008400 
 488      00000201 
ARM GAS  C:\Users\Kozak\AppData\Local\Temp\ccbX0Oyq.s 			page 10


 488      FB0E0D00 
 488      01010101 
 489              	.LASF6:
 490 0000 6C6F6E67 		.ascii	"long long int\000"
 490      206C6F6E 
 490      6720696E 
 490      7400
 491              	.LASF3:
 492 000e 73686F72 		.ascii	"short unsigned int\000"
 492      7420756E 
 492      7369676E 
 492      65642069 
 492      6E7400
 493              	.LASF8:
 494 0021 756E7369 		.ascii	"unsigned int\000"
 494      676E6564 
 494      20696E74 
 494      00
 495              	.LASF1:
 496 002e 756E7369 		.ascii	"unsigned char\000"
 496      676E6564 
 496      20636861 
 496      7200
 497              	.LASF14:
 498 003c 42757474 		.ascii	"Button_Back_Int_Handler\000"
 498      6F6E5F42 
 498      61636B5F 
 498      496E745F 
 498      48616E64 
 499              	.LASF5:
 500 0054 6C6F6E67 		.ascii	"long unsigned int\000"
 500      20756E73 
 500      69676E65 
 500      6420696E 
 500      7400
 501              	.LASF2:
 502 0066 73686F72 		.ascii	"short int\000"
 502      7420696E 
 502      7400
 503              	.LASF16:
 504 0070 42757474 		.ascii	"Button_Up_Int_Handler\000"
 504      6F6E5F55 
 504      705F496E 
 504      745F4861 
 504      6E646C65 
 505              	.LASF7:
 506 0086 6C6F6E67 		.ascii	"long long unsigned int\000"
 506      206C6F6E 
 506      6720756E 
 506      7369676E 
 506      65642069 
 507              	.LASF22:
 508 009d 474E5520 		.ascii	"GNU C11 5.4.1 20160609 (release) [ARM/embedded-5-br"
 508      43313120 
 508      352E342E 
 508      31203230 
 508      31363036 
ARM GAS  C:\Users\Kozak\AppData\Local\Temp\ccbX0Oyq.s 			page 11


 509 00d0 616E6368 		.ascii	"anch revision 237715] -mcpu=cortex-m0plus -mthumb -"
 509      20726576 
 509      6973696F 
 509      6E203233 
 509      37373135 
 510 0103 67202D4F 		.ascii	"g -Og -ffunction-sections -ffat-lto-objects\000"
 510      67202D66 
 510      66756E63 
 510      74696F6E 
 510      2D736563 
 511              	.LASF11:
 512 012f 63686172 		.ascii	"char\000"
 512      00
 513              	.LASF4:
 514 0134 6C6F6E67 		.ascii	"long int\000"
 514      20696E74 
 514      00
 515              	.LASF23:
 516 013d 62757474 		.ascii	"buttons.c\000"
 516      6F6E732E 
 516      6300
 517              	.LASF15:
 518 0147 42757474 		.ascii	"Button_Ok_Int_Handler\000"
 518      6F6E5F4F 
 518      6B5F496E 
 518      745F4861 
 518      6E646C65 
 519              	.LASF10:
 520 015d 646F7562 		.ascii	"double\000"
 520      6C6500
 521              	.LASF12:
 522 0164 6C6F6E67 		.ascii	"long double\000"
 522      20646F75 
 522      626C6500 
 523              	.LASF26:
 524 0170 636F756E 		.ascii	"counter\000"
 524      74657200 
 525              	.LASF24:
 526 0178 433A5C4D 		.ascii	"C:\\My\\Bipboy\\bipboy\\BipBoyWorkspace\\lcd.cydsn\000"
 526      795C4269 
 526      70626F79 
 526      5C626970 
 526      626F795C 
 527              	.LASF0:
 528 01a6 7369676E 		.ascii	"signed char\000"
 528      65642063 
 528      68617200 
 529              	.LASF21:
 530 01b2 42757474 		.ascii	"Button_Down_ClearInterrupt\000"
 530      6F6E5F44 
 530      6F776E5F 
 530      436C6561 
 530      72496E74 
 531              	.LASF17:
 532 01cd 42757474 		.ascii	"Button_Down_Int_Handler\000"
 532      6F6E5F44 
 532      6F776E5F 
ARM GAS  C:\Users\Kozak\AppData\Local\Temp\ccbX0Oyq.s 			page 12


 532      496E745F 
 532      48616E64 
 533              	.LASF19:
 534 01e5 42757474 		.ascii	"Button_Ok_ClearInterrupt\000"
 534      6F6E5F4F 
 534      6B5F436C 
 534      65617249 
 534      6E746572 
 535              	.LASF9:
 536 01fe 666C6F61 		.ascii	"float\000"
 536      7400
 537              	.LASF20:
 538 0204 42757474 		.ascii	"Button_Up_ClearInterrupt\000"
 538      6F6E5F55 
 538      705F436C 
 538      65617249 
 538      6E746572 
 539              	.LASF25:
 540 021d 75696E74 		.ascii	"uint16\000"
 540      313600
 541              	.LASF13:
 542 0224 73697A65 		.ascii	"sizetype\000"
 542      74797065 
 542      00
 543              	.LASF18:
 544 022d 42757474 		.ascii	"Button_Back_ClearInterrupt\000"
 544      6F6E5F42 
 544      61636B5F 
 544      436C6561 
 544      72496E74 
 545              		.ident	"GCC: (GNU Tools for ARM Embedded Processors) 5.4.1 20160609 (release) [ARM/embedded-5-bran
