ARM GAS  C:\Users\Kozak\AppData\Local\Temp\cclkJUuE.s 			page 1


   1              		.syntax unified
   2              		.cpu cortex-m0plus
   3              		.fpu softvfp
   4              		.eabi_attribute 20, 1
   5              		.eabi_attribute 21, 1
   6              		.eabi_attribute 23, 3
   7              		.eabi_attribute 24, 1
   8              		.eabi_attribute 25, 1
   9              		.eabi_attribute 26, 1
  10              		.eabi_attribute 30, 1
  11              		.eabi_attribute 34, 0
  12              		.eabi_attribute 18, 4
  13              		.thumb
  14              		.syntax unified
  15              		.file	"main.c"
  16              		.text
  17              	.Ltext0:
  18              		.cfi_sections	.debug_frame
  19              		.section	.text.main,"ax",%progbits
  20              		.align	2
  21              		.global	main
  22              		.code	16
  23              		.thumb_func
  24              		.type	main, %function
  25              	main:
  26              	.LFB34:
  27              		.file 1 "main.c"
   1:main.c        **** #include "bipboy.h"
   2:main.c        **** 
   3:main.c        **** int main(void)
   4:main.c        **** {
  28              		.loc 1 4 0
  29              		.cfi_startproc
  30              		@ Volatile: function does not return.
  31              		@ args = 0, pretend = 0, frame = 0
  32              		@ frame_needed = 0, uses_anonymous_args = 0
  33 0000 10B5     		push	{r4, lr}
  34              		.cfi_def_cfa_offset 8
  35              		.cfi_offset 4, -8
  36              		.cfi_offset 14, -4
   5:main.c        ****     CyGlobalIntEnable; /* Enable global interrupts. */
  37              		.loc 1 5 0
  38              		.syntax divided
  39              	@ 5 "main.c" 1
  40 0002 62B6     		CPSIE   i
  41              	@ 0 "" 2
   6:main.c        ****     
   7:main.c        ****     protocol_init();
  42              		.loc 1 7 0
  43              		.thumb
  44              		.syntax unified
  45 0004 FFF7FEFF 		bl	protocol_init
  46              	.LVL0:
   8:main.c        ****     UART_Start();
  47              		.loc 1 8 0
  48 0008 FFF7FEFF 		bl	UART_Start
  49              	.LVL1:
ARM GAS  C:\Users\Kozak\AppData\Local\Temp\cclkJUuE.s 			page 2


  50              	.L2:
   9:main.c        ****     
  10:main.c        ****     for(;;)
  11:main.c        ****     {
  12:main.c        ****         lcd_main_screen();
  51              		.loc 1 12 0 discriminator 1
  52 000c FFF7FEFF 		bl	lcd_main_screen
  53              	.LVL2:
  13:main.c        ****         CyDelay(1000);
  54              		.loc 1 13 0 discriminator 1
  55 0010 FA20     		movs	r0, #250
  56 0012 8000     		lsls	r0, r0, #2
  57 0014 FFF7FEFF 		bl	CyDelay
  58              	.LVL3:
  14:main.c        ****         UART_UartPutChar('C');
  59              		.loc 1 14 0 discriminator 1
  60 0018 4320     		movs	r0, #67
  61 001a FFF7FEFF 		bl	UART_SpiUartWriteTxData
  62              	.LVL4:
  63 001e F5E7     		b	.L2
  64              		.cfi_endproc
  65              	.LFE34:
  66              		.size	main, .-main
  67              		.text
  68              	.Letext0:
  69              		.file 2 "protocol.h"
  70              		.file 3 "Generated_Source\\PSoC4/UART.h"
  71              		.file 4 "lcd_bipboy.h"
  72              		.file 5 "Generated_Source\\PSoC4/CyLib.h"
  73              		.file 6 "Generated_Source\\PSoC4/UART_SPI_UART.h"
  74              		.file 7 "Generated_Source\\PSoC4/cytypes.h"
  75              		.section	.debug_info,"",%progbits
  76              	.Ldebug_info0:
  77 0000 29010000 		.4byte	0x129
  78 0004 0400     		.2byte	0x4
  79 0006 00000000 		.4byte	.Ldebug_abbrev0
  80 000a 04       		.byte	0x4
  81 000b 01       		.uleb128 0x1
  82 000c 9B000000 		.4byte	.LASF19
  83 0010 0C       		.byte	0xc
  84 0011 32000000 		.4byte	.LASF20
  85 0015 59010000 		.4byte	.LASF21
  86 0019 00000000 		.4byte	.Ldebug_ranges0+0
  87 001d 00000000 		.4byte	0
  88 0021 00000000 		.4byte	.Ldebug_line0
  89 0025 02       		.uleb128 0x2
  90 0026 01       		.byte	0x1
  91 0027 06       		.byte	0x6
  92 0028 87010000 		.4byte	.LASF0
  93 002c 02       		.uleb128 0x2
  94 002d 01       		.byte	0x1
  95 002e 08       		.byte	0x8
  96 002f 82000000 		.4byte	.LASF1
  97 0033 02       		.uleb128 0x2
  98 0034 02       		.byte	0x2
  99 0035 05       		.byte	0x5
 100 0036 A5010000 		.4byte	.LASF2
ARM GAS  C:\Users\Kozak\AppData\Local\Temp\cclkJUuE.s 			page 3


 101 003a 02       		.uleb128 0x2
 102 003b 02       		.byte	0x2
 103 003c 07       		.byte	0x7
 104 003d 6F000000 		.4byte	.LASF3
 105 0041 02       		.uleb128 0x2
 106 0042 04       		.byte	0x4
 107 0043 05       		.byte	0x5
 108 0044 47010000 		.4byte	.LASF4
 109 0048 02       		.uleb128 0x2
 110 0049 04       		.byte	0x4
 111 004a 07       		.byte	0x7
 112 004b 46000000 		.4byte	.LASF5
 113 004f 02       		.uleb128 0x2
 114 0050 08       		.byte	0x8
 115 0051 05       		.byte	0x5
 116 0052 00000000 		.4byte	.LASF6
 117 0056 02       		.uleb128 0x2
 118 0057 08       		.byte	0x8
 119 0058 07       		.byte	0x7
 120 0059 58000000 		.4byte	.LASF7
 121 005d 03       		.uleb128 0x3
 122 005e 04       		.byte	0x4
 123 005f 05       		.byte	0x5
 124 0060 696E7400 		.ascii	"int\000"
 125 0064 02       		.uleb128 0x2
 126 0065 04       		.byte	0x4
 127 0066 07       		.byte	0x7
 128 0067 15000000 		.4byte	.LASF8
 129 006b 04       		.uleb128 0x4
 130 006c 0E000000 		.4byte	.LASF22
 131 0070 07       		.byte	0x7
 132 0071 E601     		.2byte	0x1e6
 133 0073 48000000 		.4byte	0x48
 134 0077 02       		.uleb128 0x2
 135 0078 04       		.byte	0x4
 136 0079 04       		.byte	0x4
 137 007a 9F010000 		.4byte	.LASF9
 138 007e 02       		.uleb128 0x2
 139 007f 08       		.byte	0x8
 140 0080 04       		.byte	0x4
 141 0081 40010000 		.4byte	.LASF10
 142 0085 02       		.uleb128 0x2
 143 0086 01       		.byte	0x1
 144 0087 08       		.byte	0x8
 145 0088 2D010000 		.4byte	.LASF11
 146 008c 02       		.uleb128 0x2
 147 008d 08       		.byte	0x8
 148 008e 04       		.byte	0x4
 149 008f 93010000 		.4byte	.LASF12
 150 0093 02       		.uleb128 0x2
 151 0094 04       		.byte	0x4
 152 0095 07       		.byte	0x7
 153 0096 50010000 		.4byte	.LASF13
 154 009a 05       		.uleb128 0x5
 155 009b 39000000 		.4byte	.LASF23
 156 009f 01       		.byte	0x1
 157 00a0 03       		.byte	0x3
ARM GAS  C:\Users\Kozak\AppData\Local\Temp\cclkJUuE.s 			page 4


 158 00a1 5D000000 		.4byte	0x5d
 159 00a5 00000000 		.4byte	.LFB34
 160 00a9 20000000 		.4byte	.LFE34-.LFB34
 161 00ad 01       		.uleb128 0x1
 162 00ae 9C       		.byte	0x9c
 163 00af F4000000 		.4byte	0xf4
 164 00b3 06       		.uleb128 0x6
 165 00b4 08000000 		.4byte	.LVL0
 166 00b8 F4000000 		.4byte	0xf4
 167 00bc 06       		.uleb128 0x6
 168 00bd 0C000000 		.4byte	.LVL1
 169 00c1 FF000000 		.4byte	0xff
 170 00c5 06       		.uleb128 0x6
 171 00c6 10000000 		.4byte	.LVL2
 172 00ca 0A010000 		.4byte	0x10a
 173 00ce 07       		.uleb128 0x7
 174 00cf 18000000 		.4byte	.LVL3
 175 00d3 15010000 		.4byte	0x115
 176 00d7 E3000000 		.4byte	0xe3
 177 00db 08       		.uleb128 0x8
 178 00dc 01       		.uleb128 0x1
 179 00dd 50       		.byte	0x50
 180 00de 03       		.uleb128 0x3
 181 00df 0A       		.byte	0xa
 182 00e0 E803     		.2byte	0x3e8
 183 00e2 00       		.byte	0
 184 00e3 09       		.uleb128 0x9
 185 00e4 1E000000 		.4byte	.LVL4
 186 00e8 20010000 		.4byte	0x120
 187 00ec 08       		.uleb128 0x8
 188 00ed 01       		.uleb128 0x1
 189 00ee 50       		.byte	0x50
 190 00ef 02       		.uleb128 0x2
 191 00f0 08       		.byte	0x8
 192 00f1 43       		.byte	0x43
 193 00f2 00       		.byte	0
 194 00f3 00       		.byte	0
 195 00f4 0A       		.uleb128 0xa
 196 00f5 32010000 		.4byte	.LASF14
 197 00f9 32010000 		.4byte	.LASF14
 198 00fd 02       		.byte	0x2
 199 00fe 03       		.byte	0x3
 200 00ff 0A       		.uleb128 0xa
 201 0100 90000000 		.4byte	.LASF15
 202 0104 90000000 		.4byte	.LASF15
 203 0108 03       		.byte	0x3
 204 0109 72       		.byte	0x72
 205 010a 0A       		.uleb128 0xa
 206 010b 22000000 		.4byte	.LASF16
 207 010f 22000000 		.4byte	.LASF16
 208 0113 04       		.byte	0x4
 209 0114 05       		.byte	0x5
 210 0115 0A       		.uleb128 0xa
 211 0116 3E000000 		.4byte	.LASF17
 212 011a 3E000000 		.4byte	.LASF17
 213 011e 05       		.byte	0x5
 214 011f D9       		.byte	0xd9
ARM GAS  C:\Users\Kozak\AppData\Local\Temp\cclkJUuE.s 			page 5


 215 0120 0B       		.uleb128 0xb
 216 0121 AF010000 		.4byte	.LASF18
 217 0125 AF010000 		.4byte	.LASF18
 218 0129 06       		.byte	0x6
 219 012a 4403     		.2byte	0x344
 220 012c 00       		.byte	0
 221              		.section	.debug_abbrev,"",%progbits
 222              	.Ldebug_abbrev0:
 223 0000 01       		.uleb128 0x1
 224 0001 11       		.uleb128 0x11
 225 0002 01       		.byte	0x1
 226 0003 25       		.uleb128 0x25
 227 0004 0E       		.uleb128 0xe
 228 0005 13       		.uleb128 0x13
 229 0006 0B       		.uleb128 0xb
 230 0007 03       		.uleb128 0x3
 231 0008 0E       		.uleb128 0xe
 232 0009 1B       		.uleb128 0x1b
 233 000a 0E       		.uleb128 0xe
 234 000b 55       		.uleb128 0x55
 235 000c 17       		.uleb128 0x17
 236 000d 11       		.uleb128 0x11
 237 000e 01       		.uleb128 0x1
 238 000f 10       		.uleb128 0x10
 239 0010 17       		.uleb128 0x17
 240 0011 00       		.byte	0
 241 0012 00       		.byte	0
 242 0013 02       		.uleb128 0x2
 243 0014 24       		.uleb128 0x24
 244 0015 00       		.byte	0
 245 0016 0B       		.uleb128 0xb
 246 0017 0B       		.uleb128 0xb
 247 0018 3E       		.uleb128 0x3e
 248 0019 0B       		.uleb128 0xb
 249 001a 03       		.uleb128 0x3
 250 001b 0E       		.uleb128 0xe
 251 001c 00       		.byte	0
 252 001d 00       		.byte	0
 253 001e 03       		.uleb128 0x3
 254 001f 24       		.uleb128 0x24
 255 0020 00       		.byte	0
 256 0021 0B       		.uleb128 0xb
 257 0022 0B       		.uleb128 0xb
 258 0023 3E       		.uleb128 0x3e
 259 0024 0B       		.uleb128 0xb
 260 0025 03       		.uleb128 0x3
 261 0026 08       		.uleb128 0x8
 262 0027 00       		.byte	0
 263 0028 00       		.byte	0
 264 0029 04       		.uleb128 0x4
 265 002a 16       		.uleb128 0x16
 266 002b 00       		.byte	0
 267 002c 03       		.uleb128 0x3
 268 002d 0E       		.uleb128 0xe
 269 002e 3A       		.uleb128 0x3a
 270 002f 0B       		.uleb128 0xb
 271 0030 3B       		.uleb128 0x3b
ARM GAS  C:\Users\Kozak\AppData\Local\Temp\cclkJUuE.s 			page 6


 272 0031 05       		.uleb128 0x5
 273 0032 49       		.uleb128 0x49
 274 0033 13       		.uleb128 0x13
 275 0034 00       		.byte	0
 276 0035 00       		.byte	0
 277 0036 05       		.uleb128 0x5
 278 0037 2E       		.uleb128 0x2e
 279 0038 01       		.byte	0x1
 280 0039 3F       		.uleb128 0x3f
 281 003a 19       		.uleb128 0x19
 282 003b 03       		.uleb128 0x3
 283 003c 0E       		.uleb128 0xe
 284 003d 3A       		.uleb128 0x3a
 285 003e 0B       		.uleb128 0xb
 286 003f 3B       		.uleb128 0x3b
 287 0040 0B       		.uleb128 0xb
 288 0041 27       		.uleb128 0x27
 289 0042 19       		.uleb128 0x19
 290 0043 49       		.uleb128 0x49
 291 0044 13       		.uleb128 0x13
 292 0045 8701     		.uleb128 0x87
 293 0047 19       		.uleb128 0x19
 294 0048 11       		.uleb128 0x11
 295 0049 01       		.uleb128 0x1
 296 004a 12       		.uleb128 0x12
 297 004b 06       		.uleb128 0x6
 298 004c 40       		.uleb128 0x40
 299 004d 18       		.uleb128 0x18
 300 004e 9742     		.uleb128 0x2117
 301 0050 19       		.uleb128 0x19
 302 0051 01       		.uleb128 0x1
 303 0052 13       		.uleb128 0x13
 304 0053 00       		.byte	0
 305 0054 00       		.byte	0
 306 0055 06       		.uleb128 0x6
 307 0056 898201   		.uleb128 0x4109
 308 0059 00       		.byte	0
 309 005a 11       		.uleb128 0x11
 310 005b 01       		.uleb128 0x1
 311 005c 31       		.uleb128 0x31
 312 005d 13       		.uleb128 0x13
 313 005e 00       		.byte	0
 314 005f 00       		.byte	0
 315 0060 07       		.uleb128 0x7
 316 0061 898201   		.uleb128 0x4109
 317 0064 01       		.byte	0x1
 318 0065 11       		.uleb128 0x11
 319 0066 01       		.uleb128 0x1
 320 0067 31       		.uleb128 0x31
 321 0068 13       		.uleb128 0x13
 322 0069 01       		.uleb128 0x1
 323 006a 13       		.uleb128 0x13
 324 006b 00       		.byte	0
 325 006c 00       		.byte	0
 326 006d 08       		.uleb128 0x8
 327 006e 8A8201   		.uleb128 0x410a
 328 0071 00       		.byte	0
ARM GAS  C:\Users\Kozak\AppData\Local\Temp\cclkJUuE.s 			page 7


 329 0072 02       		.uleb128 0x2
 330 0073 18       		.uleb128 0x18
 331 0074 9142     		.uleb128 0x2111
 332 0076 18       		.uleb128 0x18
 333 0077 00       		.byte	0
 334 0078 00       		.byte	0
 335 0079 09       		.uleb128 0x9
 336 007a 898201   		.uleb128 0x4109
 337 007d 01       		.byte	0x1
 338 007e 11       		.uleb128 0x11
 339 007f 01       		.uleb128 0x1
 340 0080 31       		.uleb128 0x31
 341 0081 13       		.uleb128 0x13
 342 0082 00       		.byte	0
 343 0083 00       		.byte	0
 344 0084 0A       		.uleb128 0xa
 345 0085 2E       		.uleb128 0x2e
 346 0086 00       		.byte	0
 347 0087 3F       		.uleb128 0x3f
 348 0088 19       		.uleb128 0x19
 349 0089 3C       		.uleb128 0x3c
 350 008a 19       		.uleb128 0x19
 351 008b 6E       		.uleb128 0x6e
 352 008c 0E       		.uleb128 0xe
 353 008d 03       		.uleb128 0x3
 354 008e 0E       		.uleb128 0xe
 355 008f 3A       		.uleb128 0x3a
 356 0090 0B       		.uleb128 0xb
 357 0091 3B       		.uleb128 0x3b
 358 0092 0B       		.uleb128 0xb
 359 0093 00       		.byte	0
 360 0094 00       		.byte	0
 361 0095 0B       		.uleb128 0xb
 362 0096 2E       		.uleb128 0x2e
 363 0097 00       		.byte	0
 364 0098 3F       		.uleb128 0x3f
 365 0099 19       		.uleb128 0x19
 366 009a 3C       		.uleb128 0x3c
 367 009b 19       		.uleb128 0x19
 368 009c 6E       		.uleb128 0x6e
 369 009d 0E       		.uleb128 0xe
 370 009e 03       		.uleb128 0x3
 371 009f 0E       		.uleb128 0xe
 372 00a0 3A       		.uleb128 0x3a
 373 00a1 0B       		.uleb128 0xb
 374 00a2 3B       		.uleb128 0x3b
 375 00a3 05       		.uleb128 0x5
 376 00a4 00       		.byte	0
 377 00a5 00       		.byte	0
 378 00a6 00       		.byte	0
 379              		.section	.debug_aranges,"",%progbits
 380 0000 1C000000 		.4byte	0x1c
 381 0004 0200     		.2byte	0x2
 382 0006 00000000 		.4byte	.Ldebug_info0
 383 000a 04       		.byte	0x4
 384 000b 00       		.byte	0
 385 000c 0000     		.2byte	0
ARM GAS  C:\Users\Kozak\AppData\Local\Temp\cclkJUuE.s 			page 8


 386 000e 0000     		.2byte	0
 387 0010 00000000 		.4byte	.LFB34
 388 0014 20000000 		.4byte	.LFE34-.LFB34
 389 0018 00000000 		.4byte	0
 390 001c 00000000 		.4byte	0
 391              		.section	.debug_ranges,"",%progbits
 392              	.Ldebug_ranges0:
 393 0000 00000000 		.4byte	.LFB34
 394 0004 20000000 		.4byte	.LFE34
 395 0008 00000000 		.4byte	0
 396 000c 00000000 		.4byte	0
 397              		.section	.debug_line,"",%progbits
 398              	.Ldebug_line0:
 399 0000 AC000000 		.section	.debug_str,"MS",%progbits,1
 399      02008700 
 399      00000201 
 399      FB0E0D00 
 399      01010101 
 400              	.LASF6:
 401 0000 6C6F6E67 		.ascii	"long long int\000"
 401      206C6F6E 
 401      6720696E 
 401      7400
 402              	.LASF22:
 403 000e 75696E74 		.ascii	"uint32\000"
 403      333200
 404              	.LASF8:
 405 0015 756E7369 		.ascii	"unsigned int\000"
 405      676E6564 
 405      20696E74 
 405      00
 406              	.LASF16:
 407 0022 6C63645F 		.ascii	"lcd_main_screen\000"
 407      6D61696E 
 407      5F736372 
 407      65656E00 
 408              	.LASF20:
 409 0032 6D61696E 		.ascii	"main.c\000"
 409      2E6300
 410              	.LASF23:
 411 0039 6D61696E 		.ascii	"main\000"
 411      00
 412              	.LASF17:
 413 003e 43794465 		.ascii	"CyDelay\000"
 413      6C617900 
 414              	.LASF5:
 415 0046 6C6F6E67 		.ascii	"long unsigned int\000"
 415      20756E73 
 415      69676E65 
 415      6420696E 
 415      7400
 416              	.LASF7:
 417 0058 6C6F6E67 		.ascii	"long long unsigned int\000"
 417      206C6F6E 
 417      6720756E 
 417      7369676E 
 417      65642069 
ARM GAS  C:\Users\Kozak\AppData\Local\Temp\cclkJUuE.s 			page 9


 418              	.LASF3:
 419 006f 73686F72 		.ascii	"short unsigned int\000"
 419      7420756E 
 419      7369676E 
 419      65642069 
 419      6E7400
 420              	.LASF1:
 421 0082 756E7369 		.ascii	"unsigned char\000"
 421      676E6564 
 421      20636861 
 421      7200
 422              	.LASF15:
 423 0090 55415254 		.ascii	"UART_Start\000"
 423      5F537461 
 423      727400
 424              	.LASF19:
 425 009b 474E5520 		.ascii	"GNU C11 5.4.1 20160609 (release) [ARM/embedded-5-br"
 425      43313120 
 425      352E342E 
 425      31203230 
 425      31363036 
 426 00ce 616E6368 		.ascii	"anch revision 237715] -mcpu=cortex-m0plus -mthumb -"
 426      20726576 
 426      6973696F 
 426      6E203233 
 426      37373135 
 427 0101 67202D4F 		.ascii	"g -Og -ffunction-sections -ffat-lto-objects\000"
 427      67202D66 
 427      66756E63 
 427      74696F6E 
 427      2D736563 
 428              	.LASF11:
 429 012d 63686172 		.ascii	"char\000"
 429      00
 430              	.LASF14:
 431 0132 70726F74 		.ascii	"protocol_init\000"
 431      6F636F6C 
 431      5F696E69 
 431      7400
 432              	.LASF10:
 433 0140 646F7562 		.ascii	"double\000"
 433      6C6500
 434              	.LASF4:
 435 0147 6C6F6E67 		.ascii	"long int\000"
 435      20696E74 
 435      00
 436              	.LASF13:
 437 0150 73697A65 		.ascii	"sizetype\000"
 437      74797065 
 437      00
 438              	.LASF21:
 439 0159 433A5C4D 		.ascii	"C:\\My\\Bipboy\\bipboy\\BipBoyWorkspace\\lcd.cydsn\000"
 439      795C4269 
 439      70626F79 
 439      5C626970 
 439      626F795C 
 440              	.LASF0:
ARM GAS  C:\Users\Kozak\AppData\Local\Temp\cclkJUuE.s 			page 10


 441 0187 7369676E 		.ascii	"signed char\000"
 441      65642063 
 441      68617200 
 442              	.LASF12:
 443 0193 6C6F6E67 		.ascii	"long double\000"
 443      20646F75 
 443      626C6500 
 444              	.LASF9:
 445 019f 666C6F61 		.ascii	"float\000"
 445      7400
 446              	.LASF2:
 447 01a5 73686F72 		.ascii	"short int\000"
 447      7420696E 
 447      7400
 448              	.LASF18:
 449 01af 55415254 		.ascii	"UART_SpiUartWriteTxData\000"
 449      5F537069 
 449      55617274 
 449      57726974 
 449      65547844 
 450              		.ident	"GCC: (GNU Tools for ARM Embedded Processors) 5.4.1 20160609 (release) [ARM/embedded-5-bran
