ARM GAS  C:\Users\ADMIN\AppData\Local\Temp\ccIharGO.s 			page 1


   1              		.syntax unified
   2              		.cpu cortex-m0plus
   3              		.fpu softvfp
   4              		.eabi_attribute 20, 1
   5              		.eabi_attribute 21, 1
   6              		.eabi_attribute 23, 3
   7              		.eabi_attribute 24, 1
   8              		.eabi_attribute 25, 1
   9              		.eabi_attribute 26, 1
  10              		.eabi_attribute 30, 1
  11              		.eabi_attribute 34, 0
  12              		.eabi_attribute 18, 4
  13              		.thumb
  14              		.syntax unified
  15              		.file	"buttons.c"
  16              		.text
  17              	.Ltext0:
  18              		.cfi_sections	.debug_frame
  19              		.section	.text.button_handler,"ax",%progbits
  20              		.align	2
  21              		.global	button_handler
  22              		.code	16
  23              		.thumb_func
  24              		.type	button_handler, %function
  25              	button_handler:
  26              	.LFB33:
  27              		.file 1 "buttons.c"
   1:buttons.c     **** #include "goal.h"
   2:buttons.c     **** 
   3:buttons.c     **** CY_ISR(button_handler){
  28              		.loc 1 3 0
  29              		.cfi_startproc
  30              		@ args = 0, pretend = 0, frame = 0
  31              		@ frame_needed = 0, uses_anonymous_args = 0
  32 0000 10B5     		push	{r4, lr}
  33              		.cfi_def_cfa_offset 8
  34              		.cfi_offset 4, -8
  35              		.cfi_offset 14, -4
   4:buttons.c     ****     signalization_state(1);
  36              		.loc 1 4 0
  37 0002 0120     		movs	r0, #1
  38 0004 FFF7FEFF 		bl	signalization_state
  39              	.LVL0:
   5:buttons.c     ****     //PWM_Servo_WriteCompare(DEGREE_0);
   6:buttons.c     ****     Button_ClearInterrupt();
  40              		.loc 1 6 0
  41 0008 FFF7FEFF 		bl	Button_ClearInterrupt
  42              	.LVL1:
   7:buttons.c     **** }
  43              		.loc 1 7 0
  44              		@ sp needed
  45 000c 10BD     		pop	{r4, pc}
  46              		.cfi_endproc
  47              	.LFE33:
  48              		.size	button_handler, .-button_handler
  49 000e C046     		.text
  50              	.Letext0:
ARM GAS  C:\Users\ADMIN\AppData\Local\Temp\ccIharGO.s 			page 2


  51              		.file 2 "sensors.h"
  52              		.file 3 "Generated_Source\\PSoC4/Button.h"
  53              		.section	.debug_info,"",%progbits
  54              	.Ldebug_info0:
  55 0000 D3000000 		.4byte	0xd3
  56 0004 0400     		.2byte	0x4
  57 0006 00000000 		.4byte	.Ldebug_abbrev0
  58 000a 04       		.byte	0x4
  59 000b 01       		.uleb128 0x1
  60 000c B6000000 		.4byte	.LASF16
  61 0010 0C       		.byte	0xc
  62 0011 56010000 		.4byte	.LASF17
  63 0015 68000000 		.4byte	.LASF18
  64 0019 00000000 		.4byte	.Ldebug_ranges0+0
  65 001d 00000000 		.4byte	0
  66 0021 00000000 		.4byte	.Ldebug_line0
  67 0025 02       		.uleb128 0x2
  68 0026 01       		.byte	0x1
  69 0027 06       		.byte	0x6
  70 0028 7A010000 		.4byte	.LASF0
  71 002c 02       		.uleb128 0x2
  72 002d 01       		.byte	0x1
  73 002e 08       		.byte	0x8
  74 002f 1B000000 		.4byte	.LASF1
  75 0033 02       		.uleb128 0x2
  76 0034 02       		.byte	0x2
  77 0035 05       		.byte	0x5
  78 0036 A7010000 		.4byte	.LASF2
  79 003a 02       		.uleb128 0x2
  80 003b 02       		.byte	0x2
  81 003c 07       		.byte	0x7
  82 003d 67010000 		.4byte	.LASF3
  83 0041 02       		.uleb128 0x2
  84 0042 04       		.byte	0x4
  85 0043 05       		.byte	0x5
  86 0044 4D010000 		.4byte	.LASF4
  87 0048 02       		.uleb128 0x2
  88 0049 04       		.byte	0x4
  89 004a 07       		.byte	0x7
  90 004b 3F000000 		.4byte	.LASF5
  91 004f 02       		.uleb128 0x2
  92 0050 08       		.byte	0x8
  93 0051 05       		.byte	0x5
  94 0052 00000000 		.4byte	.LASF6
  95 0056 02       		.uleb128 0x2
  96 0057 08       		.byte	0x8
  97 0058 07       		.byte	0x7
  98 0059 51000000 		.4byte	.LASF7
  99 005d 03       		.uleb128 0x3
 100 005e 04       		.byte	0x4
 101 005f 05       		.byte	0x5
 102 0060 696E7400 		.ascii	"int\000"
 103 0064 02       		.uleb128 0x2
 104 0065 04       		.byte	0x4
 105 0066 07       		.byte	0x7
 106 0067 0E000000 		.4byte	.LASF8
 107 006b 02       		.uleb128 0x2
ARM GAS  C:\Users\ADMIN\AppData\Local\Temp\ccIharGO.s 			page 3


 108 006c 04       		.byte	0x4
 109 006d 04       		.byte	0x4
 110 006e A1010000 		.4byte	.LASF9
 111 0072 02       		.uleb128 0x2
 112 0073 08       		.byte	0x8
 113 0074 04       		.byte	0x4
 114 0075 60010000 		.4byte	.LASF10
 115 0079 02       		.uleb128 0x2
 116 007a 01       		.byte	0x1
 117 007b 08       		.byte	0x8
 118 007c 48010000 		.4byte	.LASF11
 119 0080 02       		.uleb128 0x2
 120 0081 08       		.byte	0x8
 121 0082 04       		.byte	0x4
 122 0083 86010000 		.4byte	.LASF12
 123 0087 02       		.uleb128 0x2
 124 0088 04       		.byte	0x4
 125 0089 07       		.byte	0x7
 126 008a B1010000 		.4byte	.LASF13
 127 008e 04       		.uleb128 0x4
 128 008f 92010000 		.4byte	.LASF19
 129 0093 01       		.byte	0x1
 130 0094 03       		.byte	0x3
 131 0095 00000000 		.4byte	.LFB33
 132 0099 0E000000 		.4byte	.LFE33-.LFB33
 133 009d 01       		.uleb128 0x1
 134 009e 9C       		.byte	0x9c
 135 009f C0000000 		.4byte	0xc0
 136 00a3 05       		.uleb128 0x5
 137 00a4 08000000 		.4byte	.LVL0
 138 00a8 C0000000 		.4byte	0xc0
 139 00ac B6000000 		.4byte	0xb6
 140 00b0 06       		.uleb128 0x6
 141 00b1 01       		.uleb128 0x1
 142 00b2 50       		.byte	0x50
 143 00b3 01       		.uleb128 0x1
 144 00b4 31       		.byte	0x31
 145 00b5 00       		.byte	0
 146 00b6 07       		.uleb128 0x7
 147 00b7 0C000000 		.4byte	.LVL1
 148 00bb CB000000 		.4byte	0xcb
 149 00bf 00       		.byte	0
 150 00c0 08       		.uleb128 0x8
 151 00c1 A2000000 		.4byte	.LASF14
 152 00c5 A2000000 		.4byte	.LASF14
 153 00c9 02       		.byte	0x2
 154 00ca 06       		.byte	0x6
 155 00cb 08       		.uleb128 0x8
 156 00cc 29000000 		.4byte	.LASF15
 157 00d0 29000000 		.4byte	.LASF15
 158 00d4 03       		.byte	0x3
 159 00d5 39       		.byte	0x39
 160 00d6 00       		.byte	0
 161              		.section	.debug_abbrev,"",%progbits
 162              	.Ldebug_abbrev0:
 163 0000 01       		.uleb128 0x1
 164 0001 11       		.uleb128 0x11
ARM GAS  C:\Users\ADMIN\AppData\Local\Temp\ccIharGO.s 			page 4


 165 0002 01       		.byte	0x1
 166 0003 25       		.uleb128 0x25
 167 0004 0E       		.uleb128 0xe
 168 0005 13       		.uleb128 0x13
 169 0006 0B       		.uleb128 0xb
 170 0007 03       		.uleb128 0x3
 171 0008 0E       		.uleb128 0xe
 172 0009 1B       		.uleb128 0x1b
 173 000a 0E       		.uleb128 0xe
 174 000b 55       		.uleb128 0x55
 175 000c 17       		.uleb128 0x17
 176 000d 11       		.uleb128 0x11
 177 000e 01       		.uleb128 0x1
 178 000f 10       		.uleb128 0x10
 179 0010 17       		.uleb128 0x17
 180 0011 00       		.byte	0
 181 0012 00       		.byte	0
 182 0013 02       		.uleb128 0x2
 183 0014 24       		.uleb128 0x24
 184 0015 00       		.byte	0
 185 0016 0B       		.uleb128 0xb
 186 0017 0B       		.uleb128 0xb
 187 0018 3E       		.uleb128 0x3e
 188 0019 0B       		.uleb128 0xb
 189 001a 03       		.uleb128 0x3
 190 001b 0E       		.uleb128 0xe
 191 001c 00       		.byte	0
 192 001d 00       		.byte	0
 193 001e 03       		.uleb128 0x3
 194 001f 24       		.uleb128 0x24
 195 0020 00       		.byte	0
 196 0021 0B       		.uleb128 0xb
 197 0022 0B       		.uleb128 0xb
 198 0023 3E       		.uleb128 0x3e
 199 0024 0B       		.uleb128 0xb
 200 0025 03       		.uleb128 0x3
 201 0026 08       		.uleb128 0x8
 202 0027 00       		.byte	0
 203 0028 00       		.byte	0
 204 0029 04       		.uleb128 0x4
 205 002a 2E       		.uleb128 0x2e
 206 002b 01       		.byte	0x1
 207 002c 3F       		.uleb128 0x3f
 208 002d 19       		.uleb128 0x19
 209 002e 03       		.uleb128 0x3
 210 002f 0E       		.uleb128 0xe
 211 0030 3A       		.uleb128 0x3a
 212 0031 0B       		.uleb128 0xb
 213 0032 3B       		.uleb128 0x3b
 214 0033 0B       		.uleb128 0xb
 215 0034 27       		.uleb128 0x27
 216 0035 19       		.uleb128 0x19
 217 0036 11       		.uleb128 0x11
 218 0037 01       		.uleb128 0x1
 219 0038 12       		.uleb128 0x12
 220 0039 06       		.uleb128 0x6
 221 003a 40       		.uleb128 0x40
ARM GAS  C:\Users\ADMIN\AppData\Local\Temp\ccIharGO.s 			page 5


 222 003b 18       		.uleb128 0x18
 223 003c 9742     		.uleb128 0x2117
 224 003e 19       		.uleb128 0x19
 225 003f 01       		.uleb128 0x1
 226 0040 13       		.uleb128 0x13
 227 0041 00       		.byte	0
 228 0042 00       		.byte	0
 229 0043 05       		.uleb128 0x5
 230 0044 898201   		.uleb128 0x4109
 231 0047 01       		.byte	0x1
 232 0048 11       		.uleb128 0x11
 233 0049 01       		.uleb128 0x1
 234 004a 31       		.uleb128 0x31
 235 004b 13       		.uleb128 0x13
 236 004c 01       		.uleb128 0x1
 237 004d 13       		.uleb128 0x13
 238 004e 00       		.byte	0
 239 004f 00       		.byte	0
 240 0050 06       		.uleb128 0x6
 241 0051 8A8201   		.uleb128 0x410a
 242 0054 00       		.byte	0
 243 0055 02       		.uleb128 0x2
 244 0056 18       		.uleb128 0x18
 245 0057 9142     		.uleb128 0x2111
 246 0059 18       		.uleb128 0x18
 247 005a 00       		.byte	0
 248 005b 00       		.byte	0
 249 005c 07       		.uleb128 0x7
 250 005d 898201   		.uleb128 0x4109
 251 0060 00       		.byte	0
 252 0061 11       		.uleb128 0x11
 253 0062 01       		.uleb128 0x1
 254 0063 31       		.uleb128 0x31
 255 0064 13       		.uleb128 0x13
 256 0065 00       		.byte	0
 257 0066 00       		.byte	0
 258 0067 08       		.uleb128 0x8
 259 0068 2E       		.uleb128 0x2e
 260 0069 00       		.byte	0
 261 006a 3F       		.uleb128 0x3f
 262 006b 19       		.uleb128 0x19
 263 006c 3C       		.uleb128 0x3c
 264 006d 19       		.uleb128 0x19
 265 006e 6E       		.uleb128 0x6e
 266 006f 0E       		.uleb128 0xe
 267 0070 03       		.uleb128 0x3
 268 0071 0E       		.uleb128 0xe
 269 0072 3A       		.uleb128 0x3a
 270 0073 0B       		.uleb128 0xb
 271 0074 3B       		.uleb128 0x3b
 272 0075 0B       		.uleb128 0xb
 273 0076 00       		.byte	0
 274 0077 00       		.byte	0
 275 0078 00       		.byte	0
 276              		.section	.debug_aranges,"",%progbits
 277 0000 1C000000 		.4byte	0x1c
 278 0004 0200     		.2byte	0x2
ARM GAS  C:\Users\ADMIN\AppData\Local\Temp\ccIharGO.s 			page 6


 279 0006 00000000 		.4byte	.Ldebug_info0
 280 000a 04       		.byte	0x4
 281 000b 00       		.byte	0
 282 000c 0000     		.2byte	0
 283 000e 0000     		.2byte	0
 284 0010 00000000 		.4byte	.LFB33
 285 0014 0E000000 		.4byte	.LFE33-.LFB33
 286 0018 00000000 		.4byte	0
 287 001c 00000000 		.4byte	0
 288              		.section	.debug_ranges,"",%progbits
 289              	.Ldebug_ranges0:
 290 0000 00000000 		.4byte	.LFB33
 291 0004 0E000000 		.4byte	.LFE33
 292 0008 00000000 		.4byte	0
 293 000c 00000000 		.4byte	0
 294              		.section	.debug_line,"",%progbits
 295              	.Ldebug_line0:
 296 0000 66000000 		.section	.debug_str,"MS",%progbits,1
 296      02005000 
 296      00000201 
 296      FB0E0D00 
 296      01010101 
 297              	.LASF6:
 298 0000 6C6F6E67 		.ascii	"long long int\000"
 298      206C6F6E 
 298      6720696E 
 298      7400
 299              	.LASF8:
 300 000e 756E7369 		.ascii	"unsigned int\000"
 300      676E6564 
 300      20696E74 
 300      00
 301              	.LASF1:
 302 001b 756E7369 		.ascii	"unsigned char\000"
 302      676E6564 
 302      20636861 
 302      7200
 303              	.LASF15:
 304 0029 42757474 		.ascii	"Button_ClearInterrupt\000"
 304      6F6E5F43 
 304      6C656172 
 304      496E7465 
 304      72727570 
 305              	.LASF5:
 306 003f 6C6F6E67 		.ascii	"long unsigned int\000"
 306      20756E73 
 306      69676E65 
 306      6420696E 
 306      7400
 307              	.LASF7:
 308 0051 6C6F6E67 		.ascii	"long long unsigned int\000"
 308      206C6F6E 
 308      6720756E 
 308      7369676E 
 308      65642069 
 309              	.LASF18:
 310 0068 443A5C50 		.ascii	"D:\\Programming\\PSoC\\GitGoalKitchen\\Goal\\GOAL-M"
ARM GAS  C:\Users\ADMIN\AppData\Local\Temp\ccIharGO.s 			page 7


 310      726F6772 
 310      616D6D69 
 310      6E675C50 
 310      536F435C 
 311 0096 41535445 		.ascii	"ASTER.cydsn\000"
 311      522E6379 
 311      64736E00 
 312              	.LASF14:
 313 00a2 7369676E 		.ascii	"signalization_state\000"
 313      616C697A 
 313      6174696F 
 313      6E5F7374 
 313      61746500 
 314              	.LASF16:
 315 00b6 474E5520 		.ascii	"GNU C11 5.4.1 20160609 (release) [ARM/embedded-5-br"
 315      43313120 
 315      352E342E 
 315      31203230 
 315      31363036 
 316 00e9 616E6368 		.ascii	"anch revision 237715] -mcpu=cortex-m0plus -mthumb -"
 316      20726576 
 316      6973696F 
 316      6E203233 
 316      37373135 
 317 011c 67202D4F 		.ascii	"g -Og -ffunction-sections -ffat-lto-objects\000"
 317      67202D66 
 317      66756E63 
 317      74696F6E 
 317      2D736563 
 318              	.LASF11:
 319 0148 63686172 		.ascii	"char\000"
 319      00
 320              	.LASF4:
 321 014d 6C6F6E67 		.ascii	"long int\000"
 321      20696E74 
 321      00
 322              	.LASF17:
 323 0156 62757474 		.ascii	"buttons.c\000"
 323      6F6E732E 
 323      6300
 324              	.LASF10:
 325 0160 646F7562 		.ascii	"double\000"
 325      6C6500
 326              	.LASF3:
 327 0167 73686F72 		.ascii	"short unsigned int\000"
 327      7420756E 
 327      7369676E 
 327      65642069 
 327      6E7400
 328              	.LASF0:
 329 017a 7369676E 		.ascii	"signed char\000"
 329      65642063 
 329      68617200 
 330              	.LASF12:
 331 0186 6C6F6E67 		.ascii	"long double\000"
 331      20646F75 
 331      626C6500 
ARM GAS  C:\Users\ADMIN\AppData\Local\Temp\ccIharGO.s 			page 8


 332              	.LASF19:
 333 0192 62757474 		.ascii	"button_handler\000"
 333      6F6E5F68 
 333      616E646C 
 333      657200
 334              	.LASF9:
 335 01a1 666C6F61 		.ascii	"float\000"
 335      7400
 336              	.LASF2:
 337 01a7 73686F72 		.ascii	"short int\000"
 337      7420696E 
 337      7400
 338              	.LASF13:
 339 01b1 73697A65 		.ascii	"sizetype\000"
 339      74797065 
 339      00
 340              		.ident	"GCC: (GNU Tools for ARM Embedded Processors) 5.4.1 20160609 (release) [ARM/embedded-5-bran
