ARM GAS  C:\Users\ADMIN\AppData\Local\Temp\ccBkKaIa.s 			page 1


   1              		.syntax unified
   2              		.cpu cortex-m0plus
   3              		.fpu softvfp
   4              		.eabi_attribute 20, 1
   5              		.eabi_attribute 21, 1
   6              		.eabi_attribute 23, 3
   7              		.eabi_attribute 24, 1
   8              		.eabi_attribute 25, 1
   9              		.eabi_attribute 26, 1
  10              		.eabi_attribute 30, 1
  11              		.eabi_attribute 34, 0
  12              		.eabi_attribute 18, 4
  13              		.thumb
  14              		.syntax unified
  15              		.file	"sensors.c"
  16              		.text
  17              	.Ltext0:
  18              		.cfi_sections	.debug_frame
  19              		.global	__aeabi_uidiv
  20              		.section	.text.gas_sensor_signalization,"ax",%progbits
  21              		.align	2
  22              		.global	gas_sensor_signalization
  23              		.code	16
  24              		.thumb_func
  25              		.type	gas_sensor_signalization, %function
  26              	gas_sensor_signalization:
  27              	.LFB33:
  28              		.file 1 "sensors.c"
   1:sensors.c     **** #include "goal.h"
   2:sensors.c     **** 
   3:sensors.c     **** uint8 state = 1;
   4:sensors.c     **** 
   5:sensors.c     **** uint16 gas_sensor_signalization() {
  29              		.loc 1 5 0
  30              		.cfi_startproc
  31              		@ args = 0, pretend = 0, frame = 0
  32              		@ frame_needed = 0, uses_anonymous_args = 0
  33 0000 10B5     		push	{r4, lr}
  34              		.cfi_def_cfa_offset 8
  35              		.cfi_offset 4, -8
  36              		.cfi_offset 14, -4
   6:sensors.c     ****     uint16 data = ADC_ReadResult_mVolts(0)/10;
  37              		.loc 1 6 0
  38 0002 0020     		movs	r0, #0
  39 0004 FFF7FEFF 		bl	ADC_ReadResult_mVolts
  40              	.LVL0:
  41 0008 0A21     		movs	r1, #10
  42 000a FFF7FEFF 		bl	__aeabi_uidiv
  43              	.LVL1:
  44 000e 84B2     		uxth	r4, r0
  45              	.LVL2:
   7:sensors.c     ****     if(data >= 150){
  46              		.loc 1 7 0
  47 0010 952C     		cmp	r4, #149
  48 0012 02D9     		bls	.L2
   8:sensors.c     ****         state = 0;
  49              		.loc 1 8 0
ARM GAS  C:\Users\ADMIN\AppData\Local\Temp\ccBkKaIa.s 			page 2


  50 0014 0022     		movs	r2, #0
  51 0016 094B     		ldr	r3, .L5
  52 0018 1A70     		strb	r2, [r3]
  53              	.L2:
   9:sensors.c     ****     }
  10:sensors.c     ****     if(state == 0){
  54              		.loc 1 10 0
  55 001a 084B     		ldr	r3, .L5
  56 001c 1B78     		ldrb	r3, [r3]
  57 001e 002B     		cmp	r3, #0
  58 0020 06D1     		bne	.L3
  11:sensors.c     ****         PWM_Buzzer_WriteCompare(BUZEER_ON);
  59              		.loc 1 11 0
  60 0022 FA20     		movs	r0, #250
  61 0024 FFF7FEFF 		bl	PWM_Buzzer_WriteCompare
  62              	.LVL3:
  12:sensors.c     ****         PWM_Servo_WriteCompare(DEGREE_90);
  63              		.loc 1 12 0
  64 0028 0320     		movs	r0, #3
  65 002a FFF7FEFF 		bl	PWM_Servo_WriteCompare
  66              	.LVL4:
  67 002e 02E0     		b	.L4
  68              	.L3:
  13:sensors.c     ****     } else{
  14:sensors.c     ****         PWM_Buzzer_WriteCompare(BUZEER_OFF);
  69              		.loc 1 14 0
  70 0030 0020     		movs	r0, #0
  71 0032 FFF7FEFF 		bl	PWM_Buzzer_WriteCompare
  72              	.LVL5:
  73              	.L4:
  15:sensors.c     ****     }
  16:sensors.c     ****         
  17:sensors.c     ****     return data;
  18:sensors.c     **** }
  74              		.loc 1 18 0
  75 0036 2000     		movs	r0, r4
  76              		@ sp needed
  77              	.LVL6:
  78 0038 10BD     		pop	{r4, pc}
  79              	.L6:
  80 003a C046     		.align	2
  81              	.L5:
  82 003c 00000000 		.word	.LANCHOR0
  83              		.cfi_endproc
  84              	.LFE33:
  85              		.size	gas_sensor_signalization, .-gas_sensor_signalization
  86              		.section	.text.signalization_state,"ax",%progbits
  87              		.align	2
  88              		.global	signalization_state
  89              		.code	16
  90              		.thumb_func
  91              		.type	signalization_state, %function
  92              	signalization_state:
  93              	.LFB34:
  19:sensors.c     **** 
  20:sensors.c     **** void signalization_state(uint8 value){
  94              		.loc 1 20 0
ARM GAS  C:\Users\ADMIN\AppData\Local\Temp\ccBkKaIa.s 			page 3


  95              		.cfi_startproc
  96              		@ args = 0, pretend = 0, frame = 0
  97              		@ frame_needed = 0, uses_anonymous_args = 0
  98              		@ link register save eliminated.
  99              	.LVL7:
  21:sensors.c     ****     state = value;
 100              		.loc 1 21 0
 101 0000 014B     		ldr	r3, .L8
 102 0002 1870     		strb	r0, [r3]
  22:sensors.c     **** }
 103              		.loc 1 22 0
 104              		@ sp needed
 105 0004 7047     		bx	lr
 106              	.L9:
 107 0006 C046     		.align	2
 108              	.L8:
 109 0008 00000000 		.word	.LANCHOR0
 110              		.cfi_endproc
 111              	.LFE34:
 112              		.size	signalization_state, .-signalization_state
 113              		.global	state
 114              		.data
 115              		.set	.LANCHOR0,. + 0
 116              		.type	state, %object
 117              		.size	state, 1
 118              	state:
 119 0000 01       		.byte	1
 120              		.text
 121              	.Letext0:
 122              		.file 2 "Generated_Source\\PSoC4/cytypes.h"
 123              		.file 3 "Generated_Source\\PSoC4/ADC_Adc.h"
 124              		.file 4 "Generated_Source\\PSoC4/PWM_Buzzer.h"
 125              		.file 5 "Generated_Source\\PSoC4/PWM_Servo.h"
 126              		.section	.debug_info,"",%progbits
 127              	.Ldebug_info0:
 128 0000 6C010000 		.4byte	0x16c
 129 0004 0400     		.2byte	0x4
 130 0006 00000000 		.4byte	.Ldebug_abbrev0
 131 000a 04       		.byte	0x4
 132 000b 01       		.uleb128 0x1
 133 000c BE000000 		.4byte	.LASF21
 134 0010 0C       		.byte	0xc
 135 0011 82010000 		.4byte	.LASF22
 136 0015 84000000 		.4byte	.LASF23
 137 0019 00000000 		.4byte	.Ldebug_ranges0+0
 138 001d 00000000 		.4byte	0
 139 0021 00000000 		.4byte	.Ldebug_line0
 140 0025 02       		.uleb128 0x2
 141 0026 01       		.byte	0x1
 142 0027 06       		.byte	0x6
 143 0028 CA010000 		.4byte	.LASF0
 144 002c 02       		.uleb128 0x2
 145 002d 01       		.byte	0x1
 146 002e 08       		.byte	0x8
 147 002f 2B000000 		.4byte	.LASF1
 148 0033 02       		.uleb128 0x2
 149 0034 02       		.byte	0x2
ARM GAS  C:\Users\ADMIN\AppData\Local\Temp\ccBkKaIa.s 			page 4


 150 0035 05       		.byte	0x5
 151 0036 F7010000 		.4byte	.LASF2
 152 003a 02       		.uleb128 0x2
 153 003b 02       		.byte	0x2
 154 003c 07       		.byte	0x7
 155 003d B7010000 		.4byte	.LASF3
 156 0041 02       		.uleb128 0x2
 157 0042 04       		.byte	0x4
 158 0043 05       		.byte	0x5
 159 0044 EE010000 		.4byte	.LASF4
 160 0048 02       		.uleb128 0x2
 161 0049 04       		.byte	0x4
 162 004a 07       		.byte	0x7
 163 004b 3F000000 		.4byte	.LASF5
 164 004f 02       		.uleb128 0x2
 165 0050 08       		.byte	0x8
 166 0051 05       		.byte	0x5
 167 0052 93010000 		.4byte	.LASF6
 168 0056 02       		.uleb128 0x2
 169 0057 08       		.byte	0x8
 170 0058 07       		.byte	0x7
 171 0059 51000000 		.4byte	.LASF7
 172 005d 03       		.uleb128 0x3
 173 005e 04       		.byte	0x4
 174 005f 05       		.byte	0x5
 175 0060 696E7400 		.ascii	"int\000"
 176 0064 02       		.uleb128 0x2
 177 0065 04       		.byte	0x4
 178 0066 07       		.byte	0x7
 179 0067 1E000000 		.4byte	.LASF8
 180 006b 04       		.uleb128 0x4
 181 006c 39000000 		.4byte	.LASF9
 182 0070 02       		.byte	0x2
 183 0071 E401     		.2byte	0x1e4
 184 0073 2C000000 		.4byte	0x2c
 185 0077 04       		.uleb128 0x4
 186 0078 01020000 		.4byte	.LASF10
 187 007c 02       		.byte	0x2
 188 007d E501     		.2byte	0x1e5
 189 007f 3A000000 		.4byte	0x3a
 190 0083 02       		.uleb128 0x2
 191 0084 04       		.byte	0x4
 192 0085 04       		.byte	0x4
 193 0086 E8010000 		.4byte	.LASF11
 194 008a 02       		.uleb128 0x2
 195 008b 08       		.byte	0x8
 196 008c 04       		.byte	0x4
 197 008d 8C010000 		.4byte	.LASF12
 198 0091 02       		.uleb128 0x2
 199 0092 01       		.byte	0x1
 200 0093 08       		.byte	0x8
 201 0094 50010000 		.4byte	.LASF13
 202 0098 02       		.uleb128 0x2
 203 0099 08       		.byte	0x8
 204 009a 04       		.byte	0x4
 205 009b D6010000 		.4byte	.LASF14
 206 009f 02       		.uleb128 0x2
ARM GAS  C:\Users\ADMIN\AppData\Local\Temp\ccBkKaIa.s 			page 5


 207 00a0 04       		.byte	0x4
 208 00a1 07       		.byte	0x7
 209 00a2 08020000 		.4byte	.LASF15
 210 00a6 05       		.uleb128 0x5
 211 00a7 55010000 		.4byte	.LASF16
 212 00ab 01       		.byte	0x1
 213 00ac 05       		.byte	0x5
 214 00ad 77000000 		.4byte	0x77
 215 00b1 00000000 		.4byte	.LFB33
 216 00b5 40000000 		.4byte	.LFE33-.LFB33
 217 00b9 01       		.uleb128 0x1
 218 00ba 9C       		.byte	0x9c
 219 00bb 18010000 		.4byte	0x118
 220 00bf 06       		.uleb128 0x6
 221 00c0 68000000 		.4byte	.LASF24
 222 00c4 01       		.byte	0x1
 223 00c5 06       		.byte	0x6
 224 00c6 77000000 		.4byte	0x77
 225 00ca 00000000 		.4byte	.LLST0
 226 00ce 07       		.uleb128 0x7
 227 00cf 08000000 		.4byte	.LVL0
 228 00d3 4C010000 		.4byte	0x14c
 229 00d7 E1000000 		.4byte	0xe1
 230 00db 08       		.uleb128 0x8
 231 00dc 01       		.uleb128 0x1
 232 00dd 50       		.byte	0x50
 233 00de 01       		.uleb128 0x1
 234 00df 30       		.byte	0x30
 235 00e0 00       		.byte	0
 236 00e1 07       		.uleb128 0x7
 237 00e2 28000000 		.4byte	.LVL3
 238 00e6 57010000 		.4byte	0x157
 239 00ea F5000000 		.4byte	0xf5
 240 00ee 08       		.uleb128 0x8
 241 00ef 01       		.uleb128 0x1
 242 00f0 50       		.byte	0x50
 243 00f1 02       		.uleb128 0x2
 244 00f2 08       		.byte	0x8
 245 00f3 FA       		.byte	0xfa
 246 00f4 00       		.byte	0
 247 00f5 07       		.uleb128 0x7
 248 00f6 2E000000 		.4byte	.LVL4
 249 00fa 63010000 		.4byte	0x163
 250 00fe 08010000 		.4byte	0x108
 251 0102 08       		.uleb128 0x8
 252 0103 01       		.uleb128 0x1
 253 0104 50       		.byte	0x50
 254 0105 01       		.uleb128 0x1
 255 0106 33       		.byte	0x33
 256 0107 00       		.byte	0
 257 0108 09       		.uleb128 0x9
 258 0109 36000000 		.4byte	.LVL5
 259 010d 57010000 		.4byte	0x157
 260 0111 08       		.uleb128 0x8
 261 0112 01       		.uleb128 0x1
 262 0113 50       		.byte	0x50
 263 0114 01       		.uleb128 0x1
ARM GAS  C:\Users\ADMIN\AppData\Local\Temp\ccBkKaIa.s 			page 6


 264 0115 30       		.byte	0x30
 265 0116 00       		.byte	0
 266 0117 00       		.byte	0
 267 0118 0A       		.uleb128 0xa
 268 0119 6E010000 		.4byte	.LASF17
 269 011d 01       		.byte	0x1
 270 011e 14       		.byte	0x14
 271 011f 00000000 		.4byte	.LFB34
 272 0123 0C000000 		.4byte	.LFE34-.LFB34
 273 0127 01       		.uleb128 0x1
 274 0128 9C       		.byte	0x9c
 275 0129 3B010000 		.4byte	0x13b
 276 012d 0B       		.uleb128 0xb
 277 012e 18000000 		.4byte	.LASF25
 278 0132 01       		.byte	0x1
 279 0133 14       		.byte	0x14
 280 0134 6B000000 		.4byte	0x6b
 281 0138 01       		.uleb128 0x1
 282 0139 50       		.byte	0x50
 283 013a 00       		.byte	0
 284 013b 0C       		.uleb128 0xc
 285 013c E2010000 		.4byte	.LASF26
 286 0140 01       		.byte	0x1
 287 0141 03       		.byte	0x3
 288 0142 6B000000 		.4byte	0x6b
 289 0146 05       		.uleb128 0x5
 290 0147 03       		.byte	0x3
 291 0148 00000000 		.4byte	state
 292 014c 0D       		.uleb128 0xd
 293 014d A1010000 		.4byte	.LASF18
 294 0151 A1010000 		.4byte	.LASF18
 295 0155 03       		.byte	0x3
 296 0156 49       		.byte	0x49
 297 0157 0E       		.uleb128 0xe
 298 0158 00000000 		.4byte	.LASF19
 299 015c 00000000 		.4byte	.LASF19
 300 0160 04       		.byte	0x4
 301 0161 5501     		.2byte	0x155
 302 0163 0E       		.uleb128 0xe
 303 0164 6D000000 		.4byte	.LASF20
 304 0168 6D000000 		.4byte	.LASF20
 305 016c 05       		.byte	0x5
 306 016d 5501     		.2byte	0x155
 307 016f 00       		.byte	0
 308              		.section	.debug_abbrev,"",%progbits
 309              	.Ldebug_abbrev0:
 310 0000 01       		.uleb128 0x1
 311 0001 11       		.uleb128 0x11
 312 0002 01       		.byte	0x1
 313 0003 25       		.uleb128 0x25
 314 0004 0E       		.uleb128 0xe
 315 0005 13       		.uleb128 0x13
 316 0006 0B       		.uleb128 0xb
 317 0007 03       		.uleb128 0x3
 318 0008 0E       		.uleb128 0xe
 319 0009 1B       		.uleb128 0x1b
 320 000a 0E       		.uleb128 0xe
ARM GAS  C:\Users\ADMIN\AppData\Local\Temp\ccBkKaIa.s 			page 7


 321 000b 55       		.uleb128 0x55
 322 000c 17       		.uleb128 0x17
 323 000d 11       		.uleb128 0x11
 324 000e 01       		.uleb128 0x1
 325 000f 10       		.uleb128 0x10
 326 0010 17       		.uleb128 0x17
 327 0011 00       		.byte	0
 328 0012 00       		.byte	0
 329 0013 02       		.uleb128 0x2
 330 0014 24       		.uleb128 0x24
 331 0015 00       		.byte	0
 332 0016 0B       		.uleb128 0xb
 333 0017 0B       		.uleb128 0xb
 334 0018 3E       		.uleb128 0x3e
 335 0019 0B       		.uleb128 0xb
 336 001a 03       		.uleb128 0x3
 337 001b 0E       		.uleb128 0xe
 338 001c 00       		.byte	0
 339 001d 00       		.byte	0
 340 001e 03       		.uleb128 0x3
 341 001f 24       		.uleb128 0x24
 342 0020 00       		.byte	0
 343 0021 0B       		.uleb128 0xb
 344 0022 0B       		.uleb128 0xb
 345 0023 3E       		.uleb128 0x3e
 346 0024 0B       		.uleb128 0xb
 347 0025 03       		.uleb128 0x3
 348 0026 08       		.uleb128 0x8
 349 0027 00       		.byte	0
 350 0028 00       		.byte	0
 351 0029 04       		.uleb128 0x4
 352 002a 16       		.uleb128 0x16
 353 002b 00       		.byte	0
 354 002c 03       		.uleb128 0x3
 355 002d 0E       		.uleb128 0xe
 356 002e 3A       		.uleb128 0x3a
 357 002f 0B       		.uleb128 0xb
 358 0030 3B       		.uleb128 0x3b
 359 0031 05       		.uleb128 0x5
 360 0032 49       		.uleb128 0x49
 361 0033 13       		.uleb128 0x13
 362 0034 00       		.byte	0
 363 0035 00       		.byte	0
 364 0036 05       		.uleb128 0x5
 365 0037 2E       		.uleb128 0x2e
 366 0038 01       		.byte	0x1
 367 0039 3F       		.uleb128 0x3f
 368 003a 19       		.uleb128 0x19
 369 003b 03       		.uleb128 0x3
 370 003c 0E       		.uleb128 0xe
 371 003d 3A       		.uleb128 0x3a
 372 003e 0B       		.uleb128 0xb
 373 003f 3B       		.uleb128 0x3b
 374 0040 0B       		.uleb128 0xb
 375 0041 49       		.uleb128 0x49
 376 0042 13       		.uleb128 0x13
 377 0043 11       		.uleb128 0x11
ARM GAS  C:\Users\ADMIN\AppData\Local\Temp\ccBkKaIa.s 			page 8


 378 0044 01       		.uleb128 0x1
 379 0045 12       		.uleb128 0x12
 380 0046 06       		.uleb128 0x6
 381 0047 40       		.uleb128 0x40
 382 0048 18       		.uleb128 0x18
 383 0049 9642     		.uleb128 0x2116
 384 004b 19       		.uleb128 0x19
 385 004c 01       		.uleb128 0x1
 386 004d 13       		.uleb128 0x13
 387 004e 00       		.byte	0
 388 004f 00       		.byte	0
 389 0050 06       		.uleb128 0x6
 390 0051 34       		.uleb128 0x34
 391 0052 00       		.byte	0
 392 0053 03       		.uleb128 0x3
 393 0054 0E       		.uleb128 0xe
 394 0055 3A       		.uleb128 0x3a
 395 0056 0B       		.uleb128 0xb
 396 0057 3B       		.uleb128 0x3b
 397 0058 0B       		.uleb128 0xb
 398 0059 49       		.uleb128 0x49
 399 005a 13       		.uleb128 0x13
 400 005b 02       		.uleb128 0x2
 401 005c 17       		.uleb128 0x17
 402 005d 00       		.byte	0
 403 005e 00       		.byte	0
 404 005f 07       		.uleb128 0x7
 405 0060 898201   		.uleb128 0x4109
 406 0063 01       		.byte	0x1
 407 0064 11       		.uleb128 0x11
 408 0065 01       		.uleb128 0x1
 409 0066 31       		.uleb128 0x31
 410 0067 13       		.uleb128 0x13
 411 0068 01       		.uleb128 0x1
 412 0069 13       		.uleb128 0x13
 413 006a 00       		.byte	0
 414 006b 00       		.byte	0
 415 006c 08       		.uleb128 0x8
 416 006d 8A8201   		.uleb128 0x410a
 417 0070 00       		.byte	0
 418 0071 02       		.uleb128 0x2
 419 0072 18       		.uleb128 0x18
 420 0073 9142     		.uleb128 0x2111
 421 0075 18       		.uleb128 0x18
 422 0076 00       		.byte	0
 423 0077 00       		.byte	0
 424 0078 09       		.uleb128 0x9
 425 0079 898201   		.uleb128 0x4109
 426 007c 01       		.byte	0x1
 427 007d 11       		.uleb128 0x11
 428 007e 01       		.uleb128 0x1
 429 007f 31       		.uleb128 0x31
 430 0080 13       		.uleb128 0x13
 431 0081 00       		.byte	0
 432 0082 00       		.byte	0
 433 0083 0A       		.uleb128 0xa
 434 0084 2E       		.uleb128 0x2e
ARM GAS  C:\Users\ADMIN\AppData\Local\Temp\ccBkKaIa.s 			page 9


 435 0085 01       		.byte	0x1
 436 0086 3F       		.uleb128 0x3f
 437 0087 19       		.uleb128 0x19
 438 0088 03       		.uleb128 0x3
 439 0089 0E       		.uleb128 0xe
 440 008a 3A       		.uleb128 0x3a
 441 008b 0B       		.uleb128 0xb
 442 008c 3B       		.uleb128 0x3b
 443 008d 0B       		.uleb128 0xb
 444 008e 27       		.uleb128 0x27
 445 008f 19       		.uleb128 0x19
 446 0090 11       		.uleb128 0x11
 447 0091 01       		.uleb128 0x1
 448 0092 12       		.uleb128 0x12
 449 0093 06       		.uleb128 0x6
 450 0094 40       		.uleb128 0x40
 451 0095 18       		.uleb128 0x18
 452 0096 9742     		.uleb128 0x2117
 453 0098 19       		.uleb128 0x19
 454 0099 01       		.uleb128 0x1
 455 009a 13       		.uleb128 0x13
 456 009b 00       		.byte	0
 457 009c 00       		.byte	0
 458 009d 0B       		.uleb128 0xb
 459 009e 05       		.uleb128 0x5
 460 009f 00       		.byte	0
 461 00a0 03       		.uleb128 0x3
 462 00a1 0E       		.uleb128 0xe
 463 00a2 3A       		.uleb128 0x3a
 464 00a3 0B       		.uleb128 0xb
 465 00a4 3B       		.uleb128 0x3b
 466 00a5 0B       		.uleb128 0xb
 467 00a6 49       		.uleb128 0x49
 468 00a7 13       		.uleb128 0x13
 469 00a8 02       		.uleb128 0x2
 470 00a9 18       		.uleb128 0x18
 471 00aa 00       		.byte	0
 472 00ab 00       		.byte	0
 473 00ac 0C       		.uleb128 0xc
 474 00ad 34       		.uleb128 0x34
 475 00ae 00       		.byte	0
 476 00af 03       		.uleb128 0x3
 477 00b0 0E       		.uleb128 0xe
 478 00b1 3A       		.uleb128 0x3a
 479 00b2 0B       		.uleb128 0xb
 480 00b3 3B       		.uleb128 0x3b
 481 00b4 0B       		.uleb128 0xb
 482 00b5 49       		.uleb128 0x49
 483 00b6 13       		.uleb128 0x13
 484 00b7 3F       		.uleb128 0x3f
 485 00b8 19       		.uleb128 0x19
 486 00b9 02       		.uleb128 0x2
 487 00ba 18       		.uleb128 0x18
 488 00bb 00       		.byte	0
 489 00bc 00       		.byte	0
 490 00bd 0D       		.uleb128 0xd
 491 00be 2E       		.uleb128 0x2e
ARM GAS  C:\Users\ADMIN\AppData\Local\Temp\ccBkKaIa.s 			page 10


 492 00bf 00       		.byte	0
 493 00c0 3F       		.uleb128 0x3f
 494 00c1 19       		.uleb128 0x19
 495 00c2 3C       		.uleb128 0x3c
 496 00c3 19       		.uleb128 0x19
 497 00c4 6E       		.uleb128 0x6e
 498 00c5 0E       		.uleb128 0xe
 499 00c6 03       		.uleb128 0x3
 500 00c7 0E       		.uleb128 0xe
 501 00c8 3A       		.uleb128 0x3a
 502 00c9 0B       		.uleb128 0xb
 503 00ca 3B       		.uleb128 0x3b
 504 00cb 0B       		.uleb128 0xb
 505 00cc 00       		.byte	0
 506 00cd 00       		.byte	0
 507 00ce 0E       		.uleb128 0xe
 508 00cf 2E       		.uleb128 0x2e
 509 00d0 00       		.byte	0
 510 00d1 3F       		.uleb128 0x3f
 511 00d2 19       		.uleb128 0x19
 512 00d3 3C       		.uleb128 0x3c
 513 00d4 19       		.uleb128 0x19
 514 00d5 6E       		.uleb128 0x6e
 515 00d6 0E       		.uleb128 0xe
 516 00d7 03       		.uleb128 0x3
 517 00d8 0E       		.uleb128 0xe
 518 00d9 3A       		.uleb128 0x3a
 519 00da 0B       		.uleb128 0xb
 520 00db 3B       		.uleb128 0x3b
 521 00dc 05       		.uleb128 0x5
 522 00dd 00       		.byte	0
 523 00de 00       		.byte	0
 524 00df 00       		.byte	0
 525              		.section	.debug_loc,"",%progbits
 526              	.Ldebug_loc0:
 527              	.LLST0:
 528 0000 10000000 		.4byte	.LVL2
 529 0004 38000000 		.4byte	.LVL6
 530 0008 0100     		.2byte	0x1
 531 000a 54       		.byte	0x54
 532 000b 38000000 		.4byte	.LVL6
 533 000f 40000000 		.4byte	.LFE33
 534 0013 0100     		.2byte	0x1
 535 0015 50       		.byte	0x50
 536 0016 00000000 		.4byte	0
 537 001a 00000000 		.4byte	0
 538              		.section	.debug_aranges,"",%progbits
 539 0000 24000000 		.4byte	0x24
 540 0004 0200     		.2byte	0x2
 541 0006 00000000 		.4byte	.Ldebug_info0
 542 000a 04       		.byte	0x4
 543 000b 00       		.byte	0
 544 000c 0000     		.2byte	0
 545 000e 0000     		.2byte	0
 546 0010 00000000 		.4byte	.LFB33
 547 0014 40000000 		.4byte	.LFE33-.LFB33
 548 0018 00000000 		.4byte	.LFB34
ARM GAS  C:\Users\ADMIN\AppData\Local\Temp\ccBkKaIa.s 			page 11


 549 001c 0C000000 		.4byte	.LFE34-.LFB34
 550 0020 00000000 		.4byte	0
 551 0024 00000000 		.4byte	0
 552              		.section	.debug_ranges,"",%progbits
 553              	.Ldebug_ranges0:
 554 0000 00000000 		.4byte	.LFB33
 555 0004 40000000 		.4byte	.LFE33
 556 0008 00000000 		.4byte	.LFB34
 557 000c 0C000000 		.4byte	.LFE34
 558 0010 00000000 		.4byte	0
 559 0014 00000000 		.4byte	0
 560              		.section	.debug_line,"",%progbits
 561              	.Ldebug_line0:
 562 0000 9C000000 		.section	.debug_str,"MS",%progbits,1
 562      02007000 
 562      00000201 
 562      FB0E0D00 
 562      01010101 
 563              	.LASF19:
 564 0000 50574D5F 		.ascii	"PWM_Buzzer_WriteCompare\000"
 564      42757A7A 
 564      65725F57 
 564      72697465 
 564      436F6D70 
 565              	.LASF25:
 566 0018 76616C75 		.ascii	"value\000"
 566      6500
 567              	.LASF8:
 568 001e 756E7369 		.ascii	"unsigned int\000"
 568      676E6564 
 568      20696E74 
 568      00
 569              	.LASF1:
 570 002b 756E7369 		.ascii	"unsigned char\000"
 570      676E6564 
 570      20636861 
 570      7200
 571              	.LASF9:
 572 0039 75696E74 		.ascii	"uint8\000"
 572      3800
 573              	.LASF5:
 574 003f 6C6F6E67 		.ascii	"long unsigned int\000"
 574      20756E73 
 574      69676E65 
 574      6420696E 
 574      7400
 575              	.LASF7:
 576 0051 6C6F6E67 		.ascii	"long long unsigned int\000"
 576      206C6F6E 
 576      6720756E 
 576      7369676E 
 576      65642069 
 577              	.LASF24:
 578 0068 64617461 		.ascii	"data\000"
 578      00
 579              	.LASF20:
 580 006d 50574D5F 		.ascii	"PWM_Servo_WriteCompare\000"
ARM GAS  C:\Users\ADMIN\AppData\Local\Temp\ccBkKaIa.s 			page 12


 580      53657276 
 580      6F5F5772 
 580      69746543 
 580      6F6D7061 
 581              	.LASF23:
 582 0084 443A5C50 		.ascii	"D:\\Programming\\PSoC\\GitGoalKitchen\\Goal\\GOAL-M"
 582      726F6772 
 582      616D6D69 
 582      6E675C50 
 582      536F435C 
 583 00b2 41535445 		.ascii	"ASTER.cydsn\000"
 583      522E6379 
 583      64736E00 
 584              	.LASF21:
 585 00be 474E5520 		.ascii	"GNU C11 5.4.1 20160609 (release) [ARM/embedded-5-br"
 585      43313120 
 585      352E342E 
 585      31203230 
 585      31363036 
 586 00f1 616E6368 		.ascii	"anch revision 237715] -mcpu=cortex-m0plus -mthumb -"
 586      20726576 
 586      6973696F 
 586      6E203233 
 586      37373135 
 587 0124 67202D4F 		.ascii	"g -Og -ffunction-sections -ffat-lto-objects\000"
 587      67202D66 
 587      66756E63 
 587      74696F6E 
 587      2D736563 
 588              	.LASF13:
 589 0150 63686172 		.ascii	"char\000"
 589      00
 590              	.LASF16:
 591 0155 6761735F 		.ascii	"gas_sensor_signalization\000"
 591      73656E73 
 591      6F725F73 
 591      69676E61 
 591      6C697A61 
 592              	.LASF17:
 593 016e 7369676E 		.ascii	"signalization_state\000"
 593      616C697A 
 593      6174696F 
 593      6E5F7374 
 593      61746500 
 594              	.LASF22:
 595 0182 73656E73 		.ascii	"sensors.c\000"
 595      6F72732E 
 595      6300
 596              	.LASF12:
 597 018c 646F7562 		.ascii	"double\000"
 597      6C6500
 598              	.LASF6:
 599 0193 6C6F6E67 		.ascii	"long long int\000"
 599      206C6F6E 
 599      6720696E 
 599      7400
 600              	.LASF18:
ARM GAS  C:\Users\ADMIN\AppData\Local\Temp\ccBkKaIa.s 			page 13


 601 01a1 4144435F 		.ascii	"ADC_ReadResult_mVolts\000"
 601      52656164 
 601      52657375 
 601      6C745F6D 
 601      566F6C74 
 602              	.LASF3:
 603 01b7 73686F72 		.ascii	"short unsigned int\000"
 603      7420756E 
 603      7369676E 
 603      65642069 
 603      6E7400
 604              	.LASF0:
 605 01ca 7369676E 		.ascii	"signed char\000"
 605      65642063 
 605      68617200 
 606              	.LASF14:
 607 01d6 6C6F6E67 		.ascii	"long double\000"
 607      20646F75 
 607      626C6500 
 608              	.LASF26:
 609 01e2 73746174 		.ascii	"state\000"
 609      6500
 610              	.LASF11:
 611 01e8 666C6F61 		.ascii	"float\000"
 611      7400
 612              	.LASF4:
 613 01ee 6C6F6E67 		.ascii	"long int\000"
 613      20696E74 
 613      00
 614              	.LASF2:
 615 01f7 73686F72 		.ascii	"short int\000"
 615      7420696E 
 615      7400
 616              	.LASF10:
 617 0201 75696E74 		.ascii	"uint16\000"
 617      313600
 618              	.LASF15:
 619 0208 73697A65 		.ascii	"sizetype\000"
 619      74797065 
 619      00
 620              		.ident	"GCC: (GNU Tools for ARM Embedded Processors) 5.4.1 20160609 (release) [ARM/embedded-5-bran
