ARM GAS  C:\Users\Roi\AppData\Local\Temp\ccCHPjOl.s 			page 1


   1              		.syntax unified
   2              		.cpu cortex-m0
   3              		.fpu softvfp
   4              		.eabi_attribute 20, 1
   5              		.eabi_attribute 21, 1
   6              		.eabi_attribute 23, 3
   7              		.eabi_attribute 24, 1
   8              		.eabi_attribute 25, 1
   9              		.eabi_attribute 26, 1
  10              		.eabi_attribute 30, 1
  11              		.eabi_attribute 34, 0
  12              		.eabi_attribute 18, 4
  13              		.thumb
  14              		.syntax unified
  15              		.file	"adc_smartboy.c"
  16              		.text
  17              	.Ltext0:
  18              		.cfi_sections	.debug_frame
  19              		.section	.text.adc_init,"ax",%progbits
  20              		.align	2
  21              		.global	adc_init
  22              		.code	16
  23              		.thumb_func
  24              		.type	adc_init, %function
  25              	adc_init:
  26              	.LFB63:
  27              		.file 1 "adc_smartboy.c"
   1:adc_smartboy.c **** #include "smartboy.h"
   2:adc_smartboy.c **** 
   3:adc_smartboy.c **** void adc_init(void) {
  28              		.loc 1 3 0
  29              		.cfi_startproc
  30              		@ args = 0, pretend = 0, frame = 0
  31              		@ frame_needed = 0, uses_anonymous_args = 0
  32 0000 10B5     		push	{r4, lr}
  33              		.cfi_def_cfa_offset 8
  34              		.cfi_offset 4, -8
  35              		.cfi_offset 14, -4
   4:adc_smartboy.c ****     ADC_Start();
  36              		.loc 1 4 0
  37 0002 FFF7FEFF 		bl	ADC_Start
  38              	.LVL0:
   5:adc_smartboy.c ****     ADC_StartConvert();
  39              		.loc 1 5 0
  40 0006 FFF7FEFF 		bl	ADC_StartConvert
  41              	.LVL1:
   6:adc_smartboy.c **** }
  42              		.loc 1 6 0
  43              		@ sp needed
  44 000a 10BD     		pop	{r4, pc}
  45              		.cfi_endproc
  46              	.LFE63:
  47              		.size	adc_init, .-adc_init
  48              		.section	.text.read_adc_by_channel,"ax",%progbits
  49              		.align	2
  50              		.global	read_adc_by_channel
  51              		.code	16
ARM GAS  C:\Users\Roi\AppData\Local\Temp\ccCHPjOl.s 			page 2


  52              		.thumb_func
  53              		.type	read_adc_by_channel, %function
  54              	read_adc_by_channel:
  55              	.LFB64:
   7:adc_smartboy.c **** 
   8:adc_smartboy.c **** uint16 read_adc_by_channel(uint8 channel) {
  56              		.loc 1 8 0
  57              		.cfi_startproc
  58              		@ args = 0, pretend = 0, frame = 0
  59              		@ frame_needed = 0, uses_anonymous_args = 0
  60              	.LVL2:
  61 0000 10B5     		push	{r4, lr}
  62              		.cfi_def_cfa_offset 8
  63              		.cfi_offset 4, -8
  64              		.cfi_offset 14, -4
   9:adc_smartboy.c ****     uint16 adc_value = ADC_GetResult16(channel);
  65              		.loc 1 9 0
  66 0002 FFF7FEFF 		bl	ADC_GetResult16
  67              	.LVL3:
  68 0006 80B2     		uxth	r0, r0
  69              	.LVL4:
  10:adc_smartboy.c ****     //uint16 value = ADC_CountsTo_mVolts(channel, result);
  11:adc_smartboy.c ****     return adc_value;
  12:adc_smartboy.c **** }
  70              		.loc 1 12 0
  71              		@ sp needed
  72 0008 10BD     		pop	{r4, pc}
  73              		.cfi_endproc
  74              	.LFE64:
  75              		.size	read_adc_by_channel, .-read_adc_by_channel
  76 000a C046     		.text
  77              	.Letext0:
  78              		.file 2 "Generated_Source\\PSoC4/cytypes.h"
  79              		.file 3 "Generated_Source\\PSoC4/ADC.h"
  80              		.file 4 "Generated_Source\\PSoC4/RTC.h"
  81              		.section	.debug_info,"",%progbits
  82              	.Ldebug_info0:
  83 0000 51010000 		.4byte	0x151
  84 0004 0400     		.2byte	0x4
  85 0006 00000000 		.4byte	.Ldebug_abbrev0
  86 000a 04       		.byte	0x4
  87 000b 01       		.uleb128 0x1
  88 000c F2000000 		.4byte	.LASF19
  89 0010 0C       		.byte	0xc
  90 0011 1E000000 		.4byte	.LASF20
  91 0015 33000000 		.4byte	.LASF21
  92 0019 00000000 		.4byte	.Ldebug_ranges0+0
  93 001d 00000000 		.4byte	0
  94 0021 00000000 		.4byte	.Ldebug_line0
  95 0025 02       		.uleb128 0x2
  96 0026 01       		.byte	0x1
  97 0027 06       		.byte	0x6
  98 0028 93010000 		.4byte	.LASF0
  99 002c 02       		.uleb128 0x2
 100 002d 01       		.byte	0x1
 101 002e 08       		.byte	0x8
 102 002f B5000000 		.4byte	.LASF1
ARM GAS  C:\Users\Roi\AppData\Local\Temp\ccCHPjOl.s 			page 3


 103 0033 02       		.uleb128 0x2
 104 0034 02       		.byte	0x2
 105 0035 05       		.byte	0x5
 106 0036 CC010000 		.4byte	.LASF2
 107 003a 02       		.uleb128 0x2
 108 003b 02       		.byte	0x2
 109 003c 07       		.byte	0x7
 110 003d 80010000 		.4byte	.LASF3
 111 0041 02       		.uleb128 0x2
 112 0042 04       		.byte	0x4
 113 0043 05       		.byte	0x5
 114 0044 C8000000 		.4byte	.LASF4
 115 0048 02       		.uleb128 0x2
 116 0049 04       		.byte	0x4
 117 004a 07       		.byte	0x7
 118 004b D1000000 		.4byte	.LASF5
 119 004f 02       		.uleb128 0x2
 120 0050 08       		.byte	0x8
 121 0051 05       		.byte	0x5
 122 0052 00000000 		.4byte	.LASF6
 123 0056 02       		.uleb128 0x2
 124 0057 08       		.byte	0x8
 125 0058 07       		.byte	0x7
 126 0059 60000000 		.4byte	.LASF7
 127 005d 03       		.uleb128 0x3
 128 005e 04       		.byte	0x4
 129 005f 05       		.byte	0x5
 130 0060 696E7400 		.ascii	"int\000"
 131 0064 02       		.uleb128 0x2
 132 0065 04       		.byte	0x4
 133 0066 07       		.byte	0x7
 134 0067 DD010000 		.4byte	.LASF8
 135 006b 04       		.uleb128 0x4
 136 006c 2D000000 		.4byte	.LASF9
 137 0070 02       		.byte	0x2
 138 0071 E701     		.2byte	0x1e7
 139 0073 2C000000 		.4byte	0x2c
 140 0077 04       		.uleb128 0x4
 141 0078 D6010000 		.4byte	.LASF10
 142 007c 02       		.byte	0x2
 143 007d E801     		.2byte	0x1e8
 144 007f 3A000000 		.4byte	0x3a
 145 0083 02       		.uleb128 0x2
 146 0084 04       		.byte	0x4
 147 0085 04       		.byte	0x4
 148 0086 BC010000 		.4byte	.LASF11
 149 008a 02       		.uleb128 0x2
 150 008b 08       		.byte	0x8
 151 008c 04       		.byte	0x4
 152 008d E3000000 		.4byte	.LASF12
 153 0091 02       		.uleb128 0x2
 154 0092 01       		.byte	0x1
 155 0093 08       		.byte	0x8
 156 0094 C3000000 		.4byte	.LASF13
 157 0098 02       		.uleb128 0x2
 158 0099 08       		.byte	0x8
 159 009a 04       		.byte	0x4
ARM GAS  C:\Users\Roi\AppData\Local\Temp\ccCHPjOl.s 			page 4


 160 009b 9F010000 		.4byte	.LASF14
 161 009f 02       		.uleb128 0x2
 162 00a0 04       		.byte	0x4
 163 00a1 07       		.byte	0x7
 164 00a2 EA010000 		.4byte	.LASF15
 165 00a6 05       		.uleb128 0x5
 166 00a7 77000000 		.4byte	.LASF22
 167 00ab 01       		.byte	0x1
 168 00ac 03       		.byte	0x3
 169 00ad 00000000 		.4byte	.LFB63
 170 00b1 0C000000 		.4byte	.LFE63-.LFB63
 171 00b5 01       		.uleb128 0x1
 172 00b6 9C       		.byte	0x9c
 173 00b7 CE000000 		.4byte	0xce
 174 00bb 06       		.uleb128 0x6
 175 00bc 06000000 		.4byte	.LVL0
 176 00c0 33010000 		.4byte	0x133
 177 00c4 06       		.uleb128 0x6
 178 00c5 0A000000 		.4byte	.LVL1
 179 00c9 3E010000 		.4byte	0x13e
 180 00cd 00       		.byte	0
 181 00ce 07       		.uleb128 0x7
 182 00cf A1000000 		.4byte	.LASF23
 183 00d3 01       		.byte	0x1
 184 00d4 08       		.byte	0x8
 185 00d5 77000000 		.4byte	0x77
 186 00d9 00000000 		.4byte	.LFB64
 187 00dd 0A000000 		.4byte	.LFE64-.LFB64
 188 00e1 01       		.uleb128 0x1
 189 00e2 9C       		.byte	0x9c
 190 00e3 0D010000 		.4byte	0x10d
 191 00e7 08       		.uleb128 0x8
 192 00e8 EA000000 		.4byte	.LASF24
 193 00ec 01       		.byte	0x1
 194 00ed 08       		.byte	0x8
 195 00ee 6B000000 		.4byte	0x6b
 196 00f2 00000000 		.4byte	.LLST0
 197 00f6 09       		.uleb128 0x9
 198 00f7 80000000 		.4byte	.LASF25
 199 00fb 01       		.byte	0x1
 200 00fc 09       		.byte	0x9
 201 00fd 77000000 		.4byte	0x77
 202 0101 01       		.uleb128 0x1
 203 0102 50       		.byte	0x50
 204 0103 06       		.uleb128 0x6
 205 0104 06000000 		.4byte	.LVL3
 206 0108 49010000 		.4byte	0x149
 207 010c 00       		.byte	0
 208 010d 0A       		.uleb128 0xa
 209 010e 1D010000 		.4byte	0x11d
 210 0112 1D010000 		.4byte	0x11d
 211 0116 0B       		.uleb128 0xb
 212 0117 9F000000 		.4byte	0x9f
 213 011b 0B       		.byte	0xb
 214 011c 00       		.byte	0
 215 011d 0C       		.uleb128 0xc
 216 011e 77000000 		.4byte	0x77
ARM GAS  C:\Users\Roi\AppData\Local\Temp\ccCHPjOl.s 			page 5


 217 0122 0D       		.uleb128 0xd
 218 0123 8A000000 		.4byte	.LASF26
 219 0127 04       		.byte	0x4
 220 0128 E001     		.2byte	0x1e0
 221 012a 2E010000 		.4byte	0x12e
 222 012e 0C       		.uleb128 0xc
 223 012f 0D010000 		.4byte	0x10d
 224 0133 0E       		.uleb128 0xe
 225 0134 C2010000 		.4byte	.LASF16
 226 0138 C2010000 		.4byte	.LASF16
 227 013c 03       		.byte	0x3
 228 013d 99       		.byte	0x99
 229 013e 0E       		.uleb128 0xe
 230 013f AB010000 		.4byte	.LASF17
 231 0143 AB010000 		.4byte	.LASF17
 232 0147 03       		.byte	0x3
 233 0148 9D       		.byte	0x9d
 234 0149 0E       		.uleb128 0xe
 235 014a 0E000000 		.4byte	.LASF18
 236 014e 0E000000 		.4byte	.LASF18
 237 0152 03       		.byte	0x3
 238 0153 A0       		.byte	0xa0
 239 0154 00       		.byte	0
 240              		.section	.debug_abbrev,"",%progbits
 241              	.Ldebug_abbrev0:
 242 0000 01       		.uleb128 0x1
 243 0001 11       		.uleb128 0x11
 244 0002 01       		.byte	0x1
 245 0003 25       		.uleb128 0x25
 246 0004 0E       		.uleb128 0xe
 247 0005 13       		.uleb128 0x13
 248 0006 0B       		.uleb128 0xb
 249 0007 03       		.uleb128 0x3
 250 0008 0E       		.uleb128 0xe
 251 0009 1B       		.uleb128 0x1b
 252 000a 0E       		.uleb128 0xe
 253 000b 55       		.uleb128 0x55
 254 000c 17       		.uleb128 0x17
 255 000d 11       		.uleb128 0x11
 256 000e 01       		.uleb128 0x1
 257 000f 10       		.uleb128 0x10
 258 0010 17       		.uleb128 0x17
 259 0011 00       		.byte	0
 260 0012 00       		.byte	0
 261 0013 02       		.uleb128 0x2
 262 0014 24       		.uleb128 0x24
 263 0015 00       		.byte	0
 264 0016 0B       		.uleb128 0xb
 265 0017 0B       		.uleb128 0xb
 266 0018 3E       		.uleb128 0x3e
 267 0019 0B       		.uleb128 0xb
 268 001a 03       		.uleb128 0x3
 269 001b 0E       		.uleb128 0xe
 270 001c 00       		.byte	0
 271 001d 00       		.byte	0
 272 001e 03       		.uleb128 0x3
 273 001f 24       		.uleb128 0x24
ARM GAS  C:\Users\Roi\AppData\Local\Temp\ccCHPjOl.s 			page 6


 274 0020 00       		.byte	0
 275 0021 0B       		.uleb128 0xb
 276 0022 0B       		.uleb128 0xb
 277 0023 3E       		.uleb128 0x3e
 278 0024 0B       		.uleb128 0xb
 279 0025 03       		.uleb128 0x3
 280 0026 08       		.uleb128 0x8
 281 0027 00       		.byte	0
 282 0028 00       		.byte	0
 283 0029 04       		.uleb128 0x4
 284 002a 16       		.uleb128 0x16
 285 002b 00       		.byte	0
 286 002c 03       		.uleb128 0x3
 287 002d 0E       		.uleb128 0xe
 288 002e 3A       		.uleb128 0x3a
 289 002f 0B       		.uleb128 0xb
 290 0030 3B       		.uleb128 0x3b
 291 0031 05       		.uleb128 0x5
 292 0032 49       		.uleb128 0x49
 293 0033 13       		.uleb128 0x13
 294 0034 00       		.byte	0
 295 0035 00       		.byte	0
 296 0036 05       		.uleb128 0x5
 297 0037 2E       		.uleb128 0x2e
 298 0038 01       		.byte	0x1
 299 0039 3F       		.uleb128 0x3f
 300 003a 19       		.uleb128 0x19
 301 003b 03       		.uleb128 0x3
 302 003c 0E       		.uleb128 0xe
 303 003d 3A       		.uleb128 0x3a
 304 003e 0B       		.uleb128 0xb
 305 003f 3B       		.uleb128 0x3b
 306 0040 0B       		.uleb128 0xb
 307 0041 27       		.uleb128 0x27
 308 0042 19       		.uleb128 0x19
 309 0043 11       		.uleb128 0x11
 310 0044 01       		.uleb128 0x1
 311 0045 12       		.uleb128 0x12
 312 0046 06       		.uleb128 0x6
 313 0047 40       		.uleb128 0x40
 314 0048 18       		.uleb128 0x18
 315 0049 9742     		.uleb128 0x2117
 316 004b 19       		.uleb128 0x19
 317 004c 01       		.uleb128 0x1
 318 004d 13       		.uleb128 0x13
 319 004e 00       		.byte	0
 320 004f 00       		.byte	0
 321 0050 06       		.uleb128 0x6
 322 0051 898201   		.uleb128 0x4109
 323 0054 00       		.byte	0
 324 0055 11       		.uleb128 0x11
 325 0056 01       		.uleb128 0x1
 326 0057 31       		.uleb128 0x31
 327 0058 13       		.uleb128 0x13
 328 0059 00       		.byte	0
 329 005a 00       		.byte	0
 330 005b 07       		.uleb128 0x7
ARM GAS  C:\Users\Roi\AppData\Local\Temp\ccCHPjOl.s 			page 7


 331 005c 2E       		.uleb128 0x2e
 332 005d 01       		.byte	0x1
 333 005e 3F       		.uleb128 0x3f
 334 005f 19       		.uleb128 0x19
 335 0060 03       		.uleb128 0x3
 336 0061 0E       		.uleb128 0xe
 337 0062 3A       		.uleb128 0x3a
 338 0063 0B       		.uleb128 0xb
 339 0064 3B       		.uleb128 0x3b
 340 0065 0B       		.uleb128 0xb
 341 0066 27       		.uleb128 0x27
 342 0067 19       		.uleb128 0x19
 343 0068 49       		.uleb128 0x49
 344 0069 13       		.uleb128 0x13
 345 006a 11       		.uleb128 0x11
 346 006b 01       		.uleb128 0x1
 347 006c 12       		.uleb128 0x12
 348 006d 06       		.uleb128 0x6
 349 006e 40       		.uleb128 0x40
 350 006f 18       		.uleb128 0x18
 351 0070 9742     		.uleb128 0x2117
 352 0072 19       		.uleb128 0x19
 353 0073 01       		.uleb128 0x1
 354 0074 13       		.uleb128 0x13
 355 0075 00       		.byte	0
 356 0076 00       		.byte	0
 357 0077 08       		.uleb128 0x8
 358 0078 05       		.uleb128 0x5
 359 0079 00       		.byte	0
 360 007a 03       		.uleb128 0x3
 361 007b 0E       		.uleb128 0xe
 362 007c 3A       		.uleb128 0x3a
 363 007d 0B       		.uleb128 0xb
 364 007e 3B       		.uleb128 0x3b
 365 007f 0B       		.uleb128 0xb
 366 0080 49       		.uleb128 0x49
 367 0081 13       		.uleb128 0x13
 368 0082 02       		.uleb128 0x2
 369 0083 17       		.uleb128 0x17
 370 0084 00       		.byte	0
 371 0085 00       		.byte	0
 372 0086 09       		.uleb128 0x9
 373 0087 34       		.uleb128 0x34
 374 0088 00       		.byte	0
 375 0089 03       		.uleb128 0x3
 376 008a 0E       		.uleb128 0xe
 377 008b 3A       		.uleb128 0x3a
 378 008c 0B       		.uleb128 0xb
 379 008d 3B       		.uleb128 0x3b
 380 008e 0B       		.uleb128 0xb
 381 008f 49       		.uleb128 0x49
 382 0090 13       		.uleb128 0x13
 383 0091 02       		.uleb128 0x2
 384 0092 18       		.uleb128 0x18
 385 0093 00       		.byte	0
 386 0094 00       		.byte	0
 387 0095 0A       		.uleb128 0xa
ARM GAS  C:\Users\Roi\AppData\Local\Temp\ccCHPjOl.s 			page 8


 388 0096 01       		.uleb128 0x1
 389 0097 01       		.byte	0x1
 390 0098 49       		.uleb128 0x49
 391 0099 13       		.uleb128 0x13
 392 009a 01       		.uleb128 0x1
 393 009b 13       		.uleb128 0x13
 394 009c 00       		.byte	0
 395 009d 00       		.byte	0
 396 009e 0B       		.uleb128 0xb
 397 009f 21       		.uleb128 0x21
 398 00a0 00       		.byte	0
 399 00a1 49       		.uleb128 0x49
 400 00a2 13       		.uleb128 0x13
 401 00a3 2F       		.uleb128 0x2f
 402 00a4 0B       		.uleb128 0xb
 403 00a5 00       		.byte	0
 404 00a6 00       		.byte	0
 405 00a7 0C       		.uleb128 0xc
 406 00a8 26       		.uleb128 0x26
 407 00a9 00       		.byte	0
 408 00aa 49       		.uleb128 0x49
 409 00ab 13       		.uleb128 0x13
 410 00ac 00       		.byte	0
 411 00ad 00       		.byte	0
 412 00ae 0D       		.uleb128 0xd
 413 00af 34       		.uleb128 0x34
 414 00b0 00       		.byte	0
 415 00b1 03       		.uleb128 0x3
 416 00b2 0E       		.uleb128 0xe
 417 00b3 3A       		.uleb128 0x3a
 418 00b4 0B       		.uleb128 0xb
 419 00b5 3B       		.uleb128 0x3b
 420 00b6 05       		.uleb128 0x5
 421 00b7 49       		.uleb128 0x49
 422 00b8 13       		.uleb128 0x13
 423 00b9 3F       		.uleb128 0x3f
 424 00ba 19       		.uleb128 0x19
 425 00bb 3C       		.uleb128 0x3c
 426 00bc 19       		.uleb128 0x19
 427 00bd 00       		.byte	0
 428 00be 00       		.byte	0
 429 00bf 0E       		.uleb128 0xe
 430 00c0 2E       		.uleb128 0x2e
 431 00c1 00       		.byte	0
 432 00c2 3F       		.uleb128 0x3f
 433 00c3 19       		.uleb128 0x19
 434 00c4 3C       		.uleb128 0x3c
 435 00c5 19       		.uleb128 0x19
 436 00c6 6E       		.uleb128 0x6e
 437 00c7 0E       		.uleb128 0xe
 438 00c8 03       		.uleb128 0x3
 439 00c9 0E       		.uleb128 0xe
 440 00ca 3A       		.uleb128 0x3a
 441 00cb 0B       		.uleb128 0xb
 442 00cc 3B       		.uleb128 0x3b
 443 00cd 0B       		.uleb128 0xb
 444 00ce 00       		.byte	0
ARM GAS  C:\Users\Roi\AppData\Local\Temp\ccCHPjOl.s 			page 9


 445 00cf 00       		.byte	0
 446 00d0 00       		.byte	0
 447              		.section	.debug_loc,"",%progbits
 448              	.Ldebug_loc0:
 449              	.LLST0:
 450 0000 00000000 		.4byte	.LVL2
 451 0004 05000000 		.4byte	.LVL3-1
 452 0008 0100     		.2byte	0x1
 453 000a 50       		.byte	0x50
 454 000b 05000000 		.4byte	.LVL3-1
 455 000f 0A000000 		.4byte	.LFE64
 456 0013 0400     		.2byte	0x4
 457 0015 F3       		.byte	0xf3
 458 0016 01       		.uleb128 0x1
 459 0017 50       		.byte	0x50
 460 0018 9F       		.byte	0x9f
 461 0019 00000000 		.4byte	0
 462 001d 00000000 		.4byte	0
 463              		.section	.debug_aranges,"",%progbits
 464 0000 24000000 		.4byte	0x24
 465 0004 0200     		.2byte	0x2
 466 0006 00000000 		.4byte	.Ldebug_info0
 467 000a 04       		.byte	0x4
 468 000b 00       		.byte	0
 469 000c 0000     		.2byte	0
 470 000e 0000     		.2byte	0
 471 0010 00000000 		.4byte	.LFB63
 472 0014 0C000000 		.4byte	.LFE63-.LFB63
 473 0018 00000000 		.4byte	.LFB64
 474 001c 0A000000 		.4byte	.LFE64-.LFB64
 475 0020 00000000 		.4byte	0
 476 0024 00000000 		.4byte	0
 477              		.section	.debug_ranges,"",%progbits
 478              	.Ldebug_ranges0:
 479 0000 00000000 		.4byte	.LFB63
 480 0004 0C000000 		.4byte	.LFE63
 481 0008 00000000 		.4byte	.LFB64
 482 000c 0A000000 		.4byte	.LFE64
 483 0010 00000000 		.4byte	0
 484 0014 00000000 		.4byte	0
 485              		.section	.debug_line,"",%progbits
 486              	.Ldebug_line0:
 487 0000 80000000 		.section	.debug_str,"MS",%progbits,1
 487      02005B00 
 487      00000201 
 487      FB0E0D00 
 487      01010101 
 488              	.LASF6:
 489 0000 6C6F6E67 		.ascii	"long long int\000"
 489      206C6F6E 
 489      6720696E 
 489      7400
 490              	.LASF18:
 491 000e 4144435F 		.ascii	"ADC_GetResult16\000"
 491      47657452 
 491      6573756C 
 491      74313600 
ARM GAS  C:\Users\Roi\AppData\Local\Temp\ccCHPjOl.s 			page 10


 492              	.LASF20:
 493 001e 6164635F 		.ascii	"adc_smartboy.c\000"
 493      736D6172 
 493      74626F79 
 493      2E6300
 494              	.LASF9:
 495 002d 75696E74 		.ascii	"uint8\000"
 495      3800
 496              	.LASF21:
 497 0033 443A5C62 		.ascii	"D:\\bachelor_work\\program\\Goal\\SmartBoy.cydsn\000"
 497      61636865 
 497      6C6F725F 
 497      776F726B 
 497      5C70726F 
 498              	.LASF7:
 499 0060 6C6F6E67 		.ascii	"long long unsigned int\000"
 499      206C6F6E 
 499      6720756E 
 499      7369676E 
 499      65642069 
 500              	.LASF22:
 501 0077 6164635F 		.ascii	"adc_init\000"
 501      696E6974 
 501      00
 502              	.LASF25:
 503 0080 6164635F 		.ascii	"adc_value\000"
 503      76616C75 
 503      6500
 504              	.LASF26:
 505 008a 5254435F 		.ascii	"RTC_daysBeforeMonthTbl\000"
 505      64617973 
 505      4265666F 
 505      72654D6F 
 505      6E746854 
 506              	.LASF23:
 507 00a1 72656164 		.ascii	"read_adc_by_channel\000"
 507      5F616463 
 507      5F62795F 
 507      6368616E 
 507      6E656C00 
 508              	.LASF1:
 509 00b5 756E7369 		.ascii	"unsigned char\000"
 509      676E6564 
 509      20636861 
 509      7200
 510              	.LASF13:
 511 00c3 63686172 		.ascii	"char\000"
 511      00
 512              	.LASF4:
 513 00c8 6C6F6E67 		.ascii	"long int\000"
 513      20696E74 
 513      00
 514              	.LASF5:
 515 00d1 6C6F6E67 		.ascii	"long unsigned int\000"
 515      20756E73 
 515      69676E65 
 515      6420696E 
ARM GAS  C:\Users\Roi\AppData\Local\Temp\ccCHPjOl.s 			page 11


 515      7400
 516              	.LASF12:
 517 00e3 646F7562 		.ascii	"double\000"
 517      6C6500
 518              	.LASF24:
 519 00ea 6368616E 		.ascii	"channel\000"
 519      6E656C00 
 520              	.LASF19:
 521 00f2 474E5520 		.ascii	"GNU C11 5.4.1 20160609 (release) [ARM/embedded-5-br"
 521      43313120 
 521      352E342E 
 521      31203230 
 521      31363036 
 522 0125 616E6368 		.ascii	"anch revision 237715] -mcpu=cortex-m0 -mthumb -g -O"
 522      20726576 
 522      6973696F 
 522      6E203233 
 522      37373135 
 523 0158 67202D66 		.ascii	"g -ffunction-sections -ffat-lto-objects\000"
 523      66756E63 
 523      74696F6E 
 523      2D736563 
 523      74696F6E 
 524              	.LASF3:
 525 0180 73686F72 		.ascii	"short unsigned int\000"
 525      7420756E 
 525      7369676E 
 525      65642069 
 525      6E7400
 526              	.LASF0:
 527 0193 7369676E 		.ascii	"signed char\000"
 527      65642063 
 527      68617200 
 528              	.LASF14:
 529 019f 6C6F6E67 		.ascii	"long double\000"
 529      20646F75 
 529      626C6500 
 530              	.LASF17:
 531 01ab 4144435F 		.ascii	"ADC_StartConvert\000"
 531      53746172 
 531      74436F6E 
 531      76657274 
 531      00
 532              	.LASF11:
 533 01bc 666C6F61 		.ascii	"float\000"
 533      7400
 534              	.LASF16:
 535 01c2 4144435F 		.ascii	"ADC_Start\000"
 535      53746172 
 535      7400
 536              	.LASF2:
 537 01cc 73686F72 		.ascii	"short int\000"
 537      7420696E 
 537      7400
 538              	.LASF10:
 539 01d6 75696E74 		.ascii	"uint16\000"
 539      313600
ARM GAS  C:\Users\Roi\AppData\Local\Temp\ccCHPjOl.s 			page 12


 540              	.LASF8:
 541 01dd 756E7369 		.ascii	"unsigned int\000"
 541      676E6564 
 541      20696E74 
 541      00
 542              	.LASF15:
 543 01ea 73697A65 		.ascii	"sizetype\000"
 543      74797065 
 543      00
 544              		.ident	"GCC: (GNU Tools for ARM Embedded Processors) 5.4.1 20160609 (release) [ARM/embedded-5-bran
