ARM GAS  C:\Users\Kozak\AppData\Local\Temp\ccmzwMAn.s 			page 1


   1              		.syntax unified
   2              		.cpu cortex-m0
   3              		.fpu softvfp
   4              		.eabi_attribute 20, 1
   5              		.eabi_attribute 21, 1
   6              		.eabi_attribute 23, 3
   7              		.eabi_attribute 24, 1
   8              		.eabi_attribute 25, 1
   9              		.eabi_attribute 26, 1
  10              		.eabi_attribute 30, 1
  11              		.eabi_attribute 34, 0
  12              		.eabi_attribute 18, 4
  13              		.thumb
  14              		.syntax unified
  15              		.file	"adc_bipboy.c"
  16              		.text
  17              	.Ltext0:
  18              		.cfi_sections	.debug_frame
  19              		.section	.text.adc_init,"ax",%progbits
  20              		.align	2
  21              		.global	adc_init
  22              		.code	16
  23              		.thumb_func
  24              		.type	adc_init, %function
  25              	adc_init:
  26              	.LFB62:
  27              		.file 1 "adc_bipboy.c"
   1:adc_bipboy.c  **** #include "bipboy.h"
   2:adc_bipboy.c  **** 
   3:adc_bipboy.c  **** void adc_init(void) {
  28              		.loc 1 3 0
  29              		.cfi_startproc
  30              		@ args = 0, pretend = 0, frame = 0
  31              		@ frame_needed = 0, uses_anonymous_args = 0
  32 0000 10B5     		push	{r4, lr}
  33              		.cfi_def_cfa_offset 8
  34              		.cfi_offset 4, -8
  35              		.cfi_offset 14, -4
   4:adc_bipboy.c  ****     ADC_Start();
  36              		.loc 1 4 0
  37 0002 FFF7FEFF 		bl	ADC_Start
  38              	.LVL0:
   5:adc_bipboy.c  ****     ADC_StartConvert();
  39              		.loc 1 5 0
  40 0006 FFF7FEFF 		bl	ADC_StartConvert
  41              	.LVL1:
   6:adc_bipboy.c  **** }
  42              		.loc 1 6 0
  43              		@ sp needed
  44 000a 10BD     		pop	{r4, pc}
  45              		.cfi_endproc
  46              	.LFE62:
  47              		.size	adc_init, .-adc_init
  48              		.section	.text.adc_channel_value,"ax",%progbits
  49              		.align	2
  50              		.global	adc_channel_value
  51              		.code	16
ARM GAS  C:\Users\Kozak\AppData\Local\Temp\ccmzwMAn.s 			page 2


  52              		.thumb_func
  53              		.type	adc_channel_value, %function
  54              	adc_channel_value:
  55              	.LFB63:
   7:adc_bipboy.c  **** 
   8:adc_bipboy.c  **** uint16 adc_channel_value(uint8 channel) {
  56              		.loc 1 8 0
  57              		.cfi_startproc
  58              		@ args = 0, pretend = 0, frame = 0
  59              		@ frame_needed = 0, uses_anonymous_args = 0
  60              	.LVL2:
  61 0000 10B5     		push	{r4, lr}
  62              		.cfi_def_cfa_offset 8
  63              		.cfi_offset 4, -8
  64              		.cfi_offset 14, -4
  65 0002 0400     		movs	r4, r0
   9:adc_bipboy.c  ****     uint16 result = ADC_GetResult16(channel);
  66              		.loc 1 9 0
  67 0004 FFF7FEFF 		bl	ADC_GetResult16
  68              	.LVL3:
  69 0008 0100     		movs	r1, r0
  70              	.LVL4:
  10:adc_bipboy.c  ****     uint16 value = ADC_CountsTo_mVolts(channel, result);
  71              		.loc 1 10 0
  72 000a 2000     		movs	r0, r4
  73 000c FFF7FEFF 		bl	ADC_CountsTo_mVolts
  74              	.LVL5:
  75 0010 80B2     		uxth	r0, r0
  76              	.LVL6:
  11:adc_bipboy.c  ****     return value;
  12:adc_bipboy.c  **** }
  77              		.loc 1 12 0
  78              		@ sp needed
  79 0012 10BD     		pop	{r4, pc}
  80              		.cfi_endproc
  81              	.LFE63:
  82              		.size	adc_channel_value, .-adc_channel_value
  83              		.text
  84              	.Letext0:
  85              		.file 2 "Generated_Source\\PSoC4/cytypes.h"
  86              		.file 3 "Generated_Source\\PSoC4/ADC.h"
  87              		.section	.debug_info,"",%progbits
  88              	.Ldebug_info0:
  89 0000 60010000 		.4byte	0x160
  90 0004 0400     		.2byte	0x4
  91 0006 00000000 		.4byte	.Ldebug_abbrev0
  92 000a 04       		.byte	0x4
  93 000b 01       		.uleb128 0x1
  94 000c 05010000 		.4byte	.LASF22
  95 0010 0C       		.byte	0xc
  96 0011 BE010000 		.4byte	.LASF23
  97 0015 CA000000 		.4byte	.LASF24
  98 0019 00000000 		.4byte	.Ldebug_ranges0+0
  99 001d 00000000 		.4byte	0
 100 0021 00000000 		.4byte	.Ldebug_line0
 101 0025 02       		.uleb128 0x2
 102 0026 01       		.byte	0x1
ARM GAS  C:\Users\Kozak\AppData\Local\Temp\ccmzwMAn.s 			page 3


 103 0027 06       		.byte	0x6
 104 0028 A6010000 		.4byte	.LASF0
 105 002c 02       		.uleb128 0x2
 106 002d 01       		.byte	0x1
 107 002e 08       		.byte	0x8
 108 002f 21000000 		.4byte	.LASF1
 109 0033 02       		.uleb128 0x2
 110 0034 02       		.byte	0x2
 111 0035 05       		.byte	0x5
 112 0036 DB010000 		.4byte	.LASF2
 113 003a 02       		.uleb128 0x2
 114 003b 02       		.byte	0x2
 115 003c 07       		.byte	0x7
 116 003d 93010000 		.4byte	.LASF3
 117 0041 02       		.uleb128 0x2
 118 0042 04       		.byte	0x4
 119 0043 05       		.byte	0x5
 120 0044 AA000000 		.4byte	.LASF4
 121 0048 02       		.uleb128 0x2
 122 0049 04       		.byte	0x4
 123 004a 07       		.byte	0x7
 124 004b 35000000 		.4byte	.LASF5
 125 004f 02       		.uleb128 0x2
 126 0050 08       		.byte	0x8
 127 0051 05       		.byte	0x5
 128 0052 00000000 		.4byte	.LASF6
 129 0056 02       		.uleb128 0x2
 130 0057 08       		.byte	0x8
 131 0058 07       		.byte	0x7
 132 0059 47000000 		.4byte	.LASF7
 133 005d 03       		.uleb128 0x3
 134 005e 04       		.byte	0x4
 135 005f 05       		.byte	0x5
 136 0060 696E7400 		.ascii	"int\000"
 137 0064 02       		.uleb128 0x2
 138 0065 04       		.byte	0x4
 139 0066 07       		.byte	0x7
 140 0067 14000000 		.4byte	.LASF8
 141 006b 04       		.uleb128 0x4
 142 006c 2F000000 		.4byte	.LASF9
 143 0070 02       		.byte	0x2
 144 0071 E401     		.2byte	0x1e4
 145 0073 2C000000 		.4byte	0x2c
 146 0077 04       		.uleb128 0x4
 147 0078 E5010000 		.4byte	.LASF10
 148 007c 02       		.byte	0x2
 149 007d E501     		.2byte	0x1e5
 150 007f 3A000000 		.4byte	0x3a
 151 0083 02       		.uleb128 0x2
 152 0084 04       		.byte	0x4
 153 0085 04       		.byte	0x4
 154 0086 CB010000 		.4byte	.LASF11
 155 008a 02       		.uleb128 0x2
 156 008b 08       		.byte	0x8
 157 008c 04       		.byte	0x4
 158 008d B3000000 		.4byte	.LASF12
 159 0091 02       		.uleb128 0x2
ARM GAS  C:\Users\Kozak\AppData\Local\Temp\ccmzwMAn.s 			page 4


 160 0092 01       		.byte	0x1
 161 0093 08       		.byte	0x8
 162 0094 9E000000 		.4byte	.LASF13
 163 0098 02       		.uleb128 0x2
 164 0099 08       		.byte	0x8
 165 009a 04       		.byte	0x4
 166 009b B2010000 		.4byte	.LASF14
 167 009f 02       		.uleb128 0x2
 168 00a0 04       		.byte	0x4
 169 00a1 07       		.byte	0x7
 170 00a2 EC010000 		.4byte	.LASF15
 171 00a6 05       		.uleb128 0x5
 172 00a7 72000000 		.4byte	.LASF25
 173 00ab 01       		.byte	0x1
 174 00ac 03       		.byte	0x3
 175 00ad 00000000 		.4byte	.LFB62
 176 00b1 0C000000 		.4byte	.LFE62-.LFB62
 177 00b5 01       		.uleb128 0x1
 178 00b6 9C       		.byte	0x9c
 179 00b7 CE000000 		.4byte	0xce
 180 00bb 06       		.uleb128 0x6
 181 00bc 06000000 		.4byte	.LVL0
 182 00c0 37010000 		.4byte	0x137
 183 00c4 06       		.uleb128 0x6
 184 00c5 0A000000 		.4byte	.LVL1
 185 00c9 42010000 		.4byte	0x142
 186 00cd 00       		.byte	0
 187 00ce 07       		.uleb128 0x7
 188 00cf 8C000000 		.4byte	.LASF26
 189 00d3 01       		.byte	0x1
 190 00d4 08       		.byte	0x8
 191 00d5 77000000 		.4byte	0x77
 192 00d9 00000000 		.4byte	.LFB63
 193 00dd 14000000 		.4byte	.LFE63-.LFB63
 194 00e1 01       		.uleb128 0x1
 195 00e2 9C       		.byte	0x9c
 196 00e3 37010000 		.4byte	0x137
 197 00e7 08       		.uleb128 0x8
 198 00e8 FD000000 		.4byte	.LASF27
 199 00ec 01       		.byte	0x1
 200 00ed 08       		.byte	0x8
 201 00ee 6B000000 		.4byte	0x6b
 202 00f2 00000000 		.4byte	.LLST0
 203 00f6 09       		.uleb128 0x9
 204 00f7 A3000000 		.4byte	.LASF16
 205 00fb 01       		.byte	0x1
 206 00fc 09       		.byte	0x9
 207 00fd 77000000 		.4byte	0x77
 208 0101 21000000 		.4byte	.LLST1
 209 0105 0A       		.uleb128 0xa
 210 0106 0E000000 		.4byte	.LASF17
 211 010a 01       		.byte	0x1
 212 010b 0A       		.byte	0xa
 213 010c 77000000 		.4byte	0x77
 214 0110 01       		.uleb128 0x1
 215 0111 50       		.byte	0x50
 216 0112 0B       		.uleb128 0xb
ARM GAS  C:\Users\Kozak\AppData\Local\Temp\ccmzwMAn.s 			page 5


 217 0113 08000000 		.4byte	.LVL3
 218 0117 4D010000 		.4byte	0x14d
 219 011b 26010000 		.4byte	0x126
 220 011f 0C       		.uleb128 0xc
 221 0120 01       		.uleb128 0x1
 222 0121 50       		.byte	0x50
 223 0122 02       		.uleb128 0x2
 224 0123 74       		.byte	0x74
 225 0124 00       		.sleb128 0
 226 0125 00       		.byte	0
 227 0126 0D       		.uleb128 0xd
 228 0127 10000000 		.4byte	.LVL5
 229 012b 58010000 		.4byte	0x158
 230 012f 0C       		.uleb128 0xc
 231 0130 01       		.uleb128 0x1
 232 0131 50       		.byte	0x50
 233 0132 02       		.uleb128 0x2
 234 0133 74       		.byte	0x74
 235 0134 00       		.sleb128 0
 236 0135 00       		.byte	0
 237 0136 00       		.byte	0
 238 0137 0E       		.uleb128 0xe
 239 0138 D1010000 		.4byte	.LASF18
 240 013c D1010000 		.4byte	.LASF18
 241 0140 03       		.byte	0x3
 242 0141 99       		.byte	0x99
 243 0142 0E       		.uleb128 0xe
 244 0143 7B000000 		.4byte	.LASF19
 245 0147 7B000000 		.4byte	.LASF19
 246 014b 03       		.byte	0x3
 247 014c 9D       		.byte	0x9d
 248 014d 0E       		.uleb128 0xe
 249 014e BA000000 		.4byte	.LASF20
 250 0152 BA000000 		.4byte	.LASF20
 251 0156 03       		.byte	0x3
 252 0157 A0       		.byte	0xa0
 253 0158 0E       		.uleb128 0xe
 254 0159 5E000000 		.4byte	.LASF21
 255 015d 5E000000 		.4byte	.LASF21
 256 0161 03       		.byte	0x3
 257 0162 AC       		.byte	0xac
 258 0163 00       		.byte	0
 259              		.section	.debug_abbrev,"",%progbits
 260              	.Ldebug_abbrev0:
 261 0000 01       		.uleb128 0x1
 262 0001 11       		.uleb128 0x11
 263 0002 01       		.byte	0x1
 264 0003 25       		.uleb128 0x25
 265 0004 0E       		.uleb128 0xe
 266 0005 13       		.uleb128 0x13
 267 0006 0B       		.uleb128 0xb
 268 0007 03       		.uleb128 0x3
 269 0008 0E       		.uleb128 0xe
 270 0009 1B       		.uleb128 0x1b
 271 000a 0E       		.uleb128 0xe
 272 000b 55       		.uleb128 0x55
 273 000c 17       		.uleb128 0x17
ARM GAS  C:\Users\Kozak\AppData\Local\Temp\ccmzwMAn.s 			page 6


 274 000d 11       		.uleb128 0x11
 275 000e 01       		.uleb128 0x1
 276 000f 10       		.uleb128 0x10
 277 0010 17       		.uleb128 0x17
 278 0011 00       		.byte	0
 279 0012 00       		.byte	0
 280 0013 02       		.uleb128 0x2
 281 0014 24       		.uleb128 0x24
 282 0015 00       		.byte	0
 283 0016 0B       		.uleb128 0xb
 284 0017 0B       		.uleb128 0xb
 285 0018 3E       		.uleb128 0x3e
 286 0019 0B       		.uleb128 0xb
 287 001a 03       		.uleb128 0x3
 288 001b 0E       		.uleb128 0xe
 289 001c 00       		.byte	0
 290 001d 00       		.byte	0
 291 001e 03       		.uleb128 0x3
 292 001f 24       		.uleb128 0x24
 293 0020 00       		.byte	0
 294 0021 0B       		.uleb128 0xb
 295 0022 0B       		.uleb128 0xb
 296 0023 3E       		.uleb128 0x3e
 297 0024 0B       		.uleb128 0xb
 298 0025 03       		.uleb128 0x3
 299 0026 08       		.uleb128 0x8
 300 0027 00       		.byte	0
 301 0028 00       		.byte	0
 302 0029 04       		.uleb128 0x4
 303 002a 16       		.uleb128 0x16
 304 002b 00       		.byte	0
 305 002c 03       		.uleb128 0x3
 306 002d 0E       		.uleb128 0xe
 307 002e 3A       		.uleb128 0x3a
 308 002f 0B       		.uleb128 0xb
 309 0030 3B       		.uleb128 0x3b
 310 0031 05       		.uleb128 0x5
 311 0032 49       		.uleb128 0x49
 312 0033 13       		.uleb128 0x13
 313 0034 00       		.byte	0
 314 0035 00       		.byte	0
 315 0036 05       		.uleb128 0x5
 316 0037 2E       		.uleb128 0x2e
 317 0038 01       		.byte	0x1
 318 0039 3F       		.uleb128 0x3f
 319 003a 19       		.uleb128 0x19
 320 003b 03       		.uleb128 0x3
 321 003c 0E       		.uleb128 0xe
 322 003d 3A       		.uleb128 0x3a
 323 003e 0B       		.uleb128 0xb
 324 003f 3B       		.uleb128 0x3b
 325 0040 0B       		.uleb128 0xb
 326 0041 27       		.uleb128 0x27
 327 0042 19       		.uleb128 0x19
 328 0043 11       		.uleb128 0x11
 329 0044 01       		.uleb128 0x1
 330 0045 12       		.uleb128 0x12
ARM GAS  C:\Users\Kozak\AppData\Local\Temp\ccmzwMAn.s 			page 7


 331 0046 06       		.uleb128 0x6
 332 0047 40       		.uleb128 0x40
 333 0048 18       		.uleb128 0x18
 334 0049 9742     		.uleb128 0x2117
 335 004b 19       		.uleb128 0x19
 336 004c 01       		.uleb128 0x1
 337 004d 13       		.uleb128 0x13
 338 004e 00       		.byte	0
 339 004f 00       		.byte	0
 340 0050 06       		.uleb128 0x6
 341 0051 898201   		.uleb128 0x4109
 342 0054 00       		.byte	0
 343 0055 11       		.uleb128 0x11
 344 0056 01       		.uleb128 0x1
 345 0057 31       		.uleb128 0x31
 346 0058 13       		.uleb128 0x13
 347 0059 00       		.byte	0
 348 005a 00       		.byte	0
 349 005b 07       		.uleb128 0x7
 350 005c 2E       		.uleb128 0x2e
 351 005d 01       		.byte	0x1
 352 005e 3F       		.uleb128 0x3f
 353 005f 19       		.uleb128 0x19
 354 0060 03       		.uleb128 0x3
 355 0061 0E       		.uleb128 0xe
 356 0062 3A       		.uleb128 0x3a
 357 0063 0B       		.uleb128 0xb
 358 0064 3B       		.uleb128 0x3b
 359 0065 0B       		.uleb128 0xb
 360 0066 27       		.uleb128 0x27
 361 0067 19       		.uleb128 0x19
 362 0068 49       		.uleb128 0x49
 363 0069 13       		.uleb128 0x13
 364 006a 11       		.uleb128 0x11
 365 006b 01       		.uleb128 0x1
 366 006c 12       		.uleb128 0x12
 367 006d 06       		.uleb128 0x6
 368 006e 40       		.uleb128 0x40
 369 006f 18       		.uleb128 0x18
 370 0070 9742     		.uleb128 0x2117
 371 0072 19       		.uleb128 0x19
 372 0073 01       		.uleb128 0x1
 373 0074 13       		.uleb128 0x13
 374 0075 00       		.byte	0
 375 0076 00       		.byte	0
 376 0077 08       		.uleb128 0x8
 377 0078 05       		.uleb128 0x5
 378 0079 00       		.byte	0
 379 007a 03       		.uleb128 0x3
 380 007b 0E       		.uleb128 0xe
 381 007c 3A       		.uleb128 0x3a
 382 007d 0B       		.uleb128 0xb
 383 007e 3B       		.uleb128 0x3b
 384 007f 0B       		.uleb128 0xb
 385 0080 49       		.uleb128 0x49
 386 0081 13       		.uleb128 0x13
 387 0082 02       		.uleb128 0x2
ARM GAS  C:\Users\Kozak\AppData\Local\Temp\ccmzwMAn.s 			page 8


 388 0083 17       		.uleb128 0x17
 389 0084 00       		.byte	0
 390 0085 00       		.byte	0
 391 0086 09       		.uleb128 0x9
 392 0087 34       		.uleb128 0x34
 393 0088 00       		.byte	0
 394 0089 03       		.uleb128 0x3
 395 008a 0E       		.uleb128 0xe
 396 008b 3A       		.uleb128 0x3a
 397 008c 0B       		.uleb128 0xb
 398 008d 3B       		.uleb128 0x3b
 399 008e 0B       		.uleb128 0xb
 400 008f 49       		.uleb128 0x49
 401 0090 13       		.uleb128 0x13
 402 0091 02       		.uleb128 0x2
 403 0092 17       		.uleb128 0x17
 404 0093 00       		.byte	0
 405 0094 00       		.byte	0
 406 0095 0A       		.uleb128 0xa
 407 0096 34       		.uleb128 0x34
 408 0097 00       		.byte	0
 409 0098 03       		.uleb128 0x3
 410 0099 0E       		.uleb128 0xe
 411 009a 3A       		.uleb128 0x3a
 412 009b 0B       		.uleb128 0xb
 413 009c 3B       		.uleb128 0x3b
 414 009d 0B       		.uleb128 0xb
 415 009e 49       		.uleb128 0x49
 416 009f 13       		.uleb128 0x13
 417 00a0 02       		.uleb128 0x2
 418 00a1 18       		.uleb128 0x18
 419 00a2 00       		.byte	0
 420 00a3 00       		.byte	0
 421 00a4 0B       		.uleb128 0xb
 422 00a5 898201   		.uleb128 0x4109
 423 00a8 01       		.byte	0x1
 424 00a9 11       		.uleb128 0x11
 425 00aa 01       		.uleb128 0x1
 426 00ab 31       		.uleb128 0x31
 427 00ac 13       		.uleb128 0x13
 428 00ad 01       		.uleb128 0x1
 429 00ae 13       		.uleb128 0x13
 430 00af 00       		.byte	0
 431 00b0 00       		.byte	0
 432 00b1 0C       		.uleb128 0xc
 433 00b2 8A8201   		.uleb128 0x410a
 434 00b5 00       		.byte	0
 435 00b6 02       		.uleb128 0x2
 436 00b7 18       		.uleb128 0x18
 437 00b8 9142     		.uleb128 0x2111
 438 00ba 18       		.uleb128 0x18
 439 00bb 00       		.byte	0
 440 00bc 00       		.byte	0
 441 00bd 0D       		.uleb128 0xd
 442 00be 898201   		.uleb128 0x4109
 443 00c1 01       		.byte	0x1
 444 00c2 11       		.uleb128 0x11
ARM GAS  C:\Users\Kozak\AppData\Local\Temp\ccmzwMAn.s 			page 9


 445 00c3 01       		.uleb128 0x1
 446 00c4 31       		.uleb128 0x31
 447 00c5 13       		.uleb128 0x13
 448 00c6 00       		.byte	0
 449 00c7 00       		.byte	0
 450 00c8 0E       		.uleb128 0xe
 451 00c9 2E       		.uleb128 0x2e
 452 00ca 00       		.byte	0
 453 00cb 3F       		.uleb128 0x3f
 454 00cc 19       		.uleb128 0x19
 455 00cd 3C       		.uleb128 0x3c
 456 00ce 19       		.uleb128 0x19
 457 00cf 6E       		.uleb128 0x6e
 458 00d0 0E       		.uleb128 0xe
 459 00d1 03       		.uleb128 0x3
 460 00d2 0E       		.uleb128 0xe
 461 00d3 3A       		.uleb128 0x3a
 462 00d4 0B       		.uleb128 0xb
 463 00d5 3B       		.uleb128 0x3b
 464 00d6 0B       		.uleb128 0xb
 465 00d7 00       		.byte	0
 466 00d8 00       		.byte	0
 467 00d9 00       		.byte	0
 468              		.section	.debug_loc,"",%progbits
 469              	.Ldebug_loc0:
 470              	.LLST0:
 471 0000 00000000 		.4byte	.LVL2
 472 0004 07000000 		.4byte	.LVL3-1
 473 0008 0100     		.2byte	0x1
 474 000a 50       		.byte	0x50
 475 000b 07000000 		.4byte	.LVL3-1
 476 000f 14000000 		.4byte	.LFE63
 477 0013 0400     		.2byte	0x4
 478 0015 F3       		.byte	0xf3
 479 0016 01       		.uleb128 0x1
 480 0017 50       		.byte	0x50
 481 0018 9F       		.byte	0x9f
 482 0019 00000000 		.4byte	0
 483 001d 00000000 		.4byte	0
 484              	.LLST1:
 485 0021 0A000000 		.4byte	.LVL4
 486 0025 0F000000 		.4byte	.LVL5-1
 487 0029 0100     		.2byte	0x1
 488 002b 51       		.byte	0x51
 489 002c 00000000 		.4byte	0
 490 0030 00000000 		.4byte	0
 491              		.section	.debug_aranges,"",%progbits
 492 0000 24000000 		.4byte	0x24
 493 0004 0200     		.2byte	0x2
 494 0006 00000000 		.4byte	.Ldebug_info0
 495 000a 04       		.byte	0x4
 496 000b 00       		.byte	0
 497 000c 0000     		.2byte	0
 498 000e 0000     		.2byte	0
 499 0010 00000000 		.4byte	.LFB62
 500 0014 0C000000 		.4byte	.LFE62-.LFB62
 501 0018 00000000 		.4byte	.LFB63
ARM GAS  C:\Users\Kozak\AppData\Local\Temp\ccmzwMAn.s 			page 10


 502 001c 14000000 		.4byte	.LFE63-.LFB63
 503 0020 00000000 		.4byte	0
 504 0024 00000000 		.4byte	0
 505              		.section	.debug_ranges,"",%progbits
 506              	.Ldebug_ranges0:
 507 0000 00000000 		.4byte	.LFB62
 508 0004 0C000000 		.4byte	.LFE62
 509 0008 00000000 		.4byte	.LFB63
 510 000c 14000000 		.4byte	.LFE63
 511 0010 00000000 		.4byte	0
 512 0014 00000000 		.4byte	0
 513              		.section	.debug_line,"",%progbits
 514              	.Ldebug_line0:
 515 0000 76000000 		.section	.debug_str,"MS",%progbits,1
 515      02005000 
 515      00000201 
 515      FB0E0D00 
 515      01010101 
 516              	.LASF6:
 517 0000 6C6F6E67 		.ascii	"long long int\000"
 517      206C6F6E 
 517      6720696E 
 517      7400
 518              	.LASF17:
 519 000e 76616C75 		.ascii	"value\000"
 519      6500
 520              	.LASF8:
 521 0014 756E7369 		.ascii	"unsigned int\000"
 521      676E6564 
 521      20696E74 
 521      00
 522              	.LASF1:
 523 0021 756E7369 		.ascii	"unsigned char\000"
 523      676E6564 
 523      20636861 
 523      7200
 524              	.LASF9:
 525 002f 75696E74 		.ascii	"uint8\000"
 525      3800
 526              	.LASF5:
 527 0035 6C6F6E67 		.ascii	"long unsigned int\000"
 527      20756E73 
 527      69676E65 
 527      6420696E 
 527      7400
 528              	.LASF7:
 529 0047 6C6F6E67 		.ascii	"long long unsigned int\000"
 529      206C6F6E 
 529      6720756E 
 529      7369676E 
 529      65642069 
 530              	.LASF21:
 531 005e 4144435F 		.ascii	"ADC_CountsTo_mVolts\000"
 531      436F756E 
 531      7473546F 
 531      5F6D566F 
 531      6C747300 
ARM GAS  C:\Users\Kozak\AppData\Local\Temp\ccmzwMAn.s 			page 11


 532              	.LASF25:
 533 0072 6164635F 		.ascii	"adc_init\000"
 533      696E6974 
 533      00
 534              	.LASF19:
 535 007b 4144435F 		.ascii	"ADC_StartConvert\000"
 535      53746172 
 535      74436F6E 
 535      76657274 
 535      00
 536              	.LASF26:
 537 008c 6164635F 		.ascii	"adc_channel_value\000"
 537      6368616E 
 537      6E656C5F 
 537      76616C75 
 537      6500
 538              	.LASF13:
 539 009e 63686172 		.ascii	"char\000"
 539      00
 540              	.LASF16:
 541 00a3 72657375 		.ascii	"result\000"
 541      6C7400
 542              	.LASF4:
 543 00aa 6C6F6E67 		.ascii	"long int\000"
 543      20696E74 
 543      00
 544              	.LASF12:
 545 00b3 646F7562 		.ascii	"double\000"
 545      6C6500
 546              	.LASF20:
 547 00ba 4144435F 		.ascii	"ADC_GetResult16\000"
 547      47657452 
 547      6573756C 
 547      74313600 
 548              	.LASF24:
 549 00ca 433A5C4D 		.ascii	"C:\\My\\Bipboy\\bipboy\\BipBoyWorkspace\\SmartBoy.c"
 549      795C4269 
 549      70626F79 
 549      5C626970 
 549      626F795C 
 550 00f8 7964736E 		.ascii	"ydsn\000"
 550      00
 551              	.LASF27:
 552 00fd 6368616E 		.ascii	"channel\000"
 552      6E656C00 
 553              	.LASF22:
 554 0105 474E5520 		.ascii	"GNU C11 5.4.1 20160609 (release) [ARM/embedded-5-br"
 554      43313120 
 554      352E342E 
 554      31203230 
 554      31363036 
 555 0138 616E6368 		.ascii	"anch revision 237715] -mcpu=cortex-m0 -mthumb -g -O"
 555      20726576 
 555      6973696F 
 555      6E203233 
 555      37373135 
 556 016b 67202D66 		.ascii	"g -ffunction-sections -ffat-lto-objects\000"
ARM GAS  C:\Users\Kozak\AppData\Local\Temp\ccmzwMAn.s 			page 12


 556      66756E63 
 556      74696F6E 
 556      2D736563 
 556      74696F6E 
 557              	.LASF3:
 558 0193 73686F72 		.ascii	"short unsigned int\000"
 558      7420756E 
 558      7369676E 
 558      65642069 
 558      6E7400
 559              	.LASF0:
 560 01a6 7369676E 		.ascii	"signed char\000"
 560      65642063 
 560      68617200 
 561              	.LASF14:
 562 01b2 6C6F6E67 		.ascii	"long double\000"
 562      20646F75 
 562      626C6500 
 563              	.LASF23:
 564 01be 6164635F 		.ascii	"adc_bipboy.c\000"
 564      62697062 
 564      6F792E63 
 564      00
 565              	.LASF11:
 566 01cb 666C6F61 		.ascii	"float\000"
 566      7400
 567              	.LASF18:
 568 01d1 4144435F 		.ascii	"ADC_Start\000"
 568      53746172 
 568      7400
 569              	.LASF2:
 570 01db 73686F72 		.ascii	"short int\000"
 570      7420696E 
 570      7400
 571              	.LASF10:
 572 01e5 75696E74 		.ascii	"uint16\000"
 572      313600
 573              	.LASF15:
 574 01ec 73697A65 		.ascii	"sizetype\000"
 574      74797065 
 574      00
 575              		.ident	"GCC: (GNU Tools for ARM Embedded Processors) 5.4.1 20160609 (release) [ARM/embedded-5-bran
