ARM GAS  C:\Users\Roi\AppData\Local\Temp\ccrZ2FCb.s 			page 1


   1              		.syntax unified
   2              		.cpu cortex-m0
   3              		.fpu softvfp
   4              		.eabi_attribute 20, 1
   5              		.eabi_attribute 21, 1
   6              		.eabi_attribute 23, 3
   7              		.eabi_attribute 24, 1
   8              		.eabi_attribute 25, 1
   9              		.eabi_attribute 26, 1
  10              		.eabi_attribute 30, 1
  11              		.eabi_attribute 34, 0
  12              		.eabi_attribute 18, 4
  13              		.thumb
  14              		.syntax unified
  15              		.file	"adc_read.c"
  16              		.text
  17              	.Ltext0:
  18              		.cfi_sections	.debug_frame
  19              		.section	.text.adc_init,"ax",%progbits
  20              		.align	2
  21              		.global	adc_init
  22              		.code	16
  23              		.thumb_func
  24              		.type	adc_init, %function
  25              	adc_init:
  26              	.LFB36:
  27              		.file 1 "adc_read.c"
   1:adc_read.c    **** #include "smartboy.h"
   2:adc_read.c    **** 
   3:adc_read.c    **** void adc_init(void) {
  28              		.loc 1 3 0
  29              		.cfi_startproc
  30              		@ args = 0, pretend = 0, frame = 0
  31              		@ frame_needed = 0, uses_anonymous_args = 0
  32 0000 10B5     		push	{r4, lr}
  33              		.cfi_def_cfa_offset 8
  34              		.cfi_offset 4, -8
  35              		.cfi_offset 14, -4
   4:adc_read.c    ****     ADC_Start();
  36              		.loc 1 4 0
  37 0002 FFF7FEFF 		bl	ADC_Start
  38              	.LVL0:
   5:adc_read.c    ****     ADC_StartConvert();
  39              		.loc 1 5 0
  40 0006 FFF7FEFF 		bl	ADC_StartConvert
  41              	.LVL1:
   6:adc_read.c    **** }
  42              		.loc 1 6 0
  43              		@ sp needed
  44 000a 10BD     		pop	{r4, pc}
  45              		.cfi_endproc
  46              	.LFE36:
  47              		.size	adc_init, .-adc_init
  48              		.section	.text.get_adc_by_channel,"ax",%progbits
  49              		.align	2
  50              		.global	get_adc_by_channel
  51              		.code	16
ARM GAS  C:\Users\Roi\AppData\Local\Temp\ccrZ2FCb.s 			page 2


  52              		.thumb_func
  53              		.type	get_adc_by_channel, %function
  54              	get_adc_by_channel:
  55              	.LFB37:
   7:adc_read.c    **** 
   8:adc_read.c    **** uint16 get_adc_by_channel(uint8 channel) {
  56              		.loc 1 8 0
  57              		.cfi_startproc
  58              		@ args = 0, pretend = 0, frame = 0
  59              		@ frame_needed = 0, uses_anonymous_args = 0
  60              	.LVL2:
  61 0000 10B5     		push	{r4, lr}
  62              		.cfi_def_cfa_offset 8
  63              		.cfi_offset 4, -8
  64              		.cfi_offset 14, -4
   9:adc_read.c    ****     uint16 adc_value = ADC_GetResult16(channel);
  65              		.loc 1 9 0
  66 0002 FFF7FEFF 		bl	ADC_GetResult16
  67              	.LVL3:
  68 0006 80B2     		uxth	r0, r0
  69              	.LVL4:
  10:adc_read.c    ****     return adc_value;
  11:adc_read.c    **** }
  70              		.loc 1 11 0
  71              		@ sp needed
  72 0008 10BD     		pop	{r4, pc}
  73              		.cfi_endproc
  74              	.LFE37:
  75              		.size	get_adc_by_channel, .-get_adc_by_channel
  76 000a C046     		.section	.text.get_adc_list,"ax",%progbits
  77              		.align	2
  78              		.global	get_adc_list
  79              		.code	16
  80              		.thumb_func
  81              		.type	get_adc_list, %function
  82              	get_adc_list:
  83              	.LFB38:
  12:adc_read.c    **** 
  13:adc_read.c    **** uint16 * get_adc_list(void) {
  84              		.loc 1 13 0
  85              		.cfi_startproc
  86              		@ args = 0, pretend = 0, frame = 0
  87              		@ frame_needed = 0, uses_anonymous_args = 0
  88 0000 70B5     		push	{r4, r5, r6, lr}
  89              		.cfi_def_cfa_offset 16
  90              		.cfi_offset 4, -16
  91              		.cfi_offset 5, -12
  92              		.cfi_offset 6, -8
  93              		.cfi_offset 14, -4
  14:adc_read.c    ****     uint16 *adc_values = (uint16 *)malloc(NUMBERS_OF_SENSORS*sizeof(uint16));
  94              		.loc 1 14 0
  95 0002 0420     		movs	r0, #4
  96 0004 FFF7FEFF 		bl	malloc
  97              	.LVL5:
  98 0008 0600     		movs	r6, r0
  99              	.LVL6:
 100              	.LBB2:
ARM GAS  C:\Users\Roi\AppData\Local\Temp\ccrZ2FCb.s 			page 3


  15:adc_read.c    ****     for(int channel = 0; channel < NUMBERS_OF_SENSORS; channel++){
 101              		.loc 1 15 0
 102 000a 0024     		movs	r4, #0
 103 000c 06E0     		b	.L4
 104              	.LVL7:
 105              	.L5:
  16:adc_read.c    ****         adc_values[channel] = get_adc_by_channel(channel);
 106              		.loc 1 16 0 discriminator 3
 107 000e 6500     		lsls	r5, r4, #1
 108 0010 7519     		adds	r5, r6, r5
 109 0012 E0B2     		uxtb	r0, r4
 110 0014 FFF7FEFF 		bl	get_adc_by_channel
 111              	.LVL8:
 112 0018 2880     		strh	r0, [r5]
  15:adc_read.c    ****     for(int channel = 0; channel < NUMBERS_OF_SENSORS; channel++){
 113              		.loc 1 15 0 discriminator 3
 114 001a 0134     		adds	r4, r4, #1
 115              	.LVL9:
 116              	.L4:
  15:adc_read.c    ****     for(int channel = 0; channel < NUMBERS_OF_SENSORS; channel++){
 117              		.loc 1 15 0 is_stmt 0 discriminator 1
 118 001c 012C     		cmp	r4, #1
 119 001e F6DD     		ble	.L5
 120              	.LBE2:
  17:adc_read.c    ****     }
  18:adc_read.c    ****     return adc_values;
  19:adc_read.c    **** }
 121              		.loc 1 19 0 is_stmt 1
 122 0020 3000     		movs	r0, r6
 123              		@ sp needed
 124              	.LVL10:
 125              	.LVL11:
 126 0022 70BD     		pop	{r4, r5, r6, pc}
 127              		.cfi_endproc
 128              	.LFE38:
 129              		.size	get_adc_list, .-get_adc_list
 130              		.text
 131              	.Letext0:
 132              		.file 2 "Generated_Source\\PSoC4/cytypes.h"
 133              		.file 3 "Generated_Source\\PSoC4/ADC.h"
 134              		.file 4 "c:\\program files (x86)\\cypress\\psoc creator\\4.2\\psoc creator\\import\\gnu\\arm\\5.4.
 135              		.section	.debug_info,"",%progbits
 136              	.Ldebug_info0:
 137 0000 A1010000 		.4byte	0x1a1
 138 0004 0400     		.2byte	0x4
 139 0006 00000000 		.4byte	.Ldebug_abbrev0
 140 000a 04       		.byte	0x4
 141 000b 01       		.uleb128 0x1
 142 000c E1000000 		.4byte	.LASF25
 143 0010 0C       		.byte	0xc
 144 0011 C4010000 		.4byte	.LASF26
 145 0015 35000000 		.4byte	.LASF27
 146 0019 00000000 		.4byte	.Ldebug_ranges0+0
 147 001d 00000000 		.4byte	0
 148 0021 00000000 		.4byte	.Ldebug_line0
 149 0025 02       		.uleb128 0x2
 150 0026 01       		.byte	0x1
ARM GAS  C:\Users\Roi\AppData\Local\Temp\ccrZ2FCb.s 			page 4


 151 0027 06       		.byte	0x6
 152 0028 82010000 		.4byte	.LASF0
 153 002c 02       		.uleb128 0x2
 154 002d 01       		.byte	0x1
 155 002e 08       		.byte	0x8
 156 002f 99000000 		.4byte	.LASF1
 157 0033 02       		.uleb128 0x2
 158 0034 02       		.byte	0x2
 159 0035 05       		.byte	0x5
 160 0036 CF010000 		.4byte	.LASF2
 161 003a 02       		.uleb128 0x2
 162 003b 02       		.byte	0x2
 163 003c 07       		.byte	0x7
 164 003d 6F010000 		.4byte	.LASF3
 165 0041 02       		.uleb128 0x2
 166 0042 04       		.byte	0x4
 167 0043 05       		.byte	0x5
 168 0044 AC000000 		.4byte	.LASF4
 169 0048 02       		.uleb128 0x2
 170 0049 04       		.byte	0x4
 171 004a 07       		.byte	0x7
 172 004b C0000000 		.4byte	.LASF5
 173 004f 02       		.uleb128 0x2
 174 0050 08       		.byte	0x8
 175 0051 05       		.byte	0x5
 176 0052 00000000 		.4byte	.LASF6
 177 0056 02       		.uleb128 0x2
 178 0057 08       		.byte	0x8
 179 0058 07       		.byte	0x7
 180 0059 62000000 		.4byte	.LASF7
 181 005d 03       		.uleb128 0x3
 182 005e 04       		.byte	0x4
 183 005f 05       		.byte	0x5
 184 0060 696E7400 		.ascii	"int\000"
 185 0064 02       		.uleb128 0x2
 186 0065 04       		.byte	0x4
 187 0066 07       		.byte	0x7
 188 0067 E0010000 		.4byte	.LASF8
 189 006b 04       		.uleb128 0x4
 190 006c 2F000000 		.4byte	.LASF9
 191 0070 02       		.byte	0x2
 192 0071 E701     		.2byte	0x1e7
 193 0073 2C000000 		.4byte	0x2c
 194 0077 04       		.uleb128 0x4
 195 0078 D9010000 		.4byte	.LASF10
 196 007c 02       		.byte	0x2
 197 007d E801     		.2byte	0x1e8
 198 007f 3A000000 		.4byte	0x3a
 199 0083 02       		.uleb128 0x2
 200 0084 04       		.byte	0x4
 201 0085 04       		.byte	0x4
 202 0086 AB010000 		.4byte	.LASF11
 203 008a 02       		.uleb128 0x2
 204 008b 08       		.byte	0x8
 205 008c 04       		.byte	0x4
 206 008d D2000000 		.4byte	.LASF12
 207 0091 02       		.uleb128 0x2
ARM GAS  C:\Users\Roi\AppData\Local\Temp\ccrZ2FCb.s 			page 5


 208 0092 01       		.byte	0x1
 209 0093 08       		.byte	0x8
 210 0094 A7000000 		.4byte	.LASF13
 211 0098 02       		.uleb128 0x2
 212 0099 08       		.byte	0x8
 213 009a 04       		.byte	0x4
 214 009b 8E010000 		.4byte	.LASF14
 215 009f 02       		.uleb128 0x2
 216 00a0 04       		.byte	0x4
 217 00a1 07       		.byte	0x7
 218 00a2 ED010000 		.4byte	.LASF15
 219 00a6 05       		.uleb128 0x5
 220 00a7 04       		.byte	0x4
 221 00a8 77000000 		.4byte	0x77
 222 00ac 06       		.uleb128 0x6
 223 00ad 86000000 		.4byte	.LASF28
 224 00b1 01       		.byte	0x1
 225 00b2 03       		.byte	0x3
 226 00b3 00000000 		.4byte	.LFB36
 227 00b7 0C000000 		.4byte	.LFE36-.LFB36
 228 00bb 01       		.uleb128 0x1
 229 00bc 9C       		.byte	0x9c
 230 00bd D4000000 		.4byte	0xd4
 231 00c1 07       		.uleb128 0x7
 232 00c2 06000000 		.4byte	.LVL0
 233 00c6 78010000 		.4byte	0x178
 234 00ca 07       		.uleb128 0x7
 235 00cb 0A000000 		.4byte	.LVL1
 236 00cf 83010000 		.4byte	0x183
 237 00d3 00       		.byte	0
 238 00d4 08       		.uleb128 0x8
 239 00d5 B1010000 		.4byte	.LASF16
 240 00d9 01       		.byte	0x1
 241 00da 08       		.byte	0x8
 242 00db 77000000 		.4byte	0x77
 243 00df 00000000 		.4byte	.LFB37
 244 00e3 0A000000 		.4byte	.LFE37-.LFB37
 245 00e7 01       		.uleb128 0x1
 246 00e8 9C       		.byte	0x9c
 247 00e9 13010000 		.4byte	0x113
 248 00ed 09       		.uleb128 0x9
 249 00ee D9000000 		.4byte	.LASF20
 250 00f2 01       		.byte	0x1
 251 00f3 08       		.byte	0x8
 252 00f4 6B000000 		.4byte	0x6b
 253 00f8 00000000 		.4byte	.LLST0
 254 00fc 0A       		.uleb128 0xa
 255 00fd 8F000000 		.4byte	.LASF18
 256 0101 01       		.byte	0x1
 257 0102 09       		.byte	0x9
 258 0103 77000000 		.4byte	0x77
 259 0107 01       		.uleb128 0x1
 260 0108 50       		.byte	0x50
 261 0109 07       		.uleb128 0x7
 262 010a 06000000 		.4byte	.LVL3
 263 010e 8E010000 		.4byte	0x18e
 264 0112 00       		.byte	0
ARM GAS  C:\Users\Roi\AppData\Local\Temp\ccrZ2FCb.s 			page 6


 265 0113 08       		.uleb128 0x8
 266 0114 79000000 		.4byte	.LASF17
 267 0118 01       		.byte	0x1
 268 0119 0D       		.byte	0xd
 269 011a A6000000 		.4byte	0xa6
 270 011e 00000000 		.4byte	.LFB38
 271 0122 24000000 		.4byte	.LFE38-.LFB38
 272 0126 01       		.uleb128 0x1
 273 0127 9C       		.byte	0x9c
 274 0128 78010000 		.4byte	0x178
 275 012c 0B       		.uleb128 0xb
 276 012d B5000000 		.4byte	.LASF19
 277 0131 01       		.byte	0x1
 278 0132 0E       		.byte	0xe
 279 0133 A6000000 		.4byte	0xa6
 280 0137 21000000 		.4byte	.LLST1
 281 013b 0C       		.uleb128 0xc
 282 013c 0A000000 		.4byte	.LBB2
 283 0140 16000000 		.4byte	.LBE2-.LBB2
 284 0144 68010000 		.4byte	0x168
 285 0148 0B       		.uleb128 0xb
 286 0149 D9000000 		.4byte	.LASF20
 287 014d 01       		.byte	0x1
 288 014e 0F       		.byte	0xf
 289 014f 5D000000 		.4byte	0x5d
 290 0153 4A000000 		.4byte	.LLST2
 291 0157 0D       		.uleb128 0xd
 292 0158 18000000 		.4byte	.LVL8
 293 015c D4000000 		.4byte	0xd4
 294 0160 0E       		.uleb128 0xe
 295 0161 01       		.uleb128 0x1
 296 0162 50       		.byte	0x50
 297 0163 02       		.uleb128 0x2
 298 0164 74       		.byte	0x74
 299 0165 00       		.sleb128 0
 300 0166 00       		.byte	0
 301 0167 00       		.byte	0
 302 0168 0D       		.uleb128 0xd
 303 0169 08000000 		.4byte	.LVL5
 304 016d 99010000 		.4byte	0x199
 305 0171 0E       		.uleb128 0xe
 306 0172 01       		.uleb128 0x1
 307 0173 50       		.byte	0x50
 308 0174 01       		.uleb128 0x1
 309 0175 34       		.byte	0x34
 310 0176 00       		.byte	0
 311 0177 00       		.byte	0
 312 0178 0F       		.uleb128 0xf
 313 0179 25000000 		.4byte	.LASF21
 314 017d 25000000 		.4byte	.LASF21
 315 0181 03       		.byte	0x3
 316 0182 99       		.byte	0x99
 317 0183 0F       		.uleb128 0xf
 318 0184 9A010000 		.4byte	.LASF22
 319 0188 9A010000 		.4byte	.LASF22
 320 018c 03       		.byte	0x3
 321 018d 9D       		.byte	0x9d
ARM GAS  C:\Users\Roi\AppData\Local\Temp\ccrZ2FCb.s 			page 7


 322 018e 0F       		.uleb128 0xf
 323 018f 15000000 		.4byte	.LASF23
 324 0193 15000000 		.4byte	.LASF23
 325 0197 03       		.byte	0x3
 326 0198 A0       		.byte	0xa0
 327 0199 0F       		.uleb128 0xf
 328 019a 0E000000 		.4byte	.LASF24
 329 019e 0E000000 		.4byte	.LASF24
 330 01a2 04       		.byte	0x4
 331 01a3 64       		.byte	0x64
 332 01a4 00       		.byte	0
 333              		.section	.debug_abbrev,"",%progbits
 334              	.Ldebug_abbrev0:
 335 0000 01       		.uleb128 0x1
 336 0001 11       		.uleb128 0x11
 337 0002 01       		.byte	0x1
 338 0003 25       		.uleb128 0x25
 339 0004 0E       		.uleb128 0xe
 340 0005 13       		.uleb128 0x13
 341 0006 0B       		.uleb128 0xb
 342 0007 03       		.uleb128 0x3
 343 0008 0E       		.uleb128 0xe
 344 0009 1B       		.uleb128 0x1b
 345 000a 0E       		.uleb128 0xe
 346 000b 55       		.uleb128 0x55
 347 000c 17       		.uleb128 0x17
 348 000d 11       		.uleb128 0x11
 349 000e 01       		.uleb128 0x1
 350 000f 10       		.uleb128 0x10
 351 0010 17       		.uleb128 0x17
 352 0011 00       		.byte	0
 353 0012 00       		.byte	0
 354 0013 02       		.uleb128 0x2
 355 0014 24       		.uleb128 0x24
 356 0015 00       		.byte	0
 357 0016 0B       		.uleb128 0xb
 358 0017 0B       		.uleb128 0xb
 359 0018 3E       		.uleb128 0x3e
 360 0019 0B       		.uleb128 0xb
 361 001a 03       		.uleb128 0x3
 362 001b 0E       		.uleb128 0xe
 363 001c 00       		.byte	0
 364 001d 00       		.byte	0
 365 001e 03       		.uleb128 0x3
 366 001f 24       		.uleb128 0x24
 367 0020 00       		.byte	0
 368 0021 0B       		.uleb128 0xb
 369 0022 0B       		.uleb128 0xb
 370 0023 3E       		.uleb128 0x3e
 371 0024 0B       		.uleb128 0xb
 372 0025 03       		.uleb128 0x3
 373 0026 08       		.uleb128 0x8
 374 0027 00       		.byte	0
 375 0028 00       		.byte	0
 376 0029 04       		.uleb128 0x4
 377 002a 16       		.uleb128 0x16
 378 002b 00       		.byte	0
ARM GAS  C:\Users\Roi\AppData\Local\Temp\ccrZ2FCb.s 			page 8


 379 002c 03       		.uleb128 0x3
 380 002d 0E       		.uleb128 0xe
 381 002e 3A       		.uleb128 0x3a
 382 002f 0B       		.uleb128 0xb
 383 0030 3B       		.uleb128 0x3b
 384 0031 05       		.uleb128 0x5
 385 0032 49       		.uleb128 0x49
 386 0033 13       		.uleb128 0x13
 387 0034 00       		.byte	0
 388 0035 00       		.byte	0
 389 0036 05       		.uleb128 0x5
 390 0037 0F       		.uleb128 0xf
 391 0038 00       		.byte	0
 392 0039 0B       		.uleb128 0xb
 393 003a 0B       		.uleb128 0xb
 394 003b 49       		.uleb128 0x49
 395 003c 13       		.uleb128 0x13
 396 003d 00       		.byte	0
 397 003e 00       		.byte	0
 398 003f 06       		.uleb128 0x6
 399 0040 2E       		.uleb128 0x2e
 400 0041 01       		.byte	0x1
 401 0042 3F       		.uleb128 0x3f
 402 0043 19       		.uleb128 0x19
 403 0044 03       		.uleb128 0x3
 404 0045 0E       		.uleb128 0xe
 405 0046 3A       		.uleb128 0x3a
 406 0047 0B       		.uleb128 0xb
 407 0048 3B       		.uleb128 0x3b
 408 0049 0B       		.uleb128 0xb
 409 004a 27       		.uleb128 0x27
 410 004b 19       		.uleb128 0x19
 411 004c 11       		.uleb128 0x11
 412 004d 01       		.uleb128 0x1
 413 004e 12       		.uleb128 0x12
 414 004f 06       		.uleb128 0x6
 415 0050 40       		.uleb128 0x40
 416 0051 18       		.uleb128 0x18
 417 0052 9742     		.uleb128 0x2117
 418 0054 19       		.uleb128 0x19
 419 0055 01       		.uleb128 0x1
 420 0056 13       		.uleb128 0x13
 421 0057 00       		.byte	0
 422 0058 00       		.byte	0
 423 0059 07       		.uleb128 0x7
 424 005a 898201   		.uleb128 0x4109
 425 005d 00       		.byte	0
 426 005e 11       		.uleb128 0x11
 427 005f 01       		.uleb128 0x1
 428 0060 31       		.uleb128 0x31
 429 0061 13       		.uleb128 0x13
 430 0062 00       		.byte	0
 431 0063 00       		.byte	0
 432 0064 08       		.uleb128 0x8
 433 0065 2E       		.uleb128 0x2e
 434 0066 01       		.byte	0x1
 435 0067 3F       		.uleb128 0x3f
ARM GAS  C:\Users\Roi\AppData\Local\Temp\ccrZ2FCb.s 			page 9


 436 0068 19       		.uleb128 0x19
 437 0069 03       		.uleb128 0x3
 438 006a 0E       		.uleb128 0xe
 439 006b 3A       		.uleb128 0x3a
 440 006c 0B       		.uleb128 0xb
 441 006d 3B       		.uleb128 0x3b
 442 006e 0B       		.uleb128 0xb
 443 006f 27       		.uleb128 0x27
 444 0070 19       		.uleb128 0x19
 445 0071 49       		.uleb128 0x49
 446 0072 13       		.uleb128 0x13
 447 0073 11       		.uleb128 0x11
 448 0074 01       		.uleb128 0x1
 449 0075 12       		.uleb128 0x12
 450 0076 06       		.uleb128 0x6
 451 0077 40       		.uleb128 0x40
 452 0078 18       		.uleb128 0x18
 453 0079 9742     		.uleb128 0x2117
 454 007b 19       		.uleb128 0x19
 455 007c 01       		.uleb128 0x1
 456 007d 13       		.uleb128 0x13
 457 007e 00       		.byte	0
 458 007f 00       		.byte	0
 459 0080 09       		.uleb128 0x9
 460 0081 05       		.uleb128 0x5
 461 0082 00       		.byte	0
 462 0083 03       		.uleb128 0x3
 463 0084 0E       		.uleb128 0xe
 464 0085 3A       		.uleb128 0x3a
 465 0086 0B       		.uleb128 0xb
 466 0087 3B       		.uleb128 0x3b
 467 0088 0B       		.uleb128 0xb
 468 0089 49       		.uleb128 0x49
 469 008a 13       		.uleb128 0x13
 470 008b 02       		.uleb128 0x2
 471 008c 17       		.uleb128 0x17
 472 008d 00       		.byte	0
 473 008e 00       		.byte	0
 474 008f 0A       		.uleb128 0xa
 475 0090 34       		.uleb128 0x34
 476 0091 00       		.byte	0
 477 0092 03       		.uleb128 0x3
 478 0093 0E       		.uleb128 0xe
 479 0094 3A       		.uleb128 0x3a
 480 0095 0B       		.uleb128 0xb
 481 0096 3B       		.uleb128 0x3b
 482 0097 0B       		.uleb128 0xb
 483 0098 49       		.uleb128 0x49
 484 0099 13       		.uleb128 0x13
 485 009a 02       		.uleb128 0x2
 486 009b 18       		.uleb128 0x18
 487 009c 00       		.byte	0
 488 009d 00       		.byte	0
 489 009e 0B       		.uleb128 0xb
 490 009f 34       		.uleb128 0x34
 491 00a0 00       		.byte	0
 492 00a1 03       		.uleb128 0x3
ARM GAS  C:\Users\Roi\AppData\Local\Temp\ccrZ2FCb.s 			page 10


 493 00a2 0E       		.uleb128 0xe
 494 00a3 3A       		.uleb128 0x3a
 495 00a4 0B       		.uleb128 0xb
 496 00a5 3B       		.uleb128 0x3b
 497 00a6 0B       		.uleb128 0xb
 498 00a7 49       		.uleb128 0x49
 499 00a8 13       		.uleb128 0x13
 500 00a9 02       		.uleb128 0x2
 501 00aa 17       		.uleb128 0x17
 502 00ab 00       		.byte	0
 503 00ac 00       		.byte	0
 504 00ad 0C       		.uleb128 0xc
 505 00ae 0B       		.uleb128 0xb
 506 00af 01       		.byte	0x1
 507 00b0 11       		.uleb128 0x11
 508 00b1 01       		.uleb128 0x1
 509 00b2 12       		.uleb128 0x12
 510 00b3 06       		.uleb128 0x6
 511 00b4 01       		.uleb128 0x1
 512 00b5 13       		.uleb128 0x13
 513 00b6 00       		.byte	0
 514 00b7 00       		.byte	0
 515 00b8 0D       		.uleb128 0xd
 516 00b9 898201   		.uleb128 0x4109
 517 00bc 01       		.byte	0x1
 518 00bd 11       		.uleb128 0x11
 519 00be 01       		.uleb128 0x1
 520 00bf 31       		.uleb128 0x31
 521 00c0 13       		.uleb128 0x13
 522 00c1 00       		.byte	0
 523 00c2 00       		.byte	0
 524 00c3 0E       		.uleb128 0xe
 525 00c4 8A8201   		.uleb128 0x410a
 526 00c7 00       		.byte	0
 527 00c8 02       		.uleb128 0x2
 528 00c9 18       		.uleb128 0x18
 529 00ca 9142     		.uleb128 0x2111
 530 00cc 18       		.uleb128 0x18
 531 00cd 00       		.byte	0
 532 00ce 00       		.byte	0
 533 00cf 0F       		.uleb128 0xf
 534 00d0 2E       		.uleb128 0x2e
 535 00d1 00       		.byte	0
 536 00d2 3F       		.uleb128 0x3f
 537 00d3 19       		.uleb128 0x19
 538 00d4 3C       		.uleb128 0x3c
 539 00d5 19       		.uleb128 0x19
 540 00d6 6E       		.uleb128 0x6e
 541 00d7 0E       		.uleb128 0xe
 542 00d8 03       		.uleb128 0x3
 543 00d9 0E       		.uleb128 0xe
 544 00da 3A       		.uleb128 0x3a
 545 00db 0B       		.uleb128 0xb
 546 00dc 3B       		.uleb128 0x3b
 547 00dd 0B       		.uleb128 0xb
 548 00de 00       		.byte	0
 549 00df 00       		.byte	0
ARM GAS  C:\Users\Roi\AppData\Local\Temp\ccrZ2FCb.s 			page 11


 550 00e0 00       		.byte	0
 551              		.section	.debug_loc,"",%progbits
 552              	.Ldebug_loc0:
 553              	.LLST0:
 554 0000 00000000 		.4byte	.LVL2
 555 0004 05000000 		.4byte	.LVL3-1
 556 0008 0100     		.2byte	0x1
 557 000a 50       		.byte	0x50
 558 000b 05000000 		.4byte	.LVL3-1
 559 000f 0A000000 		.4byte	.LFE37
 560 0013 0400     		.2byte	0x4
 561 0015 F3       		.byte	0xf3
 562 0016 01       		.uleb128 0x1
 563 0017 50       		.byte	0x50
 564 0018 9F       		.byte	0x9f
 565 0019 00000000 		.4byte	0
 566 001d 00000000 		.4byte	0
 567              	.LLST1:
 568 0021 0A000000 		.4byte	.LVL6
 569 0025 0E000000 		.4byte	.LVL7
 570 0029 0100     		.2byte	0x1
 571 002b 50       		.byte	0x50
 572 002c 0E000000 		.4byte	.LVL7
 573 0030 22000000 		.4byte	.LVL11
 574 0034 0100     		.2byte	0x1
 575 0036 56       		.byte	0x56
 576 0037 22000000 		.4byte	.LVL11
 577 003b 24000000 		.4byte	.LFE38
 578 003f 0100     		.2byte	0x1
 579 0041 50       		.byte	0x50
 580 0042 00000000 		.4byte	0
 581 0046 00000000 		.4byte	0
 582              	.LLST2:
 583 004a 0A000000 		.4byte	.LVL6
 584 004e 0E000000 		.4byte	.LVL7
 585 0052 0200     		.2byte	0x2
 586 0054 30       		.byte	0x30
 587 0055 9F       		.byte	0x9f
 588 0056 0E000000 		.4byte	.LVL7
 589 005a 22000000 		.4byte	.LVL10
 590 005e 0100     		.2byte	0x1
 591 0060 54       		.byte	0x54
 592 0061 00000000 		.4byte	0
 593 0065 00000000 		.4byte	0
 594              		.section	.debug_aranges,"",%progbits
 595 0000 2C000000 		.4byte	0x2c
 596 0004 0200     		.2byte	0x2
 597 0006 00000000 		.4byte	.Ldebug_info0
 598 000a 04       		.byte	0x4
 599 000b 00       		.byte	0
 600 000c 0000     		.2byte	0
 601 000e 0000     		.2byte	0
 602 0010 00000000 		.4byte	.LFB36
 603 0014 0C000000 		.4byte	.LFE36-.LFB36
 604 0018 00000000 		.4byte	.LFB37
 605 001c 0A000000 		.4byte	.LFE37-.LFB37
 606 0020 00000000 		.4byte	.LFB38
ARM GAS  C:\Users\Roi\AppData\Local\Temp\ccrZ2FCb.s 			page 12


 607 0024 24000000 		.4byte	.LFE38-.LFB38
 608 0028 00000000 		.4byte	0
 609 002c 00000000 		.4byte	0
 610              		.section	.debug_ranges,"",%progbits
 611              	.Ldebug_ranges0:
 612 0000 00000000 		.4byte	.LFB36
 613 0004 0C000000 		.4byte	.LFE36
 614 0008 00000000 		.4byte	.LFB37
 615 000c 0A000000 		.4byte	.LFE37
 616 0010 00000000 		.4byte	.LFB38
 617 0014 24000000 		.4byte	.LFE38
 618 0018 00000000 		.4byte	0
 619 001c 00000000 		.4byte	0
 620              		.section	.debug_line,"",%progbits
 621              	.Ldebug_line0:
 622 0000 0A010000 		.section	.debug_str,"MS",%progbits,1
 622      0200C200 
 622      00000201 
 622      FB0E0D00 
 622      01010101 
 623              	.LASF6:
 624 0000 6C6F6E67 		.ascii	"long long int\000"
 624      206C6F6E 
 624      6720696E 
 624      7400
 625              	.LASF24:
 626 000e 6D616C6C 		.ascii	"malloc\000"
 626      6F6300
 627              	.LASF23:
 628 0015 4144435F 		.ascii	"ADC_GetResult16\000"
 628      47657452 
 628      6573756C 
 628      74313600 
 629              	.LASF21:
 630 0025 4144435F 		.ascii	"ADC_Start\000"
 630      53746172 
 630      7400
 631              	.LASF9:
 632 002f 75696E74 		.ascii	"uint8\000"
 632      3800
 633              	.LASF27:
 634 0035 443A5C62 		.ascii	"D:\\bachelor_work\\program\\Goal\\SmartBoy.cydsn\000"
 634      61636865 
 634      6C6F725F 
 634      776F726B 
 634      5C70726F 
 635              	.LASF7:
 636 0062 6C6F6E67 		.ascii	"long long unsigned int\000"
 636      206C6F6E 
 636      6720756E 
 636      7369676E 
 636      65642069 
 637              	.LASF17:
 638 0079 6765745F 		.ascii	"get_adc_list\000"
 638      6164635F 
 638      6C697374 
 638      00
ARM GAS  C:\Users\Roi\AppData\Local\Temp\ccrZ2FCb.s 			page 13


 639              	.LASF28:
 640 0086 6164635F 		.ascii	"adc_init\000"
 640      696E6974 
 640      00
 641              	.LASF18:
 642 008f 6164635F 		.ascii	"adc_value\000"
 642      76616C75 
 642      6500
 643              	.LASF1:
 644 0099 756E7369 		.ascii	"unsigned char\000"
 644      676E6564 
 644      20636861 
 644      7200
 645              	.LASF13:
 646 00a7 63686172 		.ascii	"char\000"
 646      00
 647              	.LASF4:
 648 00ac 6C6F6E67 		.ascii	"long int\000"
 648      20696E74 
 648      00
 649              	.LASF19:
 650 00b5 6164635F 		.ascii	"adc_values\000"
 650      76616C75 
 650      657300
 651              	.LASF5:
 652 00c0 6C6F6E67 		.ascii	"long unsigned int\000"
 652      20756E73 
 652      69676E65 
 652      6420696E 
 652      7400
 653              	.LASF12:
 654 00d2 646F7562 		.ascii	"double\000"
 654      6C6500
 655              	.LASF20:
 656 00d9 6368616E 		.ascii	"channel\000"
 656      6E656C00 
 657              	.LASF25:
 658 00e1 474E5520 		.ascii	"GNU C11 5.4.1 20160609 (release) [ARM/embedded-5-br"
 658      43313120 
 658      352E342E 
 658      31203230 
 658      31363036 
 659 0114 616E6368 		.ascii	"anch revision 237715] -mcpu=cortex-m0 -mthumb -g -O"
 659      20726576 
 659      6973696F 
 659      6E203233 
 659      37373135 
 660 0147 67202D66 		.ascii	"g -ffunction-sections -ffat-lto-objects\000"
 660      66756E63 
 660      74696F6E 
 660      2D736563 
 660      74696F6E 
 661              	.LASF3:
 662 016f 73686F72 		.ascii	"short unsigned int\000"
 662      7420756E 
 662      7369676E 
 662      65642069 
ARM GAS  C:\Users\Roi\AppData\Local\Temp\ccrZ2FCb.s 			page 14


 662      6E7400
 663              	.LASF0:
 664 0182 7369676E 		.ascii	"signed char\000"
 664      65642063 
 664      68617200 
 665              	.LASF14:
 666 018e 6C6F6E67 		.ascii	"long double\000"
 666      20646F75 
 666      626C6500 
 667              	.LASF22:
 668 019a 4144435F 		.ascii	"ADC_StartConvert\000"
 668      53746172 
 668      74436F6E 
 668      76657274 
 668      00
 669              	.LASF11:
 670 01ab 666C6F61 		.ascii	"float\000"
 670      7400
 671              	.LASF16:
 672 01b1 6765745F 		.ascii	"get_adc_by_channel\000"
 672      6164635F 
 672      62795F63 
 672      68616E6E 
 672      656C00
 673              	.LASF26:
 674 01c4 6164635F 		.ascii	"adc_read.c\000"
 674      72656164 
 674      2E6300
 675              	.LASF2:
 676 01cf 73686F72 		.ascii	"short int\000"
 676      7420696E 
 676      7400
 677              	.LASF10:
 678 01d9 75696E74 		.ascii	"uint16\000"
 678      313600
 679              	.LASF8:
 680 01e0 756E7369 		.ascii	"unsigned int\000"
 680      676E6564 
 680      20696E74 
 680      00
 681              	.LASF15:
 682 01ed 73697A65 		.ascii	"sizetype\000"
 682      74797065 
 682      00
 683              		.ident	"GCC: (GNU Tools for ARM Embedded Processors) 5.4.1 20160609 (release) [ARM/embedded-5-bran
