ARM GAS  C:\Users\Roi\AppData\Local\Temp\ccvMysHr.s 			page 1


   1              		.syntax unified
   2              		.cpu cortex-m0
   3              		.fpu softvfp
   4              		.eabi_attribute 20, 1
   5              		.eabi_attribute 21, 1
   6              		.eabi_attribute 23, 3
   7              		.eabi_attribute 24, 1
   8              		.eabi_attribute 25, 1
   9              		.eabi_attribute 26, 1
  10              		.eabi_attribute 30, 1
  11              		.eabi_attribute 34, 0
  12              		.eabi_attribute 18, 4
  13              		.thumb
  14              		.syntax unified
  15              		.file	"ble_server.c"
  16              		.text
  17              	.Ltext0:
  18              		.cfi_sections	.debug_frame
  19              		.section	.text.BleCallBack,"ax",%progbits
  20              		.align	2
  21              		.global	BleCallBack
  22              		.code	16
  23              		.thumb_func
  24              		.type	BleCallBack, %function
  25              	BleCallBack:
  26              	.LFB64:
  27              		.file 1 "ble_server.c"
   1:ble_server.c  **** #include "smartboy.h"
   2:ble_server.c  **** 
   3:ble_server.c  **** void main_loop(void) {
   4:ble_server.c  ****     CyBle_ProcessEvents();
   5:ble_server.c  ****     CyBle_EnterLPM(CYBLE_BLESS_DEEPSLEEP);
   6:ble_server.c  **** }
   7:ble_server.c  **** 
   8:ble_server.c  **** void BleCallBack(uint32 event,void* eventParam) {
  28              		.loc 1 8 0
  29              		.cfi_startproc
  30              		@ args = 0, pretend = 0, frame = 0
  31              		@ frame_needed = 0, uses_anonymous_args = 0
  32              	.LVL0:
  33 0000 10B5     		push	{r4, lr}
  34              		.cfi_def_cfa_offset 8
  35              		.cfi_offset 4, -8
  36              		.cfi_offset 14, -4
   9:ble_server.c  ****     CYBLE_GATTS_WRITE_CMD_REQ_PARAM_T *wrReqParam;
  10:ble_server.c  ****     
  11:ble_server.c  ****     switch(event) {
  37              		.loc 1 11 0
  38 0002 0128     		cmp	r0, #1
  39 0004 01D0     		beq	.L3
  40 0006 2828     		cmp	r0, #40
  41 0008 02D1     		bne	.L1
  42              	.L3:
  43              	.LBB2:
  12:ble_server.c  ****         case CYBLE_EVT_STACK_ON:
  13:ble_server.c  ****         case CYBLE_EVT_GAP_DEVICE_DISCONNECTED:
  14:ble_server.c  ****             CyBle_GappStartAdvertisement(CYBLE_ADVERTISING_FAST);
ARM GAS  C:\Users\Roi\AppData\Local\Temp\ccvMysHr.s 			page 2


  44              		.loc 1 14 0
  45 000a 0020     		movs	r0, #0
  46              	.LVL1:
  47 000c FFF7FEFF 		bl	CyBle_GappStartAdvertisement
  48              	.LVL2:
  49              	.L1:
  50              	.LBE2:
  15:ble_server.c  ****             //set_data_from_ble(0,1);
  16:ble_server.c  ****         break;
  17:ble_server.c  ****         
  18:ble_server.c  ****         case CYBLE_EVT_GATT_CONNECT_IND:
  19:ble_server.c  ****             //set_data_from_ble(0,0);
  20:ble_server.c  ****         break;
  21:ble_server.c  ****             
  22:ble_server.c  ****         case CYBLE_EVT_GATTS_WRITE_REQ:
  23:ble_server.c  ****             wrReqParam = (CYBLE_GATTS_WRITE_CMD_REQ_PARAM_T *) eventParam;
  24:ble_server.c  ****             
  25:ble_server.c  ****             //update_data_write(wrReqParam);
  26:ble_server.c  ****             
  27:ble_server.c  ****         break;
  28:ble_server.c  ****         
  29:ble_server.c  ****         default:
  30:ble_server.c  ****         break;
  31:ble_server.c  ****     }
  32:ble_server.c  **** }
  51              		.loc 1 32 0
  52              		@ sp needed
  53 0010 10BD     		pop	{r4, pc}
  54              		.cfi_endproc
  55              	.LFE64:
  56              		.size	BleCallBack, .-BleCallBack
  57 0012 C046     		.section	.text.main_loop,"ax",%progbits
  58              		.align	2
  59              		.global	main_loop
  60              		.code	16
  61              		.thumb_func
  62              		.type	main_loop, %function
  63              	main_loop:
  64              	.LFB63:
   3:ble_server.c  ****     CyBle_EnterLPM(CYBLE_BLESS_DEEPSLEEP);
  65              		.loc 1 3 0
  66              		.cfi_startproc
  67              		@ args = 0, pretend = 0, frame = 0
  68              		@ frame_needed = 0, uses_anonymous_args = 0
  69 0000 10B5     		push	{r4, lr}
  70              		.cfi_def_cfa_offset 8
  71              		.cfi_offset 4, -8
  72              		.cfi_offset 14, -4
   4:ble_server.c  ****     CyBle_EnterLPM(CYBLE_BLESS_DEEPSLEEP);
  73              		.loc 1 4 0
  74 0002 FFF7FEFF 		bl	CyBle_ProcessEvents
  75              	.LVL3:
   5:ble_server.c  **** }
  76              		.loc 1 5 0
  77 0006 0320     		movs	r0, #3
  78 0008 FFF7FEFF 		bl	CyBle_EnterLPM
  79              	.LVL4:
ARM GAS  C:\Users\Roi\AppData\Local\Temp\ccvMysHr.s 			page 3


   6:ble_server.c  **** 
  80              		.loc 1 6 0
  81              		@ sp needed
  82 000c 10BD     		pop	{r4, pc}
  83              		.cfi_endproc
  84              	.LFE63:
  85              		.size	main_loop, .-main_loop
  86 000e C046     		.section	.text.init_ble,"ax",%progbits
  87              		.align	2
  88              		.global	init_ble
  89              		.code	16
  90              		.thumb_func
  91              		.type	init_ble, %function
  92              	init_ble:
  93              	.LFB65:
  33:ble_server.c  **** 
  34:ble_server.c  **** void init_ble(void){
  94              		.loc 1 34 0
  95              		.cfi_startproc
  96              		@ args = 0, pretend = 0, frame = 0
  97              		@ frame_needed = 0, uses_anonymous_args = 0
  98 0000 10B5     		push	{r4, lr}
  99              		.cfi_def_cfa_offset 8
 100              		.cfi_offset 4, -8
 101              		.cfi_offset 14, -4
  35:ble_server.c  ****     CyBle_Start(BleCallBack);
 102              		.loc 1 35 0
 103 0002 0248     		ldr	r0, .L6
 104 0004 FFF7FEFF 		bl	CyBle_Start
 105              	.LVL5:
  36:ble_server.c  **** }...
 106              		.loc 1 36 0
 107              		@ sp needed
 108 0008 10BD     		pop	{r4, pc}
 109              	.L7:
 110 000a C046     		.align	2
 111              	.L6:
 112 000c 00000000 		.word	BleCallBack
 113              		.cfi_endproc
 114              	.LFE65:
 115              		.size	init_ble, .-init_ble
 116              		.text
 117              	.Letext0:
 118              		.file 2 "Generated_Source\\PSoC4/cytypes.h"
 119              		.file 3 "Generated_Source\\PSoC4/BLE_Stack.h"
 120              		.file 4 "Generated_Source\\PSoC4/BLE_StackGatt.h"
 121              		.file 5 "Generated_Source\\PSoC4/BLE_StackGattServer.h"
 122              		.file 6 "Generated_Source\\PSoC4/BLE.h"
 123              		.file 7 "Generated_Source\\PSoC4/RTC.h"
 124              		.section	.debug_info,"",%progbits
 125              	.Ldebug_info0:
 126 0000 9C040000 		.4byte	0x49c
 127 0004 0400     		.2byte	0x4
 128 0006 00000000 		.4byte	.Ldebug_abbrev0
 129 000a 04       		.byte	0x4
 130 000b 01       		.uleb128 0x1
 131 000c 24020000 		.4byte	.LASF116
ARM GAS  C:\Users\Roi\AppData\Local\Temp\ccvMysHr.s 			page 4


 132 0010 0C       		.byte	0xc
 133 0011 0F090000 		.4byte	.LASF117
 134 0015 39070000 		.4byte	.LASF118
 135 0019 00000000 		.4byte	.Ldebug_ranges0+0
 136 001d 00000000 		.4byte	0
 137 0021 00000000 		.4byte	.Ldebug_line0
 138 0025 02       		.uleb128 0x2
 139 0026 01       		.byte	0x1
 140 0027 06       		.byte	0x6
 141 0028 30060000 		.4byte	.LASF0
 142 002c 02       		.uleb128 0x2
 143 002d 01       		.byte	0x1
 144 002e 08       		.byte	0x8
 145 002f C6050000 		.4byte	.LASF1
 146 0033 02       		.uleb128 0x2
 147 0034 02       		.byte	0x2
 148 0035 05       		.byte	0x5
 149 0036 D9000000 		.4byte	.LASF2
 150 003a 02       		.uleb128 0x2
 151 003b 02       		.byte	0x2
 152 003c 07       		.byte	0x7
 153 003d 29080000 		.4byte	.LASF3
 154 0041 02       		.uleb128 0x2
 155 0042 04       		.byte	0x4
 156 0043 05       		.byte	0x5
 157 0044 25040000 		.4byte	.LASF4
 158 0048 02       		.uleb128 0x2
 159 0049 04       		.byte	0x4
 160 004a 07       		.byte	0x7
 161 004b C1060000 		.4byte	.LASF5
 162 004f 02       		.uleb128 0x2
 163 0050 08       		.byte	0x8
 164 0051 05       		.byte	0x5
 165 0052 68010000 		.4byte	.LASF6
 166 0056 02       		.uleb128 0x2
 167 0057 08       		.byte	0x8
 168 0058 07       		.byte	0x7
 169 0059 DE030000 		.4byte	.LASF7
 170 005d 03       		.uleb128 0x3
 171 005e 04       		.byte	0x4
 172 005f 05       		.byte	0x5
 173 0060 696E7400 		.ascii	"int\000"
 174 0064 02       		.uleb128 0x2
 175 0065 04       		.byte	0x4
 176 0066 07       		.byte	0x7
 177 0067 99060000 		.4byte	.LASF8
 178 006b 04       		.uleb128 0x4
 179 006c 3C080000 		.4byte	.LASF9
 180 0070 02       		.byte	0x2
 181 0071 E701     		.2byte	0x1e7
 182 0073 2C000000 		.4byte	0x2c
 183 0077 04       		.uleb128 0x4
 184 0078 71080000 		.4byte	.LASF10
 185 007c 02       		.byte	0x2
 186 007d E801     		.2byte	0x1e8
 187 007f 3A000000 		.4byte	0x3a
 188 0083 04       		.uleb128 0x4
ARM GAS  C:\Users\Roi\AppData\Local\Temp\ccvMysHr.s 			page 5


 189 0084 B5080000 		.4byte	.LASF11
 190 0088 02       		.byte	0x2
 191 0089 E901     		.2byte	0x1e9
 192 008b 48000000 		.4byte	0x48
 193 008f 02       		.uleb128 0x2
 194 0090 04       		.byte	0x4
 195 0091 04       		.byte	0x4
 196 0092 75030000 		.4byte	.LASF12
 197 0096 02       		.uleb128 0x2
 198 0097 08       		.byte	0x8
 199 0098 04       		.byte	0x4
 200 0099 08090000 		.4byte	.LASF13
 201 009d 02       		.uleb128 0x2
 202 009e 01       		.byte	0x1
 203 009f 08       		.byte	0x8
 204 00a0 F5070000 		.4byte	.LASF14
 205 00a4 02       		.uleb128 0x2
 206 00a5 08       		.byte	0x8
 207 00a6 04       		.byte	0x4
 208 00a7 00000000 		.4byte	.LASF15
 209 00ab 02       		.uleb128 0x2
 210 00ac 04       		.byte	0x4
 211 00ad 07       		.byte	0x7
 212 00ae 1B010000 		.4byte	.LASF16
 213 00b2 05       		.uleb128 0x5
 214 00b3 04       		.byte	0x4
 215 00b4 06       		.uleb128 0x6
 216 00b5 01       		.byte	0x1
 217 00b6 2C000000 		.4byte	0x2c
 218 00ba 03       		.byte	0x3
 219 00bb 3501     		.2byte	0x135
 220 00bd 72020000 		.4byte	0x272
 221 00c1 07       		.uleb128 0x7
 222 00c2 16030000 		.4byte	.LASF17
 223 00c6 00       		.byte	0
 224 00c7 07       		.uleb128 0x7
 225 00c8 BE010000 		.4byte	.LASF18
 226 00cc 01       		.byte	0x1
 227 00cd 07       		.uleb128 0x7
 228 00ce E00A0000 		.4byte	.LASF19
 229 00d2 02       		.byte	0x2
 230 00d3 07       		.uleb128 0x7
 231 00d4 E4090000 		.4byte	.LASF20
 232 00d8 03       		.byte	0x3
 233 00d9 07       		.uleb128 0x7
 234 00da 7C010000 		.4byte	.LASF21
 235 00de 04       		.byte	0x4
 236 00df 07       		.uleb128 0x7
 237 00e0 CB040000 		.4byte	.LASF22
 238 00e4 05       		.byte	0x5
 239 00e5 07       		.uleb128 0x7
 240 00e6 60000000 		.4byte	.LASF23
 241 00ea 06       		.byte	0x6
 242 00eb 07       		.uleb128 0x7
 243 00ec 420A0000 		.4byte	.LASF24
 244 00f0 20       		.byte	0x20
 245 00f1 07       		.uleb128 0x7
ARM GAS  C:\Users\Roi\AppData\Local\Temp\ccvMysHr.s 			page 6


 246 00f2 D3060000 		.4byte	.LASF25
 247 00f6 21       		.byte	0x21
 248 00f7 07       		.uleb128 0x7
 249 00f8 22000000 		.4byte	.LASF26
 250 00fc 22       		.byte	0x22
 251 00fd 07       		.uleb128 0x7
 252 00fe 05050000 		.4byte	.LASF27
 253 0102 23       		.byte	0x23
 254 0103 07       		.uleb128 0x7
 255 0104 7D060000 		.4byte	.LASF28
 256 0108 24       		.byte	0x24
 257 0109 07       		.uleb128 0x7
 258 010a E3000000 		.4byte	.LASF29
 259 010e 25       		.byte	0x25
 260 010f 07       		.uleb128 0x7
 261 0110 82040000 		.4byte	.LASF30
 262 0114 26       		.byte	0x26
 263 0115 07       		.uleb128 0x7
 264 0116 63040000 		.4byte	.LASF31
 265 011a 27       		.byte	0x27
 266 011b 07       		.uleb128 0x7
 267 011c 93000000 		.4byte	.LASF32
 268 0120 28       		.byte	0x28
 269 0121 07       		.uleb128 0x7
 270 0122 11070000 		.4byte	.LASF33
 271 0126 29       		.byte	0x29
 272 0127 07       		.uleb128 0x7
 273 0128 A5070000 		.4byte	.LASF34
 274 012c 2A       		.byte	0x2a
 275 012d 07       		.uleb128 0x7
 276 012e 160B0000 		.4byte	.LASF35
 277 0132 2B       		.byte	0x2b
 278 0133 07       		.uleb128 0x7
 279 0134 B2020000 		.4byte	.LASF36
 280 0138 2C       		.byte	0x2c
 281 0139 07       		.uleb128 0x7
 282 013a 94030000 		.4byte	.LASF37
 283 013e 2D       		.byte	0x2d
 284 013f 07       		.uleb128 0x7
 285 0140 B5000000 		.4byte	.LASF38
 286 0144 2E       		.byte	0x2e
 287 0145 07       		.uleb128 0x7
 288 0146 1A0C0000 		.4byte	.LASF39
 289 014a 2F       		.byte	0x2f
 290 014b 07       		.uleb128 0x7
 291 014c 24010000 		.4byte	.LASF40
 292 0150 30       		.byte	0x30
 293 0151 07       		.uleb128 0x7
 294 0152 5F050000 		.4byte	.LASF41
 295 0156 31       		.byte	0x31
 296 0157 07       		.uleb128 0x7
 297 0158 BD030000 		.4byte	.LASF42
 298 015c 32       		.byte	0x32
 299 015d 07       		.uleb128 0x7
 300 015e CE070000 		.4byte	.LASF43
 301 0162 33       		.byte	0x33
 302 0163 07       		.uleb128 0x7
ARM GAS  C:\Users\Roi\AppData\Local\Temp\ccvMysHr.s 			page 7


 303 0164 42080000 		.4byte	.LASF44
 304 0168 34       		.byte	0x34
 305 0169 07       		.uleb128 0x7
 306 016a 91090000 		.4byte	.LASF45
 307 016e 35       		.byte	0x35
 308 016f 07       		.uleb128 0x7
 309 0170 04040000 		.4byte	.LASF46
 310 0174 36       		.byte	0x36
 311 0175 07       		.uleb128 0x7
 312 0176 D1010000 		.4byte	.LASF47
 313 017a 37       		.byte	0x37
 314 017b 07       		.uleb128 0x7
 315 017c 79000000 		.4byte	.LASF48
 316 0180 40       		.byte	0x40
 317 0181 07       		.uleb128 0x7
 318 0182 A6060000 		.4byte	.LASF49
 319 0186 41       		.byte	0x41
 320 0187 07       		.uleb128 0x7
 321 0188 FD000000 		.4byte	.LASF50
 322 018c 42       		.byte	0x42
 323 018d 07       		.uleb128 0x7
 324 018e 06020000 		.4byte	.LASF51
 325 0192 43       		.byte	0x43
 326 0193 07       		.uleb128 0x7
 327 0194 C20A0000 		.4byte	.LASF52
 328 0198 44       		.byte	0x44
 329 0199 07       		.uleb128 0x7
 330 019a 7D0A0000 		.4byte	.LASF53
 331 019e 45       		.byte	0x45
 332 019f 07       		.uleb128 0x7
 333 01a0 91010000 		.4byte	.LASF54
 334 01a4 46       		.byte	0x46
 335 01a5 07       		.uleb128 0x7
 336 01a6 12060000 		.4byte	.LASF55
 337 01aa 47       		.byte	0x47
 338 01ab 07       		.uleb128 0x7
 339 01ac 56060000 		.4byte	.LASF56
 340 01b0 48       		.byte	0x48
 341 01b1 07       		.uleb128 0x7
 342 01b2 7B030000 		.4byte	.LASF57
 343 01b6 49       		.byte	0x49
 344 01b7 07       		.uleb128 0x7
 345 01b8 78080000 		.4byte	.LASF58
 346 01bc 4A       		.byte	0x4a
 347 01bd 07       		.uleb128 0x7
 348 01be D6020000 		.4byte	.LASF59
 349 01c2 4B       		.byte	0x4b
 350 01c3 07       		.uleb128 0x7
 351 01c4 3C060000 		.4byte	.LASF60
 352 01c8 4C       		.byte	0x4c
 353 01c9 07       		.uleb128 0x7
 354 01ca 46000000 		.4byte	.LASF61
 355 01ce 4D       		.byte	0x4d
 356 01cf 07       		.uleb128 0x7
 357 01d0 A40A0000 		.4byte	.LASF62
 358 01d4 4E       		.byte	0x4e
 359 01d5 07       		.uleb128 0x7
ARM GAS  C:\Users\Roi\AppData\Local\Temp\ccvMysHr.s 			page 8


 360 01d6 D4050000 		.4byte	.LASF63
 361 01da 4F       		.byte	0x4f
 362 01db 07       		.uleb128 0x7
 363 01dc 9E0B0000 		.4byte	.LASF64
 364 01e0 50       		.byte	0x50
 365 01e1 07       		.uleb128 0x7
 366 01e2 96080000 		.4byte	.LASF65
 367 01e6 51       		.byte	0x51
 368 01e7 07       		.uleb128 0x7
 369 01e8 AA040000 		.4byte	.LASF66
 370 01ec 52       		.byte	0x52
 371 01ed 07       		.uleb128 0x7
 372 01ee 2E040000 		.4byte	.LASF67
 373 01f2 53       		.byte	0x53
 374 01f3 07       		.uleb128 0x7
 375 01f4 F5020000 		.4byte	.LASF68
 376 01f8 54       		.byte	0x54
 377 01f9 07       		.uleb128 0x7
 378 01fa E40B0000 		.4byte	.LASF69
 379 01fe 55       		.byte	0x55
 380 01ff 07       		.uleb128 0x7
 381 0200 760B0000 		.4byte	.LASF70
 382 0204 56       		.byte	0x56
 383 0205 07       		.uleb128 0x7
 384 0206 4D0B0000 		.4byte	.LASF71
 385 020a 57       		.byte	0x57
 386 020b 07       		.uleb128 0x7
 387 020c 66070000 		.4byte	.LASF72
 388 0210 58       		.byte	0x58
 389 0211 07       		.uleb128 0x7
 390 0212 A0050000 		.4byte	.LASF73
 391 0216 70       		.byte	0x70
 392 0217 07       		.uleb128 0x7
 393 0218 1C0A0000 		.4byte	.LASF74
 394 021c 71       		.byte	0x71
 395 021d 07       		.uleb128 0x7
 396 021e 0D080000 		.4byte	.LASF75
 397 0222 72       		.byte	0x72
 398 0223 07       		.uleb128 0x7
 399 0224 2D030000 		.4byte	.LASF76
 400 0228 73       		.byte	0x73
 401 0229 07       		.uleb128 0x7
 402 022a 41050000 		.4byte	.LASF77
 403 022e 74       		.byte	0x74
 404 022f 07       		.uleb128 0x7
 405 0230 F0060000 		.4byte	.LASF78
 406 0234 75       		.byte	0x75
 407 0235 07       		.uleb128 0x7
 408 0236 4B030000 		.4byte	.LASF79
 409 023a 76       		.byte	0x76
 410 023b 07       		.uleb128 0x7
 411 023c FD090000 		.4byte	.LASF80
 412 0240 77       		.byte	0x77
 413 0241 07       		.uleb128 0x7
 414 0242 DA080000 		.4byte	.LASF81
 415 0246 78       		.byte	0x78
 416 0247 07       		.uleb128 0x7
ARM GAS  C:\Users\Roi\AppData\Local\Temp\ccvMysHr.s 			page 9


 417 0248 62090000 		.4byte	.LASF82
 418 024c 79       		.byte	0x79
 419 024d 07       		.uleb128 0x7
 420 024e F20A0000 		.4byte	.LASF83
 421 0252 7A       		.byte	0x7a
 422 0253 07       		.uleb128 0x7
 423 0254 BC080000 		.4byte	.LASF84
 424 0258 FA       		.byte	0xfa
 425 0259 07       		.uleb128 0x7
 426 025a F3050000 		.4byte	.LASF85
 427 025e FB       		.byte	0xfb
 428 025f 07       		.uleb128 0x7
 429 0260 080C0000 		.4byte	.LASF86
 430 0264 FC       		.byte	0xfc
 431 0265 07       		.uleb128 0x7
 432 0266 45010000 		.4byte	.LASF87
 433 026a FD       		.byte	0xfd
 434 026b 07       		.uleb128 0x7
 435 026c 350B0000 		.4byte	.LASF88
 436 0270 FF       		.byte	0xff
 437 0271 00       		.byte	0
 438 0272 06       		.uleb128 0x6
 439 0273 01       		.byte	0x1
 440 0274 2C000000 		.4byte	0x2c
 441 0278 03       		.byte	0x3
 442 0279 6004     		.2byte	0x460
 443 027b 9E020000 		.4byte	0x29e
 444 027f 07       		.uleb128 0x7
 445 0280 1C090000 		.4byte	.LASF89
 446 0284 01       		.byte	0x1
 447 0285 07       		.uleb128 0x7
 448 0286 89070000 		.4byte	.LASF90
 449 028a 02       		.byte	0x2
 450 028b 07       		.uleb128 0x7
 451 028c 2B050000 		.4byte	.LASF91
 452 0290 03       		.byte	0x3
 453 0291 07       		.uleb128 0x7
 454 0292 0C000000 		.4byte	.LASF92
 455 0296 04       		.byte	0x4
 456 0297 07       		.uleb128 0x7
 457 0298 D0090000 		.4byte	.LASF93
 458 029c FF       		.byte	0xff
 459 029d 00       		.byte	0
 460 029e 08       		.uleb128 0x8
 461 029f 04       		.byte	0x4
 462 02a0 6B000000 		.4byte	0x6b
 463 02a4 04       		.uleb128 0x4
 464 02a5 BD0B0000 		.4byte	.LASF94
 465 02a9 04       		.byte	0x4
 466 02aa 8901     		.2byte	0x189
 467 02ac 77000000 		.4byte	0x77
 468 02b0 09       		.uleb128 0x9
 469 02b1 02       		.byte	0x2
 470 02b2 04       		.byte	0x4
 471 02b3 9301     		.2byte	0x193
 472 02b5 D4020000 		.4byte	0x2d4
 473 02b9 0A       		.uleb128 0xa
ARM GAS  C:\Users\Roi\AppData\Local\Temp\ccvMysHr.s 			page 10


 474 02ba 6C030000 		.4byte	.LASF95
 475 02be 04       		.byte	0x4
 476 02bf 9A01     		.2byte	0x19a
 477 02c1 6B000000 		.4byte	0x6b
 478 02c5 00       		.byte	0
 479 02c6 0A       		.uleb128 0xa
 480 02c7 EA060000 		.4byte	.LASF96
 481 02cb 04       		.byte	0x4
 482 02cc A001     		.2byte	0x1a0
 483 02ce 6B000000 		.4byte	0x6b
 484 02d2 01       		.byte	0x1
 485 02d3 00       		.byte	0
 486 02d4 04       		.uleb128 0x4
 487 02d5 2F090000 		.4byte	.LASF97
 488 02d9 04       		.byte	0x4
 489 02da A201     		.2byte	0x1a2
 490 02dc B0020000 		.4byte	0x2b0
 491 02e0 09       		.uleb128 0x9
 492 02e1 08       		.byte	0x8
 493 02e2 04       		.byte	0x4
 494 02e3 BE01     		.2byte	0x1be
 495 02e5 11030000 		.4byte	0x311
 496 02e9 0B       		.uleb128 0xb
 497 02ea 76616C00 		.ascii	"val\000"
 498 02ee 04       		.byte	0x4
 499 02ef C101     		.2byte	0x1c1
 500 02f1 9E020000 		.4byte	0x29e
 501 02f5 00       		.byte	0
 502 02f6 0B       		.uleb128 0xb
 503 02f7 6C656E00 		.ascii	"len\000"
 504 02fb 04       		.byte	0x4
 505 02fc C401     		.2byte	0x1c4
 506 02fe 77000000 		.4byte	0x77
 507 0302 04       		.byte	0x4
 508 0303 0A       		.uleb128 0xa
 509 0304 430B0000 		.4byte	.LASF98
 510 0308 04       		.byte	0x4
 511 0309 CB01     		.2byte	0x1cb
 512 030b 77000000 		.4byte	0x77
 513 030f 06       		.byte	0x6
 514 0310 00       		.byte	0
 515 0311 04       		.uleb128 0x4
 516 0312 FA070000 		.4byte	.LASF99
 517 0316 04       		.byte	0x4
 518 0317 CD01     		.2byte	0x1cd
 519 0319 E0020000 		.4byte	0x2e0
 520 031d 09       		.uleb128 0x9
 521 031e 0C       		.byte	0xc
 522 031f 04       		.byte	0x4
 523 0320 D001     		.2byte	0x1d0
 524 0322 41030000 		.4byte	0x341
 525 0326 0A       		.uleb128 0xa
 526 0327 980B0000 		.4byte	.LASF100
 527 032b 04       		.byte	0x4
 528 032c D301     		.2byte	0x1d3
 529 032e 11030000 		.4byte	0x311
 530 0332 00       		.byte	0
ARM GAS  C:\Users\Roi\AppData\Local\Temp\ccvMysHr.s 			page 11


 531 0333 0A       		.uleb128 0xa
 532 0334 FD080000 		.4byte	.LASF101
 533 0338 04       		.byte	0x4
 534 0339 D601     		.2byte	0x1d6
 535 033b A4020000 		.4byte	0x2a4
 536 033f 08       		.byte	0x8
 537 0340 00       		.byte	0
 538 0341 04       		.uleb128 0x4
 539 0342 43090000 		.4byte	.LASF102
 540 0346 04       		.byte	0x4
 541 0347 D801     		.2byte	0x1d8
 542 0349 1D030000 		.4byte	0x31d
 543 034d 0C       		.uleb128 0xc
 544 034e 10       		.byte	0x10
 545 034f 05       		.byte	0x5
 546 0350 8A       		.byte	0x8a
 547 0351 6E030000 		.4byte	0x36e
 548 0355 0D       		.uleb128 0xd
 549 0356 2E070000 		.4byte	.LASF103
 550 035a 05       		.byte	0x5
 551 035b 8D       		.byte	0x8d
 552 035c D4020000 		.4byte	0x2d4
 553 0360 00       		.byte	0
 554 0361 0D       		.uleb128 0xd
 555 0362 5A080000 		.4byte	.LASF104
 556 0366 05       		.byte	0x5
 557 0367 90       		.byte	0x90
 558 0368 41030000 		.4byte	0x341
 559 036c 04       		.byte	0x4
 560 036d 00       		.byte	0
 561 036e 0E       		.uleb128 0xe
 562 036f E7040000 		.4byte	.LASF105
 563 0373 05       		.byte	0x5
 564 0374 92       		.byte	0x92
 565 0375 4D030000 		.4byte	0x34d
 566 0379 0E       		.uleb128 0xe
 567 037a AE090000 		.4byte	.LASF106
 568 037e 05       		.byte	0x5
 569 037f 95       		.byte	0x95
 570 0380 6E030000 		.4byte	0x36e
 571 0384 0F       		.uleb128 0xf
 572 0385 85090000 		.4byte	.LASF109
 573 0389 01       		.byte	0x1
 574 038a 08       		.byte	0x8
 575 038b 00000000 		.4byte	.LFB64
 576 038f 12000000 		.4byte	.LFE64-.LFB64
 577 0393 01       		.uleb128 0x1
 578 0394 9C       		.byte	0x9c
 579 0395 ED030000 		.4byte	0x3ed
 580 0399 10       		.uleb128 0x10
 581 039a 76010000 		.4byte	.LASF107
 582 039e 01       		.byte	0x1
 583 039f 08       		.byte	0x8
 584 03a0 83000000 		.4byte	0x83
 585 03a4 00000000 		.4byte	.LLST0
 586 03a8 10       		.uleb128 0x10
 587 03a9 D90B0000 		.4byte	.LASF108
ARM GAS  C:\Users\Roi\AppData\Local\Temp\ccvMysHr.s 			page 12


 588 03ad 01       		.byte	0x1
 589 03ae 08       		.byte	0x8
 590 03af B2000000 		.4byte	0xb2
 591 03b3 21000000 		.4byte	.LLST1
 592 03b7 11       		.uleb128 0x11
 593 03b8 5D010000 		.4byte	.LASF119
 594 03bc 01       		.byte	0x1
 595 03bd 09       		.byte	0x9
 596 03be ED030000 		.4byte	0x3ed
 597 03c2 12       		.uleb128 0x12
 598 03c3 0A000000 		.4byte	.LBB2
 599 03c7 06000000 		.4byte	.LBE2-.LBB2
 600 03cb 13       		.uleb128 0x13
 601 03cc 83050000 		.4byte	.LASF112
 602 03d0 01       		.byte	0x1
 603 03d1 0E       		.byte	0xe
 604 03d2 5D000000 		.4byte	0x5d
 605 03d6 DC030000 		.4byte	0x3dc
 606 03da 14       		.uleb128 0x14
 607 03db 00       		.byte	0
 608 03dc 15       		.uleb128 0x15
 609 03dd 10000000 		.4byte	.LVL2
 610 03e1 70040000 		.4byte	0x470
 611 03e5 16       		.uleb128 0x16
 612 03e6 01       		.uleb128 0x1
 613 03e7 50       		.byte	0x50
 614 03e8 01       		.uleb128 0x1
 615 03e9 30       		.byte	0x30
 616 03ea 00       		.byte	0
 617 03eb 00       		.byte	0
 618 03ec 00       		.byte	0
 619 03ed 08       		.uleb128 0x8
 620 03ee 04       		.byte	0x4
 621 03ef 79030000 		.4byte	0x379
 622 03f3 0F       		.uleb128 0xf
 623 03f4 9B070000 		.4byte	.LASF110
 624 03f8 01       		.byte	0x1
 625 03f9 03       		.byte	0x3
 626 03fa 00000000 		.4byte	.LFB63
 627 03fe 0E000000 		.4byte	.LFE63-.LFB63
 628 0402 01       		.uleb128 0x1
 629 0403 9C       		.byte	0x9c
 630 0404 21040000 		.4byte	0x421
 631 0408 17       		.uleb128 0x17
 632 0409 06000000 		.4byte	.LVL3
 633 040d 7B040000 		.4byte	0x47b
 634 0411 15       		.uleb128 0x15
 635 0412 0C000000 		.4byte	.LVL4
 636 0416 87040000 		.4byte	0x487
 637 041a 16       		.uleb128 0x16
 638 041b 01       		.uleb128 0x1
 639 041c 50       		.byte	0x50
 640 041d 01       		.uleb128 0x1
 641 041e 33       		.byte	0x33
 642 041f 00       		.byte	0
 643 0420 00       		.byte	0
 644 0421 0F       		.uleb128 0xf
ARM GAS  C:\Users\Roi\AppData\Local\Temp\ccvMysHr.s 			page 13


 645 0422 68080000 		.4byte	.LASF111
 646 0426 01       		.byte	0x1
 647 0427 22       		.byte	0x22
 648 0428 00000000 		.4byte	.LFB65
 649 042c 10000000 		.4byte	.LFE65-.LFB65
 650 0430 01       		.uleb128 0x1
 651 0431 9C       		.byte	0x9c
 652 0432 4A040000 		.4byte	0x44a
 653 0436 15       		.uleb128 0x15
 654 0437 08000000 		.4byte	.LVL5
 655 043b 93040000 		.4byte	0x493
 656 043f 16       		.uleb128 0x16
 657 0440 01       		.uleb128 0x1
 658 0441 50       		.byte	0x50
 659 0442 05       		.uleb128 0x5
 660 0443 03       		.byte	0x3
 661 0444 00000000 		.4byte	BleCallBack
 662 0448 00       		.byte	0
 663 0449 00       		.byte	0
 664 044a 18       		.uleb128 0x18
 665 044b 5A040000 		.4byte	0x45a
 666 044f 5A040000 		.4byte	0x45a
 667 0453 19       		.uleb128 0x19
 668 0454 AB000000 		.4byte	0xab
 669 0458 0B       		.byte	0xb
 670 0459 00       		.byte	0
 671 045a 1A       		.uleb128 0x1a
 672 045b 77000000 		.4byte	0x77
 673 045f 1B       		.uleb128 0x1b
 674 0460 660A0000 		.4byte	.LASF120
 675 0464 07       		.byte	0x7
 676 0465 E001     		.2byte	0x1e0
 677 0467 6B040000 		.4byte	0x46b
 678 046b 1A       		.uleb128 0x1a
 679 046c 4A040000 		.4byte	0x44a
 680 0470 1C       		.uleb128 0x1c
 681 0471 83050000 		.4byte	.LASF112
 682 0475 83050000 		.4byte	.LASF112
 683 0479 01       		.byte	0x1
 684 047a 0E       		.byte	0xe
 685 047b 1D       		.uleb128 0x1d
 686 047c 4F040000 		.4byte	.LASF113
 687 0480 4F040000 		.4byte	.LASF113
 688 0484 03       		.byte	0x3
 689 0485 CF07     		.2byte	0x7cf
 690 0487 1D       		.uleb128 0x1d
 691 0488 F5030000 		.4byte	.LASF114
 692 048c F5030000 		.4byte	.LASF114
 693 0490 03       		.byte	0x3
 694 0491 9807     		.2byte	0x798
 695 0493 1D       		.uleb128 0x1d
 696 0494 B2010000 		.4byte	.LASF115
 697 0498 B2010000 		.4byte	.LASF115
 698 049c 06       		.byte	0x6
 699 049d 6B02     		.2byte	0x26b
 700 049f 00       		.byte	0
 701              		.section	.debug_abbrev,"",%progbits
ARM GAS  C:\Users\Roi\AppData\Local\Temp\ccvMysHr.s 			page 14


 702              	.Ldebug_abbrev0:
 703 0000 01       		.uleb128 0x1
 704 0001 11       		.uleb128 0x11
 705 0002 01       		.byte	0x1
 706 0003 25       		.uleb128 0x25
 707 0004 0E       		.uleb128 0xe
 708 0005 13       		.uleb128 0x13
 709 0006 0B       		.uleb128 0xb
 710 0007 03       		.uleb128 0x3
 711 0008 0E       		.uleb128 0xe
 712 0009 1B       		.uleb128 0x1b
 713 000a 0E       		.uleb128 0xe
 714 000b 55       		.uleb128 0x55
 715 000c 17       		.uleb128 0x17
 716 000d 11       		.uleb128 0x11
 717 000e 01       		.uleb128 0x1
 718 000f 10       		.uleb128 0x10
 719 0010 17       		.uleb128 0x17
 720 0011 00       		.byte	0
 721 0012 00       		.byte	0
 722 0013 02       		.uleb128 0x2
 723 0014 24       		.uleb128 0x24
 724 0015 00       		.byte	0
 725 0016 0B       		.uleb128 0xb
 726 0017 0B       		.uleb128 0xb
 727 0018 3E       		.uleb128 0x3e
 728 0019 0B       		.uleb128 0xb
 729 001a 03       		.uleb128 0x3
 730 001b 0E       		.uleb128 0xe
 731 001c 00       		.byte	0
 732 001d 00       		.byte	0
 733 001e 03       		.uleb128 0x3
 734 001f 24       		.uleb128 0x24
 735 0020 00       		.byte	0
 736 0021 0B       		.uleb128 0xb
 737 0022 0B       		.uleb128 0xb
 738 0023 3E       		.uleb128 0x3e
 739 0024 0B       		.uleb128 0xb
 740 0025 03       		.uleb128 0x3
 741 0026 08       		.uleb128 0x8
 742 0027 00       		.byte	0
 743 0028 00       		.byte	0
 744 0029 04       		.uleb128 0x4
 745 002a 16       		.uleb128 0x16
 746 002b 00       		.byte	0
 747 002c 03       		.uleb128 0x3
 748 002d 0E       		.uleb128 0xe
 749 002e 3A       		.uleb128 0x3a
 750 002f 0B       		.uleb128 0xb
 751 0030 3B       		.uleb128 0x3b
 752 0031 05       		.uleb128 0x5
 753 0032 49       		.uleb128 0x49
 754 0033 13       		.uleb128 0x13
 755 0034 00       		.byte	0
 756 0035 00       		.byte	0
 757 0036 05       		.uleb128 0x5
 758 0037 0F       		.uleb128 0xf
ARM GAS  C:\Users\Roi\AppData\Local\Temp\ccvMysHr.s 			page 15


 759 0038 00       		.byte	0
 760 0039 0B       		.uleb128 0xb
 761 003a 0B       		.uleb128 0xb
 762 003b 00       		.byte	0
 763 003c 00       		.byte	0
 764 003d 06       		.uleb128 0x6
 765 003e 04       		.uleb128 0x4
 766 003f 01       		.byte	0x1
 767 0040 0B       		.uleb128 0xb
 768 0041 0B       		.uleb128 0xb
 769 0042 49       		.uleb128 0x49
 770 0043 13       		.uleb128 0x13
 771 0044 3A       		.uleb128 0x3a
 772 0045 0B       		.uleb128 0xb
 773 0046 3B       		.uleb128 0x3b
 774 0047 05       		.uleb128 0x5
 775 0048 01       		.uleb128 0x1
 776 0049 13       		.uleb128 0x13
 777 004a 00       		.byte	0
 778 004b 00       		.byte	0
 779 004c 07       		.uleb128 0x7
 780 004d 28       		.uleb128 0x28
 781 004e 00       		.byte	0
 782 004f 03       		.uleb128 0x3
 783 0050 0E       		.uleb128 0xe
 784 0051 1C       		.uleb128 0x1c
 785 0052 0B       		.uleb128 0xb
 786 0053 00       		.byte	0
 787 0054 00       		.byte	0
 788 0055 08       		.uleb128 0x8
 789 0056 0F       		.uleb128 0xf
 790 0057 00       		.byte	0
 791 0058 0B       		.uleb128 0xb
 792 0059 0B       		.uleb128 0xb
 793 005a 49       		.uleb128 0x49
 794 005b 13       		.uleb128 0x13
 795 005c 00       		.byte	0
 796 005d 00       		.byte	0
 797 005e 09       		.uleb128 0x9
 798 005f 13       		.uleb128 0x13
 799 0060 01       		.byte	0x1
 800 0061 0B       		.uleb128 0xb
 801 0062 0B       		.uleb128 0xb
 802 0063 3A       		.uleb128 0x3a
 803 0064 0B       		.uleb128 0xb
 804 0065 3B       		.uleb128 0x3b
 805 0066 05       		.uleb128 0x5
 806 0067 01       		.uleb128 0x1
 807 0068 13       		.uleb128 0x13
 808 0069 00       		.byte	0
 809 006a 00       		.byte	0
 810 006b 0A       		.uleb128 0xa
 811 006c 0D       		.uleb128 0xd
 812 006d 00       		.byte	0
 813 006e 03       		.uleb128 0x3
 814 006f 0E       		.uleb128 0xe
 815 0070 3A       		.uleb128 0x3a
ARM GAS  C:\Users\Roi\AppData\Local\Temp\ccvMysHr.s 			page 16


 816 0071 0B       		.uleb128 0xb
 817 0072 3B       		.uleb128 0x3b
 818 0073 05       		.uleb128 0x5
 819 0074 49       		.uleb128 0x49
 820 0075 13       		.uleb128 0x13
 821 0076 38       		.uleb128 0x38
 822 0077 0B       		.uleb128 0xb
 823 0078 00       		.byte	0
 824 0079 00       		.byte	0
 825 007a 0B       		.uleb128 0xb
 826 007b 0D       		.uleb128 0xd
 827 007c 00       		.byte	0
 828 007d 03       		.uleb128 0x3
 829 007e 08       		.uleb128 0x8
 830 007f 3A       		.uleb128 0x3a
 831 0080 0B       		.uleb128 0xb
 832 0081 3B       		.uleb128 0x3b
 833 0082 05       		.uleb128 0x5
 834 0083 49       		.uleb128 0x49
 835 0084 13       		.uleb128 0x13
 836 0085 38       		.uleb128 0x38
 837 0086 0B       		.uleb128 0xb
 838 0087 00       		.byte	0
 839 0088 00       		.byte	0
 840 0089 0C       		.uleb128 0xc
 841 008a 13       		.uleb128 0x13
 842 008b 01       		.byte	0x1
 843 008c 0B       		.uleb128 0xb
 844 008d 0B       		.uleb128 0xb
 845 008e 3A       		.uleb128 0x3a
 846 008f 0B       		.uleb128 0xb
 847 0090 3B       		.uleb128 0x3b
 848 0091 0B       		.uleb128 0xb
 849 0092 01       		.uleb128 0x1
 850 0093 13       		.uleb128 0x13
 851 0094 00       		.byte	0
 852 0095 00       		.byte	0
 853 0096 0D       		.uleb128 0xd
 854 0097 0D       		.uleb128 0xd
 855 0098 00       		.byte	0
 856 0099 03       		.uleb128 0x3
 857 009a 0E       		.uleb128 0xe
 858 009b 3A       		.uleb128 0x3a
 859 009c 0B       		.uleb128 0xb
 860 009d 3B       		.uleb128 0x3b
 861 009e 0B       		.uleb128 0xb
 862 009f 49       		.uleb128 0x49
 863 00a0 13       		.uleb128 0x13
 864 00a1 38       		.uleb128 0x38
 865 00a2 0B       		.uleb128 0xb
 866 00a3 00       		.byte	0
 867 00a4 00       		.byte	0
 868 00a5 0E       		.uleb128 0xe
 869 00a6 16       		.uleb128 0x16
 870 00a7 00       		.byte	0
 871 00a8 03       		.uleb128 0x3
 872 00a9 0E       		.uleb128 0xe
ARM GAS  C:\Users\Roi\AppData\Local\Temp\ccvMysHr.s 			page 17


 873 00aa 3A       		.uleb128 0x3a
 874 00ab 0B       		.uleb128 0xb
 875 00ac 3B       		.uleb128 0x3b
 876 00ad 0B       		.uleb128 0xb
 877 00ae 49       		.uleb128 0x49
 878 00af 13       		.uleb128 0x13
 879 00b0 00       		.byte	0
 880 00b1 00       		.byte	0
 881 00b2 0F       		.uleb128 0xf
 882 00b3 2E       		.uleb128 0x2e
 883 00b4 01       		.byte	0x1
 884 00b5 3F       		.uleb128 0x3f
 885 00b6 19       		.uleb128 0x19
 886 00b7 03       		.uleb128 0x3
 887 00b8 0E       		.uleb128 0xe
 888 00b9 3A       		.uleb128 0x3a
 889 00ba 0B       		.uleb128 0xb
 890 00bb 3B       		.uleb128 0x3b
 891 00bc 0B       		.uleb128 0xb
 892 00bd 27       		.uleb128 0x27
 893 00be 19       		.uleb128 0x19
 894 00bf 11       		.uleb128 0x11
 895 00c0 01       		.uleb128 0x1
 896 00c1 12       		.uleb128 0x12
 897 00c2 06       		.uleb128 0x6
 898 00c3 40       		.uleb128 0x40
 899 00c4 18       		.uleb128 0x18
 900 00c5 9742     		.uleb128 0x2117
 901 00c7 19       		.uleb128 0x19
 902 00c8 01       		.uleb128 0x1
 903 00c9 13       		.uleb128 0x13
 904 00ca 00       		.byte	0
 905 00cb 00       		.byte	0
 906 00cc 10       		.uleb128 0x10
 907 00cd 05       		.uleb128 0x5
 908 00ce 00       		.byte	0
 909 00cf 03       		.uleb128 0x3
 910 00d0 0E       		.uleb128 0xe
 911 00d1 3A       		.uleb128 0x3a
 912 00d2 0B       		.uleb128 0xb
 913 00d3 3B       		.uleb128 0x3b
 914 00d4 0B       		.uleb128 0xb
 915 00d5 49       		.uleb128 0x49
 916 00d6 13       		.uleb128 0x13
 917 00d7 02       		.uleb128 0x2
 918 00d8 17       		.uleb128 0x17
 919 00d9 00       		.byte	0
 920 00da 00       		.byte	0
 921 00db 11       		.uleb128 0x11
 922 00dc 34       		.uleb128 0x34
 923 00dd 00       		.byte	0
 924 00de 03       		.uleb128 0x3
 925 00df 0E       		.uleb128 0xe
 926 00e0 3A       		.uleb128 0x3a
 927 00e1 0B       		.uleb128 0xb
 928 00e2 3B       		.uleb128 0x3b
 929 00e3 0B       		.uleb128 0xb
ARM GAS  C:\Users\Roi\AppData\Local\Temp\ccvMysHr.s 			page 18


 930 00e4 49       		.uleb128 0x49
 931 00e5 13       		.uleb128 0x13
 932 00e6 00       		.byte	0
 933 00e7 00       		.byte	0
 934 00e8 12       		.uleb128 0x12
 935 00e9 0B       		.uleb128 0xb
 936 00ea 01       		.byte	0x1
 937 00eb 11       		.uleb128 0x11
 938 00ec 01       		.uleb128 0x1
 939 00ed 12       		.uleb128 0x12
 940 00ee 06       		.uleb128 0x6
 941 00ef 00       		.byte	0
 942 00f0 00       		.byte	0
 943 00f1 13       		.uleb128 0x13
 944 00f2 2E       		.uleb128 0x2e
 945 00f3 01       		.byte	0x1
 946 00f4 3F       		.uleb128 0x3f
 947 00f5 19       		.uleb128 0x19
 948 00f6 03       		.uleb128 0x3
 949 00f7 0E       		.uleb128 0xe
 950 00f8 3A       		.uleb128 0x3a
 951 00f9 0B       		.uleb128 0xb
 952 00fa 3B       		.uleb128 0x3b
 953 00fb 0B       		.uleb128 0xb
 954 00fc 49       		.uleb128 0x49
 955 00fd 13       		.uleb128 0x13
 956 00fe 3C       		.uleb128 0x3c
 957 00ff 19       		.uleb128 0x19
 958 0100 01       		.uleb128 0x1
 959 0101 13       		.uleb128 0x13
 960 0102 00       		.byte	0
 961 0103 00       		.byte	0
 962 0104 14       		.uleb128 0x14
 963 0105 18       		.uleb128 0x18
 964 0106 00       		.byte	0
 965 0107 00       		.byte	0
 966 0108 00       		.byte	0
 967 0109 15       		.uleb128 0x15
 968 010a 898201   		.uleb128 0x4109
 969 010d 01       		.byte	0x1
 970 010e 11       		.uleb128 0x11
 971 010f 01       		.uleb128 0x1
 972 0110 31       		.uleb128 0x31
 973 0111 13       		.uleb128 0x13
 974 0112 00       		.byte	0
 975 0113 00       		.byte	0
 976 0114 16       		.uleb128 0x16
 977 0115 8A8201   		.uleb128 0x410a
 978 0118 00       		.byte	0
 979 0119 02       		.uleb128 0x2
 980 011a 18       		.uleb128 0x18
 981 011b 9142     		.uleb128 0x2111
 982 011d 18       		.uleb128 0x18
 983 011e 00       		.byte	0
 984 011f 00       		.byte	0
 985 0120 17       		.uleb128 0x17
 986 0121 898201   		.uleb128 0x4109
ARM GAS  C:\Users\Roi\AppData\Local\Temp\ccvMysHr.s 			page 19


 987 0124 00       		.byte	0
 988 0125 11       		.uleb128 0x11
 989 0126 01       		.uleb128 0x1
 990 0127 31       		.uleb128 0x31
 991 0128 13       		.uleb128 0x13
 992 0129 00       		.byte	0
 993 012a 00       		.byte	0
 994 012b 18       		.uleb128 0x18
 995 012c 01       		.uleb128 0x1
 996 012d 01       		.byte	0x1
 997 012e 49       		.uleb128 0x49
 998 012f 13       		.uleb128 0x13
 999 0130 01       		.uleb128 0x1
 1000 0131 13       		.uleb128 0x13
 1001 0132 00       		.byte	0
 1002 0133 00       		.byte	0
 1003 0134 19       		.uleb128 0x19
 1004 0135 21       		.uleb128 0x21
 1005 0136 00       		.byte	0
 1006 0137 49       		.uleb128 0x49
 1007 0138 13       		.uleb128 0x13
 1008 0139 2F       		.uleb128 0x2f
 1009 013a 0B       		.uleb128 0xb
 1010 013b 00       		.byte	0
 1011 013c 00       		.byte	0
 1012 013d 1A       		.uleb128 0x1a
 1013 013e 26       		.uleb128 0x26
 1014 013f 00       		.byte	0
 1015 0140 49       		.uleb128 0x49
 1016 0141 13       		.uleb128 0x13
 1017 0142 00       		.byte	0
 1018 0143 00       		.byte	0
 1019 0144 1B       		.uleb128 0x1b
 1020 0145 34       		.uleb128 0x34
 1021 0146 00       		.byte	0
 1022 0147 03       		.uleb128 0x3
 1023 0148 0E       		.uleb128 0xe
 1024 0149 3A       		.uleb128 0x3a
 1025 014a 0B       		.uleb128 0xb
 1026 014b 3B       		.uleb128 0x3b
 1027 014c 05       		.uleb128 0x5
 1028 014d 49       		.uleb128 0x49
 1029 014e 13       		.uleb128 0x13
 1030 014f 3F       		.uleb128 0x3f
 1031 0150 19       		.uleb128 0x19
 1032 0151 3C       		.uleb128 0x3c
 1033 0152 19       		.uleb128 0x19
 1034 0153 00       		.byte	0
 1035 0154 00       		.byte	0
 1036 0155 1C       		.uleb128 0x1c
 1037 0156 2E       		.uleb128 0x2e
 1038 0157 00       		.byte	0
 1039 0158 3F       		.uleb128 0x3f
 1040 0159 19       		.uleb128 0x19
 1041 015a 3C       		.uleb128 0x3c
 1042 015b 19       		.uleb128 0x19
 1043 015c 6E       		.uleb128 0x6e
ARM GAS  C:\Users\Roi\AppData\Local\Temp\ccvMysHr.s 			page 20


 1044 015d 0E       		.uleb128 0xe
 1045 015e 03       		.uleb128 0x3
 1046 015f 0E       		.uleb128 0xe
 1047 0160 3A       		.uleb128 0x3a
 1048 0161 0B       		.uleb128 0xb
 1049 0162 3B       		.uleb128 0x3b
 1050 0163 0B       		.uleb128 0xb
 1051 0164 00       		.byte	0
 1052 0165 00       		.byte	0
 1053 0166 1D       		.uleb128 0x1d
 1054 0167 2E       		.uleb128 0x2e
 1055 0168 00       		.byte	0
 1056 0169 3F       		.uleb128 0x3f
 1057 016a 19       		.uleb128 0x19
 1058 016b 3C       		.uleb128 0x3c
 1059 016c 19       		.uleb128 0x19
 1060 016d 6E       		.uleb128 0x6e
 1061 016e 0E       		.uleb128 0xe
 1062 016f 03       		.uleb128 0x3
 1063 0170 0E       		.uleb128 0xe
 1064 0171 3A       		.uleb128 0x3a
 1065 0172 0B       		.uleb128 0xb
 1066 0173 3B       		.uleb128 0x3b
 1067 0174 05       		.uleb128 0x5
 1068 0175 00       		.byte	0
 1069 0176 00       		.byte	0
 1070 0177 00       		.byte	0
 1071              		.section	.debug_loc,"",%progbits
 1072              	.Ldebug_loc0:
 1073              	.LLST0:
 1074 0000 00000000 		.4byte	.LVL0
 1075 0004 0C000000 		.4byte	.LVL1
 1076 0008 0100     		.2byte	0x1
 1077 000a 50       		.byte	0x50
 1078 000b 0C000000 		.4byte	.LVL1
 1079 000f 12000000 		.4byte	.LFE64
 1080 0013 0400     		.2byte	0x4
 1081 0015 F3       		.byte	0xf3
 1082 0016 01       		.uleb128 0x1
 1083 0017 50       		.byte	0x50
 1084 0018 9F       		.byte	0x9f
 1085 0019 00000000 		.4byte	0
 1086 001d 00000000 		.4byte	0
 1087              	.LLST1:
 1088 0021 00000000 		.4byte	.LVL0
 1089 0025 0F000000 		.4byte	.LVL2-1
 1090 0029 0100     		.2byte	0x1
 1091 002b 51       		.byte	0x51
 1092 002c 0F000000 		.4byte	.LVL2-1
 1093 0030 12000000 		.4byte	.LFE64
 1094 0034 0400     		.2byte	0x4
 1095 0036 F3       		.byte	0xf3
 1096 0037 01       		.uleb128 0x1
 1097 0038 51       		.byte	0x51
 1098 0039 9F       		.byte	0x9f
 1099 003a 00000000 		.4byte	0
 1100 003e 00000000 		.4byte	0
ARM GAS  C:\Users\Roi\AppData\Local\Temp\ccvMysHr.s 			page 21


 1101              		.section	.debug_aranges,"",%progbits
 1102 0000 2C000000 		.4byte	0x2c
 1103 0004 0200     		.2byte	0x2
 1104 0006 00000000 		.4byte	.Ldebug_info0
 1105 000a 04       		.byte	0x4
 1106 000b 00       		.byte	0
 1107 000c 0000     		.2byte	0
 1108 000e 0000     		.2byte	0
 1109 0010 00000000 		.4byte	.LFB64
 1110 0014 12000000 		.4byte	.LFE64-.LFB64
 1111 0018 00000000 		.4byte	.LFB63
 1112 001c 0E000000 		.4byte	.LFE63-.LFB63
 1113 0020 00000000 		.4byte	.LFB65
 1114 0024 10000000 		.4byte	.LFE65-.LFB65
 1115 0028 00000000 		.4byte	0
 1116 002c 00000000 		.4byte	0
 1117              		.section	.debug_ranges,"",%progbits
 1118              	.Ldebug_ranges0:
 1119 0000 00000000 		.4byte	.LFB64
 1120 0004 12000000 		.4byte	.LFE64
 1121 0008 00000000 		.4byte	.LFB63
 1122 000c 0E000000 		.4byte	.LFE63
 1123 0010 00000000 		.4byte	.LFB65
 1124 0014 10000000 		.4byte	.LFE65
 1125 0018 00000000 		.4byte	0
 1126 001c 00000000 		.4byte	0
 1127              		.section	.debug_line,"",%progbits
 1128              	.Ldebug_line0:
 1129 0000 CD000000 		.section	.debug_str,"MS",%progbits,1
 1129      02009400 
 1129      00000201 
 1129      FB0E0D00 
 1129      01010101 
 1130              	.LASF15:
 1131 0000 6C6F6E67 		.ascii	"long double\000"
 1131      20646F75 
 1131      626C6500 
 1132              	.LASF92:
 1133 000c 4359424C 		.ascii	"CYBLE_BLESS_HIBERNATE\000"
 1133      455F424C 
 1133      4553535F 
 1133      48494245 
 1133      524E4154 
 1134              	.LASF26:
 1135 0022 4359424C 		.ascii	"CYBLE_EVT_GAP_PASSKEY_ENTRY_REQUEST\000"
 1135      455F4556 
 1135      545F4741 
 1135      505F5041 
 1135      53534B45 
 1136              	.LASF61:
 1137 0046 4359424C 		.ascii	"CYBLE_EVT_GATTC_WRITE_RSP\000"
 1137      455F4556 
 1137      545F4741 
 1137      5454435F 
 1137      57524954 
 1138              	.LASF23:
 1139 0060 4359424C 		.ascii	"CYBLE_EVT_MEMORY_REQUEST\000"
ARM GAS  C:\Users\Roi\AppData\Local\Temp\ccvMysHr.s 			page 22


 1139      455F4556 
 1139      545F4D45 
 1139      4D4F5259 
 1139      5F524551 
 1140              	.LASF48:
 1141 0079 4359424C 		.ascii	"CYBLE_EVT_GATTC_ERROR_RSP\000"
 1141      455F4556 
 1141      545F4741 
 1141      5454435F 
 1141      4552524F 
 1142              	.LASF32:
 1143 0093 4359424C 		.ascii	"CYBLE_EVT_GAP_DEVICE_DISCONNECTED\000"
 1143      455F4556 
 1143      545F4741 
 1143      505F4445 
 1143      56494345 
 1144              	.LASF38:
 1145 00b5 4359424C 		.ascii	"CYBLE_EVT_GAP_KEYPRESS_NOTIFICATION\000"
 1145      455F4556 
 1145      545F4741 
 1145      505F4B45 
 1145      59505245 
 1146              	.LASF2:
 1147 00d9 73686F72 		.ascii	"short int\000"
 1147      7420696E 
 1147      7400
 1148              	.LASF29:
 1149 00e3 4359424C 		.ascii	"CYBLE_EVT_GAP_AUTH_FAILED\000"
 1149      455F4556 
 1149      545F4741 
 1149      505F4155 
 1149      54485F46 
 1150              	.LASF50:
 1151 00fd 4359424C 		.ascii	"CYBLE_EVT_GATT_DISCONNECT_IND\000"
 1151      455F4556 
 1151      545F4741 
 1151      54545F44 
 1151      4953434F 
 1152              	.LASF16:
 1153 011b 73697A65 		.ascii	"sizetype\000"
 1153      74797065 
 1153      00
 1154              	.LASF40:
 1155 0124 4359424C 		.ascii	"CYBLE_EVT_GAP_DATA_LENGTH_CHANGE\000"
 1155      455F4556 
 1155      545F4741 
 1155      505F4441 
 1155      54415F4C 
 1156              	.LASF87:
 1157 0145 4359424C 		.ascii	"CYBLE_EVT_FLASH_CORRUPT\000"
 1157      455F4556 
 1157      545F464C 
 1157      4153485F 
 1157      434F5252 
 1158              	.LASF119:
 1159 015d 77725265 		.ascii	"wrReqParam\000"
 1159      71506172 
ARM GAS  C:\Users\Roi\AppData\Local\Temp\ccvMysHr.s 			page 23


 1159      616D00
 1160              	.LASF6:
 1161 0168 6C6F6E67 		.ascii	"long long int\000"
 1161      206C6F6E 
 1161      6720696E 
 1161      7400
 1162              	.LASF107:
 1163 0176 6576656E 		.ascii	"event\000"
 1163      7400
 1164              	.LASF21:
 1165 017c 4359424C 		.ascii	"CYBLE_EVT_HCI_STATUS\000"
 1165      455F4556 
 1165      545F4843 
 1165      495F5354 
 1165      41545553 
 1166              	.LASF54:
 1167 0191 4359424C 		.ascii	"CYBLE_EVT_GATTC_READ_BY_TYPE_RSP\000"
 1167      455F4556 
 1167      545F4741 
 1167      5454435F 
 1167      52454144 
 1168              	.LASF115:
 1169 01b2 4379426C 		.ascii	"CyBle_Start\000"
 1169      655F5374 
 1169      61727400 
 1170              	.LASF18:
 1171 01be 4359424C 		.ascii	"CYBLE_EVT_STACK_ON\000"
 1171      455F4556 
 1171      545F5354 
 1171      41434B5F 
 1171      4F4E00
 1172              	.LASF47:
 1173 01d1 4359424C 		.ascii	"CYBLE_EVT_GAP_SMP_LOC_P256_KEYS_GEN_AND_SET_COMPLET"
 1173      455F4556 
 1173      545F4741 
 1173      505F534D 
 1173      505F4C4F 
 1174 0204 4500     		.ascii	"E\000"
 1175              	.LASF51:
 1176 0206 4359424C 		.ascii	"CYBLE_EVT_GATTS_XCNHG_MTU_REQ\000"
 1176      455F4556 
 1176      545F4741 
 1176      5454535F 
 1176      58434E48 
 1177              	.LASF116:
 1178 0224 474E5520 		.ascii	"GNU C11 5.4.1 20160609 (release) [ARM/embedded-5-br"
 1178      43313120 
 1178      352E342E 
 1178      31203230 
 1178      31363036 
 1179 0257 616E6368 		.ascii	"anch revision 237715] -mcpu=cortex-m0 -mthumb -g -O"
 1179      20726576 
 1179      6973696F 
 1179      6E203233 
 1179      37373135 
 1180 028a 67202D66 		.ascii	"g -ffunction-sections -ffat-lto-objects\000"
 1180      66756E63 
ARM GAS  C:\Users\Roi\AppData\Local\Temp\ccvMysHr.s 			page 24


 1180      74696F6E 
 1180      2D736563 
 1180      74696F6E 
 1181              	.LASF36:
 1182 02b2 4359424C 		.ascii	"CYBLE_EVT_GAP_KEYINFO_EXCHNGE_CMPLT\000"
 1182      455F4556 
 1182      545F4741 
 1182      505F4B45 
 1182      59494E46 
 1183              	.LASF59:
 1184 02d6 4359424C 		.ascii	"CYBLE_EVT_GATTC_READ_MULTI_RSP\000"
 1184      455F4556 
 1184      545F4741 
 1184      5454435F 
 1184      52454144 
 1185              	.LASF68:
 1186 02f5 4359424C 		.ascii	"CYBLE_EVT_GATTS_HANDLE_VALUE_CNF\000"
 1186      455F4556 
 1186      545F4741 
 1186      5454535F 
 1186      48414E44 
 1187              	.LASF17:
 1188 0316 4359424C 		.ascii	"CYBLE_EVT_HOST_INVALID\000"
 1188      455F4556 
 1188      545F484F 
 1188      53545F49 
 1188      4E56414C 
 1189              	.LASF76:
 1190 032d 4359424C 		.ascii	"CYBLE_EVT_L2CAP_CBFC_CONN_IND\000"
 1190      455F4556 
 1190      545F4C32 
 1190      4341505F 
 1190      43424643 
 1191              	.LASF79:
 1192 034b 4359424C 		.ascii	"CYBLE_EVT_L2CAP_CBFC_DISCONN_CNF\000"
 1192      455F4556 
 1192      545F4C32 
 1192      4341505F 
 1192      43424643 
 1193              	.LASF95:
 1194 036c 62644861 		.ascii	"bdHandle\000"
 1194      6E646C65 
 1194      00
 1195              	.LASF12:
 1196 0375 666C6F61 		.ascii	"float\000"
 1196      7400
 1197              	.LASF57:
 1198 037b 4359424C 		.ascii	"CYBLE_EVT_GATTC_READ_RSP\000"
 1198      455F4556 
 1198      545F4741 
 1198      5454435F 
 1198      52454144 
 1199              	.LASF37:
 1200 0394 4359424C 		.ascii	"CYBLE_EVT_GAP_NUMERIC_COMPARISON_REQUEST\000"
 1200      455F4556 
 1200      545F4741 
 1200      505F4E55 
ARM GAS  C:\Users\Roi\AppData\Local\Temp\ccvMysHr.s 			page 25


 1200      4D455249 
 1201              	.LASF42:
 1202 03bd 4359424C 		.ascii	"CYBLE_EVT_GAPC_DIRECT_ADV_REPORT\000"
 1202      455F4556 
 1202      545F4741 
 1202      50435F44 
 1202      49524543 
 1203              	.LASF7:
 1204 03de 6C6F6E67 		.ascii	"long long unsigned int\000"
 1204      206C6F6E 
 1204      6720756E 
 1204      7369676E 
 1204      65642069 
 1205              	.LASF114:
 1206 03f5 4379426C 		.ascii	"CyBle_EnterLPM\000"
 1206      655F456E 
 1206      7465724C 
 1206      504D00
 1207              	.LASF46:
 1208 0404 4359424C 		.ascii	"CYBLE_EVT_GAP_AUTH_REQ_REPLY_ERR\000"
 1208      455F4556 
 1208      545F4741 
 1208      505F4155 
 1208      54485F52 
 1209              	.LASF4:
 1210 0425 6C6F6E67 		.ascii	"long int\000"
 1210      20696E74 
 1210      00
 1211              	.LASF67:
 1212 042e 4359424C 		.ascii	"CYBLE_EVT_GATTC_HANDLE_VALUE_IND\000"
 1212      455F4556 
 1212      545F4741 
 1212      5454435F 
 1212      48414E44 
 1213              	.LASF113:
 1214 044f 4379426C 		.ascii	"CyBle_ProcessEvents\000"
 1214      655F5072 
 1214      6F636573 
 1214      73457665 
 1214      6E747300 
 1215              	.LASF31:
 1216 0463 4359424C 		.ascii	"CYBLE_EVT_GAP_DEVICE_CONNECTED\000"
 1216      455F4556 
 1216      545F4741 
 1216      505F4445 
 1216      56494345 
 1217              	.LASF30:
 1218 0482 4359424C 		.ascii	"CYBLE_EVT_GAPP_ADVERTISEMENT_START_STOP\000"
 1218      455F4556 
 1218      545F4741 
 1218      50505F41 
 1218      44564552 
 1219              	.LASF66:
 1220 04aa 4359424C 		.ascii	"CYBLE_EVT_GATTC_HANDLE_VALUE_NTF\000"
 1220      455F4556 
 1220      545F4741 
 1220      5454435F 
ARM GAS  C:\Users\Roi\AppData\Local\Temp\ccvMysHr.s 			page 26


 1220      48414E44 
 1221              	.LASF22:
 1222 04cb 4359424C 		.ascii	"CYBLE_EVT_STACK_BUSY_STATUS\000"
 1222      455F4556 
 1222      545F5354 
 1222      41434B5F 
 1222      42555359 
 1223              	.LASF105:
 1224 04e7 4359424C 		.ascii	"CYBLE_GATTS_WRITE_REQ_PARAM_T\000"
 1224      455F4741 
 1224      5454535F 
 1224      57524954 
 1224      455F5245 
 1225              	.LASF27:
 1226 0505 4359424C 		.ascii	"CYBLE_EVT_GAP_PASSKEY_DISPLAY_REQUEST\000"
 1226      455F4556 
 1226      545F4741 
 1226      505F5041 
 1226      53534B45 
 1227              	.LASF91:
 1228 052b 4359424C 		.ascii	"CYBLE_BLESS_DEEPSLEEP\000"
 1228      455F424C 
 1228      4553535F 
 1228      44454550 
 1228      534C4545 
 1229              	.LASF77:
 1230 0541 4359424C 		.ascii	"CYBLE_EVT_L2CAP_CBFC_CONN_CNF\000"
 1230      455F4556 
 1230      545F4C32 
 1230      4341505F 
 1230      43424643 
 1231              	.LASF41:
 1232 055f 4359424C 		.ascii	"CYBLE_EVT_GAP_ENHANCE_CONN_COMPLETE\000"
 1232      455F4556 
 1232      545F4741 
 1232      505F454E 
 1232      48414E43 
 1233              	.LASF112:
 1234 0583 4379426C 		.ascii	"CyBle_GappStartAdvertisement\000"
 1234      655F4761 
 1234      70705374 
 1234      61727441 
 1234      64766572 
 1235              	.LASF73:
 1236 05a0 4359424C 		.ascii	"CYBLE_EVT_L2CAP_CONN_PARAM_UPDATE_REQ\000"
 1236      455F4556 
 1236      545F4C32 
 1236      4341505F 
 1236      434F4E4E 
 1237              	.LASF1:
 1238 05c6 756E7369 		.ascii	"unsigned char\000"
 1238      676E6564 
 1238      20636861 
 1238      7200
 1239              	.LASF63:
 1240 05d4 4359424C 		.ascii	"CYBLE_EVT_GATTS_PREP_WRITE_REQ\000"
 1240      455F4556 
ARM GAS  C:\Users\Roi\AppData\Local\Temp\ccvMysHr.s 			page 27


 1240      545F4741 
 1240      5454535F 
 1240      50524550 
 1241              	.LASF85:
 1242 05f3 4359424C 		.ascii	"CYBLE_EVT_LE_PING_AUTH_TIMEOUT\000"
 1242      455F4556 
 1242      545F4C45 
 1242      5F50494E 
 1242      475F4155 
 1243              	.LASF55:
 1244 0612 4359424C 		.ascii	"CYBLE_EVT_GATTC_FIND_INFO_RSP\000"
 1244      455F4556 
 1244      545F4741 
 1244      5454435F 
 1244      46494E44 
 1245              	.LASF0:
 1246 0630 7369676E 		.ascii	"signed char\000"
 1246      65642063 
 1246      68617200 
 1247              	.LASF60:
 1248 063c 4359424C 		.ascii	"CYBLE_EVT_GATTS_WRITE_REQ\000"
 1248      455F4556 
 1248      545F4741 
 1248      5454535F 
 1248      57524954 
 1249              	.LASF56:
 1250 0656 4359424C 		.ascii	"CYBLE_EVT_GATTC_FIND_BY_TYPE_VALUE_RSP\000"
 1250      455F4556 
 1250      545F4741 
 1250      5454435F 
 1250      46494E44 
 1251              	.LASF28:
 1252 067d 4359424C 		.ascii	"CYBLE_EVT_GAP_AUTH_COMPLETE\000"
 1252      455F4556 
 1252      545F4741 
 1252      505F4155 
 1252      54485F43 
 1253              	.LASF8:
 1254 0699 756E7369 		.ascii	"unsigned int\000"
 1254      676E6564 
 1254      20696E74 
 1254      00
 1255              	.LASF49:
 1256 06a6 4359424C 		.ascii	"CYBLE_EVT_GATT_CONNECT_IND\000"
 1256      455F4556 
 1256      545F4741 
 1256      54545F43 
 1256      4F4E4E45 
 1257              	.LASF5:
 1258 06c1 6C6F6E67 		.ascii	"long unsigned int\000"
 1258      20756E73 
 1258      69676E65 
 1258      6420696E 
 1258      7400
 1259              	.LASF25:
 1260 06d3 4359424C 		.ascii	"CYBLE_EVT_GAP_AUTH_REQ\000"
 1260      455F4556 
ARM GAS  C:\Users\Roi\AppData\Local\Temp\ccvMysHr.s 			page 28


 1260      545F4741 
 1260      505F4155 
 1260      54485F52 
 1261              	.LASF96:
 1262 06ea 61747449 		.ascii	"attId\000"
 1262      6400
 1263              	.LASF78:
 1264 06f0 4359424C 		.ascii	"CYBLE_EVT_L2CAP_CBFC_DISCONN_IND\000"
 1264      455F4556 
 1264      545F4C32 
 1264      4341505F 
 1264      43424643 
 1265              	.LASF33:
 1266 0711 4359424C 		.ascii	"CYBLE_EVT_GAP_ENCRYPT_CHANGE\000"
 1266      455F4556 
 1266      545F4741 
 1266      505F454E 
 1266      43525950 
 1267              	.LASF103:
 1268 072e 636F6E6E 		.ascii	"connHandle\000"
 1268      48616E64 
 1268      6C6500
 1269              	.LASF118:
 1270 0739 443A5C62 		.ascii	"D:\\bachelor_work\\program\\Goal\\SmartBoy.cydsn\000"
 1270      61636865 
 1270      6C6F725F 
 1270      776F726B 
 1270      5C70726F 
 1271              	.LASF72:
 1272 0766 4359424C 		.ascii	"CYBLE_EVT_GATTC_LONG_PROCEDURE_END\000"
 1272      455F4556 
 1272      545F4741 
 1272      5454435F 
 1272      4C4F4E47 
 1273              	.LASF90:
 1274 0789 4359424C 		.ascii	"CYBLE_BLESS_SLEEP\000"
 1274      455F424C 
 1274      4553535F 
 1274      534C4545 
 1274      5000
 1275              	.LASF110:
 1276 079b 6D61696E 		.ascii	"main_loop\000"
 1276      5F6C6F6F 
 1276      7000
 1277              	.LASF34:
 1278 07a5 4359424C 		.ascii	"CYBLE_EVT_GAP_CONNECTION_UPDATE_COMPLETE\000"
 1278      455F4556 
 1278      545F4741 
 1278      505F434F 
 1278      4E4E4543 
 1279              	.LASF43:
 1280 07ce 4359424C 		.ascii	"CYBLE_EVT_GAP_SMP_NEGOTIATED_AUTH_INFO\000"
 1280      455F4556 
 1280      545F4741 
 1280      505F534D 
 1280      505F4E45 
 1281              	.LASF14:
ARM GAS  C:\Users\Roi\AppData\Local\Temp\ccvMysHr.s 			page 29


 1282 07f5 63686172 		.ascii	"char\000"
 1282      00
 1283              	.LASF99:
 1284 07fa 4359424C 		.ascii	"CYBLE_GATT_VALUE_T\000"
 1284      455F4741 
 1284      54545F56 
 1284      414C5545 
 1284      5F5400
 1285              	.LASF75:
 1286 080d 4359424C 		.ascii	"CYBLE_EVT_L2CAP_COMMAND_REJ\000"
 1286      455F4556 
 1286      545F4C32 
 1286      4341505F 
 1286      434F4D4D 
 1287              	.LASF3:
 1288 0829 73686F72 		.ascii	"short unsigned int\000"
 1288      7420756E 
 1288      7369676E 
 1288      65642069 
 1288      6E7400
 1289              	.LASF9:
 1290 083c 75696E74 		.ascii	"uint8\000"
 1290      3800
 1291              	.LASF44:
 1292 0842 4359424C 		.ascii	"CYBLE_EVT_GAP_CONN_ESTB\000"
 1292      455F4556 
 1292      545F4741 
 1292      505F434F 
 1292      4E4E5F45 
 1293              	.LASF104:
 1294 085a 68616E64 		.ascii	"handleValPair\000"
 1294      6C655661 
 1294      6C506169 
 1294      7200
 1295              	.LASF111:
 1296 0868 696E6974 		.ascii	"init_ble\000"
 1296      5F626C65 
 1296      00
 1297              	.LASF10:
 1298 0871 75696E74 		.ascii	"uint16\000"
 1298      313600
 1299              	.LASF58:
 1300 0878 4359424C 		.ascii	"CYBLE_EVT_GATTC_READ_BLOB_RSP\000"
 1300      455F4556 
 1300      545F4741 
 1300      5454435F 
 1300      52454144 
 1301              	.LASF65:
 1302 0896 4359424C 		.ascii	"CYBLE_EVT_GATTC_EXEC_WRITE_RSP\000"
 1302      455F4556 
 1302      545F4741 
 1302      5454435F 
 1302      45584543 
 1303              	.LASF11:
 1304 08b5 75696E74 		.ascii	"uint32\000"
 1304      333200
 1305              	.LASF84:
ARM GAS  C:\Users\Roi\AppData\Local\Temp\ccvMysHr.s 			page 30


 1306 08bc 4359424C 		.ascii	"CYBLE_EVT_PENDING_FLASH_WRITE\000"
 1306      455F4556 
 1306      545F5045 
 1306      4E44494E 
 1306      475F464C 
 1307              	.LASF81:
 1308 08da 4359424C 		.ascii	"CYBLE_EVT_L2CAP_CBFC_RX_CREDIT_IND\000"
 1308      455F4556 
 1308      545F4C32 
 1308      4341505F 
 1308      43424643 
 1309              	.LASF101:
 1310 08fd 61747472 		.ascii	"attrHandle\000"
 1310      48616E64 
 1310      6C6500
 1311              	.LASF13:
 1312 0908 646F7562 		.ascii	"double\000"
 1312      6C6500
 1313              	.LASF117:
 1314 090f 626C655F 		.ascii	"ble_server.c\000"
 1314      73657276 
 1314      65722E63 
 1314      00
 1315              	.LASF89:
 1316 091c 4359424C 		.ascii	"CYBLE_BLESS_ACTIVE\000"
 1316      455F424C 
 1316      4553535F 
 1316      41435449 
 1316      564500
 1317              	.LASF97:
 1318 092f 4359424C 		.ascii	"CYBLE_CONN_HANDLE_T\000"
 1318      455F434F 
 1318      4E4E5F48 
 1318      414E444C 
 1318      455F5400 
 1319              	.LASF102:
 1320 0943 4359424C 		.ascii	"CYBLE_GATT_HANDLE_VALUE_PAIR_T\000"
 1320      455F4741 
 1320      54545F48 
 1320      414E444C 
 1320      455F5641 
 1321              	.LASF82:
 1322 0962 4359424C 		.ascii	"CYBLE_EVT_L2CAP_CBFC_TX_CREDIT_IND\000"
 1322      455F4556 
 1322      545F4C32 
 1322      4341505F 
 1322      43424643 
 1323              	.LASF109:
 1324 0985 426C6543 		.ascii	"BleCallBack\000"
 1324      616C6C42 
 1324      61636B00 
 1325              	.LASF45:
 1326 0991 4359424C 		.ascii	"CYBLE_EVT_GAP_SCAN_REQ_RECVD\000"
 1326      455F4556 
 1326      545F4741 
 1326      505F5343 
 1326      414E5F52 
ARM GAS  C:\Users\Roi\AppData\Local\Temp\ccvMysHr.s 			page 31


 1327              	.LASF106:
 1328 09ae 4359424C 		.ascii	"CYBLE_GATTS_WRITE_CMD_REQ_PARAM_T\000"
 1328      455F4741 
 1328      5454535F 
 1328      57524954 
 1328      455F434D 
 1329              	.LASF93:
 1330 09d0 4359424C 		.ascii	"CYBLE_BLESS_INVALID\000"
 1330      455F424C 
 1330      4553535F 
 1330      494E5641 
 1330      4C494400 
 1331              	.LASF20:
 1332 09e4 4359424C 		.ascii	"CYBLE_EVT_HARDWARE_ERROR\000"
 1332      455F4556 
 1332      545F4841 
 1332      52445741 
 1332      52455F45 
 1333              	.LASF80:
 1334 09fd 4359424C 		.ascii	"CYBLE_EVT_L2CAP_CBFC_DATA_READ\000"
 1334      455F4556 
 1334      545F4C32 
 1334      4341505F 
 1334      43424643 
 1335              	.LASF74:
 1336 0a1c 4359424C 		.ascii	"CYBLE_EVT_L2CAP_CONN_PARAM_UPDATE_RSP\000"
 1336      455F4556 
 1336      545F4C32 
 1336      4341505F 
 1336      434F4E4E 
 1337              	.LASF24:
 1338 0a42 4359424C 		.ascii	"CYBLE_EVT_GAPC_SCAN_PROGRESS_RESULT\000"
 1338      455F4556 
 1338      545F4741 
 1338      50435F53 
 1338      43414E5F 
 1339              	.LASF120:
 1340 0a66 5254435F 		.ascii	"RTC_daysBeforeMonthTbl\000"
 1340      64617973 
 1340      4265666F 
 1340      72654D6F 
 1340      6E746854 
 1341              	.LASF53:
 1342 0a7d 4359424C 		.ascii	"CYBLE_EVT_GATTC_READ_BY_GROUP_TYPE_RSP\000"
 1342      455F4556 
 1342      545F4741 
 1342      5454435F 
 1342      52454144 
 1343              	.LASF62:
 1344 0aa4 4359424C 		.ascii	"CYBLE_EVT_GATTS_WRITE_CMD_REQ\000"
 1344      455F4556 
 1344      545F4741 
 1344      5454535F 
 1344      57524954 
 1345              	.LASF52:
 1346 0ac2 4359424C 		.ascii	"CYBLE_EVT_GATTC_XCHNG_MTU_RSP\000"
 1346      455F4556 
ARM GAS  C:\Users\Roi\AppData\Local\Temp\ccvMysHr.s 			page 32


 1346      545F4741 
 1346      5454435F 
 1346      5843484E 
 1347              	.LASF19:
 1348 0ae0 4359424C 		.ascii	"CYBLE_EVT_TIMEOUT\000"
 1348      455F4556 
 1348      545F5449 
 1348      4D454F55 
 1348      5400
 1349              	.LASF83:
 1350 0af2 4359424C 		.ascii	"CYBLE_EVT_L2CAP_CBFC_DATA_WRITE_IND\000"
 1350      455F4556 
 1350      545F4C32 
 1350      4341505F 
 1350      43424643 
 1351              	.LASF35:
 1352 0b16 4359424C 		.ascii	"CYBLE_EVT_GAPC_SCAN_START_STOP\000"
 1352      455F4556 
 1352      545F4741 
 1352      50435F53 
 1352      43414E5F 
 1353              	.LASF88:
 1354 0b35 4359424C 		.ascii	"CYBLE_EVT_MAX\000"
 1354      455F4556 
 1354      545F4D41 
 1354      5800
 1355              	.LASF98:
 1356 0b43 61637475 		.ascii	"actualLen\000"
 1356      616C4C65 
 1356      6E00
 1357              	.LASF71:
 1358 0b4d 4359424C 		.ascii	"CYBLE_EVT_GATTS_READ_CHAR_VAL_ACCESS_REQ\000"
 1358      455F4556 
 1358      545F4741 
 1358      5454535F 
 1358      52454144 
 1359              	.LASF70:
 1360 0b76 4359424C 		.ascii	"CYBLE_EVT_GATTC_STOP_CMD_COMPLETE\000"
 1360      455F4556 
 1360      545F4741 
 1360      5454435F 
 1360      53544F50 
 1361              	.LASF100:
 1362 0b98 76616C75 		.ascii	"value\000"
 1362      6500
 1363              	.LASF64:
 1364 0b9e 4359424C 		.ascii	"CYBLE_EVT_GATTS_EXEC_WRITE_REQ\000"
 1364      455F4556 
 1364      545F4741 
 1364      5454535F 
 1364      45584543 
 1365              	.LASF94:
 1366 0bbd 4359424C 		.ascii	"CYBLE_GATT_DB_ATTR_HANDLE_T\000"
 1366      455F4741 
 1366      54545F44 
 1366      425F4154 
 1366      54525F48 
ARM GAS  C:\Users\Roi\AppData\Local\Temp\ccvMysHr.s 			page 33


 1367              	.LASF108:
 1368 0bd9 6576656E 		.ascii	"eventParam\000"
 1368      74506172 
 1368      616D00
 1369              	.LASF69:
 1370 0be4 4359424C 		.ascii	"CYBLE_EVT_GATTS_DATA_SIGNED_CMD_REQ\000"
 1370      455F4556 
 1370      545F4741 
 1370      5454535F 
 1370      44415441 
 1371              	.LASF86:
 1372 0c08 4359424C 		.ascii	"CYBLE_EVT_HCI_PKT\000"
 1372      455F4556 
 1372      545F4843 
 1372      495F504B 
 1372      5400
 1373              	.LASF39:
 1374 0c1a 4359424C 		.ascii	"CYBLE_EVT_GAP_OOB_GENERATED_NOTIFICATION\000"
 1374      455F4556 
 1374      545F4741 
 1374      505F4F4F 
 1374      425F4745 
 1375              		.ident	"GCC: (GNU Tools for ARM Embedded Processors) 5.4.1 20160609 (release) [ARM/embedded-5-bran
