ARM GAS  C:\Users\Roi\AppData\Local\Temp\ccr6SNoH.s 			page 1


   1              		.syntax unified
   2              		.cpu cortex-m0
   3              		.fpu softvfp
   4              		.eabi_attribute 20, 1
   5              		.eabi_attribute 21, 1
   6              		.eabi_attribute 23, 3
   7              		.eabi_attribute 24, 1
   8              		.eabi_attribute 25, 1
   9              		.eabi_attribute 26, 1
  10              		.eabi_attribute 30, 1
  11              		.eabi_attribute 34, 0
  12              		.eabi_attribute 18, 4
  13              		.thumb
  14              		.syntax unified
  15              		.file	"ble_update.c"
  16              		.text
  17              	.Ltext0:
  18              		.cfi_sections	.debug_frame
  19              		.section	.text.read,"ax",%progbits
  20              		.align	2
  21              		.global	read
  22              		.code	16
  23              		.thumb_func
  24              		.type	read, %function
  25              	read:
  26              	.LFB36:
  27              		.file 1 "ble_update.c"
   1:ble_update.c  **** #include "smartboy.h"
   2:ble_update.c  **** 
   3:ble_update.c  **** void read(void) {  
  28              		.loc 1 3 0
  29              		.cfi_startproc
  30              		@ args = 0, pretend = 0, frame = 16
  31              		@ frame_needed = 0, uses_anonymous_args = 0
  32 0000 00B5     		push	{lr}
  33              		.cfi_def_cfa_offset 4
  34              		.cfi_offset 14, -4
  35 0002 85B0     		sub	sp, sp, #20
  36              		.cfi_def_cfa_offset 24
   4:ble_update.c  ****     CYBLE_GATTS_HANDLE_VALUE_NTF_T tempHandle;
   5:ble_update.c  ****     
   6:ble_update.c  ****     uint16 LED_Conect_State = 1;
  37              		.loc 1 6 0
  38 0004 6B46     		mov	r3, sp
  39 0006 9A1C     		adds	r2, r3, #2
  40 0008 0123     		movs	r3, #1
  41 000a 1380     		strh	r3, [r2]
   7:ble_update.c  ****     
   8:ble_update.c  ****     tempHandle.attrHandle = CYBLE_SWITCH_FAUCET_CHAR_HANDLE;
  42              		.loc 1 8 0
  43 000c 01A8     		add	r0, sp, #4
  44 000e 1221     		movs	r1, #18
  45 0010 0181     		strh	r1, [r0, #8]
   9:ble_update.c  ****     tempHandle.value.val = (uint8 *) &LED_Conect_State;
  46              		.loc 1 9 0
  47 0012 0192     		str	r2, [sp, #4]
  10:ble_update.c  ****     tempHandle.value.len = 1;
ARM GAS  C:\Users\Roi\AppData\Local\Temp\ccr6SNoH.s 			page 2


  48              		.loc 1 10 0
  49 0014 8380     		strh	r3, [r0, #4]
  11:ble_update.c  ****     CyBle_GattsWriteAttributeValue(&tempHandle, 0, &cyBle_connHandle,CYBLE_GATT_DB_LOCALLY_INITIATE
  50              		.loc 1 11 0
  51 0016 0023     		movs	r3, #0
  52 0018 024A     		ldr	r2, .L2
  53 001a 0021     		movs	r1, #0
  54 001c FFF7FEFF 		bl	CyBle_GattsWriteAttributeValue
  55              	.LVL0:
  12:ble_update.c  **** }
  56              		.loc 1 12 0
  57 0020 05B0     		add	sp, sp, #20
  58              		@ sp needed
  59 0022 00BD     		pop	{pc}
  60              	.L3:
  61              		.align	2
  62              	.L2:
  63 0024 00000000 		.word	cyBle_connHandle
  64              		.cfi_endproc
  65              	.LFE36:
  66              		.size	read, .-read
  67              		.section	.text.write,"ax",%progbits
  68              		.align	2
  69              		.global	write
  70              		.code	16
  71              		.thumb_func
  72              		.type	write, %function
  73              	write:
  74              	.LFB37:
  13:ble_update.c  **** 
  14:ble_update.c  **** /**************************************************************************************************
  15:ble_update.c  **** 
  16:ble_update.c  **** void write(CYBLE_GATTS_WRITE_CMD_REQ_PARAM_T *wrReqParam) {
  75              		.loc 1 16 0
  76              		.cfi_startproc
  77              		@ args = 0, pretend = 0, frame = 0
  78              		@ frame_needed = 0, uses_anonymous_args = 0
  79              	.LVL1:
  80 0000 10B5     		push	{r4, lr}
  81              		.cfi_def_cfa_offset 8
  82              		.cfi_offset 4, -8
  83              		.cfi_offset 14, -4
  17:ble_update.c  ****     if(wrReqParam->handleValPair.attrHandle == CYBLE_SWITCH_FAUCET_CHAR_HANDLE) {
  84              		.loc 1 17 0
  85 0002 8389     		ldrh	r3, [r0, #12]
  86 0004 122B     		cmp	r3, #18
  87 0006 0ED1     		bne	.L4
  18:ble_update.c  ****         if(CYBLE_GATT_ERR_NONE == CyBle_GattsWriteAttributeValue(&wrReqParam->handleValPair, 0, &cy
  88              		.loc 1 18 0
  89 0008 0430     		adds	r0, r0, #4
  90              	.LVL2:
  91 000a 2E33     		adds	r3, r3, #46
  92 000c 064A     		ldr	r2, .L6
  93 000e 0021     		movs	r1, #0
  94 0010 FFF7FEFF 		bl	CyBle_GattsWriteAttributeValue
  95              	.LVL3:
  96 0014 0028     		cmp	r0, #0
ARM GAS  C:\Users\Roi\AppData\Local\Temp\ccr6SNoH.s 			page 3


  97 0016 06D1     		bne	.L4
  19:ble_update.c  ****             //wrReqParam->handleValPair.value.val[0];
  20:ble_update.c  ****             CyBle_GattsWriteRsp(cyBle_connHandle);
  98              		.loc 1 20 0
  99 0018 034A     		ldr	r2, .L6
 100 001a 1378     		ldrb	r3, [r2]
 101 001c 5078     		ldrb	r0, [r2, #1]
 102 001e 0002     		lsls	r0, r0, #8
 103 0020 1843     		orrs	r0, r3
 104 0022 FFF7FEFF 		bl	CyBle_GattsWriteRsp
 105              	.LVL4:
 106              	.L4:
  21:ble_update.c  ****         }
  22:ble_update.c  ****     }
  23:ble_update.c  **** }
 107              		.loc 1 23 0
 108              		@ sp needed
 109 0026 10BD     		pop	{r4, pc}
 110              	.L7:
 111              		.align	2
 112              	.L6:
 113 0028 00000000 		.word	cyBle_connHandle
 114              		.cfi_endproc
 115              	.LFE37:
 116              		.size	write, .-write
 117              		.text
 118              	.Letext0:
 119              		.file 2 "Generated_Source\\PSoC4/cytypes.h"
 120              		.file 3 "Generated_Source\\PSoC4/BLE_StackGatt.h"
 121              		.file 4 "Generated_Source\\PSoC4/BLE_StackGattServer.h"
 122              		.file 5 "Generated_Source\\PSoC4/BLE_StackGattDb.h"
 123              		.file 6 "Generated_Source\\PSoC4/BLE_eventHandler.h"
 124              		.section	.debug_info,"",%progbits
 125              	.Ldebug_info0:
 126 0000 4B030000 		.4byte	0x34b
 127 0004 0400     		.2byte	0x4
 128 0006 00000000 		.4byte	.Ldebug_abbrev0
 129 000a 04       		.byte	0x4
 130 000b 01       		.uleb128 0x1
 131 000c 9D010000 		.4byte	.LASF75
 132 0010 0C       		.byte	0xc
 133 0011 25040000 		.4byte	.LASF76
 134 0015 BD040000 		.4byte	.LASF77
 135 0019 00000000 		.4byte	.Ldebug_ranges0+0
 136 001d 00000000 		.4byte	0
 137 0021 00000000 		.4byte	.Ldebug_line0
 138 0025 02       		.uleb128 0x2
 139 0026 01       		.byte	0x1
 140 0027 06       		.byte	0x6
 141 0028 02040000 		.4byte	.LASF0
 142 002c 02       		.uleb128 0x2
 143 002d 01       		.byte	0x1
 144 002e 08       		.byte	0x8
 145 002f 77030000 		.4byte	.LASF1
 146 0033 02       		.uleb128 0x2
 147 0034 02       		.byte	0x2
 148 0035 05       		.byte	0x5
ARM GAS  C:\Users\Roi\AppData\Local\Temp\ccr6SNoH.s 			page 4


 149 0036 D1000000 		.4byte	.LASF2
 150 003a 02       		.uleb128 0x2
 151 003b 02       		.byte	0x2
 152 003c 07       		.byte	0x7
 153 003d EA040000 		.4byte	.LASF3
 154 0041 02       		.uleb128 0x2
 155 0042 04       		.byte	0x4
 156 0043 05       		.byte	0x5
 157 0044 D4020000 		.4byte	.LASF4
 158 0048 02       		.uleb128 0x2
 159 0049 04       		.byte	0x4
 160 004a 07       		.byte	0x7
 161 004b 9D060000 		.4byte	.LASF5
 162 004f 02       		.uleb128 0x2
 163 0050 08       		.byte	0x8
 164 0051 05       		.byte	0x5
 165 0052 A7020000 		.4byte	.LASF6
 166 0056 02       		.uleb128 0x2
 167 0057 08       		.byte	0x8
 168 0058 07       		.byte	0x7
 169 0059 0E040000 		.4byte	.LASF7
 170 005d 03       		.uleb128 0x3
 171 005e 04       		.byte	0x4
 172 005f 05       		.byte	0x5
 173 0060 696E7400 		.ascii	"int\000"
 174 0064 02       		.uleb128 0x2
 175 0065 04       		.byte	0x4
 176 0066 07       		.byte	0x7
 177 0067 32040000 		.4byte	.LASF8
 178 006b 04       		.uleb128 0x4
 179 006c CB050000 		.4byte	.LASF9
 180 0070 02       		.byte	0x2
 181 0071 E701     		.2byte	0x1e7
 182 0073 2C000000 		.4byte	0x2c
 183 0077 04       		.uleb128 0x4
 184 0078 96010000 		.4byte	.LASF10
 185 007c 02       		.byte	0x2
 186 007d E801     		.2byte	0x1e8
 187 007f 3A000000 		.4byte	0x3a
 188 0083 02       		.uleb128 0x2
 189 0084 04       		.byte	0x4
 190 0085 04       		.byte	0x4
 191 0086 9C020000 		.4byte	.LASF11
 192 008a 02       		.uleb128 0x2
 193 008b 08       		.byte	0x8
 194 008c 04       		.byte	0x4
 195 008d BA060000 		.4byte	.LASF12
 196 0091 02       		.uleb128 0x2
 197 0092 01       		.byte	0x1
 198 0093 08       		.byte	0x8
 199 0094 6A050000 		.4byte	.LASF13
 200 0098 02       		.uleb128 0x2
 201 0099 08       		.byte	0x8
 202 009a 04       		.byte	0x4
 203 009b 6B030000 		.4byte	.LASF14
 204 009f 02       		.uleb128 0x2
 205 00a0 04       		.byte	0x4
ARM GAS  C:\Users\Roi\AppData\Local\Temp\ccr6SNoH.s 			page 5


 206 00a1 07       		.byte	0x7
 207 00a2 DB000000 		.4byte	.LASF15
 208 00a6 05       		.uleb128 0x5
 209 00a7 04       		.byte	0x4
 210 00a8 6B000000 		.4byte	0x6b
 211 00ac 06       		.uleb128 0x6
 212 00ad 01       		.byte	0x1
 213 00ae 2C000000 		.4byte	0x2c
 214 00b2 03       		.byte	0x3
 215 00b3 A5       		.byte	0xa5
 216 00b4 A3010000 		.4byte	0x1a3
 217 00b8 07       		.uleb128 0x7
 218 00b9 BD000000 		.4byte	.LASF16
 219 00bd 00       		.byte	0
 220 00be 07       		.uleb128 0x7
 221 00bf 00000000 		.4byte	.LASF17
 222 00c3 01       		.byte	0x1
 223 00c4 07       		.uleb128 0x7
 224 00c5 2B020000 		.4byte	.LASF18
 225 00c9 02       		.byte	0x2
 226 00ca 07       		.uleb128 0x7
 227 00cb DD020000 		.4byte	.LASF19
 228 00cf 03       		.byte	0x3
 229 00d0 07       		.uleb128 0x7
 230 00d1 4F050000 		.4byte	.LASF20
 231 00d5 04       		.byte	0x4
 232 00d6 07       		.uleb128 0x7
 233 00d7 C8070000 		.4byte	.LASF21
 234 00db 05       		.byte	0x5
 235 00dc 07       		.uleb128 0x7
 236 00dd 6E020000 		.4byte	.LASF22
 237 00e1 06       		.byte	0x6
 238 00e2 07       		.uleb128 0x7
 239 00e3 9F040000 		.4byte	.LASF23
 240 00e7 07       		.byte	0x7
 241 00e8 07       		.uleb128 0x7
 242 00e9 7F080000 		.4byte	.LASF24
 243 00ed 08       		.byte	0x8
 244 00ee 07       		.uleb128 0x7
 245 00ef 0F080000 		.4byte	.LASF25
 246 00f3 09       		.byte	0x9
 247 00f4 07       		.uleb128 0x7
 248 00f5 6F050000 		.4byte	.LASF26
 249 00f9 0A       		.byte	0xa
 250 00fa 07       		.uleb128 0x7
 251 00fb 2B030000 		.4byte	.LASF27
 252 00ff 0B       		.byte	0xb
 253 0100 07       		.uleb128 0x7
 254 0101 56070000 		.4byte	.LASF28
 255 0105 0C       		.byte	0xc
 256 0106 07       		.uleb128 0x7
 257 0107 85030000 		.4byte	.LASF29
 258 010b 0D       		.byte	0xd
 259 010c 07       		.uleb128 0x7
 260 010d E4000000 		.4byte	.LASF30
 261 0111 0E       		.byte	0xe
 262 0112 07       		.uleb128 0x7
ARM GAS  C:\Users\Roi\AppData\Local\Temp\ccr6SNoH.s 			page 6


 263 0113 08060000 		.4byte	.LASF31
 264 0117 0F       		.byte	0xf
 265 0118 07       		.uleb128 0x7
 266 0119 3F040000 		.4byte	.LASF32
 267 011d 10       		.byte	0x10
 268 011e 07       		.uleb128 0x7
 269 011f 3A060000 		.4byte	.LASF33
 270 0123 11       		.byte	0x11
 271 0124 07       		.uleb128 0x7
 272 0125 6B040000 		.4byte	.LASF34
 273 0129 80       		.byte	0x80
 274 012a 07       		.uleb128 0x7
 275 012b 5D000000 		.4byte	.LASF35
 276 012f 80       		.byte	0x80
 277 0130 07       		.uleb128 0x7
 278 0131 24000000 		.4byte	.LASF36
 279 0135 80       		.byte	0x80
 280 0136 07       		.uleb128 0x7
 281 0137 21010000 		.4byte	.LASF37
 282 013b 80       		.byte	0x80
 283 013c 07       		.uleb128 0x7
 284 013d BE030000 		.4byte	.LASF38
 285 0141 80       		.byte	0x80
 286 0142 07       		.uleb128 0x7
 287 0143 FD040000 		.4byte	.LASF39
 288 0147 80       		.byte	0x80
 289 0148 07       		.uleb128 0x7
 290 0149 0F070000 		.4byte	.LASF40
 291 014d 80       		.byte	0x80
 292 014e 07       		.uleb128 0x7
 293 014f 89070000 		.4byte	.LASF41
 294 0153 80       		.byte	0x80
 295 0154 07       		.uleb128 0x7
 296 0155 00030000 		.4byte	.LASF42
 297 0159 81       		.byte	0x81
 298 015a 07       		.uleb128 0x7
 299 015b 4D020000 		.4byte	.LASF43
 300 015f 81       		.byte	0x81
 301 0160 07       		.uleb128 0x7
 302 0161 F4060000 		.4byte	.LASF44
 303 0165 81       		.byte	0x81
 304 0166 07       		.uleb128 0x7
 305 0167 DE030000 		.4byte	.LASF45
 306 016b 81       		.byte	0x81
 307 016c 07       		.uleb128 0x7
 308 016d A5050000 		.4byte	.LASF46
 309 0171 82       		.byte	0x82
 310 0172 07       		.uleb128 0x7
 311 0173 D1050000 		.4byte	.LASF47
 312 0177 A0       		.byte	0xa0
 313 0178 07       		.uleb128 0x7
 314 0179 A4070000 		.4byte	.LASF48
 315 017d A0       		.byte	0xa0
 316 017e 07       		.uleb128 0x7
 317 017f 2B050000 		.4byte	.LASF49
 318 0183 A1       		.byte	0xa1
 319 0184 07       		.uleb128 0x7
ARM GAS  C:\Users\Roi\AppData\Local\Temp\ccr6SNoH.s 			page 7


 320 0185 48080000 		.4byte	.LASF50
 321 0189 A2       		.byte	0xa2
 322 018a 07       		.uleb128 0x7
 323 018b 5F060000 		.4byte	.LASF51
 324 018f A3       		.byte	0xa3
 325 0190 07       		.uleb128 0x7
 326 0191 93000000 		.4byte	.LASF52
 327 0195 FD       		.byte	0xfd
 328 0196 07       		.uleb128 0x7
 329 0197 58010000 		.4byte	.LASF53
 330 019b FE       		.byte	0xfe
 331 019c 07       		.uleb128 0x7
 332 019d F3070000 		.4byte	.LASF54
 333 01a1 FF       		.byte	0xff
 334 01a2 00       		.byte	0
 335 01a3 04       		.uleb128 0x4
 336 01a4 81060000 		.4byte	.LASF55
 337 01a8 03       		.byte	0x3
 338 01a9 8901     		.2byte	0x189
 339 01ab 77000000 		.4byte	0x77
 340 01af 08       		.uleb128 0x8
 341 01b0 02       		.byte	0x2
 342 01b1 03       		.byte	0x3
 343 01b2 9301     		.2byte	0x193
 344 01b4 D3010000 		.4byte	0x1d3
 345 01b8 09       		.uleb128 0x9
 346 01b9 93020000 		.4byte	.LASF56
 347 01bd 03       		.byte	0x3
 348 01be 9A01     		.2byte	0x19a
 349 01c0 6B000000 		.4byte	0x6b
 350 01c4 00       		.byte	0
 351 01c5 09       		.uleb128 0x9
 352 01c6 65040000 		.4byte	.LASF57
 353 01ca 03       		.byte	0x3
 354 01cb A001     		.2byte	0x1a0
 355 01cd 6B000000 		.4byte	0x6b
 356 01d1 01       		.byte	0x1
 357 01d2 00       		.byte	0
 358 01d3 04       		.uleb128 0x4
 359 01d4 C1060000 		.4byte	.LASF58
 360 01d8 03       		.byte	0x3
 361 01d9 A201     		.2byte	0x1a2
 362 01db AF010000 		.4byte	0x1af
 363 01df 08       		.uleb128 0x8
 364 01e0 08       		.byte	0x8
 365 01e1 03       		.byte	0x3
 366 01e2 BE01     		.2byte	0x1be
 367 01e4 10020000 		.4byte	0x210
 368 01e8 0A       		.uleb128 0xa
 369 01e9 76616C00 		.ascii	"val\000"
 370 01ed 03       		.byte	0x3
 371 01ee C101     		.2byte	0x1c1
 372 01f0 A6000000 		.4byte	0xa6
 373 01f4 00       		.byte	0
 374 01f5 0A       		.uleb128 0xa
 375 01f6 6C656E00 		.ascii	"len\000"
 376 01fa 03       		.byte	0x3
ARM GAS  C:\Users\Roi\AppData\Local\Temp\ccr6SNoH.s 			page 8


 377 01fb C401     		.2byte	0x1c4
 378 01fd 77000000 		.4byte	0x77
 379 0201 04       		.byte	0x4
 380 0202 09       		.uleb128 0x9
 381 0203 7F070000 		.4byte	.LASF59
 382 0207 03       		.byte	0x3
 383 0208 CB01     		.2byte	0x1cb
 384 020a 77000000 		.4byte	0x77
 385 020e 06       		.byte	0x6
 386 020f 00       		.byte	0
 387 0210 04       		.uleb128 0x4
 388 0211 92050000 		.4byte	.LASF60
 389 0215 03       		.byte	0x3
 390 0216 CD01     		.2byte	0x1cd
 391 0218 DF010000 		.4byte	0x1df
 392 021c 08       		.uleb128 0x8
 393 021d 0C       		.byte	0xc
 394 021e 03       		.byte	0x3
 395 021f D001     		.2byte	0x1d0
 396 0221 40020000 		.4byte	0x240
 397 0225 09       		.uleb128 0x9
 398 0226 90010000 		.4byte	.LASF61
 399 022a 03       		.byte	0x3
 400 022b D301     		.2byte	0x1d3
 401 022d 10020000 		.4byte	0x210
 402 0231 00       		.byte	0
 403 0232 09       		.uleb128 0x9
 404 0233 AF060000 		.4byte	.LASF62
 405 0237 03       		.byte	0x3
 406 0238 D601     		.2byte	0x1d6
 407 023a A3010000 		.4byte	0x1a3
 408 023e 08       		.byte	0x8
 409 023f 00       		.byte	0
 410 0240 04       		.uleb128 0x4
 411 0241 D5060000 		.4byte	.LASF63
 412 0245 03       		.byte	0x3
 413 0246 D801     		.2byte	0x1d8
 414 0248 1C020000 		.4byte	0x21c
 415 024c 0B       		.uleb128 0xb
 416 024d B5020000 		.4byte	.LASF64
 417 0251 04       		.byte	0x4
 418 0252 34       		.byte	0x34
 419 0253 40020000 		.4byte	0x240
 420 0257 0C       		.uleb128 0xc
 421 0258 10       		.byte	0x10
 422 0259 04       		.byte	0x4
 423 025a 8A       		.byte	0x8a
 424 025b 78020000 		.4byte	0x278
 425 025f 0D       		.uleb128 0xd
 426 0260 52000000 		.4byte	.LASF65
 427 0264 04       		.byte	0x4
 428 0265 8D       		.byte	0x8d
 429 0266 D3010000 		.4byte	0x1d3
 430 026a 00       		.byte	0
 431 026b 0D       		.uleb128 0xd
 432 026c FA050000 		.4byte	.LASF66
 433 0270 04       		.byte	0x4
ARM GAS  C:\Users\Roi\AppData\Local\Temp\ccr6SNoH.s 			page 9


 434 0271 90       		.byte	0x90
 435 0272 40020000 		.4byte	0x240
 436 0276 04       		.byte	0x4
 437 0277 00       		.byte	0
 438 0278 0B       		.uleb128 0xb
 439 0279 4D030000 		.4byte	.LASF67
 440 027d 04       		.byte	0x4
 441 027e 92       		.byte	0x92
 442 027f 57020000 		.4byte	0x257
 443 0283 0B       		.uleb128 0xb
 444 0284 34070000 		.4byte	.LASF68
 445 0288 04       		.byte	0x4
 446 0289 95       		.byte	0x95
 447 028a 78020000 		.4byte	0x278
 448 028e 0E       		.uleb128 0xe
 449 028f A2020000 		.4byte	.LASF71
 450 0293 01       		.byte	0x1
 451 0294 03       		.byte	0x3
 452 0295 00000000 		.4byte	.LFB36
 453 0299 28000000 		.4byte	.LFE36-.LFB36
 454 029d 01       		.uleb128 0x1
 455 029e 9C       		.byte	0x9c
 456 029f DA020000 		.4byte	0x2da
 457 02a3 0F       		.uleb128 0xf
 458 02a4 2F060000 		.4byte	.LASF69
 459 02a8 01       		.byte	0x1
 460 02a9 04       		.byte	0x4
 461 02aa 4C020000 		.4byte	0x24c
 462 02ae 02       		.uleb128 0x2
 463 02af 91       		.byte	0x91
 464 02b0 6C       		.sleb128 -20
 465 02b1 0F       		.uleb128 0xf
 466 02b2 6E080000 		.4byte	.LASF70
 467 02b6 01       		.byte	0x1
 468 02b7 06       		.byte	0x6
 469 02b8 77000000 		.4byte	0x77
 470 02bc 02       		.uleb128 0x2
 471 02bd 91       		.byte	0x91
 472 02be 6A       		.sleb128 -22
 473 02bf 10       		.uleb128 0x10
 474 02c0 20000000 		.4byte	.LVL0
 475 02c4 36030000 		.4byte	0x336
 476 02c8 11       		.uleb128 0x11
 477 02c9 01       		.uleb128 0x1
 478 02ca 50       		.byte	0x50
 479 02cb 02       		.uleb128 0x2
 480 02cc 91       		.byte	0x91
 481 02cd 6C       		.sleb128 -20
 482 02ce 11       		.uleb128 0x11
 483 02cf 01       		.uleb128 0x1
 484 02d0 51       		.byte	0x51
 485 02d1 01       		.uleb128 0x1
 486 02d2 30       		.byte	0x30
 487 02d3 11       		.uleb128 0x11
 488 02d4 01       		.uleb128 0x1
 489 02d5 53       		.byte	0x53
 490 02d6 01       		.uleb128 0x1
ARM GAS  C:\Users\Roi\AppData\Local\Temp\ccr6SNoH.s 			page 10


 491 02d7 30       		.byte	0x30
 492 02d8 00       		.byte	0
 493 02d9 00       		.byte	0
 494 02da 0E       		.uleb128 0xe
 495 02db 1E000000 		.4byte	.LASF72
 496 02df 01       		.byte	0x1
 497 02e0 10       		.byte	0x10
 498 02e1 00000000 		.4byte	.LFB37
 499 02e5 2C000000 		.4byte	.LFE37-.LFB37
 500 02e9 01       		.uleb128 0x1
 501 02ea 9C       		.byte	0x9c
 502 02eb 24030000 		.4byte	0x324
 503 02ef 12       		.uleb128 0x12
 504 02f0 85010000 		.4byte	.LASF78
 505 02f4 01       		.byte	0x1
 506 02f5 10       		.byte	0x10
 507 02f6 24030000 		.4byte	0x324
 508 02fa 00000000 		.4byte	.LLST0
 509 02fe 13       		.uleb128 0x13
 510 02ff 14000000 		.4byte	.LVL3
 511 0303 36030000 		.4byte	0x336
 512 0307 1A030000 		.4byte	0x31a
 513 030b 11       		.uleb128 0x11
 514 030c 01       		.uleb128 0x1
 515 030d 50       		.byte	0x50
 516 030e 05       		.uleb128 0x5
 517 030f F3       		.byte	0xf3
 518 0310 01       		.uleb128 0x1
 519 0311 50       		.byte	0x50
 520 0312 23       		.byte	0x23
 521 0313 04       		.uleb128 0x4
 522 0314 11       		.uleb128 0x11
 523 0315 01       		.uleb128 0x1
 524 0316 51       		.byte	0x51
 525 0317 01       		.uleb128 0x1
 526 0318 30       		.byte	0x30
 527 0319 00       		.byte	0
 528 031a 14       		.uleb128 0x14
 529 031b 26000000 		.4byte	.LVL4
 530 031f 42030000 		.4byte	0x342
 531 0323 00       		.byte	0
 532 0324 05       		.uleb128 0x5
 533 0325 04       		.byte	0x4
 534 0326 83020000 		.4byte	0x283
 535 032a 15       		.uleb128 0x15
 536 032b 37080000 		.4byte	.LASF79
 537 032f 06       		.byte	0x6
 538 0330 170B     		.2byte	0xb17
 539 0332 D3010000 		.4byte	0x1d3
 540 0336 16       		.uleb128 0x16
 541 0337 02010000 		.4byte	.LASF73
 542 033b 02010000 		.4byte	.LASF73
 543 033f 05       		.byte	0x5
 544 0340 8401     		.2byte	0x184
 545 0342 16       		.uleb128 0x16
 546 0343 AA030000 		.4byte	.LASF74
 547 0347 AA030000 		.4byte	.LASF74
ARM GAS  C:\Users\Roi\AppData\Local\Temp\ccr6SNoH.s 			page 11


 548 034b 04       		.byte	0x4
 549 034c C201     		.2byte	0x1c2
 550 034e 00       		.byte	0
 551              		.section	.debug_abbrev,"",%progbits
 552              	.Ldebug_abbrev0:
 553 0000 01       		.uleb128 0x1
 554 0001 11       		.uleb128 0x11
 555 0002 01       		.byte	0x1
 556 0003 25       		.uleb128 0x25
 557 0004 0E       		.uleb128 0xe
 558 0005 13       		.uleb128 0x13
 559 0006 0B       		.uleb128 0xb
 560 0007 03       		.uleb128 0x3
 561 0008 0E       		.uleb128 0xe
 562 0009 1B       		.uleb128 0x1b
 563 000a 0E       		.uleb128 0xe
 564 000b 55       		.uleb128 0x55
 565 000c 17       		.uleb128 0x17
 566 000d 11       		.uleb128 0x11
 567 000e 01       		.uleb128 0x1
 568 000f 10       		.uleb128 0x10
 569 0010 17       		.uleb128 0x17
 570 0011 00       		.byte	0
 571 0012 00       		.byte	0
 572 0013 02       		.uleb128 0x2
 573 0014 24       		.uleb128 0x24
 574 0015 00       		.byte	0
 575 0016 0B       		.uleb128 0xb
 576 0017 0B       		.uleb128 0xb
 577 0018 3E       		.uleb128 0x3e
 578 0019 0B       		.uleb128 0xb
 579 001a 03       		.uleb128 0x3
 580 001b 0E       		.uleb128 0xe
 581 001c 00       		.byte	0
 582 001d 00       		.byte	0
 583 001e 03       		.uleb128 0x3
 584 001f 24       		.uleb128 0x24
 585 0020 00       		.byte	0
 586 0021 0B       		.uleb128 0xb
 587 0022 0B       		.uleb128 0xb
 588 0023 3E       		.uleb128 0x3e
 589 0024 0B       		.uleb128 0xb
 590 0025 03       		.uleb128 0x3
 591 0026 08       		.uleb128 0x8
 592 0027 00       		.byte	0
 593 0028 00       		.byte	0
 594 0029 04       		.uleb128 0x4
 595 002a 16       		.uleb128 0x16
 596 002b 00       		.byte	0
 597 002c 03       		.uleb128 0x3
 598 002d 0E       		.uleb128 0xe
 599 002e 3A       		.uleb128 0x3a
 600 002f 0B       		.uleb128 0xb
 601 0030 3B       		.uleb128 0x3b
 602 0031 05       		.uleb128 0x5
 603 0032 49       		.uleb128 0x49
 604 0033 13       		.uleb128 0x13
ARM GAS  C:\Users\Roi\AppData\Local\Temp\ccr6SNoH.s 			page 12


 605 0034 00       		.byte	0
 606 0035 00       		.byte	0
 607 0036 05       		.uleb128 0x5
 608 0037 0F       		.uleb128 0xf
 609 0038 00       		.byte	0
 610 0039 0B       		.uleb128 0xb
 611 003a 0B       		.uleb128 0xb
 612 003b 49       		.uleb128 0x49
 613 003c 13       		.uleb128 0x13
 614 003d 00       		.byte	0
 615 003e 00       		.byte	0
 616 003f 06       		.uleb128 0x6
 617 0040 04       		.uleb128 0x4
 618 0041 01       		.byte	0x1
 619 0042 0B       		.uleb128 0xb
 620 0043 0B       		.uleb128 0xb
 621 0044 49       		.uleb128 0x49
 622 0045 13       		.uleb128 0x13
 623 0046 3A       		.uleb128 0x3a
 624 0047 0B       		.uleb128 0xb
 625 0048 3B       		.uleb128 0x3b
 626 0049 0B       		.uleb128 0xb
 627 004a 01       		.uleb128 0x1
 628 004b 13       		.uleb128 0x13
 629 004c 00       		.byte	0
 630 004d 00       		.byte	0
 631 004e 07       		.uleb128 0x7
 632 004f 28       		.uleb128 0x28
 633 0050 00       		.byte	0
 634 0051 03       		.uleb128 0x3
 635 0052 0E       		.uleb128 0xe
 636 0053 1C       		.uleb128 0x1c
 637 0054 0B       		.uleb128 0xb
 638 0055 00       		.byte	0
 639 0056 00       		.byte	0
 640 0057 08       		.uleb128 0x8
 641 0058 13       		.uleb128 0x13
 642 0059 01       		.byte	0x1
 643 005a 0B       		.uleb128 0xb
 644 005b 0B       		.uleb128 0xb
 645 005c 3A       		.uleb128 0x3a
 646 005d 0B       		.uleb128 0xb
 647 005e 3B       		.uleb128 0x3b
 648 005f 05       		.uleb128 0x5
 649 0060 01       		.uleb128 0x1
 650 0061 13       		.uleb128 0x13
 651 0062 00       		.byte	0
 652 0063 00       		.byte	0
 653 0064 09       		.uleb128 0x9
 654 0065 0D       		.uleb128 0xd
 655 0066 00       		.byte	0
 656 0067 03       		.uleb128 0x3
 657 0068 0E       		.uleb128 0xe
 658 0069 3A       		.uleb128 0x3a
 659 006a 0B       		.uleb128 0xb
 660 006b 3B       		.uleb128 0x3b
 661 006c 05       		.uleb128 0x5
ARM GAS  C:\Users\Roi\AppData\Local\Temp\ccr6SNoH.s 			page 13


 662 006d 49       		.uleb128 0x49
 663 006e 13       		.uleb128 0x13
 664 006f 38       		.uleb128 0x38
 665 0070 0B       		.uleb128 0xb
 666 0071 00       		.byte	0
 667 0072 00       		.byte	0
 668 0073 0A       		.uleb128 0xa
 669 0074 0D       		.uleb128 0xd
 670 0075 00       		.byte	0
 671 0076 03       		.uleb128 0x3
 672 0077 08       		.uleb128 0x8
 673 0078 3A       		.uleb128 0x3a
 674 0079 0B       		.uleb128 0xb
 675 007a 3B       		.uleb128 0x3b
 676 007b 05       		.uleb128 0x5
 677 007c 49       		.uleb128 0x49
 678 007d 13       		.uleb128 0x13
 679 007e 38       		.uleb128 0x38
 680 007f 0B       		.uleb128 0xb
 681 0080 00       		.byte	0
 682 0081 00       		.byte	0
 683 0082 0B       		.uleb128 0xb
 684 0083 16       		.uleb128 0x16
 685 0084 00       		.byte	0
 686 0085 03       		.uleb128 0x3
 687 0086 0E       		.uleb128 0xe
 688 0087 3A       		.uleb128 0x3a
 689 0088 0B       		.uleb128 0xb
 690 0089 3B       		.uleb128 0x3b
 691 008a 0B       		.uleb128 0xb
 692 008b 49       		.uleb128 0x49
 693 008c 13       		.uleb128 0x13
 694 008d 00       		.byte	0
 695 008e 00       		.byte	0
 696 008f 0C       		.uleb128 0xc
 697 0090 13       		.uleb128 0x13
 698 0091 01       		.byte	0x1
 699 0092 0B       		.uleb128 0xb
 700 0093 0B       		.uleb128 0xb
 701 0094 3A       		.uleb128 0x3a
 702 0095 0B       		.uleb128 0xb
 703 0096 3B       		.uleb128 0x3b
 704 0097 0B       		.uleb128 0xb
 705 0098 01       		.uleb128 0x1
 706 0099 13       		.uleb128 0x13
 707 009a 00       		.byte	0
 708 009b 00       		.byte	0
 709 009c 0D       		.uleb128 0xd
 710 009d 0D       		.uleb128 0xd
 711 009e 00       		.byte	0
 712 009f 03       		.uleb128 0x3
 713 00a0 0E       		.uleb128 0xe
 714 00a1 3A       		.uleb128 0x3a
 715 00a2 0B       		.uleb128 0xb
 716 00a3 3B       		.uleb128 0x3b
 717 00a4 0B       		.uleb128 0xb
 718 00a5 49       		.uleb128 0x49
ARM GAS  C:\Users\Roi\AppData\Local\Temp\ccr6SNoH.s 			page 14


 719 00a6 13       		.uleb128 0x13
 720 00a7 38       		.uleb128 0x38
 721 00a8 0B       		.uleb128 0xb
 722 00a9 00       		.byte	0
 723 00aa 00       		.byte	0
 724 00ab 0E       		.uleb128 0xe
 725 00ac 2E       		.uleb128 0x2e
 726 00ad 01       		.byte	0x1
 727 00ae 3F       		.uleb128 0x3f
 728 00af 19       		.uleb128 0x19
 729 00b0 03       		.uleb128 0x3
 730 00b1 0E       		.uleb128 0xe
 731 00b2 3A       		.uleb128 0x3a
 732 00b3 0B       		.uleb128 0xb
 733 00b4 3B       		.uleb128 0x3b
 734 00b5 0B       		.uleb128 0xb
 735 00b6 27       		.uleb128 0x27
 736 00b7 19       		.uleb128 0x19
 737 00b8 11       		.uleb128 0x11
 738 00b9 01       		.uleb128 0x1
 739 00ba 12       		.uleb128 0x12
 740 00bb 06       		.uleb128 0x6
 741 00bc 40       		.uleb128 0x40
 742 00bd 18       		.uleb128 0x18
 743 00be 9742     		.uleb128 0x2117
 744 00c0 19       		.uleb128 0x19
 745 00c1 01       		.uleb128 0x1
 746 00c2 13       		.uleb128 0x13
 747 00c3 00       		.byte	0
 748 00c4 00       		.byte	0
 749 00c5 0F       		.uleb128 0xf
 750 00c6 34       		.uleb128 0x34
 751 00c7 00       		.byte	0
 752 00c8 03       		.uleb128 0x3
 753 00c9 0E       		.uleb128 0xe
 754 00ca 3A       		.uleb128 0x3a
 755 00cb 0B       		.uleb128 0xb
 756 00cc 3B       		.uleb128 0x3b
 757 00cd 0B       		.uleb128 0xb
 758 00ce 49       		.uleb128 0x49
 759 00cf 13       		.uleb128 0x13
 760 00d0 02       		.uleb128 0x2
 761 00d1 18       		.uleb128 0x18
 762 00d2 00       		.byte	0
 763 00d3 00       		.byte	0
 764 00d4 10       		.uleb128 0x10
 765 00d5 898201   		.uleb128 0x4109
 766 00d8 01       		.byte	0x1
 767 00d9 11       		.uleb128 0x11
 768 00da 01       		.uleb128 0x1
 769 00db 31       		.uleb128 0x31
 770 00dc 13       		.uleb128 0x13
 771 00dd 00       		.byte	0
 772 00de 00       		.byte	0
 773 00df 11       		.uleb128 0x11
 774 00e0 8A8201   		.uleb128 0x410a
 775 00e3 00       		.byte	0
ARM GAS  C:\Users\Roi\AppData\Local\Temp\ccr6SNoH.s 			page 15


 776 00e4 02       		.uleb128 0x2
 777 00e5 18       		.uleb128 0x18
 778 00e6 9142     		.uleb128 0x2111
 779 00e8 18       		.uleb128 0x18
 780 00e9 00       		.byte	0
 781 00ea 00       		.byte	0
 782 00eb 12       		.uleb128 0x12
 783 00ec 05       		.uleb128 0x5
 784 00ed 00       		.byte	0
 785 00ee 03       		.uleb128 0x3
 786 00ef 0E       		.uleb128 0xe
 787 00f0 3A       		.uleb128 0x3a
 788 00f1 0B       		.uleb128 0xb
 789 00f2 3B       		.uleb128 0x3b
 790 00f3 0B       		.uleb128 0xb
 791 00f4 49       		.uleb128 0x49
 792 00f5 13       		.uleb128 0x13
 793 00f6 02       		.uleb128 0x2
 794 00f7 17       		.uleb128 0x17
 795 00f8 00       		.byte	0
 796 00f9 00       		.byte	0
 797 00fa 13       		.uleb128 0x13
 798 00fb 898201   		.uleb128 0x4109
 799 00fe 01       		.byte	0x1
 800 00ff 11       		.uleb128 0x11
 801 0100 01       		.uleb128 0x1
 802 0101 31       		.uleb128 0x31
 803 0102 13       		.uleb128 0x13
 804 0103 01       		.uleb128 0x1
 805 0104 13       		.uleb128 0x13
 806 0105 00       		.byte	0
 807 0106 00       		.byte	0
 808 0107 14       		.uleb128 0x14
 809 0108 898201   		.uleb128 0x4109
 810 010b 00       		.byte	0
 811 010c 11       		.uleb128 0x11
 812 010d 01       		.uleb128 0x1
 813 010e 31       		.uleb128 0x31
 814 010f 13       		.uleb128 0x13
 815 0110 00       		.byte	0
 816 0111 00       		.byte	0
 817 0112 15       		.uleb128 0x15
 818 0113 34       		.uleb128 0x34
 819 0114 00       		.byte	0
 820 0115 03       		.uleb128 0x3
 821 0116 0E       		.uleb128 0xe
 822 0117 3A       		.uleb128 0x3a
 823 0118 0B       		.uleb128 0xb
 824 0119 3B       		.uleb128 0x3b
 825 011a 05       		.uleb128 0x5
 826 011b 49       		.uleb128 0x49
 827 011c 13       		.uleb128 0x13
 828 011d 3F       		.uleb128 0x3f
 829 011e 19       		.uleb128 0x19
 830 011f 3C       		.uleb128 0x3c
 831 0120 19       		.uleb128 0x19
 832 0121 00       		.byte	0
ARM GAS  C:\Users\Roi\AppData\Local\Temp\ccr6SNoH.s 			page 16


 833 0122 00       		.byte	0
 834 0123 16       		.uleb128 0x16
 835 0124 2E       		.uleb128 0x2e
 836 0125 00       		.byte	0
 837 0126 3F       		.uleb128 0x3f
 838 0127 19       		.uleb128 0x19
 839 0128 3C       		.uleb128 0x3c
 840 0129 19       		.uleb128 0x19
 841 012a 6E       		.uleb128 0x6e
 842 012b 0E       		.uleb128 0xe
 843 012c 03       		.uleb128 0x3
 844 012d 0E       		.uleb128 0xe
 845 012e 3A       		.uleb128 0x3a
 846 012f 0B       		.uleb128 0xb
 847 0130 3B       		.uleb128 0x3b
 848 0131 05       		.uleb128 0x5
 849 0132 00       		.byte	0
 850 0133 00       		.byte	0
 851 0134 00       		.byte	0
 852              		.section	.debug_loc,"",%progbits
 853              	.Ldebug_loc0:
 854              	.LLST0:
 855 0000 00000000 		.4byte	.LVL1
 856 0004 0A000000 		.4byte	.LVL2
 857 0008 0100     		.2byte	0x1
 858 000a 50       		.byte	0x50
 859 000b 0A000000 		.4byte	.LVL2
 860 000f 13000000 		.4byte	.LVL3-1
 861 0013 0300     		.2byte	0x3
 862 0015 70       		.byte	0x70
 863 0016 7C       		.sleb128 -4
 864 0017 9F       		.byte	0x9f
 865 0018 13000000 		.4byte	.LVL3-1
 866 001c 2C000000 		.4byte	.LFE37
 867 0020 0400     		.2byte	0x4
 868 0022 F3       		.byte	0xf3
 869 0023 01       		.uleb128 0x1
 870 0024 50       		.byte	0x50
 871 0025 9F       		.byte	0x9f
 872 0026 00000000 		.4byte	0
 873 002a 00000000 		.4byte	0
 874              		.section	.debug_aranges,"",%progbits
 875 0000 24000000 		.4byte	0x24
 876 0004 0200     		.2byte	0x2
 877 0006 00000000 		.4byte	.Ldebug_info0
 878 000a 04       		.byte	0x4
 879 000b 00       		.byte	0
 880 000c 0000     		.2byte	0
 881 000e 0000     		.2byte	0
 882 0010 00000000 		.4byte	.LFB36
 883 0014 28000000 		.4byte	.LFE36-.LFB36
 884 0018 00000000 		.4byte	.LFB37
 885 001c 2C000000 		.4byte	.LFE37-.LFB37
 886 0020 00000000 		.4byte	0
 887 0024 00000000 		.4byte	0
 888              		.section	.debug_ranges,"",%progbits
 889              	.Ldebug_ranges0:
ARM GAS  C:\Users\Roi\AppData\Local\Temp\ccr6SNoH.s 			page 17


 890 0000 00000000 		.4byte	.LFB36
 891 0004 28000000 		.4byte	.LFE36
 892 0008 00000000 		.4byte	.LFB37
 893 000c 2C000000 		.4byte	.LFE37
 894 0010 00000000 		.4byte	0
 895 0014 00000000 		.4byte	0
 896              		.section	.debug_line,"",%progbits
 897              	.Ldebug_line0:
 898 0000 CA000000 		.section	.debug_str,"MS",%progbits,1
 898      02009E00 
 898      00000201 
 898      FB0E0D00 
 898      01010101 
 899              	.LASF17:
 900 0000 4359424C 		.ascii	"CYBLE_GATT_ERR_INVALID_HANDLE\000"
 900      455F4741 
 900      54545F45 
 900      52525F49 
 900      4E56414C 
 901              	.LASF72:
 902 001e 77726974 		.ascii	"write\000"
 902      6500
 903              	.LASF36:
 904 0024 4359424C 		.ascii	"CYBLE_GATT_ERR_USER_DATA_ACCESS_NOT_PERMITTED\000"
 904      455F4741 
 904      54545F45 
 904      52525F55 
 904      5345525F 
 905              	.LASF65:
 906 0052 636F6E6E 		.ascii	"connHandle\000"
 906      48616E64 
 906      6C6500
 907              	.LASF35:
 908 005d 4359424C 		.ascii	"CYBLE_GATT_ERR_HEART_RATE_CONTROL_POINT_NOT_SUPPORT"
 908      455F4741 
 908      54545F45 
 908      52525F48 
 908      45415254 
 909 0090 454400   		.ascii	"ED\000"
 910              	.LASF52:
 911 0093 4359424C 		.ascii	"CYBLE_GATT_ERR_CCCD_IMPROPERLY_CONFIGURED\000"
 911      455F4741 
 911      54545F45 
 911      52525F43 
 911      4343445F 
 912              	.LASF16:
 913 00bd 4359424C 		.ascii	"CYBLE_GATT_ERR_NONE\000"
 913      455F4741 
 913      54545F45 
 913      52525F4E 
 913      4F4E4500 
 914              	.LASF2:
 915 00d1 73686F72 		.ascii	"short int\000"
 915      7420696E 
 915      7400
 916              	.LASF15:
 917 00db 73697A65 		.ascii	"sizetype\000"
ARM GAS  C:\Users\Roi\AppData\Local\Temp\ccr6SNoH.s 			page 18


 917      74797065 
 917      00
 918              	.LASF30:
 919 00e4 4359424C 		.ascii	"CYBLE_GATT_ERR_UNLIKELY_ERROR\000"
 919      455F4741 
 919      54545F45 
 919      52525F55 
 919      4E4C494B 
 920              	.LASF73:
 921 0102 4379426C 		.ascii	"CyBle_GattsWriteAttributeValue\000"
 921      655F4761 
 921      74747357 
 921      72697465 
 921      41747472 
 922              	.LASF37:
 923 0121 4359424C 		.ascii	"CYBLE_GATT_ERR_CPS_INAPPROPRIATE_CONNECTION_PARAMET"
 923      455F4741 
 923      54545F45 
 923      52525F43 
 923      50535F49 
 924 0154 45525300 		.ascii	"ERS\000"
 925              	.LASF53:
 926 0158 4359424C 		.ascii	"CYBLE_GATT_ERR_PROCEDURE_ALREADY_IN_PROGRESS\000"
 926      455F4741 
 926      54545F45 
 926      52525F50 
 926      524F4345 
 927              	.LASF78:
 928 0185 77725265 		.ascii	"wrReqParam\000"
 928      71506172 
 928      616D00
 929              	.LASF61:
 930 0190 76616C75 		.ascii	"value\000"
 930      6500
 931              	.LASF10:
 932 0196 75696E74 		.ascii	"uint16\000"
 932      313600
 933              	.LASF75:
 934 019d 474E5520 		.ascii	"GNU C11 5.4.1 20160609 (release) [ARM/embedded-5-br"
 934      43313120 
 934      352E342E 
 934      31203230 
 934      31363036 
 935 01d0 616E6368 		.ascii	"anch revision 237715] -mcpu=cortex-m0 -mthumb -g -O"
 935      20726576 
 935      6973696F 
 935      6E203233 
 935      37373135 
 936 0203 67202D66 		.ascii	"g -ffunction-sections -ffat-lto-objects\000"
 936      66756E63 
 936      74696F6E 
 936      2D736563 
 936      74696F6E 
 937              	.LASF18:
 938 022b 4359424C 		.ascii	"CYBLE_GATT_ERR_READ_NOT_PERMITTED\000"
 938      455F4741 
 938      54545F45 
ARM GAS  C:\Users\Roi\AppData\Local\Temp\ccr6SNoH.s 			page 19


 938      52525F52 
 938      4541445F 
 939              	.LASF43:
 940 024d 4359424C 		.ascii	"CYBLE_GATTS_ERR_OPERATION_FAILED\000"
 940      455F4741 
 940      5454535F 
 940      4552525F 
 940      4F504552 
 941              	.LASF22:
 942 026e 4359424C 		.ascii	"CYBLE_GATT_ERR_REQUEST_NOT_SUPPORTED\000"
 942      455F4741 
 942      54545F45 
 942      52525F52 
 942      45515545 
 943              	.LASF56:
 944 0293 62644861 		.ascii	"bdHandle\000"
 944      6E646C65 
 944      00
 945              	.LASF11:
 946 029c 666C6F61 		.ascii	"float\000"
 946      7400
 947              	.LASF71:
 948 02a2 72656164 		.ascii	"read\000"
 948      00
 949              	.LASF6:
 950 02a7 6C6F6E67 		.ascii	"long long int\000"
 950      206C6F6E 
 950      6720696E 
 950      7400
 951              	.LASF64:
 952 02b5 4359424C 		.ascii	"CYBLE_GATTS_HANDLE_VALUE_NTF_T\000"
 952      455F4741 
 952      5454535F 
 952      48414E44 
 952      4C455F56 
 953              	.LASF4:
 954 02d4 6C6F6E67 		.ascii	"long int\000"
 954      20696E74 
 954      00
 955              	.LASF19:
 956 02dd 4359424C 		.ascii	"CYBLE_GATT_ERR_WRITE_NOT_PERMITTED\000"
 956      455F4741 
 956      54545F45 
 956      52525F57 
 956      52495445 
 957              	.LASF42:
 958 0300 4359424C 		.ascii	"CYBLE_GATTS_ERR_CCCD_IMPROPERLY_CONFIGURED\000"
 958      455F4741 
 958      5454535F 
 958      4552525F 
 958      43434344 
 959              	.LASF27:
 960 032b 4359424C 		.ascii	"CYBLE_GATT_ERR_ATTRIBUTE_NOT_LONG\000"
 960      455F4741 
 960      54545F45 
 960      52525F41 
 960      54545249 
ARM GAS  C:\Users\Roi\AppData\Local\Temp\ccr6SNoH.s 			page 20


 961              	.LASF67:
 962 034d 4359424C 		.ascii	"CYBLE_GATTS_WRITE_REQ_PARAM_T\000"
 962      455F4741 
 962      5454535F 
 962      57524954 
 962      455F5245 
 963              	.LASF14:
 964 036b 6C6F6E67 		.ascii	"long double\000"
 964      20646F75 
 964      626C6500 
 965              	.LASF1:
 966 0377 756E7369 		.ascii	"unsigned char\000"
 966      676E6564 
 966      20636861 
 966      7200
 967              	.LASF29:
 968 0385 4359424C 		.ascii	"CYBLE_GATT_ERR_INVALID_ATTRIBUTE_LEN\000"
 968      455F4741 
 968      54545F45 
 968      52525F49 
 968      4E56414C 
 969              	.LASF74:
 970 03aa 4379426C 		.ascii	"CyBle_GattsWriteRsp\000"
 970      655F4761 
 970      74747357 
 970      72697465 
 970      52737000 
 971              	.LASF38:
 972 03be 4359424C 		.ascii	"CYBLE_GATT_ERR_HTS_OUT_OF_RANGE\000"
 972      455F4741 
 972      54545F45 
 972      52525F48 
 972      54535F4F 
 973              	.LASF45:
 974 03de 4359424C 		.ascii	"CYBLE_GATTS_ERR_HPS_INVALID_REQUEST\000"
 974      455F4741 
 974      5454535F 
 974      4552525F 
 974      4850535F 
 975              	.LASF0:
 976 0402 7369676E 		.ascii	"signed char\000"
 976      65642063 
 976      68617200 
 977              	.LASF7:
 978 040e 6C6F6E67 		.ascii	"long long unsigned int\000"
 978      206C6F6E 
 978      6720756E 
 978      7369676E 
 978      65642069 
 979              	.LASF76:
 980 0425 626C655F 		.ascii	"ble_update.c\000"
 980      75706461 
 980      74652E63 
 980      00
 981              	.LASF8:
 982 0432 756E7369 		.ascii	"unsigned int\000"
 982      676E6564 
ARM GAS  C:\Users\Roi\AppData\Local\Temp\ccr6SNoH.s 			page 21


 982      20696E74 
 982      00
 983              	.LASF32:
 984 043f 4359424C 		.ascii	"CYBLE_GATT_ERR_UNSUPPORTED_GROUP_TYPE\000"
 984      455F4741 
 984      54545F45 
 984      52525F55 
 984      4E535550 
 985              	.LASF57:
 986 0465 61747449 		.ascii	"attId\000"
 986      6400
 987              	.LASF34:
 988 046b 4359424C 		.ascii	"CYBLE_GATT_ERR_TRIGGER_CODITION_VALUE_NOT_SUPPORTED"
 988      455F4741 
 988      54545F45 
 988      52525F54 
 988      52494747 
 989 049e 00       		.ascii	"\000"
 990              	.LASF23:
 991 049f 4359424C 		.ascii	"CYBLE_GATT_ERR_INVALID_OFFSET\000"
 991      455F4741 
 991      54545F45 
 991      52525F49 
 991      4E56414C 
 992              	.LASF77:
 993 04bd 443A5C62 		.ascii	"D:\\bachelor_work\\program\\Goal\\SmartBoy.cydsn\000"
 993      61636865 
 993      6C6F725F 
 993      776F726B 
 993      5C70726F 
 994              	.LASF3:
 995 04ea 73686F72 		.ascii	"short unsigned int\000"
 995      7420756E 
 995      7369676E 
 995      65642069 
 995      6E7400
 996              	.LASF39:
 997 04fd 4359424C 		.ascii	"CYBLE_GATTS_ERR_PROCEDURE_ALREADY_IN_PROGRESS\000"
 997      455F4741 
 997      5454535F 
 997      4552525F 
 997      50524F43 
 998              	.LASF49:
 999 052b 4359424C 		.ascii	"CYBLE_GATT_ERR_ANCS_INVALID_COMMAND\000"
 999      455F4741 
 999      54545F45 
 999      52525F41 
 999      4E43535F 
 1000              	.LASF20:
 1001 054f 4359424C 		.ascii	"CYBLE_GATT_ERR_INVALID_PDU\000"
 1001      455F4741 
 1001      54545F45 
 1001      52525F49 
 1001      4E56414C 
 1002              	.LASF13:
 1003 056a 63686172 		.ascii	"char\000"
 1003      00
ARM GAS  C:\Users\Roi\AppData\Local\Temp\ccr6SNoH.s 			page 22


 1004              	.LASF26:
 1005 056f 4359424C 		.ascii	"CYBLE_GATT_ERR_ATTRIBUTE_NOT_FOUND\000"
 1005      455F4741 
 1005      54545F45 
 1005      52525F41 
 1005      54545249 
 1006              	.LASF60:
 1007 0592 4359424C 		.ascii	"CYBLE_GATT_VALUE_T\000"
 1007      455F4741 
 1007      54545F56 
 1007      414C5545 
 1007      5F5400
 1008              	.LASF46:
 1009 05a5 4359424C 		.ascii	"CYBLE_GATTS_ERR_NETWORK_NOT_AVAILABLE\000"
 1009      455F4741 
 1009      5454535F 
 1009      4552525F 
 1009      4E455457 
 1010              	.LASF9:
 1011 05cb 75696E74 		.ascii	"uint8\000"
 1011      3800
 1012              	.LASF47:
 1013 05d1 4359424C 		.ascii	"CYBLE_GATT_ERR_ANS_COMMAND_NOT_SUPPORTED\000"
 1013      455F4741 
 1013      54545F45 
 1013      52525F41 
 1013      4E535F43 
 1014              	.LASF66:
 1015 05fa 68616E64 		.ascii	"handleValPair\000"
 1015      6C655661 
 1015      6C506169 
 1015      7200
 1016              	.LASF31:
 1017 0608 4359424C 		.ascii	"CYBLE_GATT_ERR_INSUFFICIENT_ENCRYPTION\000"
 1017      455F4741 
 1017      54545F45 
 1017      52525F49 
 1017      4E535546 
 1018              	.LASF69:
 1019 062f 74656D70 		.ascii	"tempHandle\000"
 1019      48616E64 
 1019      6C6500
 1020              	.LASF33:
 1021 063a 4359424C 		.ascii	"CYBLE_GATT_ERR_INSUFFICIENT_RESOURCE\000"
 1021      455F4741 
 1021      54545F45 
 1021      52525F49 
 1021      4E535546 
 1022              	.LASF51:
 1023 065f 4359424C 		.ascii	"CYBLE_GATT_ERR_ANCS_ACTION_FAILED\000"
 1023      455F4741 
 1023      54545F45 
 1023      52525F41 
 1023      4E43535F 
 1024              	.LASF55:
 1025 0681 4359424C 		.ascii	"CYBLE_GATT_DB_ATTR_HANDLE_T\000"
 1025      455F4741 
ARM GAS  C:\Users\Roi\AppData\Local\Temp\ccr6SNoH.s 			page 23


 1025      54545F44 
 1025      425F4154 
 1025      54525F48 
 1026              	.LASF5:
 1027 069d 6C6F6E67 		.ascii	"long unsigned int\000"
 1027      20756E73 
 1027      69676E65 
 1027      6420696E 
 1027      7400
 1028              	.LASF62:
 1029 06af 61747472 		.ascii	"attrHandle\000"
 1029      48616E64 
 1029      6C6500
 1030              	.LASF12:
 1031 06ba 646F7562 		.ascii	"double\000"
 1031      6C6500
 1032              	.LASF58:
 1033 06c1 4359424C 		.ascii	"CYBLE_CONN_HANDLE_T\000"
 1033      455F434F 
 1033      4E4E5F48 
 1033      414E444C 
 1033      455F5400 
 1034              	.LASF63:
 1035 06d5 4359424C 		.ascii	"CYBLE_GATT_HANDLE_VALUE_PAIR_T\000"
 1035      455F4741 
 1035      54545F48 
 1035      414E444C 
 1035      455F5641 
 1036              	.LASF44:
 1037 06f4 4359424C 		.ascii	"CYBLE_GATT_ERR_INVALID_CRC\000"
 1037      455F4741 
 1037      54545F45 
 1037      52525F49 
 1037      4E56414C 
 1038              	.LASF40:
 1039 070f 4359424C 		.ascii	"CYBLE_GATT_ERR_OP_CODE_NOT_SUPPORTED\000"
 1039      455F4741 
 1039      54545F45 
 1039      52525F4F 
 1039      505F434F 
 1040              	.LASF68:
 1041 0734 4359424C 		.ascii	"CYBLE_GATTS_WRITE_CMD_REQ_PARAM_T\000"
 1041      455F4741 
 1041      5454535F 
 1041      57524954 
 1041      455F434D 
 1042              	.LASF28:
 1043 0756 4359424C 		.ascii	"CYBLE_GATT_ERR_INSUFFICIENT_ENC_KEY_SIZE\000"
 1043      455F4741 
 1043      54545F45 
 1043      52525F49 
 1043      4E535546 
 1044              	.LASF59:
 1045 077f 61637475 		.ascii	"actualLen\000"
 1045      616C4C65 
 1045      6E00
 1046              	.LASF41:
ARM GAS  C:\Users\Roi\AppData\Local\Temp\ccr6SNoH.s 			page 24


 1047 0789 4359424C 		.ascii	"CYBLE_GATT_ERR_MISSING_CRC\000"
 1047      455F4741 
 1047      54545F45 
 1047      52525F4D 
 1047      49535349 
 1048              	.LASF48:
 1049 07a4 4359424C 		.ascii	"CYBLE_GATT_ERR_ANCS_UNKNOWN_COMMAND\000"
 1049      455F4741 
 1049      54545F45 
 1049      52525F41 
 1049      4E43535F 
 1050              	.LASF21:
 1051 07c8 4359424C 		.ascii	"CYBLE_GATT_ERR_INSUFFICIENT_AUTHENTICATION\000"
 1051      455F4741 
 1051      54545F45 
 1051      52525F49 
 1051      4E535546 
 1052              	.LASF54:
 1053 07f3 4359424C 		.ascii	"CYBLE_GATT_ERR_OUT_OF_RANGE\000"
 1053      455F4741 
 1053      54545F45 
 1053      52525F4F 
 1053      55545F4F 
 1054              	.LASF25:
 1055 080f 4359424C 		.ascii	"CYBLE_GATT_ERR_PREPARE_WRITE_QUEUE_FULL\000"
 1055      455F4741 
 1055      54545F45 
 1055      52525F50 
 1055      52455041 
 1056              	.LASF79:
 1057 0837 6379426C 		.ascii	"cyBle_connHandle\000"
 1057      655F636F 
 1057      6E6E4861 
 1057      6E646C65 
 1057      00
 1058              	.LASF50:
 1059 0848 4359424C 		.ascii	"CYBLE_GATT_ERR_ANCS_INVALID_PARAMETER\000"
 1059      455F4741 
 1059      54545F45 
 1059      52525F41 
 1059      4E43535F 
 1060              	.LASF70:
 1061 086e 4C45445F 		.ascii	"LED_Conect_State\000"
 1061      436F6E65 
 1061      63745F53 
 1061      74617465 
 1061      00
 1062              	.LASF24:
 1063 087f 4359424C 		.ascii	"CYBLE_GATT_ERR_INSUFFICIENT_AUTHORIZATION\000"
 1063      455F4741 
 1063      54545F45 
 1063      52525F49 
 1063      4E535546 
 1064              		.ident	"GCC: (GNU Tools for ARM Embedded Processors) 5.4.1 20160609 (release) [ARM/embedded-5-bran
