ARM GAS  C:\Users\Roi\AppData\Local\Temp\ccySZKtB.s 			page 1


   1              		.syntax unified
   2              		.cpu cortex-m0
   3              		.fpu softvfp
   4              		.eabi_attribute 20, 1
   5              		.eabi_attribute 21, 1
   6              		.eabi_attribute 23, 3
   7              		.eabi_attribute 24, 1
   8              		.eabi_attribute 25, 1
   9              		.eabi_attribute 26, 1
  10              		.eabi_attribute 30, 1
  11              		.eabi_attribute 34, 0
  12              		.eabi_attribute 18, 4
  13              		.thumb
  14              		.syntax unified
  15              		.file	"buttons.c"
  16              		.text
  17              	.Ltext0:
  18              		.cfi_sections	.debug_frame
  19              		.section	.text.get_ble_mode,"ax",%progbits
  20              		.align	2
  21              		.global	get_ble_mode
  22              		.code	16
  23              		.thumb_func
  24              		.type	get_ble_mode, %function
  25              	get_ble_mode:
  26              	.LFB36:
  27              		.file 1 "buttons.c"
   1:buttons.c     **** #include "smartboy.h"
   2:buttons.c     **** 
   3:buttons.c     **** bool ble_mode = false;
   4:buttons.c     **** 
   5:buttons.c     **** bool get_ble_mode(void){
  28              		.loc 1 5 0
  29              		.cfi_startproc
  30              		@ args = 0, pretend = 0, frame = 0
  31              		@ frame_needed = 0, uses_anonymous_args = 0
  32              		@ link register save eliminated.
   6:buttons.c     ****     return ble_mode;
  33              		.loc 1 6 0
  34 0000 014B     		ldr	r3, .L2
  35 0002 1878     		ldrb	r0, [r3]
   7:buttons.c     **** }
  36              		.loc 1 7 0
  37              		@ sp needed
  38 0004 7047     		bx	lr
  39              	.L3:
  40 0006 C046     		.align	2
  41              	.L2:
  42 0008 00000000 		.word	.LANCHOR0
  43              		.cfi_endproc
  44              	.LFE36:
  45              		.size	get_ble_mode, .-get_ble_mode
  46              		.section	.text.Button_Reset_Int_Handler,"ax",%progbits
  47              		.align	2
  48              		.global	Button_Reset_Int_Handler
  49              		.code	16
  50              		.thumb_func
ARM GAS  C:\Users\Roi\AppData\Local\Temp\ccySZKtB.s 			page 2


  51              		.type	Button_Reset_Int_Handler, %function
  52              	Button_Reset_Int_Handler:
  53              	.LFB37:
   8:buttons.c     **** 
   9:buttons.c     **** CY_ISR(Button_Reset_Int_Handler) {
  54              		.loc 1 9 0
  55              		.cfi_startproc
  56              		@ args = 0, pretend = 0, frame = 0
  57              		@ frame_needed = 0, uses_anonymous_args = 0
  58 0000 10B5     		push	{r4, lr}
  59              		.cfi_def_cfa_offset 8
  60              		.cfi_offset 4, -8
  61              		.cfi_offset 14, -4
  10:buttons.c     ****     ble_mode = false;
  62              		.loc 1 10 0
  63 0002 0022     		movs	r2, #0
  64 0004 034B     		ldr	r3, .L5
  65 0006 1A70     		strb	r2, [r3]
  11:buttons.c     ****     change_mode();
  66              		.loc 1 11 0
  67 0008 FFF7FEFF 		bl	change_mode
  68              	.LVL0:
  12:buttons.c     ****     Button_Reset_ClearInterrupt();
  69              		.loc 1 12 0
  70 000c FFF7FEFF 		bl	Button_Reset_ClearInterrupt
  71              	.LVL1:
  13:buttons.c     **** }
  72              		.loc 1 13 0
  73              		@ sp needed
  74 0010 10BD     		pop	{r4, pc}
  75              	.L6:
  76 0012 C046     		.align	2
  77              	.L5:
  78 0014 00000000 		.word	.LANCHOR0
  79              		.cfi_endproc
  80              	.LFE37:
  81              		.size	Button_Reset_Int_Handler, .-Button_Reset_Int_Handler
  82              		.section	.text.Button_Scan_Int_Handler,"ax",%progbits
  83              		.align	2
  84              		.global	Button_Scan_Int_Handler
  85              		.code	16
  86              		.thumb_func
  87              		.type	Button_Scan_Int_Handler, %function
  88              	Button_Scan_Int_Handler:
  89              	.LFB38:
  14:buttons.c     **** 
  15:buttons.c     **** CY_ISR(Button_Scan_Int_Handler) {
  90              		.loc 1 15 0
  91              		.cfi_startproc
  92              		@ args = 0, pretend = 0, frame = 0
  93              		@ frame_needed = 0, uses_anonymous_args = 0
  94 0000 10B5     		push	{r4, lr}
  95              		.cfi_def_cfa_offset 8
  96              		.cfi_offset 4, -8
  97              		.cfi_offset 14, -4
  16:buttons.c     ****     ble_mode = !ble_mode;
  98              		.loc 1 16 0
ARM GAS  C:\Users\Roi\AppData\Local\Temp\ccySZKtB.s 			page 3


  99 0002 054A     		ldr	r2, .L8
 100 0004 1178     		ldrb	r1, [r2]
 101 0006 0123     		movs	r3, #1
 102 0008 4B40     		eors	r3, r1
 103 000a 1370     		strb	r3, [r2]
  17:buttons.c     ****     change_mode();
 104              		.loc 1 17 0
 105 000c FFF7FEFF 		bl	change_mode
 106              	.LVL2:
  18:buttons.c     ****     Button_Scan_ClearInterrupt();
 107              		.loc 1 18 0
 108 0010 FFF7FEFF 		bl	Button_Scan_ClearInterrupt
 109              	.LVL3:
  19:buttons.c     **** }
 110              		.loc 1 19 0
 111              		@ sp needed
 112 0014 10BD     		pop	{r4, pc}
 113              	.L9:
 114 0016 C046     		.align	2
 115              	.L8:
 116 0018 00000000 		.word	.LANCHOR0
 117              		.cfi_endproc
 118              	.LFE38:
 119              		.size	Button_Scan_Int_Handler, .-Button_Scan_Int_Handler
 120              		.global	ble_mode
 121              		.bss
 122              		.set	.LANCHOR0,. + 0
 123              		.type	ble_mode, %object
 124              		.size	ble_mode, 1
 125              	ble_mode:
 126 0000 00       		.space	1
 127              		.text
 128              	.Letext0:
 129              		.file 2 "Generated_Source\\PSoC4/BLE_Stack.h"
 130              		.file 3 "Generated_Source\\PSoC4/BLE_eventHandler.h"
 131              		.file 4 "ble_client.h"
 132              		.file 5 "Generated_Source\\PSoC4/Button_Reset.h"
 133              		.file 6 "Generated_Source\\PSoC4/Button_Scan.h"
 134              		.section	.debug_info,"",%progbits
 135              	.Ldebug_info0:
 136 0000 13030000 		.4byte	0x313
 137 0004 0400     		.2byte	0x4
 138 0006 00000000 		.4byte	.Ldebug_abbrev0
 139 000a 04       		.byte	0x4
 140 000b 01       		.uleb128 0x1
 141 000c D5010000 		.4byte	.LASF97
 142 0010 0C       		.byte	0xc
 143 0011 A6020000 		.4byte	.LASF98
 144 0015 95060000 		.4byte	.LASF99
 145 0019 00000000 		.4byte	.Ldebug_ranges0+0
 146 001d 00000000 		.4byte	0
 147 0021 00000000 		.4byte	.Ldebug_line0
 148 0025 02       		.uleb128 0x2
 149 0026 01       		.byte	0x1
 150 0027 06       		.byte	0x6
 151 0028 9D050000 		.4byte	.LASF0
 152 002c 02       		.uleb128 0x2
ARM GAS  C:\Users\Roi\AppData\Local\Temp\ccySZKtB.s 			page 4


 153 002d 01       		.byte	0x1
 154 002e 08       		.byte	0x8
 155 002f 33050000 		.4byte	.LASF1
 156 0033 02       		.uleb128 0x2
 157 0034 02       		.byte	0x2
 158 0035 05       		.byte	0x5
 159 0036 B1000000 		.4byte	.LASF2
 160 003a 02       		.uleb128 0x2
 161 003b 02       		.byte	0x2
 162 003c 07       		.byte	0x7
 163 003d E5060000 		.4byte	.LASF3
 164 0041 02       		.uleb128 0x2
 165 0042 04       		.byte	0x4
 166 0043 05       		.byte	0x5
 167 0044 F7030000 		.4byte	.LASF4
 168 0048 02       		.uleb128 0x2
 169 0049 04       		.byte	0x4
 170 004a 07       		.byte	0x7
 171 004b 2E060000 		.4byte	.LASF5
 172 004f 02       		.uleb128 0x2
 173 0050 08       		.byte	0x8
 174 0051 05       		.byte	0x5
 175 0052 2B010000 		.4byte	.LASF6
 176 0056 02       		.uleb128 0x2
 177 0057 08       		.byte	0x8
 178 0058 07       		.byte	0x7
 179 0059 A1030000 		.4byte	.LASF7
 180 005d 03       		.uleb128 0x3
 181 005e 04       		.byte	0x4
 182 005f 05       		.byte	0x5
 183 0060 696E7400 		.ascii	"int\000"
 184 0064 02       		.uleb128 0x2
 185 0065 04       		.byte	0x4
 186 0066 07       		.byte	0x7
 187 0067 06060000 		.4byte	.LASF8
 188 006b 02       		.uleb128 0x2
 189 006c 04       		.byte	0x4
 190 006d 04       		.byte	0x4
 191 006e 38030000 		.4byte	.LASF9
 192 0072 02       		.uleb128 0x2
 193 0073 08       		.byte	0x8
 194 0074 04       		.byte	0x4
 195 0075 95080000 		.4byte	.LASF10
 196 0079 02       		.uleb128 0x2
 197 007a 01       		.byte	0x1
 198 007b 08       		.byte	0x8
 199 007c 60070000 		.4byte	.LASF11
 200 0080 02       		.uleb128 0x2
 201 0081 08       		.byte	0x8
 202 0082 04       		.byte	0x4
 203 0083 01050000 		.4byte	.LASF12
 204 0087 02       		.uleb128 0x2
 205 0088 04       		.byte	0x4
 206 0089 07       		.byte	0x7
 207 008a 01010000 		.4byte	.LASF13
 208 008e 04       		.uleb128 0x4
 209 008f 01       		.byte	0x1
ARM GAS  C:\Users\Roi\AppData\Local\Temp\ccySZKtB.s 			page 5


 210 0090 2C000000 		.4byte	0x2c
 211 0094 02       		.byte	0x2
 212 0095 3501     		.2byte	0x135
 213 0097 4C020000 		.4byte	0x24c
 214 009b 05       		.uleb128 0x5
 215 009c D1020000 		.4byte	.LASF14
 216 00a0 00       		.byte	0
 217 00a1 05       		.uleb128 0x5
 218 00a2 6F010000 		.4byte	.LASF15
 219 00a6 01       		.byte	0x1
 220 00a7 05       		.uleb128 0x5
 221 00a8 160A0000 		.4byte	.LASF16
 222 00ac 02       		.byte	0x2
 223 00ad 05       		.uleb128 0x5
 224 00ae 04090000 		.4byte	.LASF17
 225 00b2 03       		.byte	0x3
 226 00b3 05       		.uleb128 0x5
 227 00b4 39010000 		.4byte	.LASF18
 228 00b8 04       		.byte	0x4
 229 00b9 05       		.uleb128 0x5
 230 00ba 88040000 		.4byte	.LASF19
 231 00be 05       		.byte	0x5
 232 00bf 05       		.uleb128 0x5
 233 00c0 5A000000 		.4byte	.LASF20
 234 00c4 06       		.byte	0x6
 235 00c5 05       		.uleb128 0x5
 236 00c6 62090000 		.4byte	.LASF21
 237 00ca 20       		.byte	0x20
 238 00cb 05       		.uleb128 0x5
 239 00cc 40060000 		.4byte	.LASF22
 240 00d0 21       		.byte	0x21
 241 00d1 05       		.uleb128 0x5
 242 00d2 1C000000 		.4byte	.LASF23
 243 00d6 22       		.byte	0x22
 244 00d7 05       		.uleb128 0x5
 245 00d8 8D070000 		.4byte	.LASF24
 246 00dc 23       		.byte	0x23
 247 00dd 05       		.uleb128 0x5
 248 00de EA050000 		.4byte	.LASF25
 249 00e2 24       		.byte	0x24
 250 00e3 05       		.uleb128 0x5
 251 00e4 BB000000 		.4byte	.LASF26
 252 00e8 25       		.byte	0x25
 253 00e9 05       		.uleb128 0x5
 254 00ea DC080000 		.4byte	.LASF27
 255 00ee 26       		.byte	0x26
 256 00ef 05       		.uleb128 0x5
 257 00f0 31040000 		.4byte	.LASF28
 258 00f4 27       		.byte	0x27
 259 00f5 05       		.uleb128 0x5
 260 00f6 AD0A0000 		.4byte	.LASF29
 261 00fa 28       		.byte	0x28
 262 00fb 05       		.uleb128 0x5
 263 00fc 78060000 		.4byte	.LASF30
 264 0100 29       		.byte	0x29
 265 0101 05       		.uleb128 0x5
 266 0102 10070000 		.4byte	.LASF31
ARM GAS  C:\Users\Roi\AppData\Local\Temp\ccySZKtB.s 			page 6


 267 0106 2A       		.byte	0x2a
 268 0107 05       		.uleb128 0x5
 269 0108 35080000 		.4byte	.LASF32
 270 010c 2B       		.byte	0x2b
 271 010d 05       		.uleb128 0x5
 272 010e 63020000 		.4byte	.LASF33
 273 0112 2C       		.byte	0x2c
 274 0113 05       		.uleb128 0x5
 275 0114 57030000 		.4byte	.LASF34
 276 0118 2D       		.byte	0x2d
 277 0119 05       		.uleb128 0x5
 278 011a 8D000000 		.4byte	.LASF35
 279 011e 2E       		.byte	0x2e
 280 011f 05       		.uleb128 0x5
 281 0120 050B0000 		.4byte	.LASF36
 282 0124 2F       		.byte	0x2f
 283 0125 05       		.uleb128 0x5
 284 0126 0A010000 		.4byte	.LASF37
 285 012a 30       		.byte	0x30
 286 012b 05       		.uleb128 0x5
 287 012c DD040000 		.4byte	.LASF38
 288 0130 31       		.byte	0x31
 289 0131 05       		.uleb128 0x5
 290 0132 80030000 		.4byte	.LASF39
 291 0136 32       		.byte	0x32
 292 0137 05       		.uleb128 0x5
 293 0138 39070000 		.4byte	.LASF40
 294 013c 33       		.byte	0x33
 295 013d 05       		.uleb128 0x5
 296 013e B9070000 		.4byte	.LASF41
 297 0142 34       		.byte	0x34
 298 0143 05       		.uleb128 0x5
 299 0144 BF080000 		.4byte	.LASF42
 300 0148 35       		.byte	0x35
 301 0149 05       		.uleb128 0x5
 302 014a D6030000 		.4byte	.LASF43
 303 014e 36       		.byte	0x36
 304 014f 05       		.uleb128 0x5
 305 0150 82010000 		.4byte	.LASF44
 306 0154 37       		.byte	0x37
 307 0155 05       		.uleb128 0x5
 308 0156 73000000 		.4byte	.LASF45
 309 015a 40       		.byte	0x40
 310 015b 05       		.uleb128 0x5
 311 015c 13060000 		.4byte	.LASF46
 312 0160 41       		.byte	0x41
 313 0161 05       		.uleb128 0x5
 314 0162 B8030000 		.4byte	.LASF47
 315 0166 42       		.byte	0x42
 316 0167 05       		.uleb128 0x5
 317 0168 B7010000 		.4byte	.LASF48
 318 016c 43       		.byte	0x43
 319 016d 05       		.uleb128 0x5
 320 016e D4090000 		.4byte	.LASF49
 321 0172 44       		.byte	0x44
 322 0173 05       		.uleb128 0x5
 323 0174 86090000 		.4byte	.LASF50
ARM GAS  C:\Users\Roi\AppData\Local\Temp\ccySZKtB.s 			page 7


 324 0178 45       		.byte	0x45
 325 0179 05       		.uleb128 0x5
 326 017a 4E010000 		.4byte	.LASF51
 327 017e 46       		.byte	0x46
 328 017f 05       		.uleb128 0x5
 329 0180 7F050000 		.4byte	.LASF52
 330 0184 47       		.byte	0x47
 331 0185 05       		.uleb128 0x5
 332 0186 C3050000 		.4byte	.LASF53
 333 018a 48       		.byte	0x48
 334 018b 05       		.uleb128 0x5
 335 018c 3E030000 		.4byte	.LASF54
 336 0190 49       		.byte	0x49
 337 0191 05       		.uleb128 0x5
 338 0192 E9070000 		.4byte	.LASF55
 339 0196 4A       		.byte	0x4a
 340 0197 05       		.uleb128 0x5
 341 0198 87020000 		.4byte	.LASF56
 342 019c 4B       		.byte	0x4b
 343 019d 05       		.uleb128 0x5
 344 019e A9050000 		.4byte	.LASF57
 345 01a2 4C       		.byte	0x4c
 346 01a3 05       		.uleb128 0x5
 347 01a4 40000000 		.4byte	.LASF58
 348 01a8 4D       		.byte	0x4d
 349 01a9 05       		.uleb128 0x5
 350 01aa AD090000 		.4byte	.LASF59
 351 01ae 4E       		.byte	0x4e
 352 01af 05       		.uleb128 0x5
 353 01b0 41050000 		.4byte	.LASF60
 354 01b4 4F       		.byte	0x4f
 355 01b5 05       		.uleb128 0x5
 356 01b6 810A0000 		.4byte	.LASF61
 357 01ba 50       		.byte	0x50
 358 01bb 05       		.uleb128 0x5
 359 01bc 16080000 		.4byte	.LASF62
 360 01c0 51       		.byte	0x51
 361 01c1 05       		.uleb128 0x5
 362 01c2 67040000 		.4byte	.LASF63
 363 01c6 52       		.byte	0x52
 364 01c7 05       		.uleb128 0x5
 365 01c8 00040000 		.4byte	.LASF64
 366 01cc 53       		.byte	0x53
 367 01cd 05       		.uleb128 0x5
 368 01ce B0020000 		.4byte	.LASF65
 369 01d2 54       		.byte	0x54
 370 01d3 05       		.uleb128 0x5
 371 01d4 CF0A0000 		.4byte	.LASF66
 372 01d8 55       		.byte	0x55
 373 01d9 05       		.uleb128 0x5
 374 01da 5F0A0000 		.4byte	.LASF67
 375 01de 56       		.byte	0x56
 376 01df 05       		.uleb128 0x5
 377 01e0 360A0000 		.4byte	.LASF68
 378 01e4 57       		.byte	0x57
 379 01e5 05       		.uleb128 0x5
 380 01e6 C2060000 		.4byte	.LASF69
ARM GAS  C:\Users\Roi\AppData\Local\Temp\ccySZKtB.s 			page 8


 381 01ea 58       		.byte	0x58
 382 01eb 05       		.uleb128 0x5
 383 01ec 0D050000 		.4byte	.LASF70
 384 01f0 70       		.byte	0x70
 385 01f1 05       		.uleb128 0x5
 386 01f2 3C090000 		.4byte	.LASF71
 387 01f6 71       		.byte	0x71
 388 01f7 05       		.uleb128 0x5
 389 01f8 71070000 		.4byte	.LASF72
 390 01fc 72       		.byte	0x72
 391 01fd 05       		.uleb128 0x5
 392 01fe F9020000 		.4byte	.LASF73
 393 0202 73       		.byte	0x73
 394 0203 05       		.uleb128 0x5
 395 0204 BF040000 		.4byte	.LASF74
 396 0208 74       		.byte	0x74
 397 0209 05       		.uleb128 0x5
 398 020a 57060000 		.4byte	.LASF75
 399 020e 75       		.byte	0x75
 400 020f 05       		.uleb128 0x5
 401 0210 17030000 		.4byte	.LASF76
 402 0214 76       		.byte	0x76
 403 0215 05       		.uleb128 0x5
 404 0216 1D090000 		.4byte	.LASF77
 405 021a 77       		.byte	0x77
 406 021b 05       		.uleb128 0x5
 407 021c 72080000 		.4byte	.LASF78
 408 0220 78       		.byte	0x78
 409 0221 05       		.uleb128 0x5
 410 0222 9C080000 		.4byte	.LASF79
 411 0226 79       		.byte	0x79
 412 0227 05       		.uleb128 0x5
 413 0228 F2090000 		.4byte	.LASF80
 414 022c 7A       		.byte	0x7a
 415 022d 05       		.uleb128 0x5
 416 022e 54080000 		.4byte	.LASF81
 417 0232 FA       		.byte	0xfa
 418 0233 05       		.uleb128 0x5
 419 0234 60050000 		.4byte	.LASF82
 420 0238 FB       		.byte	0xfb
 421 0239 05       		.uleb128 0x5
 422 023a F30A0000 		.4byte	.LASF83
 423 023e FC       		.byte	0xfc
 424 023f 05       		.uleb128 0x5
 425 0240 F8060000 		.4byte	.LASF84
 426 0244 FD       		.byte	0xfd
 427 0245 05       		.uleb128 0x5
 428 0246 280A0000 		.4byte	.LASF85
 429 024a FF       		.byte	0xff
 430 024b 00       		.byte	0
 431 024c 04       		.uleb128 0x4
 432 024d 01       		.byte	0x1
 433 024e 2C000000 		.4byte	0x2c
 434 0252 03       		.byte	0x3
 435 0253 EB08     		.2byte	0x8eb
 436 0255 78020000 		.4byte	0x278
 437 0259 05       		.uleb128 0x5
ARM GAS  C:\Users\Roi\AppData\Local\Temp\ccySZKtB.s 			page 9


 438 025a 07080000 		.4byte	.LASF86
 439 025e 00       		.byte	0
 440 025f 05       		.uleb128 0x5
 441 0260 21040000 		.4byte	.LASF87
 442 0264 01       		.byte	0x1
 443 0265 05       		.uleb128 0x5
 444 0266 EE000000 		.4byte	.LASF88
 445 026a 02       		.byte	0x2
 446 026b 05       		.uleb128 0x5
 447 026c 50040000 		.4byte	.LASF89
 448 0270 02       		.byte	0x2
 449 0271 05       		.uleb128 0x5
 450 0272 E8020000 		.4byte	.LASF90
 451 0276 03       		.byte	0x3
 452 0277 00       		.byte	0
 453 0278 06       		.uleb128 0x6
 454 0279 A00A0000 		.4byte	.LASF100
 455 027d 01       		.byte	0x1
 456 027e 05       		.byte	0x5
 457 027f 8D020000 		.4byte	0x28d
 458 0283 00000000 		.4byte	.LFB36
 459 0287 0C000000 		.4byte	.LFE36-.LFB36
 460 028b 01       		.uleb128 0x1
 461 028c 9C       		.byte	0x9c
 462 028d 02       		.uleb128 0x2
 463 028e 01       		.byte	0x1
 464 028f 02       		.byte	0x2
 465 0290 B3070000 		.4byte	.LASF91
 466 0294 07       		.uleb128 0x7
 467 0295 D5000000 		.4byte	.LASF92
 468 0299 01       		.byte	0x1
 469 029a 09       		.byte	0x9
 470 029b 00000000 		.4byte	.LFB37
 471 029f 18000000 		.4byte	.LFE37-.LFB37
 472 02a3 01       		.uleb128 0x1
 473 02a4 9C       		.byte	0x9c
 474 02a5 BC020000 		.4byte	0x2bc
 475 02a9 08       		.uleb128 0x8
 476 02aa 0C000000 		.4byte	.LVL0
 477 02ae F5020000 		.4byte	0x2f5
 478 02b2 08       		.uleb128 0x8
 479 02b3 10000000 		.4byte	.LVL1
 480 02b7 00030000 		.4byte	0x300
 481 02bb 00       		.byte	0
 482 02bc 07       		.uleb128 0x7
 483 02bd D1070000 		.4byte	.LASF93
 484 02c1 01       		.byte	0x1
 485 02c2 0F       		.byte	0xf
 486 02c3 00000000 		.4byte	.LFB38
 487 02c7 1C000000 		.4byte	.LFE38-.LFB38
 488 02cb 01       		.uleb128 0x1
 489 02cc 9C       		.byte	0x9c
 490 02cd E4020000 		.4byte	0x2e4
 491 02d1 08       		.uleb128 0x8
 492 02d2 10000000 		.4byte	.LVL2
 493 02d6 F5020000 		.4byte	0x2f5
 494 02da 08       		.uleb128 0x8
ARM GAS  C:\Users\Roi\AppData\Local\Temp\ccySZKtB.s 			page 10


 495 02db 14000000 		.4byte	.LVL3
 496 02df 0B030000 		.4byte	0x30b
 497 02e3 00       		.byte	0
 498 02e4 09       		.uleb128 0x9
 499 02e5 CB090000 		.4byte	.LASF101
 500 02e9 01       		.byte	0x1
 501 02ea 03       		.byte	0x3
 502 02eb 8D020000 		.4byte	0x28d
 503 02ef 05       		.uleb128 0x5
 504 02f0 03       		.byte	0x3
 505 02f1 00000000 		.4byte	ble_mode
 506 02f5 0A       		.uleb128 0xa
 507 02f6 65070000 		.4byte	.LASF94
 508 02fa 65070000 		.4byte	.LASF94
 509 02fe 04       		.byte	0x4
 510 02ff 25       		.byte	0x25
 511 0300 0A       		.uleb128 0xa
 512 0301 00000000 		.4byte	.LASF95
 513 0305 00000000 		.4byte	.LASF95
 514 0309 05       		.byte	0x5
 515 030a 39       		.byte	0x39
 516 030b 0A       		.uleb128 0xa
 517 030c A4040000 		.4byte	.LASF96
 518 0310 A4040000 		.4byte	.LASF96
 519 0314 06       		.byte	0x6
 520 0315 39       		.byte	0x39
 521 0316 00       		.byte	0
 522              		.section	.debug_abbrev,"",%progbits
 523              	.Ldebug_abbrev0:
 524 0000 01       		.uleb128 0x1
 525 0001 11       		.uleb128 0x11
 526 0002 01       		.byte	0x1
 527 0003 25       		.uleb128 0x25
 528 0004 0E       		.uleb128 0xe
 529 0005 13       		.uleb128 0x13
 530 0006 0B       		.uleb128 0xb
 531 0007 03       		.uleb128 0x3
 532 0008 0E       		.uleb128 0xe
 533 0009 1B       		.uleb128 0x1b
 534 000a 0E       		.uleb128 0xe
 535 000b 55       		.uleb128 0x55
 536 000c 17       		.uleb128 0x17
 537 000d 11       		.uleb128 0x11
 538 000e 01       		.uleb128 0x1
 539 000f 10       		.uleb128 0x10
 540 0010 17       		.uleb128 0x17
 541 0011 00       		.byte	0
 542 0012 00       		.byte	0
 543 0013 02       		.uleb128 0x2
 544 0014 24       		.uleb128 0x24
 545 0015 00       		.byte	0
 546 0016 0B       		.uleb128 0xb
 547 0017 0B       		.uleb128 0xb
 548 0018 3E       		.uleb128 0x3e
 549 0019 0B       		.uleb128 0xb
 550 001a 03       		.uleb128 0x3
 551 001b 0E       		.uleb128 0xe
ARM GAS  C:\Users\Roi\AppData\Local\Temp\ccySZKtB.s 			page 11


 552 001c 00       		.byte	0
 553 001d 00       		.byte	0
 554 001e 03       		.uleb128 0x3
 555 001f 24       		.uleb128 0x24
 556 0020 00       		.byte	0
 557 0021 0B       		.uleb128 0xb
 558 0022 0B       		.uleb128 0xb
 559 0023 3E       		.uleb128 0x3e
 560 0024 0B       		.uleb128 0xb
 561 0025 03       		.uleb128 0x3
 562 0026 08       		.uleb128 0x8
 563 0027 00       		.byte	0
 564 0028 00       		.byte	0
 565 0029 04       		.uleb128 0x4
 566 002a 04       		.uleb128 0x4
 567 002b 01       		.byte	0x1
 568 002c 0B       		.uleb128 0xb
 569 002d 0B       		.uleb128 0xb
 570 002e 49       		.uleb128 0x49
 571 002f 13       		.uleb128 0x13
 572 0030 3A       		.uleb128 0x3a
 573 0031 0B       		.uleb128 0xb
 574 0032 3B       		.uleb128 0x3b
 575 0033 05       		.uleb128 0x5
 576 0034 01       		.uleb128 0x1
 577 0035 13       		.uleb128 0x13
 578 0036 00       		.byte	0
 579 0037 00       		.byte	0
 580 0038 05       		.uleb128 0x5
 581 0039 28       		.uleb128 0x28
 582 003a 00       		.byte	0
 583 003b 03       		.uleb128 0x3
 584 003c 0E       		.uleb128 0xe
 585 003d 1C       		.uleb128 0x1c
 586 003e 0B       		.uleb128 0xb
 587 003f 00       		.byte	0
 588 0040 00       		.byte	0
 589 0041 06       		.uleb128 0x6
 590 0042 2E       		.uleb128 0x2e
 591 0043 00       		.byte	0
 592 0044 3F       		.uleb128 0x3f
 593 0045 19       		.uleb128 0x19
 594 0046 03       		.uleb128 0x3
 595 0047 0E       		.uleb128 0xe
 596 0048 3A       		.uleb128 0x3a
 597 0049 0B       		.uleb128 0xb
 598 004a 3B       		.uleb128 0x3b
 599 004b 0B       		.uleb128 0xb
 600 004c 27       		.uleb128 0x27
 601 004d 19       		.uleb128 0x19
 602 004e 49       		.uleb128 0x49
 603 004f 13       		.uleb128 0x13
 604 0050 11       		.uleb128 0x11
 605 0051 01       		.uleb128 0x1
 606 0052 12       		.uleb128 0x12
 607 0053 06       		.uleb128 0x6
 608 0054 40       		.uleb128 0x40
ARM GAS  C:\Users\Roi\AppData\Local\Temp\ccySZKtB.s 			page 12


 609 0055 18       		.uleb128 0x18
 610 0056 9742     		.uleb128 0x2117
 611 0058 19       		.uleb128 0x19
 612 0059 00       		.byte	0
 613 005a 00       		.byte	0
 614 005b 07       		.uleb128 0x7
 615 005c 2E       		.uleb128 0x2e
 616 005d 01       		.byte	0x1
 617 005e 3F       		.uleb128 0x3f
 618 005f 19       		.uleb128 0x19
 619 0060 03       		.uleb128 0x3
 620 0061 0E       		.uleb128 0xe
 621 0062 3A       		.uleb128 0x3a
 622 0063 0B       		.uleb128 0xb
 623 0064 3B       		.uleb128 0x3b
 624 0065 0B       		.uleb128 0xb
 625 0066 27       		.uleb128 0x27
 626 0067 19       		.uleb128 0x19
 627 0068 11       		.uleb128 0x11
 628 0069 01       		.uleb128 0x1
 629 006a 12       		.uleb128 0x12
 630 006b 06       		.uleb128 0x6
 631 006c 40       		.uleb128 0x40
 632 006d 18       		.uleb128 0x18
 633 006e 9742     		.uleb128 0x2117
 634 0070 19       		.uleb128 0x19
 635 0071 01       		.uleb128 0x1
 636 0072 13       		.uleb128 0x13
 637 0073 00       		.byte	0
 638 0074 00       		.byte	0
 639 0075 08       		.uleb128 0x8
 640 0076 898201   		.uleb128 0x4109
 641 0079 00       		.byte	0
 642 007a 11       		.uleb128 0x11
 643 007b 01       		.uleb128 0x1
 644 007c 31       		.uleb128 0x31
 645 007d 13       		.uleb128 0x13
 646 007e 00       		.byte	0
 647 007f 00       		.byte	0
 648 0080 09       		.uleb128 0x9
 649 0081 34       		.uleb128 0x34
 650 0082 00       		.byte	0
 651 0083 03       		.uleb128 0x3
 652 0084 0E       		.uleb128 0xe
 653 0085 3A       		.uleb128 0x3a
 654 0086 0B       		.uleb128 0xb
 655 0087 3B       		.uleb128 0x3b
 656 0088 0B       		.uleb128 0xb
 657 0089 49       		.uleb128 0x49
 658 008a 13       		.uleb128 0x13
 659 008b 3F       		.uleb128 0x3f
 660 008c 19       		.uleb128 0x19
 661 008d 02       		.uleb128 0x2
 662 008e 18       		.uleb128 0x18
 663 008f 00       		.byte	0
 664 0090 00       		.byte	0
 665 0091 0A       		.uleb128 0xa
ARM GAS  C:\Users\Roi\AppData\Local\Temp\ccySZKtB.s 			page 13


 666 0092 2E       		.uleb128 0x2e
 667 0093 00       		.byte	0
 668 0094 3F       		.uleb128 0x3f
 669 0095 19       		.uleb128 0x19
 670 0096 3C       		.uleb128 0x3c
 671 0097 19       		.uleb128 0x19
 672 0098 6E       		.uleb128 0x6e
 673 0099 0E       		.uleb128 0xe
 674 009a 03       		.uleb128 0x3
 675 009b 0E       		.uleb128 0xe
 676 009c 3A       		.uleb128 0x3a
 677 009d 0B       		.uleb128 0xb
 678 009e 3B       		.uleb128 0x3b
 679 009f 0B       		.uleb128 0xb
 680 00a0 00       		.byte	0
 681 00a1 00       		.byte	0
 682 00a2 00       		.byte	0
 683              		.section	.debug_aranges,"",%progbits
 684 0000 2C000000 		.4byte	0x2c
 685 0004 0200     		.2byte	0x2
 686 0006 00000000 		.4byte	.Ldebug_info0
 687 000a 04       		.byte	0x4
 688 000b 00       		.byte	0
 689 000c 0000     		.2byte	0
 690 000e 0000     		.2byte	0
 691 0010 00000000 		.4byte	.LFB36
 692 0014 0C000000 		.4byte	.LFE36-.LFB36
 693 0018 00000000 		.4byte	.LFB37
 694 001c 18000000 		.4byte	.LFE37-.LFB37
 695 0020 00000000 		.4byte	.LFB38
 696 0024 1C000000 		.4byte	.LFE38-.LFB38
 697 0028 00000000 		.4byte	0
 698 002c 00000000 		.4byte	0
 699              		.section	.debug_ranges,"",%progbits
 700              	.Ldebug_ranges0:
 701 0000 00000000 		.4byte	.LFB36
 702 0004 0C000000 		.4byte	.LFE36
 703 0008 00000000 		.4byte	.LFB37
 704 000c 18000000 		.4byte	.LFE37
 705 0010 00000000 		.4byte	.LFB38
 706 0014 1C000000 		.4byte	.LFE38
 707 0018 00000000 		.4byte	0
 708 001c 00000000 		.4byte	0
 709              		.section	.debug_line,"",%progbits
 710              	.Ldebug_line0:
 711 0000 C8000000 		.section	.debug_str,"MS",%progbits,1
 711      02008F00 
 711      00000201 
 711      FB0E0D00 
 711      01010101 
 712              	.LASF95:
 713 0000 42757474 		.ascii	"Button_Reset_ClearInterrupt\000"
 713      6F6E5F52 
 713      65736574 
 713      5F436C65 
 713      6172496E 
 714              	.LASF23:
ARM GAS  C:\Users\Roi\AppData\Local\Temp\ccySZKtB.s 			page 14


 715 001c 4359424C 		.ascii	"CYBLE_EVT_GAP_PASSKEY_ENTRY_REQUEST\000"
 715      455F4556 
 715      545F4741 
 715      505F5041 
 715      53534B45 
 716              	.LASF58:
 717 0040 4359424C 		.ascii	"CYBLE_EVT_GATTC_WRITE_RSP\000"
 717      455F4556 
 717      545F4741 
 717      5454435F 
 717      57524954 
 718              	.LASF20:
 719 005a 4359424C 		.ascii	"CYBLE_EVT_MEMORY_REQUEST\000"
 719      455F4556 
 719      545F4D45 
 719      4D4F5259 
 719      5F524551 
 720              	.LASF45:
 721 0073 4359424C 		.ascii	"CYBLE_EVT_GATTC_ERROR_RSP\000"
 721      455F4556 
 721      545F4741 
 721      5454435F 
 721      4552524F 
 722              	.LASF35:
 723 008d 4359424C 		.ascii	"CYBLE_EVT_GAP_KEYPRESS_NOTIFICATION\000"
 723      455F4556 
 723      545F4741 
 723      505F4B45 
 723      59505245 
 724              	.LASF2:
 725 00b1 73686F72 		.ascii	"short int\000"
 725      7420696E 
 725      7400
 726              	.LASF26:
 727 00bb 4359424C 		.ascii	"CYBLE_EVT_GAP_AUTH_FAILED\000"
 727      455F4556 
 727      545F4741 
 727      505F4155 
 727      54485F46 
 728              	.LASF92:
 729 00d5 42757474 		.ascii	"Button_Reset_Int_Handler\000"
 729      6F6E5F52 
 729      65736574 
 729      5F496E74 
 729      5F48616E 
 730              	.LASF88:
 731 00ee 4359424C 		.ascii	"CYBLE_SRVI_CUSTOMS\000"
 731      455F5352 
 731      56495F43 
 731      5553544F 
 731      4D5300
 732              	.LASF13:
 733 0101 73697A65 		.ascii	"sizetype\000"
 733      74797065 
 733      00
 734              	.LASF37:
 735 010a 4359424C 		.ascii	"CYBLE_EVT_GAP_DATA_LENGTH_CHANGE\000"
ARM GAS  C:\Users\Roi\AppData\Local\Temp\ccySZKtB.s 			page 15


 735      455F4556 
 735      545F4741 
 735      505F4441 
 735      54415F4C 
 736              	.LASF6:
 737 012b 6C6F6E67 		.ascii	"long long int\000"
 737      206C6F6E 
 737      6720696E 
 737      7400
 738              	.LASF18:
 739 0139 4359424C 		.ascii	"CYBLE_EVT_HCI_STATUS\000"
 739      455F4556 
 739      545F4843 
 739      495F5354 
 739      41545553 
 740              	.LASF51:
 741 014e 4359424C 		.ascii	"CYBLE_EVT_GATTC_READ_BY_TYPE_RSP\000"
 741      455F4556 
 741      545F4741 
 741      5454435F 
 741      52454144 
 742              	.LASF15:
 743 016f 4359424C 		.ascii	"CYBLE_EVT_STACK_ON\000"
 743      455F4556 
 743      545F5354 
 743      41434B5F 
 743      4F4E00
 744              	.LASF44:
 745 0182 4359424C 		.ascii	"CYBLE_EVT_GAP_SMP_LOC_P256_KEYS_GEN_AND_SET_COMPLET"
 745      455F4556 
 745      545F4741 
 745      505F534D 
 745      505F4C4F 
 746 01b5 4500     		.ascii	"E\000"
 747              	.LASF48:
 748 01b7 4359424C 		.ascii	"CYBLE_EVT_GATTS_XCNHG_MTU_REQ\000"
 748      455F4556 
 748      545F4741 
 748      5454535F 
 748      58434E48 
 749              	.LASF97:
 750 01d5 474E5520 		.ascii	"GNU C11 5.4.1 20160609 (release) [ARM/embedded-5-br"
 750      43313120 
 750      352E342E 
 750      31203230 
 750      31363036 
 751 0208 616E6368 		.ascii	"anch revision 237715] -mcpu=cortex-m0 -mthumb -g -O"
 751      20726576 
 751      6973696F 
 751      6E203233 
 751      37373135 
 752 023b 67202D66 		.ascii	"g -ffunction-sections -ffat-lto-objects\000"
 752      66756E63 
 752      74696F6E 
 752      2D736563 
 752      74696F6E 
 753              	.LASF33:
ARM GAS  C:\Users\Roi\AppData\Local\Temp\ccySZKtB.s 			page 16


 754 0263 4359424C 		.ascii	"CYBLE_EVT_GAP_KEYINFO_EXCHNGE_CMPLT\000"
 754      455F4556 
 754      545F4741 
 754      505F4B45 
 754      59494E46 
 755              	.LASF56:
 756 0287 4359424C 		.ascii	"CYBLE_EVT_GATTC_READ_MULTI_RSP\000"
 756      455F4556 
 756      545F4741 
 756      5454435F 
 756      52454144 
 757              	.LASF98:
 758 02a6 62757474 		.ascii	"buttons.c\000"
 758      6F6E732E 
 758      6300
 759              	.LASF65:
 760 02b0 4359424C 		.ascii	"CYBLE_EVT_GATTS_HANDLE_VALUE_CNF\000"
 760      455F4556 
 760      545F4741 
 760      5454535F 
 760      48414E44 
 761              	.LASF14:
 762 02d1 4359424C 		.ascii	"CYBLE_EVT_HOST_INVALID\000"
 762      455F4556 
 762      545F484F 
 762      53545F49 
 762      4E56414C 
 763              	.LASF90:
 764 02e8 4359424C 		.ascii	"CYBLE_SRVI_COUNT\000"
 764      455F5352 
 764      56495F43 
 764      4F554E54 
 764      00
 765              	.LASF73:
 766 02f9 4359424C 		.ascii	"CYBLE_EVT_L2CAP_CBFC_CONN_IND\000"
 766      455F4556 
 766      545F4C32 
 766      4341505F 
 766      43424643 
 767              	.LASF76:
 768 0317 4359424C 		.ascii	"CYBLE_EVT_L2CAP_CBFC_DISCONN_CNF\000"
 768      455F4556 
 768      545F4C32 
 768      4341505F 
 768      43424643 
 769              	.LASF9:
 770 0338 666C6F61 		.ascii	"float\000"
 770      7400
 771              	.LASF54:
 772 033e 4359424C 		.ascii	"CYBLE_EVT_GATTC_READ_RSP\000"
 772      455F4556 
 772      545F4741 
 772      5454435F 
 772      52454144 
 773              	.LASF34:
 774 0357 4359424C 		.ascii	"CYBLE_EVT_GAP_NUMERIC_COMPARISON_REQUEST\000"
 774      455F4556 
ARM GAS  C:\Users\Roi\AppData\Local\Temp\ccySZKtB.s 			page 17


 774      545F4741 
 774      505F4E55 
 774      4D455249 
 775              	.LASF39:
 776 0380 4359424C 		.ascii	"CYBLE_EVT_GAPC_DIRECT_ADV_REPORT\000"
 776      455F4556 
 776      545F4741 
 776      50435F44 
 776      49524543 
 777              	.LASF7:
 778 03a1 6C6F6E67 		.ascii	"long long unsigned int\000"
 778      206C6F6E 
 778      6720756E 
 778      7369676E 
 778      65642069 
 779              	.LASF47:
 780 03b8 4359424C 		.ascii	"CYBLE_EVT_GATT_DISCONNECT_IND\000"
 780      455F4556 
 780      545F4741 
 780      54545F44 
 780      4953434F 
 781              	.LASF43:
 782 03d6 4359424C 		.ascii	"CYBLE_EVT_GAP_AUTH_REQ_REPLY_ERR\000"
 782      455F4556 
 782      545F4741 
 782      505F4155 
 782      54485F52 
 783              	.LASF4:
 784 03f7 6C6F6E67 		.ascii	"long int\000"
 784      20696E74 
 784      00
 785              	.LASF64:
 786 0400 4359424C 		.ascii	"CYBLE_EVT_GATTC_HANDLE_VALUE_IND\000"
 786      455F4556 
 786      545F4741 
 786      5454435F 
 786      48414E44 
 787              	.LASF87:
 788 0421 4359424C 		.ascii	"CYBLE_SRVI_GATT\000"
 788      455F5352 
 788      56495F47 
 788      41545400 
 789              	.LASF28:
 790 0431 4359424C 		.ascii	"CYBLE_EVT_GAP_DEVICE_CONNECTED\000"
 790      455F4556 
 790      545F4741 
 790      505F4445 
 790      56494345 
 791              	.LASF89:
 792 0450 4359424C 		.ascii	"CYBLE_SRVI_CUSTOMS_END\000"
 792      455F5352 
 792      56495F43 
 792      5553544F 
 792      4D535F45 
 793              	.LASF63:
 794 0467 4359424C 		.ascii	"CYBLE_EVT_GATTC_HANDLE_VALUE_NTF\000"
 794      455F4556 
ARM GAS  C:\Users\Roi\AppData\Local\Temp\ccySZKtB.s 			page 18


 794      545F4741 
 794      5454435F 
 794      48414E44 
 795              	.LASF19:
 796 0488 4359424C 		.ascii	"CYBLE_EVT_STACK_BUSY_STATUS\000"
 796      455F4556 
 796      545F5354 
 796      41434B5F 
 796      42555359 
 797              	.LASF96:
 798 04a4 42757474 		.ascii	"Button_Scan_ClearInterrupt\000"
 798      6F6E5F53 
 798      63616E5F 
 798      436C6561 
 798      72496E74 
 799              	.LASF74:
 800 04bf 4359424C 		.ascii	"CYBLE_EVT_L2CAP_CBFC_CONN_CNF\000"
 800      455F4556 
 800      545F4C32 
 800      4341505F 
 800      43424643 
 801              	.LASF38:
 802 04dd 4359424C 		.ascii	"CYBLE_EVT_GAP_ENHANCE_CONN_COMPLETE\000"
 802      455F4556 
 802      545F4741 
 802      505F454E 
 802      48414E43 
 803              	.LASF12:
 804 0501 6C6F6E67 		.ascii	"long double\000"
 804      20646F75 
 804      626C6500 
 805              	.LASF70:
 806 050d 4359424C 		.ascii	"CYBLE_EVT_L2CAP_CONN_PARAM_UPDATE_REQ\000"
 806      455F4556 
 806      545F4C32 
 806      4341505F 
 806      434F4E4E 
 807              	.LASF1:
 808 0533 756E7369 		.ascii	"unsigned char\000"
 808      676E6564 
 808      20636861 
 808      7200
 809              	.LASF60:
 810 0541 4359424C 		.ascii	"CYBLE_EVT_GATTS_PREP_WRITE_REQ\000"
 810      455F4556 
 810      545F4741 
 810      5454535F 
 810      50524550 
 811              	.LASF82:
 812 0560 4359424C 		.ascii	"CYBLE_EVT_LE_PING_AUTH_TIMEOUT\000"
 812      455F4556 
 812      545F4C45 
 812      5F50494E 
 812      475F4155 
 813              	.LASF52:
 814 057f 4359424C 		.ascii	"CYBLE_EVT_GATTC_FIND_INFO_RSP\000"
 814      455F4556 
ARM GAS  C:\Users\Roi\AppData\Local\Temp\ccySZKtB.s 			page 19


 814      545F4741 
 814      5454435F 
 814      46494E44 
 815              	.LASF0:
 816 059d 7369676E 		.ascii	"signed char\000"
 816      65642063 
 816      68617200 
 817              	.LASF57:
 818 05a9 4359424C 		.ascii	"CYBLE_EVT_GATTS_WRITE_REQ\000"
 818      455F4556 
 818      545F4741 
 818      5454535F 
 818      57524954 
 819              	.LASF53:
 820 05c3 4359424C 		.ascii	"CYBLE_EVT_GATTC_FIND_BY_TYPE_VALUE_RSP\000"
 820      455F4556 
 820      545F4741 
 820      5454435F 
 820      46494E44 
 821              	.LASF25:
 822 05ea 4359424C 		.ascii	"CYBLE_EVT_GAP_AUTH_COMPLETE\000"
 822      455F4556 
 822      545F4741 
 822      505F4155 
 822      54485F43 
 823              	.LASF8:
 824 0606 756E7369 		.ascii	"unsigned int\000"
 824      676E6564 
 824      20696E74 
 824      00
 825              	.LASF46:
 826 0613 4359424C 		.ascii	"CYBLE_EVT_GATT_CONNECT_IND\000"
 826      455F4556 
 826      545F4741 
 826      54545F43 
 826      4F4E4E45 
 827              	.LASF5:
 828 062e 6C6F6E67 		.ascii	"long unsigned int\000"
 828      20756E73 
 828      69676E65 
 828      6420696E 
 828      7400
 829              	.LASF22:
 830 0640 4359424C 		.ascii	"CYBLE_EVT_GAP_AUTH_REQ\000"
 830      455F4556 
 830      545F4741 
 830      505F4155 
 830      54485F52 
 831              	.LASF75:
 832 0657 4359424C 		.ascii	"CYBLE_EVT_L2CAP_CBFC_DISCONN_IND\000"
 832      455F4556 
 832      545F4C32 
 832      4341505F 
 832      43424643 
 833              	.LASF30:
 834 0678 4359424C 		.ascii	"CYBLE_EVT_GAP_ENCRYPT_CHANGE\000"
 834      455F4556 
ARM GAS  C:\Users\Roi\AppData\Local\Temp\ccySZKtB.s 			page 20


 834      545F4741 
 834      505F454E 
 834      43525950 
 835              	.LASF99:
 836 0695 443A5C62 		.ascii	"D:\\bachelor_work\\program\\Goal\\SmartBoy.cydsn\000"
 836      61636865 
 836      6C6F725F 
 836      776F726B 
 836      5C70726F 
 837              	.LASF69:
 838 06c2 4359424C 		.ascii	"CYBLE_EVT_GATTC_LONG_PROCEDURE_END\000"
 838      455F4556 
 838      545F4741 
 838      5454435F 
 838      4C4F4E47 
 839              	.LASF3:
 840 06e5 73686F72 		.ascii	"short unsigned int\000"
 840      7420756E 
 840      7369676E 
 840      65642069 
 840      6E7400
 841              	.LASF84:
 842 06f8 4359424C 		.ascii	"CYBLE_EVT_FLASH_CORRUPT\000"
 842      455F4556 
 842      545F464C 
 842      4153485F 
 842      434F5252 
 843              	.LASF31:
 844 0710 4359424C 		.ascii	"CYBLE_EVT_GAP_CONNECTION_UPDATE_COMPLETE\000"
 844      455F4556 
 844      545F4741 
 844      505F434F 
 844      4E4E4543 
 845              	.LASF40:
 846 0739 4359424C 		.ascii	"CYBLE_EVT_GAP_SMP_NEGOTIATED_AUTH_INFO\000"
 846      455F4556 
 846      545F4741 
 846      505F534D 
 846      505F4E45 
 847              	.LASF11:
 848 0760 63686172 		.ascii	"char\000"
 848      00
 849              	.LASF94:
 850 0765 6368616E 		.ascii	"change_mode\000"
 850      67655F6D 
 850      6F646500 
 851              	.LASF72:
 852 0771 4359424C 		.ascii	"CYBLE_EVT_L2CAP_COMMAND_REJ\000"
 852      455F4556 
 852      545F4C32 
 852      4341505F 
 852      434F4D4D 
 853              	.LASF24:
 854 078d 4359424C 		.ascii	"CYBLE_EVT_GAP_PASSKEY_DISPLAY_REQUEST\000"
 854      455F4556 
 854      545F4741 
 854      505F5041 
ARM GAS  C:\Users\Roi\AppData\Local\Temp\ccySZKtB.s 			page 21


 854      53534B45 
 855              	.LASF91:
 856 07b3 5F426F6F 		.ascii	"_Bool\000"
 856      6C00
 857              	.LASF41:
 858 07b9 4359424C 		.ascii	"CYBLE_EVT_GAP_CONN_ESTB\000"
 858      455F4556 
 858      545F4741 
 858      505F434F 
 858      4E4E5F45 
 859              	.LASF93:
 860 07d1 42757474 		.ascii	"Button_Scan_Int_Handler\000"
 860      6F6E5F53 
 860      63616E5F 
 860      496E745F 
 860      48616E64 
 861              	.LASF55:
 862 07e9 4359424C 		.ascii	"CYBLE_EVT_GATTC_READ_BLOB_RSP\000"
 862      455F4556 
 862      545F4741 
 862      5454435F 
 862      52454144 
 863              	.LASF86:
 864 0807 4359424C 		.ascii	"CYBLE_SRVI_GAP\000"
 864      455F5352 
 864      56495F47 
 864      415000
 865              	.LASF62:
 866 0816 4359424C 		.ascii	"CYBLE_EVT_GATTC_EXEC_WRITE_RSP\000"
 866      455F4556 
 866      545F4741 
 866      5454435F 
 866      45584543 
 867              	.LASF32:
 868 0835 4359424C 		.ascii	"CYBLE_EVT_GAPC_SCAN_START_STOP\000"
 868      455F4556 
 868      545F4741 
 868      50435F53 
 868      43414E5F 
 869              	.LASF81:
 870 0854 4359424C 		.ascii	"CYBLE_EVT_PENDING_FLASH_WRITE\000"
 870      455F4556 
 870      545F5045 
 870      4E44494E 
 870      475F464C 
 871              	.LASF78:
 872 0872 4359424C 		.ascii	"CYBLE_EVT_L2CAP_CBFC_RX_CREDIT_IND\000"
 872      455F4556 
 872      545F4C32 
 872      4341505F 
 872      43424643 
 873              	.LASF10:
 874 0895 646F7562 		.ascii	"double\000"
 874      6C6500
 875              	.LASF79:
 876 089c 4359424C 		.ascii	"CYBLE_EVT_L2CAP_CBFC_TX_CREDIT_IND\000"
 876      455F4556 
ARM GAS  C:\Users\Roi\AppData\Local\Temp\ccySZKtB.s 			page 22


 876      545F4C32 
 876      4341505F 
 876      43424643 
 877              	.LASF42:
 878 08bf 4359424C 		.ascii	"CYBLE_EVT_GAP_SCAN_REQ_RECVD\000"
 878      455F4556 
 878      545F4741 
 878      505F5343 
 878      414E5F52 
 879              	.LASF27:
 880 08dc 4359424C 		.ascii	"CYBLE_EVT_GAPP_ADVERTISEMENT_START_STOP\000"
 880      455F4556 
 880      545F4741 
 880      50505F41 
 880      44564552 
 881              	.LASF17:
 882 0904 4359424C 		.ascii	"CYBLE_EVT_HARDWARE_ERROR\000"
 882      455F4556 
 882      545F4841 
 882      52445741 
 882      52455F45 
 883              	.LASF77:
 884 091d 4359424C 		.ascii	"CYBLE_EVT_L2CAP_CBFC_DATA_READ\000"
 884      455F4556 
 884      545F4C32 
 884      4341505F 
 884      43424643 
 885              	.LASF71:
 886 093c 4359424C 		.ascii	"CYBLE_EVT_L2CAP_CONN_PARAM_UPDATE_RSP\000"
 886      455F4556 
 886      545F4C32 
 886      4341505F 
 886      434F4E4E 
 887              	.LASF21:
 888 0962 4359424C 		.ascii	"CYBLE_EVT_GAPC_SCAN_PROGRESS_RESULT\000"
 888      455F4556 
 888      545F4741 
 888      50435F53 
 888      43414E5F 
 889              	.LASF50:
 890 0986 4359424C 		.ascii	"CYBLE_EVT_GATTC_READ_BY_GROUP_TYPE_RSP\000"
 890      455F4556 
 890      545F4741 
 890      5454435F 
 890      52454144 
 891              	.LASF59:
 892 09ad 4359424C 		.ascii	"CYBLE_EVT_GATTS_WRITE_CMD_REQ\000"
 892      455F4556 
 892      545F4741 
 892      5454535F 
 892      57524954 
 893              	.LASF101:
 894 09cb 626C655F 		.ascii	"ble_mode\000"
 894      6D6F6465 
 894      00
 895              	.LASF49:
 896 09d4 4359424C 		.ascii	"CYBLE_EVT_GATTC_XCHNG_MTU_RSP\000"
ARM GAS  C:\Users\Roi\AppData\Local\Temp\ccySZKtB.s 			page 23


 896      455F4556 
 896      545F4741 
 896      5454435F 
 896      5843484E 
 897              	.LASF80:
 898 09f2 4359424C 		.ascii	"CYBLE_EVT_L2CAP_CBFC_DATA_WRITE_IND\000"
 898      455F4556 
 898      545F4C32 
 898      4341505F 
 898      43424643 
 899              	.LASF16:
 900 0a16 4359424C 		.ascii	"CYBLE_EVT_TIMEOUT\000"
 900      455F4556 
 900      545F5449 
 900      4D454F55 
 900      5400
 901              	.LASF85:
 902 0a28 4359424C 		.ascii	"CYBLE_EVT_MAX\000"
 902      455F4556 
 902      545F4D41 
 902      5800
 903              	.LASF68:
 904 0a36 4359424C 		.ascii	"CYBLE_EVT_GATTS_READ_CHAR_VAL_ACCESS_REQ\000"
 904      455F4556 
 904      545F4741 
 904      5454535F 
 904      52454144 
 905              	.LASF67:
 906 0a5f 4359424C 		.ascii	"CYBLE_EVT_GATTC_STOP_CMD_COMPLETE\000"
 906      455F4556 
 906      545F4741 
 906      5454435F 
 906      53544F50 
 907              	.LASF61:
 908 0a81 4359424C 		.ascii	"CYBLE_EVT_GATTS_EXEC_WRITE_REQ\000"
 908      455F4556 
 908      545F4741 
 908      5454535F 
 908      45584543 
 909              	.LASF100:
 910 0aa0 6765745F 		.ascii	"get_ble_mode\000"
 910      626C655F 
 910      6D6F6465 
 910      00
 911              	.LASF29:
 912 0aad 4359424C 		.ascii	"CYBLE_EVT_GAP_DEVICE_DISCONNECTED\000"
 912      455F4556 
 912      545F4741 
 912      505F4445 
 912      56494345 
 913              	.LASF66:
 914 0acf 4359424C 		.ascii	"CYBLE_EVT_GATTS_DATA_SIGNED_CMD_REQ\000"
 914      455F4556 
 914      545F4741 
 914      5454535F 
 914      44415441 
 915              	.LASF83:
ARM GAS  C:\Users\Roi\AppData\Local\Temp\ccySZKtB.s 			page 24


 916 0af3 4359424C 		.ascii	"CYBLE_EVT_HCI_PKT\000"
 916      455F4556 
 916      545F4843 
 916      495F504B 
 916      5400
 917              	.LASF36:
 918 0b05 4359424C 		.ascii	"CYBLE_EVT_GAP_OOB_GENERATED_NOTIFICATION\000"
 918      455F4556 
 918      545F4741 
 918      505F4F4F 
 918      425F4745 
 919              		.ident	"GCC: (GNU Tools for ARM Embedded Processors) 5.4.1 20160609 (release) [ARM/embedded-5-bran
