ARM GAS  C:\Users\Roi\AppData\Local\Temp\ccbcbdzY.s 			page 1


   1              		.syntax unified
   2              		.cpu cortex-m0
   3              		.fpu softvfp
   4              		.eabi_attribute 20, 1
   5              		.eabi_attribute 21, 1
   6              		.eabi_attribute 23, 3
   7              		.eabi_attribute 24, 1
   8              		.eabi_attribute 25, 1
   9              		.eabi_attribute 26, 1
  10              		.eabi_attribute 30, 1
  11              		.eabi_attribute 34, 0
  12              		.eabi_attribute 18, 4
  13              		.thumb
  14              		.syntax unified
  15              		.file	"ez_ble_goal.c"
  16              		.text
  17              	.Ltext0:
  18              		.cfi_sections	.debug_frame
  19              		.section	.text.BleCallBackServer,"ax",%progbits
  20              		.align	2
  21              		.global	BleCallBackServer
  22              		.code	16
  23              		.thumb_func
  24              		.type	BleCallBackServer, %function
  25              	BleCallBackServer:
  26              	.LFB36:
  27              		.file 1 "ez_ble_goal.c"
   1:ez_ble_goal.c **** #include "smartboy.h"
   2:ez_ble_goal.c **** 
   3:ez_ble_goal.c **** void BleCallBackServer(uint32 event,void* eventParam) {
  28              		.loc 1 3 0
  29              		.cfi_startproc
  30              		@ args = 0, pretend = 0, frame = 0
  31              		@ frame_needed = 0, uses_anonymous_args = 0
  32              	.LVL0:
  33 0000 10B5     		push	{r4, lr}
  34              		.cfi_def_cfa_offset 8
  35              		.cfi_offset 4, -8
  36              		.cfi_offset 14, -4
   4:ez_ble_goal.c ****     CYBLE_GATTS_WRITE_CMD_REQ_PARAM_T *wrReqParam;
   5:ez_ble_goal.c ****     
   6:ez_ble_goal.c ****     switch(event) {
  37              		.loc 1 6 0
  38 0002 2828     		cmp	r0, #40
  39 0004 03D0     		beq	.L3
  40 0006 4C28     		cmp	r0, #76
  41 0008 05D0     		beq	.L4
  42 000a 0128     		cmp	r0, #1
  43 000c 06D1     		bne	.L1
  44              	.L3:
   7:ez_ble_goal.c ****         case CYBLE_EVT_STACK_ON:
   8:ez_ble_goal.c ****         case CYBLE_EVT_GAP_DEVICE_DISCONNECTED:
   9:ez_ble_goal.c ****             CyBle_GappStartAdvertisement(CYBLE_ADVERTISING_FAST);
  45              		.loc 1 9 0
  46 000e 0020     		movs	r0, #0
  47              	.LVL1:
  48 0010 FFF7FEFF 		bl	CyBle_GappStartAdvertisement
ARM GAS  C:\Users\Roi\AppData\Local\Temp\ccbcbdzY.s 			page 2


  49              	.LVL2:
  10:ez_ble_goal.c ****             //set_data_mcu(0,1);
  11:ez_ble_goal.c ****         break;
  50              		.loc 1 11 0
  51 0014 02E0     		b	.L1
  52              	.LVL3:
  53              	.L4:
  12:ez_ble_goal.c ****         
  13:ez_ble_goal.c ****         case CYBLE_EVT_GATT_CONNECT_IND:
  14:ez_ble_goal.c ****             //set_data_mcu(0,0);
  15:ez_ble_goal.c ****         break;
  16:ez_ble_goal.c ****             
  17:ez_ble_goal.c ****         case CYBLE_EVT_GATTS_WRITE_REQ:
  18:ez_ble_goal.c ****             wrReqParam = (CYBLE_GATTS_WRITE_CMD_REQ_PARAM_T *) eventParam;
  19:ez_ble_goal.c ****             
  20:ez_ble_goal.c ****             write(wrReqParam);
  54              		.loc 1 20 0
  55 0016 0800     		movs	r0, r1
  56              	.LVL4:
  57 0018 FFF7FEFF 		bl	write
  58              	.LVL5:
  59              	.L1:
  21:ez_ble_goal.c ****             
  22:ez_ble_goal.c ****         break;
  23:ez_ble_goal.c ****         
  24:ez_ble_goal.c ****         default:
  25:ez_ble_goal.c ****         break;
  26:ez_ble_goal.c ****     }
  27:ez_ble_goal.c **** }
  60              		.loc 1 27 0
  61              		@ sp needed
  62 001c 10BD     		pop	{r4, pc}
  63              		.cfi_endproc
  64              	.LFE36:
  65              		.size	BleCallBackServer, .-BleCallBackServer
  66 001e C046     		.text
  67              	.Letext0:
  68              		.file 2 "Generated_Source\\PSoC4/cytypes.h"
  69              		.file 3 "Generated_Source\\PSoC4/BLE_StackGatt.h"
  70              		.file 4 "Generated_Source\\PSoC4/BLE_StackGattServer.h"
  71              		.file 5 "Generated_Source\\PSoC4/BLE.h"
  72              		.file 6 "ble_update.h"
  73              		.file 7 "Generated_Source\\PSoC4/BLE_Stack.h"
  74              		.section	.debug_info,"",%progbits
  75              	.Ldebug_info0:
  76 0000 D9030000 		.4byte	0x3d9
  77 0004 0400     		.2byte	0x4
  78 0006 00000000 		.4byte	.Ldebug_abbrev0
  79 000a 04       		.byte	0x4
  80 000b 01       		.uleb128 0x1
  81 000c 09020000 		.4byte	.LASF106
  82 0010 0C       		.byte	0xc
  83 0011 FC000000 		.4byte	.LASF107
  84 0015 03070000 		.4byte	.LASF108
  85 0019 00000000 		.4byte	.Ldebug_ranges0+0
  86 001d 00000000 		.4byte	0
  87 0021 00000000 		.4byte	.Ldebug_line0
ARM GAS  C:\Users\Roi\AppData\Local\Temp\ccbcbdzY.s 			page 3


  88 0025 02       		.uleb128 0x2
  89 0026 01       		.byte	0x1
  90 0027 06       		.byte	0x6
  91 0028 FA050000 		.4byte	.LASF0
  92 002c 02       		.uleb128 0x2
  93 002d 01       		.byte	0x1
  94 002e 08       		.byte	0x8
  95 002f 90050000 		.4byte	.LASF1
  96 0033 02       		.uleb128 0x2
  97 0034 02       		.byte	0x2
  98 0035 05       		.byte	0x5
  99 0036 D8000000 		.4byte	.LASF2
 100 003a 02       		.uleb128 0x2
 101 003b 02       		.byte	0x2
 102 003c 07       		.byte	0x7
 103 003d 53070000 		.4byte	.LASF3
 104 0041 02       		.uleb128 0x2
 105 0042 04       		.byte	0x4
 106 0043 05       		.byte	0x5
 107 0044 19040000 		.4byte	.LASF4
 108 0048 02       		.uleb128 0x2
 109 0049 04       		.byte	0x4
 110 004a 07       		.byte	0x7
 111 004b 8B060000 		.4byte	.LASF5
 112 004f 02       		.uleb128 0x2
 113 0050 08       		.byte	0x8
 114 0051 05       		.byte	0x5
 115 0052 54010000 		.4byte	.LASF6
 116 0056 02       		.uleb128 0x2
 117 0057 08       		.byte	0x8
 118 0058 07       		.byte	0x7
 119 0059 C3030000 		.4byte	.LASF7
 120 005d 03       		.uleb128 0x3
 121 005e 04       		.byte	0x4
 122 005f 05       		.byte	0x5
 123 0060 696E7400 		.ascii	"int\000"
 124 0064 02       		.uleb128 0x2
 125 0065 04       		.byte	0x4
 126 0066 07       		.byte	0x7
 127 0067 63060000 		.4byte	.LASF8
 128 006b 04       		.uleb128 0x4
 129 006c EB070000 		.4byte	.LASF9
 130 0070 02       		.byte	0x2
 131 0071 E701     		.2byte	0x1e7
 132 0073 2C000000 		.4byte	0x2c
 133 0077 04       		.uleb128 0x4
 134 0078 17080000 		.4byte	.LASF10
 135 007c 02       		.byte	0x2
 136 007d E801     		.2byte	0x1e8
 137 007f 3A000000 		.4byte	0x3a
 138 0083 04       		.uleb128 0x4
 139 0084 5B080000 		.4byte	.LASF11
 140 0088 02       		.byte	0x2
 141 0089 E901     		.2byte	0x1e9
 142 008b 48000000 		.4byte	0x48
 143 008f 02       		.uleb128 0x2
 144 0090 04       		.byte	0x4
ARM GAS  C:\Users\Roi\AppData\Local\Temp\ccbcbdzY.s 			page 4


 145 0091 04       		.byte	0x4
 146 0092 5A030000 		.4byte	.LASF12
 147 0096 02       		.uleb128 0x2
 148 0097 08       		.byte	0x8
 149 0098 04       		.byte	0x4
 150 0099 AE080000 		.4byte	.LASF13
 151 009d 02       		.uleb128 0x2
 152 009e 01       		.byte	0x1
 153 009f 08       		.byte	0x8
 154 00a0 B7070000 		.4byte	.LASF14
 155 00a4 02       		.uleb128 0x2
 156 00a5 08       		.byte	0x8
 157 00a6 04       		.byte	0x4
 158 00a7 00000000 		.4byte	.LASF15
 159 00ab 02       		.uleb128 0x2
 160 00ac 04       		.byte	0x4
 161 00ad 07       		.byte	0x7
 162 00ae 0A010000 		.4byte	.LASF16
 163 00b2 05       		.uleb128 0x5
 164 00b3 04       		.byte	0x4
 165 00b4 06       		.uleb128 0x6
 166 00b5 01       		.byte	0x1
 167 00b6 2C000000 		.4byte	0x2c
 168 00ba 07       		.byte	0x7
 169 00bb 3501     		.2byte	0x135
 170 00bd 72020000 		.4byte	0x272
 171 00c1 07       		.uleb128 0x7
 172 00c2 FB020000 		.4byte	.LASF17
 173 00c6 00       		.byte	0
 174 00c7 07       		.uleb128 0x7
 175 00c8 A3010000 		.4byte	.LASF18
 176 00cc 01       		.byte	0x1
 177 00cd 07       		.uleb128 0x7
 178 00ce 390A0000 		.4byte	.LASF19
 179 00d2 02       		.byte	0x2
 180 00d3 07       		.uleb128 0x7
 181 00d4 4A090000 		.4byte	.LASF20
 182 00d8 03       		.byte	0x3
 183 00d9 07       		.uleb128 0x7
 184 00da 34010000 		.4byte	.LASF21
 185 00de 04       		.byte	0x4
 186 00df 07       		.uleb128 0x7
 187 00e0 AB040000 		.4byte	.LASF22
 188 00e4 05       		.byte	0x5
 189 00e5 07       		.uleb128 0x7
 190 00e6 5F000000 		.4byte	.LASF23
 191 00ea 06       		.byte	0x6
 192 00eb 07       		.uleb128 0x7
 193 00ec A8090000 		.4byte	.LASF24
 194 00f0 20       		.byte	0x20
 195 00f1 07       		.uleb128 0x7
 196 00f2 9D060000 		.4byte	.LASF25
 197 00f6 21       		.byte	0x21
 198 00f7 07       		.uleb128 0x7
 199 00f8 0C000000 		.4byte	.LASF26
 200 00fc 22       		.byte	0x22
 201 00fd 07       		.uleb128 0x7
ARM GAS  C:\Users\Roi\AppData\Local\Temp\ccbcbdzY.s 			page 5


 202 00fe E5040000 		.4byte	.LASF27
 203 0102 23       		.byte	0x23
 204 0103 07       		.uleb128 0x7
 205 0104 47060000 		.4byte	.LASF28
 206 0108 24       		.byte	0x24
 207 0109 07       		.uleb128 0x7
 208 010a E2000000 		.4byte	.LASF29
 209 010e 25       		.byte	0x25
 210 010f 07       		.uleb128 0x7
 211 0110 62040000 		.4byte	.LASF30
 212 0114 26       		.byte	0x26
 213 0115 07       		.uleb128 0x7
 214 0116 43040000 		.4byte	.LASF31
 215 011a 27       		.byte	0x27
 216 011b 07       		.uleb128 0x7
 217 011c 92000000 		.4byte	.LASF32
 218 0120 28       		.byte	0x28
 219 0121 07       		.uleb128 0x7
 220 0122 DB060000 		.4byte	.LASF33
 221 0126 29       		.byte	0x29
 222 0127 07       		.uleb128 0x7
 223 0128 36000000 		.4byte	.LASF34
 224 012c 2A       		.byte	0x2a
 225 012d 07       		.uleb128 0x7
 226 012e 6F0A0000 		.4byte	.LASF35
 227 0132 2B       		.byte	0x2b
 228 0133 07       		.uleb128 0x7
 229 0134 97020000 		.4byte	.LASF36
 230 0138 2C       		.byte	0x2c
 231 0139 07       		.uleb128 0x7
 232 013a 79030000 		.4byte	.LASF37
 233 013e 2D       		.byte	0x2d
 234 013f 07       		.uleb128 0x7
 235 0140 B4000000 		.4byte	.LASF38
 236 0144 2E       		.byte	0x2e
 237 0145 07       		.uleb128 0x7
 238 0146 690B0000 		.4byte	.LASF39
 239 014a 2F       		.byte	0x2f
 240 014b 07       		.uleb128 0x7
 241 014c 13010000 		.4byte	.LASF40
 242 0150 30       		.byte	0x30
 243 0151 07       		.uleb128 0x7
 244 0152 29050000 		.4byte	.LASF41
 245 0156 31       		.byte	0x31
 246 0157 07       		.uleb128 0x7
 247 0158 A2030000 		.4byte	.LASF42
 248 015c 32       		.byte	0x32
 249 015d 07       		.uleb128 0x7
 250 015e 90070000 		.4byte	.LASF43
 251 0162 33       		.byte	0x33
 252 0163 07       		.uleb128 0x7
 253 0164 F1070000 		.4byte	.LASF44
 254 0168 34       		.byte	0x34
 255 0169 07       		.uleb128 0x7
 256 016a 0B090000 		.4byte	.LASF45
 257 016e 35       		.byte	0x35
 258 016f 07       		.uleb128 0x7
ARM GAS  C:\Users\Roi\AppData\Local\Temp\ccbcbdzY.s 			page 6


 259 0170 F8030000 		.4byte	.LASF46
 260 0174 36       		.byte	0x36
 261 0175 07       		.uleb128 0x7
 262 0176 B6010000 		.4byte	.LASF47
 263 017a 37       		.byte	0x37
 264 017b 07       		.uleb128 0x7
 265 017c 78000000 		.4byte	.LASF48
 266 0180 40       		.byte	0x40
 267 0181 07       		.uleb128 0x7
 268 0182 70060000 		.4byte	.LASF49
 269 0186 41       		.byte	0x41
 270 0187 07       		.uleb128 0x7
 271 0188 DA030000 		.4byte	.LASF50
 272 018c 42       		.byte	0x42
 273 018d 07       		.uleb128 0x7
 274 018e EB010000 		.4byte	.LASF51
 275 0192 43       		.byte	0x43
 276 0193 07       		.uleb128 0x7
 277 0194 1B0A0000 		.4byte	.LASF52
 278 0198 44       		.byte	0x44
 279 0199 07       		.uleb128 0x7
 280 019a D6090000 		.4byte	.LASF53
 281 019e 45       		.byte	0x45
 282 019f 07       		.uleb128 0x7
 283 01a0 82010000 		.4byte	.LASF54
 284 01a4 46       		.byte	0x46
 285 01a5 07       		.uleb128 0x7
 286 01a6 DC050000 		.4byte	.LASF55
 287 01aa 47       		.byte	0x47
 288 01ab 07       		.uleb128 0x7
 289 01ac 20060000 		.4byte	.LASF56
 290 01b0 48       		.byte	0x48
 291 01b1 07       		.uleb128 0x7
 292 01b2 60030000 		.4byte	.LASF57
 293 01b6 49       		.byte	0x49
 294 01b7 07       		.uleb128 0x7
 295 01b8 1E080000 		.4byte	.LASF58
 296 01bc 4A       		.byte	0x4a
 297 01bd 07       		.uleb128 0x7
 298 01be BB020000 		.4byte	.LASF59
 299 01c2 4B       		.byte	0x4b
 300 01c3 07       		.uleb128 0x7
 301 01c4 06060000 		.4byte	.LASF60
 302 01c8 4C       		.byte	0x4c
 303 01c9 07       		.uleb128 0x7
 304 01ca 68010000 		.4byte	.LASF61
 305 01ce 4D       		.byte	0x4d
 306 01cf 07       		.uleb128 0x7
 307 01d0 FD090000 		.4byte	.LASF62
 308 01d4 4E       		.byte	0x4e
 309 01d5 07       		.uleb128 0x7
 310 01d6 9E050000 		.4byte	.LASF63
 311 01da 4F       		.byte	0x4f
 312 01db 07       		.uleb128 0x7
 313 01dc ED0A0000 		.4byte	.LASF64
 314 01e0 50       		.byte	0x50
 315 01e1 07       		.uleb128 0x7
ARM GAS  C:\Users\Roi\AppData\Local\Temp\ccbcbdzY.s 			page 7


 316 01e2 3C080000 		.4byte	.LASF65
 317 01e6 51       		.byte	0x51
 318 01e7 07       		.uleb128 0x7
 319 01e8 8A040000 		.4byte	.LASF66
 320 01ec 52       		.byte	0x52
 321 01ed 07       		.uleb128 0x7
 322 01ee 22040000 		.4byte	.LASF67
 323 01f2 53       		.byte	0x53
 324 01f3 07       		.uleb128 0x7
 325 01f4 DA020000 		.4byte	.LASF68
 326 01f8 54       		.byte	0x54
 327 01f9 07       		.uleb128 0x7
 328 01fa 330B0000 		.4byte	.LASF69
 329 01fe 55       		.byte	0x55
 330 01ff 07       		.uleb128 0x7
 331 0200 C50A0000 		.4byte	.LASF70
 332 0204 56       		.byte	0x56
 333 0205 07       		.uleb128 0x7
 334 0206 9C0A0000 		.4byte	.LASF71
 335 020a 57       		.byte	0x57
 336 020b 07       		.uleb128 0x7
 337 020c 30070000 		.4byte	.LASF72
 338 0210 58       		.byte	0x58
 339 0211 07       		.uleb128 0x7
 340 0212 6A050000 		.4byte	.LASF73
 341 0216 70       		.byte	0x70
 342 0217 07       		.uleb128 0x7
 343 0218 82090000 		.4byte	.LASF74
 344 021c 71       		.byte	0x71
 345 021d 07       		.uleb128 0x7
 346 021e CF070000 		.4byte	.LASF75
 347 0222 72       		.byte	0x72
 348 0223 07       		.uleb128 0x7
 349 0224 12030000 		.4byte	.LASF76
 350 0228 73       		.byte	0x73
 351 0229 07       		.uleb128 0x7
 352 022a 0B050000 		.4byte	.LASF77
 353 022e 74       		.byte	0x74
 354 022f 07       		.uleb128 0x7
 355 0230 BA060000 		.4byte	.LASF78
 356 0234 75       		.byte	0x75
 357 0235 07       		.uleb128 0x7
 358 0236 30030000 		.4byte	.LASF79
 359 023a 76       		.byte	0x76
 360 023b 07       		.uleb128 0x7
 361 023c 63090000 		.4byte	.LASF80
 362 0240 77       		.byte	0x77
 363 0241 07       		.uleb128 0x7
 364 0242 80080000 		.4byte	.LASF81
 365 0246 78       		.byte	0x78
 366 0247 07       		.uleb128 0x7
 367 0248 E8080000 		.4byte	.LASF82
 368 024c 79       		.byte	0x79
 369 024d 07       		.uleb128 0x7
 370 024e 4B0A0000 		.4byte	.LASF83
 371 0252 7A       		.byte	0x7a
 372 0253 07       		.uleb128 0x7
ARM GAS  C:\Users\Roi\AppData\Local\Temp\ccbcbdzY.s 			page 8


 373 0254 62080000 		.4byte	.LASF84
 374 0258 FA       		.byte	0xfa
 375 0259 07       		.uleb128 0x7
 376 025a BD050000 		.4byte	.LASF85
 377 025e FB       		.byte	0xfb
 378 025f 07       		.uleb128 0x7
 379 0260 570B0000 		.4byte	.LASF86
 380 0264 FC       		.byte	0xfc
 381 0265 07       		.uleb128 0x7
 382 0266 66070000 		.4byte	.LASF87
 383 026a FD       		.byte	0xfd
 384 026b 07       		.uleb128 0x7
 385 026c 8E0A0000 		.4byte	.LASF88
 386 0270 FF       		.byte	0xff
 387 0271 00       		.byte	0
 388 0272 08       		.uleb128 0x8
 389 0273 04       		.byte	0x4
 390 0274 6B000000 		.4byte	0x6b
 391 0278 04       		.uleb128 0x4
 392 0279 0C0B0000 		.4byte	.LASF89
 393 027d 03       		.byte	0x3
 394 027e 8901     		.2byte	0x189
 395 0280 77000000 		.4byte	0x77
 396 0284 09       		.uleb128 0x9
 397 0285 02       		.byte	0x2
 398 0286 03       		.byte	0x3
 399 0287 9301     		.2byte	0x193
 400 0289 A8020000 		.4byte	0x2a8
 401 028d 0A       		.uleb128 0xa
 402 028e 51030000 		.4byte	.LASF90
 403 0292 03       		.byte	0x3
 404 0293 9A01     		.2byte	0x19a
 405 0295 6B000000 		.4byte	0x6b
 406 0299 00       		.byte	0
 407 029a 0A       		.uleb128 0xa
 408 029b B4060000 		.4byte	.LASF91
 409 029f 03       		.byte	0x3
 410 02a0 A001     		.2byte	0x1a0
 411 02a2 6B000000 		.4byte	0x6b
 412 02a6 01       		.byte	0x1
 413 02a7 00       		.byte	0
 414 02a8 04       		.uleb128 0x4
 415 02a9 B5080000 		.4byte	.LASF92
 416 02ad 03       		.byte	0x3
 417 02ae A201     		.2byte	0x1a2
 418 02b0 84020000 		.4byte	0x284
 419 02b4 09       		.uleb128 0x9
 420 02b5 08       		.byte	0x8
 421 02b6 03       		.byte	0x3
 422 02b7 BE01     		.2byte	0x1be
 423 02b9 E5020000 		.4byte	0x2e5
 424 02bd 0B       		.uleb128 0xb
 425 02be 76616C00 		.ascii	"val\000"
 426 02c2 03       		.byte	0x3
 427 02c3 C101     		.2byte	0x1c1
 428 02c5 72020000 		.4byte	0x272
 429 02c9 00       		.byte	0
ARM GAS  C:\Users\Roi\AppData\Local\Temp\ccbcbdzY.s 			page 9


 430 02ca 0B       		.uleb128 0xb
 431 02cb 6C656E00 		.ascii	"len\000"
 432 02cf 03       		.byte	0x3
 433 02d0 C401     		.2byte	0x1c4
 434 02d2 77000000 		.4byte	0x77
 435 02d6 04       		.byte	0x4
 436 02d7 0A       		.uleb128 0xa
 437 02d8 CC090000 		.4byte	.LASF93
 438 02dc 03       		.byte	0x3
 439 02dd CB01     		.2byte	0x1cb
 440 02df 77000000 		.4byte	0x77
 441 02e3 06       		.byte	0x6
 442 02e4 00       		.byte	0
 443 02e5 04       		.uleb128 0x4
 444 02e6 BC070000 		.4byte	.LASF94
 445 02ea 03       		.byte	0x3
 446 02eb CD01     		.2byte	0x1cd
 447 02ed B4020000 		.4byte	0x2b4
 448 02f1 09       		.uleb128 0x9
 449 02f2 0C       		.byte	0xc
 450 02f3 03       		.byte	0x3
 451 02f4 D001     		.2byte	0x1d0
 452 02f6 15030000 		.4byte	0x315
 453 02fa 0A       		.uleb128 0xa
 454 02fb E70A0000 		.4byte	.LASF95
 455 02ff 03       		.byte	0x3
 456 0300 D301     		.2byte	0x1d3
 457 0302 E5020000 		.4byte	0x2e5
 458 0306 00       		.byte	0
 459 0307 0A       		.uleb128 0xa
 460 0308 A3080000 		.4byte	.LASF96
 461 030c 03       		.byte	0x3
 462 030d D601     		.2byte	0x1d6
 463 030f 78020000 		.4byte	0x278
 464 0313 08       		.byte	0x8
 465 0314 00       		.byte	0
 466 0315 04       		.uleb128 0x4
 467 0316 C9080000 		.4byte	.LASF97
 468 031a 03       		.byte	0x3
 469 031b D801     		.2byte	0x1d8
 470 031d F1020000 		.4byte	0x2f1
 471 0321 0C       		.uleb128 0xc
 472 0322 10       		.byte	0x10
 473 0323 04       		.byte	0x4
 474 0324 8A       		.byte	0x8a
 475 0325 42030000 		.4byte	0x342
 476 0329 0D       		.uleb128 0xd
 477 032a F8060000 		.4byte	.LASF98
 478 032e 04       		.byte	0x4
 479 032f 8D       		.byte	0x8d
 480 0330 A8020000 		.4byte	0x2a8
 481 0334 00       		.byte	0
 482 0335 0D       		.uleb128 0xd
 483 0336 09080000 		.4byte	.LASF99
 484 033a 04       		.byte	0x4
 485 033b 90       		.byte	0x90
 486 033c 15030000 		.4byte	0x315
ARM GAS  C:\Users\Roi\AppData\Local\Temp\ccbcbdzY.s 			page 10


 487 0340 04       		.byte	0x4
 488 0341 00       		.byte	0
 489 0342 0E       		.uleb128 0xe
 490 0343 C7040000 		.4byte	.LASF100
 491 0347 04       		.byte	0x4
 492 0348 92       		.byte	0x92
 493 0349 21030000 		.4byte	0x321
 494 034d 0E       		.uleb128 0xe
 495 034e 28090000 		.4byte	.LASF101
 496 0352 04       		.byte	0x4
 497 0353 95       		.byte	0x95
 498 0354 42030000 		.4byte	0x342
 499 0358 0F       		.uleb128 0xf
 500 0359 7E070000 		.4byte	.LASF109
 501 035d 01       		.byte	0x1
 502 035e 03       		.byte	0x3
 503 035f 00000000 		.4byte	.LFB36
 504 0363 1E000000 		.4byte	.LFE36-.LFB36
 505 0367 01       		.uleb128 0x1
 506 0368 9C       		.byte	0x9c
 507 0369 BF030000 		.4byte	0x3bf
 508 036d 10       		.uleb128 0x10
 509 036e 62010000 		.4byte	.LASF102
 510 0372 01       		.byte	0x1
 511 0373 03       		.byte	0x3
 512 0374 83000000 		.4byte	0x83
 513 0378 00000000 		.4byte	.LLST0
 514 037c 10       		.uleb128 0x10
 515 037d 280B0000 		.4byte	.LASF103
 516 0381 01       		.byte	0x1
 517 0382 03       		.byte	0x3
 518 0383 B2000000 		.4byte	0xb2
 519 0387 3A000000 		.4byte	.LLST1
 520 038b 11       		.uleb128 0x11
 521 038c 49010000 		.4byte	.LASF110
 522 0390 01       		.byte	0x1
 523 0391 04       		.byte	0x4
 524 0392 BF030000 		.4byte	0x3bf
 525 0396 74000000 		.4byte	.LLST2
 526 039a 12       		.uleb128 0x12
 527 039b 14000000 		.4byte	.LVL2
 528 039f C5030000 		.4byte	0x3c5
 529 03a3 AD030000 		.4byte	0x3ad
 530 03a7 13       		.uleb128 0x13
 531 03a8 01       		.uleb128 0x1
 532 03a9 50       		.byte	0x50
 533 03aa 01       		.uleb128 0x1
 534 03ab 30       		.byte	0x30
 535 03ac 00       		.byte	0
 536 03ad 14       		.uleb128 0x14
 537 03ae 1C000000 		.4byte	.LVL5
 538 03b2 D1030000 		.4byte	0x3d1
 539 03b6 13       		.uleb128 0x13
 540 03b7 01       		.uleb128 0x1
 541 03b8 50       		.byte	0x50
 542 03b9 03       		.uleb128 0x3
 543 03ba F3       		.byte	0xf3
ARM GAS  C:\Users\Roi\AppData\Local\Temp\ccbcbdzY.s 			page 11


 544 03bb 01       		.uleb128 0x1
 545 03bc 51       		.byte	0x51
 546 03bd 00       		.byte	0
 547 03be 00       		.byte	0
 548 03bf 08       		.uleb128 0x8
 549 03c0 04       		.byte	0x4
 550 03c1 4D030000 		.4byte	0x34d
 551 03c5 15       		.uleb128 0x15
 552 03c6 4D050000 		.4byte	.LASF104
 553 03ca 4D050000 		.4byte	.LASF104
 554 03ce 05       		.byte	0x5
 555 03cf 7E02     		.2byte	0x27e
 556 03d1 16       		.uleb128 0x16
 557 03d2 30000000 		.4byte	.LASF105
 558 03d6 30000000 		.4byte	.LASF105
 559 03da 06       		.byte	0x6
 560 03db 09       		.byte	0x9
 561 03dc 00       		.byte	0
 562              		.section	.debug_abbrev,"",%progbits
 563              	.Ldebug_abbrev0:
 564 0000 01       		.uleb128 0x1
 565 0001 11       		.uleb128 0x11
 566 0002 01       		.byte	0x1
 567 0003 25       		.uleb128 0x25
 568 0004 0E       		.uleb128 0xe
 569 0005 13       		.uleb128 0x13
 570 0006 0B       		.uleb128 0xb
 571 0007 03       		.uleb128 0x3
 572 0008 0E       		.uleb128 0xe
 573 0009 1B       		.uleb128 0x1b
 574 000a 0E       		.uleb128 0xe
 575 000b 55       		.uleb128 0x55
 576 000c 17       		.uleb128 0x17
 577 000d 11       		.uleb128 0x11
 578 000e 01       		.uleb128 0x1
 579 000f 10       		.uleb128 0x10
 580 0010 17       		.uleb128 0x17
 581 0011 00       		.byte	0
 582 0012 00       		.byte	0
 583 0013 02       		.uleb128 0x2
 584 0014 24       		.uleb128 0x24
 585 0015 00       		.byte	0
 586 0016 0B       		.uleb128 0xb
 587 0017 0B       		.uleb128 0xb
 588 0018 3E       		.uleb128 0x3e
 589 0019 0B       		.uleb128 0xb
 590 001a 03       		.uleb128 0x3
 591 001b 0E       		.uleb128 0xe
 592 001c 00       		.byte	0
 593 001d 00       		.byte	0
 594 001e 03       		.uleb128 0x3
 595 001f 24       		.uleb128 0x24
 596 0020 00       		.byte	0
 597 0021 0B       		.uleb128 0xb
 598 0022 0B       		.uleb128 0xb
 599 0023 3E       		.uleb128 0x3e
 600 0024 0B       		.uleb128 0xb
ARM GAS  C:\Users\Roi\AppData\Local\Temp\ccbcbdzY.s 			page 12


 601 0025 03       		.uleb128 0x3
 602 0026 08       		.uleb128 0x8
 603 0027 00       		.byte	0
 604 0028 00       		.byte	0
 605 0029 04       		.uleb128 0x4
 606 002a 16       		.uleb128 0x16
 607 002b 00       		.byte	0
 608 002c 03       		.uleb128 0x3
 609 002d 0E       		.uleb128 0xe
 610 002e 3A       		.uleb128 0x3a
 611 002f 0B       		.uleb128 0xb
 612 0030 3B       		.uleb128 0x3b
 613 0031 05       		.uleb128 0x5
 614 0032 49       		.uleb128 0x49
 615 0033 13       		.uleb128 0x13
 616 0034 00       		.byte	0
 617 0035 00       		.byte	0
 618 0036 05       		.uleb128 0x5
 619 0037 0F       		.uleb128 0xf
 620 0038 00       		.byte	0
 621 0039 0B       		.uleb128 0xb
 622 003a 0B       		.uleb128 0xb
 623 003b 00       		.byte	0
 624 003c 00       		.byte	0
 625 003d 06       		.uleb128 0x6
 626 003e 04       		.uleb128 0x4
 627 003f 01       		.byte	0x1
 628 0040 0B       		.uleb128 0xb
 629 0041 0B       		.uleb128 0xb
 630 0042 49       		.uleb128 0x49
 631 0043 13       		.uleb128 0x13
 632 0044 3A       		.uleb128 0x3a
 633 0045 0B       		.uleb128 0xb
 634 0046 3B       		.uleb128 0x3b
 635 0047 05       		.uleb128 0x5
 636 0048 01       		.uleb128 0x1
 637 0049 13       		.uleb128 0x13
 638 004a 00       		.byte	0
 639 004b 00       		.byte	0
 640 004c 07       		.uleb128 0x7
 641 004d 28       		.uleb128 0x28
 642 004e 00       		.byte	0
 643 004f 03       		.uleb128 0x3
 644 0050 0E       		.uleb128 0xe
 645 0051 1C       		.uleb128 0x1c
 646 0052 0B       		.uleb128 0xb
 647 0053 00       		.byte	0
 648 0054 00       		.byte	0
 649 0055 08       		.uleb128 0x8
 650 0056 0F       		.uleb128 0xf
 651 0057 00       		.byte	0
 652 0058 0B       		.uleb128 0xb
 653 0059 0B       		.uleb128 0xb
 654 005a 49       		.uleb128 0x49
 655 005b 13       		.uleb128 0x13
 656 005c 00       		.byte	0
 657 005d 00       		.byte	0
ARM GAS  C:\Users\Roi\AppData\Local\Temp\ccbcbdzY.s 			page 13


 658 005e 09       		.uleb128 0x9
 659 005f 13       		.uleb128 0x13
 660 0060 01       		.byte	0x1
 661 0061 0B       		.uleb128 0xb
 662 0062 0B       		.uleb128 0xb
 663 0063 3A       		.uleb128 0x3a
 664 0064 0B       		.uleb128 0xb
 665 0065 3B       		.uleb128 0x3b
 666 0066 05       		.uleb128 0x5
 667 0067 01       		.uleb128 0x1
 668 0068 13       		.uleb128 0x13
 669 0069 00       		.byte	0
 670 006a 00       		.byte	0
 671 006b 0A       		.uleb128 0xa
 672 006c 0D       		.uleb128 0xd
 673 006d 00       		.byte	0
 674 006e 03       		.uleb128 0x3
 675 006f 0E       		.uleb128 0xe
 676 0070 3A       		.uleb128 0x3a
 677 0071 0B       		.uleb128 0xb
 678 0072 3B       		.uleb128 0x3b
 679 0073 05       		.uleb128 0x5
 680 0074 49       		.uleb128 0x49
 681 0075 13       		.uleb128 0x13
 682 0076 38       		.uleb128 0x38
 683 0077 0B       		.uleb128 0xb
 684 0078 00       		.byte	0
 685 0079 00       		.byte	0
 686 007a 0B       		.uleb128 0xb
 687 007b 0D       		.uleb128 0xd
 688 007c 00       		.byte	0
 689 007d 03       		.uleb128 0x3
 690 007e 08       		.uleb128 0x8
 691 007f 3A       		.uleb128 0x3a
 692 0080 0B       		.uleb128 0xb
 693 0081 3B       		.uleb128 0x3b
 694 0082 05       		.uleb128 0x5
 695 0083 49       		.uleb128 0x49
 696 0084 13       		.uleb128 0x13
 697 0085 38       		.uleb128 0x38
 698 0086 0B       		.uleb128 0xb
 699 0087 00       		.byte	0
 700 0088 00       		.byte	0
 701 0089 0C       		.uleb128 0xc
 702 008a 13       		.uleb128 0x13
 703 008b 01       		.byte	0x1
 704 008c 0B       		.uleb128 0xb
 705 008d 0B       		.uleb128 0xb
 706 008e 3A       		.uleb128 0x3a
 707 008f 0B       		.uleb128 0xb
 708 0090 3B       		.uleb128 0x3b
 709 0091 0B       		.uleb128 0xb
 710 0092 01       		.uleb128 0x1
 711 0093 13       		.uleb128 0x13
 712 0094 00       		.byte	0
 713 0095 00       		.byte	0
 714 0096 0D       		.uleb128 0xd
ARM GAS  C:\Users\Roi\AppData\Local\Temp\ccbcbdzY.s 			page 14


 715 0097 0D       		.uleb128 0xd
 716 0098 00       		.byte	0
 717 0099 03       		.uleb128 0x3
 718 009a 0E       		.uleb128 0xe
 719 009b 3A       		.uleb128 0x3a
 720 009c 0B       		.uleb128 0xb
 721 009d 3B       		.uleb128 0x3b
 722 009e 0B       		.uleb128 0xb
 723 009f 49       		.uleb128 0x49
 724 00a0 13       		.uleb128 0x13
 725 00a1 38       		.uleb128 0x38
 726 00a2 0B       		.uleb128 0xb
 727 00a3 00       		.byte	0
 728 00a4 00       		.byte	0
 729 00a5 0E       		.uleb128 0xe
 730 00a6 16       		.uleb128 0x16
 731 00a7 00       		.byte	0
 732 00a8 03       		.uleb128 0x3
 733 00a9 0E       		.uleb128 0xe
 734 00aa 3A       		.uleb128 0x3a
 735 00ab 0B       		.uleb128 0xb
 736 00ac 3B       		.uleb128 0x3b
 737 00ad 0B       		.uleb128 0xb
 738 00ae 49       		.uleb128 0x49
 739 00af 13       		.uleb128 0x13
 740 00b0 00       		.byte	0
 741 00b1 00       		.byte	0
 742 00b2 0F       		.uleb128 0xf
 743 00b3 2E       		.uleb128 0x2e
 744 00b4 01       		.byte	0x1
 745 00b5 3F       		.uleb128 0x3f
 746 00b6 19       		.uleb128 0x19
 747 00b7 03       		.uleb128 0x3
 748 00b8 0E       		.uleb128 0xe
 749 00b9 3A       		.uleb128 0x3a
 750 00ba 0B       		.uleb128 0xb
 751 00bb 3B       		.uleb128 0x3b
 752 00bc 0B       		.uleb128 0xb
 753 00bd 27       		.uleb128 0x27
 754 00be 19       		.uleb128 0x19
 755 00bf 11       		.uleb128 0x11
 756 00c0 01       		.uleb128 0x1
 757 00c1 12       		.uleb128 0x12
 758 00c2 06       		.uleb128 0x6
 759 00c3 40       		.uleb128 0x40
 760 00c4 18       		.uleb128 0x18
 761 00c5 9742     		.uleb128 0x2117
 762 00c7 19       		.uleb128 0x19
 763 00c8 01       		.uleb128 0x1
 764 00c9 13       		.uleb128 0x13
 765 00ca 00       		.byte	0
 766 00cb 00       		.byte	0
 767 00cc 10       		.uleb128 0x10
 768 00cd 05       		.uleb128 0x5
 769 00ce 00       		.byte	0
 770 00cf 03       		.uleb128 0x3
 771 00d0 0E       		.uleb128 0xe
ARM GAS  C:\Users\Roi\AppData\Local\Temp\ccbcbdzY.s 			page 15


 772 00d1 3A       		.uleb128 0x3a
 773 00d2 0B       		.uleb128 0xb
 774 00d3 3B       		.uleb128 0x3b
 775 00d4 0B       		.uleb128 0xb
 776 00d5 49       		.uleb128 0x49
 777 00d6 13       		.uleb128 0x13
 778 00d7 02       		.uleb128 0x2
 779 00d8 17       		.uleb128 0x17
 780 00d9 00       		.byte	0
 781 00da 00       		.byte	0
 782 00db 11       		.uleb128 0x11
 783 00dc 34       		.uleb128 0x34
 784 00dd 00       		.byte	0
 785 00de 03       		.uleb128 0x3
 786 00df 0E       		.uleb128 0xe
 787 00e0 3A       		.uleb128 0x3a
 788 00e1 0B       		.uleb128 0xb
 789 00e2 3B       		.uleb128 0x3b
 790 00e3 0B       		.uleb128 0xb
 791 00e4 49       		.uleb128 0x49
 792 00e5 13       		.uleb128 0x13
 793 00e6 02       		.uleb128 0x2
 794 00e7 17       		.uleb128 0x17
 795 00e8 00       		.byte	0
 796 00e9 00       		.byte	0
 797 00ea 12       		.uleb128 0x12
 798 00eb 898201   		.uleb128 0x4109
 799 00ee 01       		.byte	0x1
 800 00ef 11       		.uleb128 0x11
 801 00f0 01       		.uleb128 0x1
 802 00f1 31       		.uleb128 0x31
 803 00f2 13       		.uleb128 0x13
 804 00f3 01       		.uleb128 0x1
 805 00f4 13       		.uleb128 0x13
 806 00f5 00       		.byte	0
 807 00f6 00       		.byte	0
 808 00f7 13       		.uleb128 0x13
 809 00f8 8A8201   		.uleb128 0x410a
 810 00fb 00       		.byte	0
 811 00fc 02       		.uleb128 0x2
 812 00fd 18       		.uleb128 0x18
 813 00fe 9142     		.uleb128 0x2111
 814 0100 18       		.uleb128 0x18
 815 0101 00       		.byte	0
 816 0102 00       		.byte	0
 817 0103 14       		.uleb128 0x14
 818 0104 898201   		.uleb128 0x4109
 819 0107 01       		.byte	0x1
 820 0108 11       		.uleb128 0x11
 821 0109 01       		.uleb128 0x1
 822 010a 31       		.uleb128 0x31
 823 010b 13       		.uleb128 0x13
 824 010c 00       		.byte	0
 825 010d 00       		.byte	0
 826 010e 15       		.uleb128 0x15
 827 010f 2E       		.uleb128 0x2e
 828 0110 00       		.byte	0
ARM GAS  C:\Users\Roi\AppData\Local\Temp\ccbcbdzY.s 			page 16


 829 0111 3F       		.uleb128 0x3f
 830 0112 19       		.uleb128 0x19
 831 0113 3C       		.uleb128 0x3c
 832 0114 19       		.uleb128 0x19
 833 0115 6E       		.uleb128 0x6e
 834 0116 0E       		.uleb128 0xe
 835 0117 03       		.uleb128 0x3
 836 0118 0E       		.uleb128 0xe
 837 0119 3A       		.uleb128 0x3a
 838 011a 0B       		.uleb128 0xb
 839 011b 3B       		.uleb128 0x3b
 840 011c 05       		.uleb128 0x5
 841 011d 00       		.byte	0
 842 011e 00       		.byte	0
 843 011f 16       		.uleb128 0x16
 844 0120 2E       		.uleb128 0x2e
 845 0121 00       		.byte	0
 846 0122 3F       		.uleb128 0x3f
 847 0123 19       		.uleb128 0x19
 848 0124 3C       		.uleb128 0x3c
 849 0125 19       		.uleb128 0x19
 850 0126 6E       		.uleb128 0x6e
 851 0127 0E       		.uleb128 0xe
 852 0128 03       		.uleb128 0x3
 853 0129 0E       		.uleb128 0xe
 854 012a 3A       		.uleb128 0x3a
 855 012b 0B       		.uleb128 0xb
 856 012c 3B       		.uleb128 0x3b
 857 012d 0B       		.uleb128 0xb
 858 012e 00       		.byte	0
 859 012f 00       		.byte	0
 860 0130 00       		.byte	0
 861              		.section	.debug_loc,"",%progbits
 862              	.Ldebug_loc0:
 863              	.LLST0:
 864 0000 00000000 		.4byte	.LVL0
 865 0004 10000000 		.4byte	.LVL1
 866 0008 0100     		.2byte	0x1
 867 000a 50       		.byte	0x50
 868 000b 10000000 		.4byte	.LVL1
 869 000f 16000000 		.4byte	.LVL3
 870 0013 0400     		.2byte	0x4
 871 0015 F3       		.byte	0xf3
 872 0016 01       		.uleb128 0x1
 873 0017 50       		.byte	0x50
 874 0018 9F       		.byte	0x9f
 875 0019 16000000 		.4byte	.LVL3
 876 001d 18000000 		.4byte	.LVL4
 877 0021 0100     		.2byte	0x1
 878 0023 50       		.byte	0x50
 879 0024 18000000 		.4byte	.LVL4
 880 0028 1E000000 		.4byte	.LFE36
 881 002c 0400     		.2byte	0x4
 882 002e F3       		.byte	0xf3
 883 002f 01       		.uleb128 0x1
 884 0030 50       		.byte	0x50
 885 0031 9F       		.byte	0x9f
ARM GAS  C:\Users\Roi\AppData\Local\Temp\ccbcbdzY.s 			page 17


 886 0032 00000000 		.4byte	0
 887 0036 00000000 		.4byte	0
 888              	.LLST1:
 889 003a 00000000 		.4byte	.LVL0
 890 003e 13000000 		.4byte	.LVL2-1
 891 0042 0100     		.2byte	0x1
 892 0044 51       		.byte	0x51
 893 0045 13000000 		.4byte	.LVL2-1
 894 0049 16000000 		.4byte	.LVL3
 895 004d 0400     		.2byte	0x4
 896 004f F3       		.byte	0xf3
 897 0050 01       		.uleb128 0x1
 898 0051 51       		.byte	0x51
 899 0052 9F       		.byte	0x9f
 900 0053 16000000 		.4byte	.LVL3
 901 0057 1B000000 		.4byte	.LVL5-1
 902 005b 0100     		.2byte	0x1
 903 005d 51       		.byte	0x51
 904 005e 1B000000 		.4byte	.LVL5-1
 905 0062 1E000000 		.4byte	.LFE36
 906 0066 0400     		.2byte	0x4
 907 0068 F3       		.byte	0xf3
 908 0069 01       		.uleb128 0x1
 909 006a 51       		.byte	0x51
 910 006b 9F       		.byte	0x9f
 911 006c 00000000 		.4byte	0
 912 0070 00000000 		.4byte	0
 913              	.LLST2:
 914 0074 16000000 		.4byte	.LVL3
 915 0078 1B000000 		.4byte	.LVL5-1
 916 007c 0100     		.2byte	0x1
 917 007e 51       		.byte	0x51
 918 007f 1B000000 		.4byte	.LVL5-1
 919 0083 1C000000 		.4byte	.LVL5
 920 0087 0400     		.2byte	0x4
 921 0089 F3       		.byte	0xf3
 922 008a 01       		.uleb128 0x1
 923 008b 51       		.byte	0x51
 924 008c 9F       		.byte	0x9f
 925 008d 00000000 		.4byte	0
 926 0091 00000000 		.4byte	0
 927              		.section	.debug_aranges,"",%progbits
 928 0000 1C000000 		.4byte	0x1c
 929 0004 0200     		.2byte	0x2
 930 0006 00000000 		.4byte	.Ldebug_info0
 931 000a 04       		.byte	0x4
 932 000b 00       		.byte	0
 933 000c 0000     		.2byte	0
 934 000e 0000     		.2byte	0
 935 0010 00000000 		.4byte	.LFB36
 936 0014 1E000000 		.4byte	.LFE36-.LFB36
 937 0018 00000000 		.4byte	0
 938 001c 00000000 		.4byte	0
 939              		.section	.debug_ranges,"",%progbits
 940              	.Ldebug_ranges0:
 941 0000 00000000 		.4byte	.LFB36
 942 0004 1E000000 		.4byte	.LFE36
ARM GAS  C:\Users\Roi\AppData\Local\Temp\ccbcbdzY.s 			page 18


 943 0008 00000000 		.4byte	0
 944 000c 00000000 		.4byte	0
 945              		.section	.debug_line,"",%progbits
 946              	.Ldebug_line0:
 947 0000 B6000000 		.section	.debug_str,"MS",%progbits,1
 947      02009C00 
 947      00000201 
 947      FB0E0D00 
 947      01010101 
 948              	.LASF15:
 949 0000 6C6F6E67 		.ascii	"long double\000"
 949      20646F75 
 949      626C6500 
 950              	.LASF26:
 951 000c 4359424C 		.ascii	"CYBLE_EVT_GAP_PASSKEY_ENTRY_REQUEST\000"
 951      455F4556 
 951      545F4741 
 951      505F5041 
 951      53534B45 
 952              	.LASF105:
 953 0030 77726974 		.ascii	"write\000"
 953      6500
 954              	.LASF34:
 955 0036 4359424C 		.ascii	"CYBLE_EVT_GAP_CONNECTION_UPDATE_COMPLETE\000"
 955      455F4556 
 955      545F4741 
 955      505F434F 
 955      4E4E4543 
 956              	.LASF23:
 957 005f 4359424C 		.ascii	"CYBLE_EVT_MEMORY_REQUEST\000"
 957      455F4556 
 957      545F4D45 
 957      4D4F5259 
 957      5F524551 
 958              	.LASF48:
 959 0078 4359424C 		.ascii	"CYBLE_EVT_GATTC_ERROR_RSP\000"
 959      455F4556 
 959      545F4741 
 959      5454435F 
 959      4552524F 
 960              	.LASF32:
 961 0092 4359424C 		.ascii	"CYBLE_EVT_GAP_DEVICE_DISCONNECTED\000"
 961      455F4556 
 961      545F4741 
 961      505F4445 
 961      56494345 
 962              	.LASF38:
 963 00b4 4359424C 		.ascii	"CYBLE_EVT_GAP_KEYPRESS_NOTIFICATION\000"
 963      455F4556 
 963      545F4741 
 963      505F4B45 
 963      59505245 
 964              	.LASF2:
 965 00d8 73686F72 		.ascii	"short int\000"
 965      7420696E 
 965      7400
 966              	.LASF29:
ARM GAS  C:\Users\Roi\AppData\Local\Temp\ccbcbdzY.s 			page 19


 967 00e2 4359424C 		.ascii	"CYBLE_EVT_GAP_AUTH_FAILED\000"
 967      455F4556 
 967      545F4741 
 967      505F4155 
 967      54485F46 
 968              	.LASF107:
 969 00fc 657A5F62 		.ascii	"ez_ble_goal.c\000"
 969      6C655F67 
 969      6F616C2E 
 969      6300
 970              	.LASF16:
 971 010a 73697A65 		.ascii	"sizetype\000"
 971      74797065 
 971      00
 972              	.LASF40:
 973 0113 4359424C 		.ascii	"CYBLE_EVT_GAP_DATA_LENGTH_CHANGE\000"
 973      455F4556 
 973      545F4741 
 973      505F4441 
 973      54415F4C 
 974              	.LASF21:
 975 0134 4359424C 		.ascii	"CYBLE_EVT_HCI_STATUS\000"
 975      455F4556 
 975      545F4843 
 975      495F5354 
 975      41545553 
 976              	.LASF110:
 977 0149 77725265 		.ascii	"wrReqParam\000"
 977      71506172 
 977      616D00
 978              	.LASF6:
 979 0154 6C6F6E67 		.ascii	"long long int\000"
 979      206C6F6E 
 979      6720696E 
 979      7400
 980              	.LASF102:
 981 0162 6576656E 		.ascii	"event\000"
 981      7400
 982              	.LASF61:
 983 0168 4359424C 		.ascii	"CYBLE_EVT_GATTC_WRITE_RSP\000"
 983      455F4556 
 983      545F4741 
 983      5454435F 
 983      57524954 
 984              	.LASF54:
 985 0182 4359424C 		.ascii	"CYBLE_EVT_GATTC_READ_BY_TYPE_RSP\000"
 985      455F4556 
 985      545F4741 
 985      5454435F 
 985      52454144 
 986              	.LASF18:
 987 01a3 4359424C 		.ascii	"CYBLE_EVT_STACK_ON\000"
 987      455F4556 
 987      545F5354 
 987      41434B5F 
 987      4F4E00
 988              	.LASF47:
ARM GAS  C:\Users\Roi\AppData\Local\Temp\ccbcbdzY.s 			page 20


 989 01b6 4359424C 		.ascii	"CYBLE_EVT_GAP_SMP_LOC_P256_KEYS_GEN_AND_SET_COMPLET"
 989      455F4556 
 989      545F4741 
 989      505F534D 
 989      505F4C4F 
 990 01e9 4500     		.ascii	"E\000"
 991              	.LASF51:
 992 01eb 4359424C 		.ascii	"CYBLE_EVT_GATTS_XCNHG_MTU_REQ\000"
 992      455F4556 
 992      545F4741 
 992      5454535F 
 992      58434E48 
 993              	.LASF106:
 994 0209 474E5520 		.ascii	"GNU C11 5.4.1 20160609 (release) [ARM/embedded-5-br"
 994      43313120 
 994      352E342E 
 994      31203230 
 994      31363036 
 995 023c 616E6368 		.ascii	"anch revision 237715] -mcpu=cortex-m0 -mthumb -g -O"
 995      20726576 
 995      6973696F 
 995      6E203233 
 995      37373135 
 996 026f 67202D66 		.ascii	"g -ffunction-sections -ffat-lto-objects\000"
 996      66756E63 
 996      74696F6E 
 996      2D736563 
 996      74696F6E 
 997              	.LASF36:
 998 0297 4359424C 		.ascii	"CYBLE_EVT_GAP_KEYINFO_EXCHNGE_CMPLT\000"
 998      455F4556 
 998      545F4741 
 998      505F4B45 
 998      59494E46 
 999              	.LASF59:
 1000 02bb 4359424C 		.ascii	"CYBLE_EVT_GATTC_READ_MULTI_RSP\000"
 1000      455F4556 
 1000      545F4741 
 1000      5454435F 
 1000      52454144 
 1001              	.LASF68:
 1002 02da 4359424C 		.ascii	"CYBLE_EVT_GATTS_HANDLE_VALUE_CNF\000"
 1002      455F4556 
 1002      545F4741 
 1002      5454535F 
 1002      48414E44 
 1003              	.LASF17:
 1004 02fb 4359424C 		.ascii	"CYBLE_EVT_HOST_INVALID\000"
 1004      455F4556 
 1004      545F484F 
 1004      53545F49 
 1004      4E56414C 
 1005              	.LASF76:
 1006 0312 4359424C 		.ascii	"CYBLE_EVT_L2CAP_CBFC_CONN_IND\000"
 1006      455F4556 
 1006      545F4C32 
 1006      4341505F 
ARM GAS  C:\Users\Roi\AppData\Local\Temp\ccbcbdzY.s 			page 21


 1006      43424643 
 1007              	.LASF79:
 1008 0330 4359424C 		.ascii	"CYBLE_EVT_L2CAP_CBFC_DISCONN_CNF\000"
 1008      455F4556 
 1008      545F4C32 
 1008      4341505F 
 1008      43424643 
 1009              	.LASF90:
 1010 0351 62644861 		.ascii	"bdHandle\000"
 1010      6E646C65 
 1010      00
 1011              	.LASF12:
 1012 035a 666C6F61 		.ascii	"float\000"
 1012      7400
 1013              	.LASF57:
 1014 0360 4359424C 		.ascii	"CYBLE_EVT_GATTC_READ_RSP\000"
 1014      455F4556 
 1014      545F4741 
 1014      5454435F 
 1014      52454144 
 1015              	.LASF37:
 1016 0379 4359424C 		.ascii	"CYBLE_EVT_GAP_NUMERIC_COMPARISON_REQUEST\000"
 1016      455F4556 
 1016      545F4741 
 1016      505F4E55 
 1016      4D455249 
 1017              	.LASF42:
 1018 03a2 4359424C 		.ascii	"CYBLE_EVT_GAPC_DIRECT_ADV_REPORT\000"
 1018      455F4556 
 1018      545F4741 
 1018      50435F44 
 1018      49524543 
 1019              	.LASF7:
 1020 03c3 6C6F6E67 		.ascii	"long long unsigned int\000"
 1020      206C6F6E 
 1020      6720756E 
 1020      7369676E 
 1020      65642069 
 1021              	.LASF50:
 1022 03da 4359424C 		.ascii	"CYBLE_EVT_GATT_DISCONNECT_IND\000"
 1022      455F4556 
 1022      545F4741 
 1022      54545F44 
 1022      4953434F 
 1023              	.LASF46:
 1024 03f8 4359424C 		.ascii	"CYBLE_EVT_GAP_AUTH_REQ_REPLY_ERR\000"
 1024      455F4556 
 1024      545F4741 
 1024      505F4155 
 1024      54485F52 
 1025              	.LASF4:
 1026 0419 6C6F6E67 		.ascii	"long int\000"
 1026      20696E74 
 1026      00
 1027              	.LASF67:
 1028 0422 4359424C 		.ascii	"CYBLE_EVT_GATTC_HANDLE_VALUE_IND\000"
 1028      455F4556 
ARM GAS  C:\Users\Roi\AppData\Local\Temp\ccbcbdzY.s 			page 22


 1028      545F4741 
 1028      5454435F 
 1028      48414E44 
 1029              	.LASF31:
 1030 0443 4359424C 		.ascii	"CYBLE_EVT_GAP_DEVICE_CONNECTED\000"
 1030      455F4556 
 1030      545F4741 
 1030      505F4445 
 1030      56494345 
 1031              	.LASF30:
 1032 0462 4359424C 		.ascii	"CYBLE_EVT_GAPP_ADVERTISEMENT_START_STOP\000"
 1032      455F4556 
 1032      545F4741 
 1032      50505F41 
 1032      44564552 
 1033              	.LASF66:
 1034 048a 4359424C 		.ascii	"CYBLE_EVT_GATTC_HANDLE_VALUE_NTF\000"
 1034      455F4556 
 1034      545F4741 
 1034      5454435F 
 1034      48414E44 
 1035              	.LASF22:
 1036 04ab 4359424C 		.ascii	"CYBLE_EVT_STACK_BUSY_STATUS\000"
 1036      455F4556 
 1036      545F5354 
 1036      41434B5F 
 1036      42555359 
 1037              	.LASF100:
 1038 04c7 4359424C 		.ascii	"CYBLE_GATTS_WRITE_REQ_PARAM_T\000"
 1038      455F4741 
 1038      5454535F 
 1038      57524954 
 1038      455F5245 
 1039              	.LASF27:
 1040 04e5 4359424C 		.ascii	"CYBLE_EVT_GAP_PASSKEY_DISPLAY_REQUEST\000"
 1040      455F4556 
 1040      545F4741 
 1040      505F5041 
 1040      53534B45 
 1041              	.LASF77:
 1042 050b 4359424C 		.ascii	"CYBLE_EVT_L2CAP_CBFC_CONN_CNF\000"
 1042      455F4556 
 1042      545F4C32 
 1042      4341505F 
 1042      43424643 
 1043              	.LASF41:
 1044 0529 4359424C 		.ascii	"CYBLE_EVT_GAP_ENHANCE_CONN_COMPLETE\000"
 1044      455F4556 
 1044      545F4741 
 1044      505F454E 
 1044      48414E43 
 1045              	.LASF104:
 1046 054d 4379426C 		.ascii	"CyBle_GappStartAdvertisement\000"
 1046      655F4761 
 1046      70705374 
 1046      61727441 
 1046      64766572 
ARM GAS  C:\Users\Roi\AppData\Local\Temp\ccbcbdzY.s 			page 23


 1047              	.LASF73:
 1048 056a 4359424C 		.ascii	"CYBLE_EVT_L2CAP_CONN_PARAM_UPDATE_REQ\000"
 1048      455F4556 
 1048      545F4C32 
 1048      4341505F 
 1048      434F4E4E 
 1049              	.LASF1:
 1050 0590 756E7369 		.ascii	"unsigned char\000"
 1050      676E6564 
 1050      20636861 
 1050      7200
 1051              	.LASF63:
 1052 059e 4359424C 		.ascii	"CYBLE_EVT_GATTS_PREP_WRITE_REQ\000"
 1052      455F4556 
 1052      545F4741 
 1052      5454535F 
 1052      50524550 
 1053              	.LASF85:
 1054 05bd 4359424C 		.ascii	"CYBLE_EVT_LE_PING_AUTH_TIMEOUT\000"
 1054      455F4556 
 1054      545F4C45 
 1054      5F50494E 
 1054      475F4155 
 1055              	.LASF55:
 1056 05dc 4359424C 		.ascii	"CYBLE_EVT_GATTC_FIND_INFO_RSP\000"
 1056      455F4556 
 1056      545F4741 
 1056      5454435F 
 1056      46494E44 
 1057              	.LASF0:
 1058 05fa 7369676E 		.ascii	"signed char\000"
 1058      65642063 
 1058      68617200 
 1059              	.LASF60:
 1060 0606 4359424C 		.ascii	"CYBLE_EVT_GATTS_WRITE_REQ\000"
 1060      455F4556 
 1060      545F4741 
 1060      5454535F 
 1060      57524954 
 1061              	.LASF56:
 1062 0620 4359424C 		.ascii	"CYBLE_EVT_GATTC_FIND_BY_TYPE_VALUE_RSP\000"
 1062      455F4556 
 1062      545F4741 
 1062      5454435F 
 1062      46494E44 
 1063              	.LASF28:
 1064 0647 4359424C 		.ascii	"CYBLE_EVT_GAP_AUTH_COMPLETE\000"
 1064      455F4556 
 1064      545F4741 
 1064      505F4155 
 1064      54485F43 
 1065              	.LASF8:
 1066 0663 756E7369 		.ascii	"unsigned int\000"
 1066      676E6564 
 1066      20696E74 
 1066      00
 1067              	.LASF49:
ARM GAS  C:\Users\Roi\AppData\Local\Temp\ccbcbdzY.s 			page 24


 1068 0670 4359424C 		.ascii	"CYBLE_EVT_GATT_CONNECT_IND\000"
 1068      455F4556 
 1068      545F4741 
 1068      54545F43 
 1068      4F4E4E45 
 1069              	.LASF5:
 1070 068b 6C6F6E67 		.ascii	"long unsigned int\000"
 1070      20756E73 
 1070      69676E65 
 1070      6420696E 
 1070      7400
 1071              	.LASF25:
 1072 069d 4359424C 		.ascii	"CYBLE_EVT_GAP_AUTH_REQ\000"
 1072      455F4556 
 1072      545F4741 
 1072      505F4155 
 1072      54485F52 
 1073              	.LASF91:
 1074 06b4 61747449 		.ascii	"attId\000"
 1074      6400
 1075              	.LASF78:
 1076 06ba 4359424C 		.ascii	"CYBLE_EVT_L2CAP_CBFC_DISCONN_IND\000"
 1076      455F4556 
 1076      545F4C32 
 1076      4341505F 
 1076      43424643 
 1077              	.LASF33:
 1078 06db 4359424C 		.ascii	"CYBLE_EVT_GAP_ENCRYPT_CHANGE\000"
 1078      455F4556 
 1078      545F4741 
 1078      505F454E 
 1078      43525950 
 1079              	.LASF98:
 1080 06f8 636F6E6E 		.ascii	"connHandle\000"
 1080      48616E64 
 1080      6C6500
 1081              	.LASF108:
 1082 0703 443A5C62 		.ascii	"D:\\bachelor_work\\program\\Goal\\SmartBoy.cydsn\000"
 1082      61636865 
 1082      6C6F725F 
 1082      776F726B 
 1082      5C70726F 
 1083              	.LASF72:
 1084 0730 4359424C 		.ascii	"CYBLE_EVT_GATTC_LONG_PROCEDURE_END\000"
 1084      455F4556 
 1084      545F4741 
 1084      5454435F 
 1084      4C4F4E47 
 1085              	.LASF3:
 1086 0753 73686F72 		.ascii	"short unsigned int\000"
 1086      7420756E 
 1086      7369676E 
 1086      65642069 
 1086      6E7400
 1087              	.LASF87:
 1088 0766 4359424C 		.ascii	"CYBLE_EVT_FLASH_CORRUPT\000"
 1088      455F4556 
ARM GAS  C:\Users\Roi\AppData\Local\Temp\ccbcbdzY.s 			page 25


 1088      545F464C 
 1088      4153485F 
 1088      434F5252 
 1089              	.LASF109:
 1090 077e 426C6543 		.ascii	"BleCallBackServer\000"
 1090      616C6C42 
 1090      61636B53 
 1090      65727665 
 1090      7200
 1091              	.LASF43:
 1092 0790 4359424C 		.ascii	"CYBLE_EVT_GAP_SMP_NEGOTIATED_AUTH_INFO\000"
 1092      455F4556 
 1092      545F4741 
 1092      505F534D 
 1092      505F4E45 
 1093              	.LASF14:
 1094 07b7 63686172 		.ascii	"char\000"
 1094      00
 1095              	.LASF94:
 1096 07bc 4359424C 		.ascii	"CYBLE_GATT_VALUE_T\000"
 1096      455F4741 
 1096      54545F56 
 1096      414C5545 
 1096      5F5400
 1097              	.LASF75:
 1098 07cf 4359424C 		.ascii	"CYBLE_EVT_L2CAP_COMMAND_REJ\000"
 1098      455F4556 
 1098      545F4C32 
 1098      4341505F 
 1098      434F4D4D 
 1099              	.LASF9:
 1100 07eb 75696E74 		.ascii	"uint8\000"
 1100      3800
 1101              	.LASF44:
 1102 07f1 4359424C 		.ascii	"CYBLE_EVT_GAP_CONN_ESTB\000"
 1102      455F4556 
 1102      545F4741 
 1102      505F434F 
 1102      4E4E5F45 
 1103              	.LASF99:
 1104 0809 68616E64 		.ascii	"handleValPair\000"
 1104      6C655661 
 1104      6C506169 
 1104      7200
 1105              	.LASF10:
 1106 0817 75696E74 		.ascii	"uint16\000"
 1106      313600
 1107              	.LASF58:
 1108 081e 4359424C 		.ascii	"CYBLE_EVT_GATTC_READ_BLOB_RSP\000"
 1108      455F4556 
 1108      545F4741 
 1108      5454435F 
 1108      52454144 
 1109              	.LASF65:
 1110 083c 4359424C 		.ascii	"CYBLE_EVT_GATTC_EXEC_WRITE_RSP\000"
 1110      455F4556 
 1110      545F4741 
ARM GAS  C:\Users\Roi\AppData\Local\Temp\ccbcbdzY.s 			page 26


 1110      5454435F 
 1110      45584543 
 1111              	.LASF11:
 1112 085b 75696E74 		.ascii	"uint32\000"
 1112      333200
 1113              	.LASF84:
 1114 0862 4359424C 		.ascii	"CYBLE_EVT_PENDING_FLASH_WRITE\000"
 1114      455F4556 
 1114      545F5045 
 1114      4E44494E 
 1114      475F464C 
 1115              	.LASF81:
 1116 0880 4359424C 		.ascii	"CYBLE_EVT_L2CAP_CBFC_RX_CREDIT_IND\000"
 1116      455F4556 
 1116      545F4C32 
 1116      4341505F 
 1116      43424643 
 1117              	.LASF96:
 1118 08a3 61747472 		.ascii	"attrHandle\000"
 1118      48616E64 
 1118      6C6500
 1119              	.LASF13:
 1120 08ae 646F7562 		.ascii	"double\000"
 1120      6C6500
 1121              	.LASF92:
 1122 08b5 4359424C 		.ascii	"CYBLE_CONN_HANDLE_T\000"
 1122      455F434F 
 1122      4E4E5F48 
 1122      414E444C 
 1122      455F5400 
 1123              	.LASF97:
 1124 08c9 4359424C 		.ascii	"CYBLE_GATT_HANDLE_VALUE_PAIR_T\000"
 1124      455F4741 
 1124      54545F48 
 1124      414E444C 
 1124      455F5641 
 1125              	.LASF82:
 1126 08e8 4359424C 		.ascii	"CYBLE_EVT_L2CAP_CBFC_TX_CREDIT_IND\000"
 1126      455F4556 
 1126      545F4C32 
 1126      4341505F 
 1126      43424643 
 1127              	.LASF45:
 1128 090b 4359424C 		.ascii	"CYBLE_EVT_GAP_SCAN_REQ_RECVD\000"
 1128      455F4556 
 1128      545F4741 
 1128      505F5343 
 1128      414E5F52 
 1129              	.LASF101:
 1130 0928 4359424C 		.ascii	"CYBLE_GATTS_WRITE_CMD_REQ_PARAM_T\000"
 1130      455F4741 
 1130      5454535F 
 1130      57524954 
 1130      455F434D 
 1131              	.LASF20:
 1132 094a 4359424C 		.ascii	"CYBLE_EVT_HARDWARE_ERROR\000"
 1132      455F4556 
ARM GAS  C:\Users\Roi\AppData\Local\Temp\ccbcbdzY.s 			page 27


 1132      545F4841 
 1132      52445741 
 1132      52455F45 
 1133              	.LASF80:
 1134 0963 4359424C 		.ascii	"CYBLE_EVT_L2CAP_CBFC_DATA_READ\000"
 1134      455F4556 
 1134      545F4C32 
 1134      4341505F 
 1134      43424643 
 1135              	.LASF74:
 1136 0982 4359424C 		.ascii	"CYBLE_EVT_L2CAP_CONN_PARAM_UPDATE_RSP\000"
 1136      455F4556 
 1136      545F4C32 
 1136      4341505F 
 1136      434F4E4E 
 1137              	.LASF24:
 1138 09a8 4359424C 		.ascii	"CYBLE_EVT_GAPC_SCAN_PROGRESS_RESULT\000"
 1138      455F4556 
 1138      545F4741 
 1138      50435F53 
 1138      43414E5F 
 1139              	.LASF93:
 1140 09cc 61637475 		.ascii	"actualLen\000"
 1140      616C4C65 
 1140      6E00
 1141              	.LASF53:
 1142 09d6 4359424C 		.ascii	"CYBLE_EVT_GATTC_READ_BY_GROUP_TYPE_RSP\000"
 1142      455F4556 
 1142      545F4741 
 1142      5454435F 
 1142      52454144 
 1143              	.LASF62:
 1144 09fd 4359424C 		.ascii	"CYBLE_EVT_GATTS_WRITE_CMD_REQ\000"
 1144      455F4556 
 1144      545F4741 
 1144      5454535F 
 1144      57524954 
 1145              	.LASF52:
 1146 0a1b 4359424C 		.ascii	"CYBLE_EVT_GATTC_XCHNG_MTU_RSP\000"
 1146      455F4556 
 1146      545F4741 
 1146      5454435F 
 1146      5843484E 
 1147              	.LASF19:
 1148 0a39 4359424C 		.ascii	"CYBLE_EVT_TIMEOUT\000"
 1148      455F4556 
 1148      545F5449 
 1148      4D454F55 
 1148      5400
 1149              	.LASF83:
 1150 0a4b 4359424C 		.ascii	"CYBLE_EVT_L2CAP_CBFC_DATA_WRITE_IND\000"
 1150      455F4556 
 1150      545F4C32 
 1150      4341505F 
 1150      43424643 
 1151              	.LASF35:
 1152 0a6f 4359424C 		.ascii	"CYBLE_EVT_GAPC_SCAN_START_STOP\000"
ARM GAS  C:\Users\Roi\AppData\Local\Temp\ccbcbdzY.s 			page 28


 1152      455F4556 
 1152      545F4741 
 1152      50435F53 
 1152      43414E5F 
 1153              	.LASF88:
 1154 0a8e 4359424C 		.ascii	"CYBLE_EVT_MAX\000"
 1154      455F4556 
 1154      545F4D41 
 1154      5800
 1155              	.LASF71:
 1156 0a9c 4359424C 		.ascii	"CYBLE_EVT_GATTS_READ_CHAR_VAL_ACCESS_REQ\000"
 1156      455F4556 
 1156      545F4741 
 1156      5454535F 
 1156      52454144 
 1157              	.LASF70:
 1158 0ac5 4359424C 		.ascii	"CYBLE_EVT_GATTC_STOP_CMD_COMPLETE\000"
 1158      455F4556 
 1158      545F4741 
 1158      5454435F 
 1158      53544F50 
 1159              	.LASF95:
 1160 0ae7 76616C75 		.ascii	"value\000"
 1160      6500
 1161              	.LASF64:
 1162 0aed 4359424C 		.ascii	"CYBLE_EVT_GATTS_EXEC_WRITE_REQ\000"
 1162      455F4556 
 1162      545F4741 
 1162      5454535F 
 1162      45584543 
 1163              	.LASF89:
 1164 0b0c 4359424C 		.ascii	"CYBLE_GATT_DB_ATTR_HANDLE_T\000"
 1164      455F4741 
 1164      54545F44 
 1164      425F4154 
 1164      54525F48 
 1165              	.LASF103:
 1166 0b28 6576656E 		.ascii	"eventParam\000"
 1166      74506172 
 1166      616D00
 1167              	.LASF69:
 1168 0b33 4359424C 		.ascii	"CYBLE_EVT_GATTS_DATA_SIGNED_CMD_REQ\000"
 1168      455F4556 
 1168      545F4741 
 1168      5454535F 
 1168      44415441 
 1169              	.LASF86:
 1170 0b57 4359424C 		.ascii	"CYBLE_EVT_HCI_PKT\000"
 1170      455F4556 
 1170      545F4843 
 1170      495F504B 
 1170      5400
 1171              	.LASF39:
 1172 0b69 4359424C 		.ascii	"CYBLE_EVT_GAP_OOB_GENERATED_NOTIFICATION\000"
 1172      455F4556 
 1172      545F4741 
 1172      505F4F4F 
ARM GAS  C:\Users\Roi\AppData\Local\Temp\ccbcbdzY.s 			page 29


 1172      425F4745 
 1173              		.ident	"GCC: (GNU Tools for ARM Embedded Processors) 5.4.1 20160609 (release) [ARM/embedded-5-bran
