ARM GAS  C:\Users\Kozak\AppData\Local\Temp\ccg0CDh3.s 			page 1


   1              		.syntax unified
   2              		.cpu cortex-m0
   3              		.fpu softvfp
   4              		.eabi_attribute 20, 1
   5              		.eabi_attribute 21, 1
   6              		.eabi_attribute 23, 3
   7              		.eabi_attribute 24, 1
   8              		.eabi_attribute 25, 1
   9              		.eabi_attribute 26, 1
  10              		.eabi_attribute 30, 1
  11              		.eabi_attribute 34, 0
  12              		.eabi_attribute 18, 4
  13              		.thumb
  14              		.syntax unified
  15              		.file	"goal_devices.c"
  16              		.text
  17              	.Ltext0:
  18              		.cfi_sections	.debug_frame
  19              		.section	.text.get_uuids_amount_of_device,"ax",%progbits
  20              		.align	2
  21              		.global	get_uuids_amount_of_device
  22              		.code	16
  23              		.thumb_func
  24              		.type	get_uuids_amount_of_device, %function
  25              	get_uuids_amount_of_device:
  26              	.LFB62:
  27              		.file 1 "goal_devices.c"
   1:goal_devices.c **** #include "smartboy.h"
   2:goal_devices.c **** 
   3:goal_devices.c **** uint16 goal_kitchen_uuids[GOAL_KITCHEN_UUIDS] = {
   4:goal_devices.c ****     0xB1B1
   5:goal_devices.c **** };
   6:goal_devices.c **** 
   7:goal_devices.c **** uint8 get_uuids_amount_of_device(uint8 connectedDeviceID) {
  28              		.loc 1 7 0
  29              		.cfi_startproc
  30              		@ args = 0, pretend = 0, frame = 0
  31              		@ frame_needed = 0, uses_anonymous_args = 0
  32              		@ link register save eliminated.
  33              	.LVL0:
   8:goal_devices.c ****     uint8 uuids = 1;
   9:goal_devices.c ****     
  10:goal_devices.c ****     switch(connectedDeviceID) {
  11:goal_devices.c ****         case GOAL_KITCHEN:
  12:goal_devices.c ****             uuids = GOAL_KITCHEN_UUIDS;
  13:goal_devices.c ****             break;
  14:goal_devices.c ****         default:
  15:goal_devices.c **** 		    break;
  16:goal_devices.c ****     }
  17:goal_devices.c ****     
  18:goal_devices.c ****     return uuids;
  19:goal_devices.c **** }
  34              		.loc 1 19 0
  35 0000 0120     		movs	r0, #1
  36              	.LVL1:
  37              		@ sp needed
  38 0002 7047     		bx	lr
ARM GAS  C:\Users\Kozak\AppData\Local\Temp\ccg0CDh3.s 			page 2


  39              		.cfi_endproc
  40              	.LFE62:
  41              		.size	get_uuids_amount_of_device, .-get_uuids_amount_of_device
  42              		.section	.text.get_characteristic_name,"ax",%progbits
  43              		.align	2
  44              		.global	get_characteristic_name
  45              		.code	16
  46              		.thumb_func
  47              		.type	get_characteristic_name, %function
  48              	get_characteristic_name:
  49              	.LFB63:
  20:goal_devices.c **** 
  21:goal_devices.c **** char * get_characteristic_name(uint16 characteristicUUID) {
  50              		.loc 1 21 0
  51              		.cfi_startproc
  52              		@ args = 0, pretend = 0, frame = 0
  53              		@ frame_needed = 0, uses_anonymous_args = 0
  54              		@ link register save eliminated.
  55              	.LVL2:
  22:goal_devices.c ****     char * characteristicName;
  23:goal_devices.c ****     
  24:goal_devices.c ****     switch(characteristicUUID) {
  25:goal_devices.c ****         case GAS_UUID:
  26:goal_devices.c ****             characteristicName = "Gas value";
  27:goal_devices.c ****             break;
  28:goal_devices.c ****         default:
  29:goal_devices.c **** 		    break;
  30:goal_devices.c ****     }
  31:goal_devices.c ****     
  32:goal_devices.c ****     return characteristicName;
  33:goal_devices.c **** }
  56              		.loc 1 33 0
  57 0000 0048     		ldr	r0, .L3
  58              	.LVL3:
  59              		@ sp needed
  60 0002 7047     		bx	lr
  61              	.L4:
  62              		.align	2
  63              	.L3:
  64 0004 00000000 		.word	.LC0
  65              		.cfi_endproc
  66              	.LFE63:
  67              		.size	get_characteristic_name, .-get_characteristic_name
  68              		.section	.text.get_current_uuid,"ax",%progbits
  69              		.align	2
  70              		.global	get_current_uuid
  71              		.code	16
  72              		.thumb_func
  73              		.type	get_current_uuid, %function
  74              	get_current_uuid:
  75              	.LFB64:
  34:goal_devices.c **** 
  35:goal_devices.c **** uint16 get_current_uuid(uint8 connectedDeviceID, uint8 position) {
  76              		.loc 1 35 0
  77              		.cfi_startproc
  78              		@ args = 0, pretend = 0, frame = 0
  79              		@ frame_needed = 0, uses_anonymous_args = 0
ARM GAS  C:\Users\Kozak\AppData\Local\Temp\ccg0CDh3.s 			page 3


  80              		@ link register save eliminated.
  81              	.LVL4:
  36:goal_devices.c ****     uint16 uuid;
  37:goal_devices.c ****     
  38:goal_devices.c ****     switch(connectedDeviceID) {
  82              		.loc 1 38 0
  83 0000 0028     		cmp	r0, #0
  84 0002 02D1     		bne	.L6
  39:goal_devices.c ****         case GOAL_KITCHEN:
  40:goal_devices.c ****             uuid = goal_kitchen_uuids[position];
  85              		.loc 1 40 0
  86 0004 4900     		lsls	r1, r1, #1
  87              	.LVL5:
  88 0006 024B     		ldr	r3, .L8
  89 0008 CB5A     		ldrh	r3, [r1, r3]
  90              	.LVL6:
  91              	.L6:
  41:goal_devices.c ****             break;
  42:goal_devices.c ****         default:
  43:goal_devices.c **** 		    break;
  44:goal_devices.c ****     }
  45:goal_devices.c ****     
  46:goal_devices.c ****     return uuid;
  47:goal_devices.c **** }
  92              		.loc 1 47 0
  93 000a 1800     		movs	r0, r3
  94              	.LVL7:
  95              		@ sp needed
  96 000c 7047     		bx	lr
  97              	.L9:
  98 000e C046     		.align	2
  99              	.L8:
 100 0010 00000000 		.word	.LANCHOR0
 101              		.cfi_endproc
 102              	.LFE64:
 103              		.size	get_current_uuid, .-get_current_uuid
 104              		.section	.text.request_characteristic_value,"ax",%progbits
 105              		.align	2
 106              		.global	request_characteristic_value
 107              		.code	16
 108              		.thumb_func
 109              		.type	request_characteristic_value, %function
 110              	request_characteristic_value:
 111              	.LFB65:
  48:goal_devices.c **** 
  49:goal_devices.c **** void request_characteristic_value(uint16 characteristicUUID) {
 112              		.loc 1 49 0
 113              		.cfi_startproc
 114              		@ args = 0, pretend = 0, frame = 48
 115              		@ frame_needed = 0, uses_anonymous_args = 0
 116              	.LVL8:
 117 0000 30B5     		push	{r4, r5, lr}
 118              		.cfi_def_cfa_offset 12
 119              		.cfi_offset 4, -12
 120              		.cfi_offset 5, -8
 121              		.cfi_offset 14, -4
 122 0002 8DB0     		sub	sp, sp, #52
ARM GAS  C:\Users\Kozak\AppData\Local\Temp\ccg0CDh3.s 			page 4


 123              		.cfi_def_cfa_offset 64
  50:goal_devices.c **** 	CYBLE_API_RESULT_T 			apiResult;
  51:goal_devices.c ****     CYBLE_GATTC_READ_BY_TYPE_REQ_T readByTypeReqParam;
  52:goal_devices.c **** 	CYBLE_GATT_ATTR_HANDLE_RANGE_T range;
  53:goal_devices.c ****     CYBLE_UUID_T uuid;
  54:goal_devices.c ****     CYBLE_GATTC_READ_BY_GRP_RSP_PARAM_T readResponse;
  55:goal_devices.c ****     
  56:goal_devices.c ****     isDataRead = false;
 124              		.loc 1 56 0
 125 0004 0022     		movs	r2, #0
 126 0006 0F4B     		ldr	r3, .L11
 127 0008 1A70     		strb	r2, [r3]
  57:goal_devices.c ****     
  58:goal_devices.c ****     /* This event is generated whenever the discovery procedure is complete*/
  59:goal_devices.c ****     range.startHandle   = 0x0001;
 128              		.loc 1 59 0
 129 000a 05AB     		add	r3, sp, #20
 130 000c 0132     		adds	r2, r2, #1
 131 000e 1A80     		strh	r2, [r3]
  60:goal_devices.c ****     range.endHandle     = 0xFFFF;
 132              		.loc 1 60 0
 133 0010 023A     		subs	r2, r2, #2
 134 0012 5A80     		strh	r2, [r3, #2]
  61:goal_devices.c ****     uuid.uuid16         = characteristicUUID;       //uuid of the characteristic to be read.
 135              		.loc 1 61 0
 136 0014 01AA     		add	r2, sp, #4
 137 0016 1080     		strh	r0, [r2]
  62:goal_devices.c **** 
  63:goal_devices.c ****     readByTypeReqParam.range = range;
 138              		.loc 1 63 0
 139 0018 06A9     		add	r1, sp, #24
 140 001a 059B     		ldr	r3, [sp, #20]
 141 001c 0693     		str	r3, [sp, #24]
  64:goal_devices.c ****     readByTypeReqParam.uuid = uuid;
 142              		.loc 1 64 0
 143 001e 07AB     		add	r3, sp, #28
 144 0020 31CA     		ldmia	r2!, {r0, r4, r5}
 145 0022 31C3     		stmia	r3!, {r0, r4, r5}
 146              	.LVL9:
 147 0024 1268     		ldr	r2, [r2]
 148              	.LVL10:
 149 0026 1A60     		str	r2, [r3]
  65:goal_devices.c ****     readByTypeReqParam.uuidFormat = 0x01;
 150              		.loc 1 65 0
 151 0028 0123     		movs	r3, #1
 152 002a 0B75     		strb	r3, [r1, #20]
  66:goal_devices.c **** 
  67:goal_devices.c ****     apiResult = CyBle_GattcReadUsingCharacteristicUuid(connHandle, &readByTypeReqParam);
 153              		.loc 1 67 0
 154 002c 064A     		ldr	r2, .L11+4
 155 002e 1378     		ldrb	r3, [r2]
 156 0030 5078     		ldrb	r0, [r2, #1]
 157 0032 0002     		lsls	r0, r0, #8
 158 0034 1843     		orrs	r0, r3
 159 0036 FFF7FEFF 		bl	CyBle_GattcReadUsingCharacteristicUuid
 160              	.LVL11:
  68:goal_devices.c ****     
ARM GAS  C:\Users\Kozak\AppData\Local\Temp\ccg0CDh3.s 			page 5


  69:goal_devices.c ****     if ( apiResult != CYBLE_ERROR_OK ) {
  70:goal_devices.c ****         // TODO Error handling
  71:goal_devices.c ****     }
  72:goal_devices.c ****     
  73:goal_devices.c ****     CyBle_ProcessEvents();
 161              		.loc 1 73 0
 162 003a FFF7FEFF 		bl	CyBle_ProcessEvents
 163              	.LVL12:
  74:goal_devices.c ****     
  75:goal_devices.c ****     /*while(!isDataRead) {
  76:goal_devices.c ****         // Wait for data read
  77:goal_devices.c ****     }*/
  78:goal_devices.c ****     
  79:goal_devices.c ****     //uint8 data = get_data();
  80:goal_devices.c ****     //return data;
  81:goal_devices.c **** }
 164              		.loc 1 81 0
 165 003e 0DB0     		add	sp, sp, #52
 166              		@ sp needed
 167 0040 30BD     		pop	{r4, r5, pc}
 168              	.L12:
 169 0042 C046     		.align	2
 170              	.L11:
 171 0044 00000000 		.word	isDataRead
 172 0048 00000000 		.word	connHandle
 173              		.cfi_endproc
 174              	.LFE65:
 175              		.size	request_characteristic_value, .-request_characteristic_value
 176              		.global	goal_kitchen_uuids
 177              		.data
 178              		.align	2
 179              		.set	.LANCHOR0,. + 0
 180              		.type	goal_kitchen_uuids, %object
 181              		.size	goal_kitchen_uuids, 2
 182              	goal_kitchen_uuids:
 183 0000 B1B1     		.short	-20047
 184              		.section	.rodata.str1.4,"aMS",%progbits,1
 185              		.align	2
 186              	.LC0:
 187 0000 47617320 		.ascii	"Gas value\000"
 187      76616C75 
 187      6500
 188              		.text
 189              	.Letext0:
 190              		.file 2 "Generated_Source\\PSoC4/cytypes.h"
 191              		.file 3 "Generated_Source\\PSoC4/BLE_Stack.h"
 192              		.file 4 "Generated_Source\\PSoC4/BLE_StackGatt.h"
 193              		.file 5 "Generated_Source\\PSoC4/BLE_StackGattClient.h"
 194              		.file 6 "Generated_Source\\PSoC4/BLE_eventHandler.h"
 195              		.file 7 "ble_client.h"
 196              		.section	.debug_info,"",%progbits
 197              	.Ldebug_info0:
 198 0000 86060000 		.4byte	0x686
 199 0004 0400     		.2byte	0x4
 200 0006 00000000 		.4byte	.Ldebug_abbrev0
 201 000a 04       		.byte	0x4
 202 000b 01       		.uleb128 0x1
ARM GAS  C:\Users\Kozak\AppData\Local\Temp\ccg0CDh3.s 			page 6


 203 000c F8010000 		.4byte	.LASF168
 204 0010 0C       		.byte	0xc
 205 0011 45090000 		.4byte	.LASF169
 206 0015 CC080000 		.4byte	.LASF170
 207 0019 00000000 		.4byte	.Ldebug_ranges0+0
 208 001d 00000000 		.4byte	0
 209 0021 00000000 		.4byte	.Ldebug_line0
 210 0025 02       		.uleb128 0x2
 211 0026 01       		.byte	0x1
 212 0027 06       		.byte	0x6
 213 0028 8B030000 		.4byte	.LASF0
 214 002c 02       		.uleb128 0x2
 215 002d 01       		.byte	0x1
 216 002e 08       		.byte	0x8
 217 002f CA0B0000 		.4byte	.LASF1
 218 0033 02       		.uleb128 0x2
 219 0034 02       		.byte	0x2
 220 0035 05       		.byte	0x5
 221 0036 3B0C0000 		.4byte	.LASF2
 222 003a 02       		.uleb128 0x2
 223 003b 02       		.byte	0x2
 224 003c 07       		.byte	0x7
 225 003d E90E0000 		.4byte	.LASF3
 226 0041 02       		.uleb128 0x2
 227 0042 04       		.byte	0x4
 228 0043 05       		.byte	0x5
 229 0044 EF010000 		.4byte	.LASF4
 230 0048 02       		.uleb128 0x2
 231 0049 04       		.byte	0x4
 232 004a 07       		.byte	0x7
 233 004b 84060000 		.4byte	.LASF5
 234 004f 02       		.uleb128 0x2
 235 0050 08       		.byte	0x8
 236 0051 05       		.byte	0x5
 237 0052 7D030000 		.4byte	.LASF6
 238 0056 02       		.uleb128 0x2
 239 0057 08       		.byte	0x8
 240 0058 07       		.byte	0x7
 241 0059 D6050000 		.4byte	.LASF7
 242 005d 03       		.uleb128 0x3
 243 005e 04       		.byte	0x4
 244 005f 05       		.byte	0x5
 245 0060 696E7400 		.ascii	"int\000"
 246 0064 02       		.uleb128 0x2
 247 0065 04       		.byte	0x4
 248 0066 07       		.byte	0x7
 249 0067 060E0000 		.4byte	.LASF8
 250 006b 04       		.uleb128 0x4
 251 006c B9040000 		.4byte	.LASF9
 252 0070 02       		.byte	0x2
 253 0071 E401     		.2byte	0x1e4
 254 0073 2C000000 		.4byte	0x2c
 255 0077 04       		.uleb128 0x4
 256 0078 8E050000 		.4byte	.LASF10
 257 007c 02       		.byte	0x2
 258 007d E501     		.2byte	0x1e5
 259 007f 3A000000 		.4byte	0x3a
ARM GAS  C:\Users\Kozak\AppData\Local\Temp\ccg0CDh3.s 			page 7


 260 0083 02       		.uleb128 0x2
 261 0084 04       		.byte	0x4
 262 0085 04       		.byte	0x4
 263 0086 4D0B0000 		.4byte	.LASF11
 264 008a 02       		.uleb128 0x2
 265 008b 08       		.byte	0x8
 266 008c 04       		.byte	0x4
 267 008d F1040000 		.4byte	.LASF12
 268 0091 02       		.uleb128 0x2
 269 0092 01       		.byte	0x1
 270 0093 08       		.byte	0x8
 271 0094 A70D0000 		.4byte	.LASF13
 272 0098 02       		.uleb128 0x2
 273 0099 08       		.byte	0x8
 274 009a 04       		.byte	0x4
 275 009b 9B0D0000 		.4byte	.LASF14
 276 009f 02       		.uleb128 0x2
 277 00a0 04       		.byte	0x4
 278 00a1 07       		.byte	0x7
 279 00a2 D2090000 		.4byte	.LASF15
 280 00a6 05       		.uleb128 0x5
 281 00a7 04       		.byte	0x4
 282 00a8 91000000 		.4byte	0x91
 283 00ac 06       		.uleb128 0x6
 284 00ad 01       		.byte	0x1
 285 00ae 2C000000 		.4byte	0x2c
 286 00b2 03       		.byte	0x3
 287 00b3 3501     		.2byte	0x135
 288 00b5 6A020000 		.4byte	0x26a
 289 00b9 07       		.uleb128 0x7
 290 00ba 6A070000 		.4byte	.LASF16
 291 00be 00       		.byte	0
 292 00bf 07       		.uleb128 0x7
 293 00c0 97030000 		.4byte	.LASF17
 294 00c4 01       		.byte	0x1
 295 00c5 07       		.uleb128 0x7
 296 00c6 DD010000 		.4byte	.LASF18
 297 00ca 02       		.byte	0x2
 298 00cb 07       		.uleb128 0x7
 299 00cc D00E0000 		.4byte	.LASF19
 300 00d0 03       		.byte	0x3
 301 00d1 07       		.uleb128 0x7
 302 00d2 CE020000 		.4byte	.LASF20
 303 00d6 04       		.byte	0x4
 304 00d7 07       		.uleb128 0x7
 305 00d8 65010000 		.4byte	.LASF21
 306 00dc 05       		.byte	0x5
 307 00dd 07       		.uleb128 0x7
 308 00de 9F070000 		.4byte	.LASF22
 309 00e2 06       		.byte	0x6
 310 00e3 07       		.uleb128 0x7
 311 00e4 1B090000 		.4byte	.LASF23
 312 00e8 20       		.byte	0x20
 313 00e9 07       		.uleb128 0x7
 314 00ea E9030000 		.4byte	.LASF24
 315 00ee 21       		.byte	0x21
 316 00ef 07       		.uleb128 0x7
ARM GAS  C:\Users\Kozak\AppData\Local\Temp\ccg0CDh3.s 			page 8


 317 00f0 DC070000 		.4byte	.LASF25
 318 00f4 22       		.byte	0x22
 319 00f5 07       		.uleb128 0x7
 320 00f6 7E080000 		.4byte	.LASF26
 321 00fa 23       		.byte	0x23
 322 00fb 07       		.uleb128 0x7
 323 00fc 700A0000 		.4byte	.LASF27
 324 0100 24       		.byte	0x24
 325 0101 07       		.uleb128 0x7
 326 0102 DB090000 		.4byte	.LASF28
 327 0106 25       		.byte	0x25
 328 0107 07       		.uleb128 0x7
 329 0108 6E040000 		.4byte	.LASF29
 330 010c 26       		.byte	0x26
 331 010d 07       		.uleb128 0x7
 332 010e 00080000 		.4byte	.LASF30
 333 0112 27       		.byte	0x27
 334 0113 07       		.uleb128 0x7
 335 0114 E40D0000 		.4byte	.LASF31
 336 0118 28       		.byte	0x28
 337 0119 07       		.uleb128 0x7
 338 011a 37030000 		.4byte	.LASF32
 339 011e 29       		.byte	0x29
 340 011f 07       		.uleb128 0x7
 341 0120 BF000000 		.4byte	.LASF33
 342 0124 2A       		.byte	0x2a
 343 0125 07       		.uleb128 0x7
 344 0126 E3020000 		.4byte	.LASF34
 345 012a 2B       		.byte	0x2b
 346 012b 07       		.uleb128 0x7
 347 012c 58100000 		.4byte	.LASF35
 348 0130 2C       		.byte	0x2c
 349 0131 07       		.uleb128 0x7
 350 0132 54030000 		.4byte	.LASF36
 351 0136 2D       		.byte	0x2d
 352 0137 07       		.uleb128 0x7
 353 0138 F30B0000 		.4byte	.LASF37
 354 013c 2E       		.byte	0x2e
 355 013d 07       		.uleb128 0x7
 356 013e 3C010000 		.4byte	.LASF38
 357 0142 2F       		.byte	0x2f
 358 0143 07       		.uleb128 0x7
 359 0144 3B0A0000 		.4byte	.LASF39
 360 0148 30       		.byte	0x30
 361 0149 07       		.uleb128 0x7
 362 014a D2100000 		.4byte	.LASF40
 363 014e 31       		.byte	0x31
 364 014f 07       		.uleb128 0x7
 365 0150 1A0A0000 		.4byte	.LASF41
 366 0154 32       		.byte	0x32
 367 0155 07       		.uleb128 0x7
 368 0156 3D0D0000 		.4byte	.LASF42
 369 015a 33       		.byte	0x33
 370 015b 07       		.uleb128 0x7
 371 015c 96060000 		.4byte	.LASF43
 372 0160 34       		.byte	0x34
 373 0161 07       		.uleb128 0x7
ARM GAS  C:\Users\Kozak\AppData\Local\Temp\ccg0CDh3.s 			page 9


 374 0162 B9050000 		.4byte	.LASF44
 375 0166 35       		.byte	0x35
 376 0167 07       		.uleb128 0x7
 377 0168 37080000 		.4byte	.LASF45
 378 016c 36       		.byte	0x36
 379 016d 07       		.uleb128 0x7
 380 016e 54090000 		.4byte	.LASF46
 381 0172 37       		.byte	0x37
 382 0173 07       		.uleb128 0x7
 383 0174 6B050000 		.4byte	.LASF47
 384 0178 40       		.byte	0x40
 385 0179 07       		.uleb128 0x7
 386 017a B1080000 		.4byte	.LASF48
 387 017e 41       		.byte	0x41
 388 017f 07       		.uleb128 0x7
 389 0180 12110000 		.4byte	.LASF49
 390 0184 42       		.byte	0x42
 391 0185 07       		.uleb128 0x7
 392 0186 570F0000 		.4byte	.LASF50
 393 018a 43       		.byte	0x43
 394 018b 07       		.uleb128 0x7
 395 018c C8060000 		.4byte	.LASF51
 396 0190 44       		.byte	0x44
 397 0191 07       		.uleb128 0x7
 398 0192 200B0000 		.4byte	.LASF52
 399 0196 45       		.byte	0x45
 400 0197 07       		.uleb128 0x7
 401 0198 B1090000 		.4byte	.LASF53
 402 019c 46       		.byte	0x46
 403 019d 07       		.uleb128 0x7
 404 019e 81070000 		.4byte	.LASF54
 405 01a2 47       		.byte	0x47
 406 01a3 07       		.uleb128 0x7
 407 01a4 1C100000 		.4byte	.LASF55
 408 01a8 48       		.byte	0x48
 409 01a9 07       		.uleb128 0x7
 410 01aa 00040000 		.4byte	.LASF56
 411 01ae 49       		.byte	0x49
 412 01af 07       		.uleb128 0x7
 413 01b0 A10F0000 		.4byte	.LASF57
 414 01b4 4A       		.byte	0x4a
 415 01b5 07       		.uleb128 0x7
 416 01b6 81010000 		.4byte	.LASF58
 417 01ba 4B       		.byte	0x4b
 418 01bb 07       		.uleb128 0x7
 419 01bc AE060000 		.4byte	.LASF59
 420 01c0 4C       		.byte	0x4c
 421 01c1 07       		.uleb128 0x7
 422 01c2 000A0000 		.4byte	.LASF60
 423 01c6 4D       		.byte	0x4d
 424 01c7 07       		.uleb128 0x7
 425 01c8 33040000 		.4byte	.LASF61
 426 01cc 4E       		.byte	0x4e
 427 01cd 07       		.uleb128 0x7
 428 01ce 920C0000 		.4byte	.LASF62
 429 01d2 4F       		.byte	0x4f
 430 01d3 07       		.uleb128 0x7
ARM GAS  C:\Users\Kozak\AppData\Local\Temp\ccg0CDh3.s 			page 10


 431 01d4 A0010000 		.4byte	.LASF63
 432 01d8 50       		.byte	0x50
 433 01d9 07       		.uleb128 0x7
 434 01da D2040000 		.4byte	.LASF64
 435 01de 51       		.byte	0x51
 436 01df 07       		.uleb128 0x7
 437 01e0 C80A0000 		.4byte	.LASF65
 438 01e4 52       		.byte	0x52
 439 01e5 07       		.uleb128 0x7
 440 01e6 450C0000 		.4byte	.LASF66
 441 01ea 53       		.byte	0x53
 442 01eb 07       		.uleb128 0x7
 443 01ec 660B0000 		.4byte	.LASF67
 444 01f0 54       		.byte	0x54
 445 01f1 07       		.uleb128 0x7
 446 01f2 E6060000 		.4byte	.LASF68
 447 01f6 55       		.byte	0x55
 448 01f7 07       		.uleb128 0x7
 449 01f8 F3050000 		.4byte	.LASF69
 450 01fc 56       		.byte	0x56
 451 01fd 07       		.uleb128 0x7
 452 01fe 96000000 		.4byte	.LASF70
 453 0202 57       		.byte	0x57
 454 0203 07       		.uleb128 0x7
 455 0204 0A070000 		.4byte	.LASF71
 456 0208 58       		.byte	0x58
 457 0209 07       		.uleb128 0x7
 458 020a 58080000 		.4byte	.LASF72
 459 020e 70       		.byte	0x70
 460 020f 07       		.uleb128 0x7
 461 0210 AC100000 		.4byte	.LASF73
 462 0214 71       		.byte	0x71
 463 0215 07       		.uleb128 0x7
 464 0216 FF080000 		.4byte	.LASF74
 465 021a 72       		.byte	0x72
 466 021b 07       		.uleb128 0x7
 467 021c BF010000 		.4byte	.LASF75
 468 0220 73       		.byte	0x73
 469 0221 07       		.uleb128 0x7
 470 0222 020B0000 		.4byte	.LASF76
 471 0226 74       		.byte	0x74
 472 0227 07       		.uleb128 0x7
 473 0228 F8040000 		.4byte	.LASF77
 474 022c 75       		.byte	0x75
 475 022d 07       		.uleb128 0x7
 476 022e E8000000 		.4byte	.LASF78
 477 0232 76       		.byte	0x76
 478 0233 07       		.uleb128 0x7
 479 0234 33000000 		.4byte	.LASF79
 480 0238 77       		.byte	0x77
 481 0239 07       		.uleb128 0x7
 482 023a 00000000 		.4byte	.LASF80
 483 023e 78       		.byte	0x78
 484 023f 07       		.uleb128 0x7
 485 0240 410E0000 		.4byte	.LASF81
 486 0244 79       		.byte	0x79
 487 0245 07       		.uleb128 0x7
ARM GAS  C:\Users\Kozak\AppData\Local\Temp\ccg0CDh3.s 			page 11


 488 0246 95050000 		.4byte	.LASF82
 489 024a 7A       		.byte	0x7a
 490 024b 07       		.uleb128 0x7
 491 024c 02030000 		.4byte	.LASF83
 492 0250 FA       		.byte	0xfa
 493 0251 07       		.uleb128 0x7
 494 0252 33060000 		.4byte	.LASF84
 495 0256 FB       		.byte	0xfb
 496 0257 07       		.uleb128 0x7
 497 0258 660C0000 		.4byte	.LASF85
 498 025c FC       		.byte	0xfc
 499 025d 07       		.uleb128 0x7
 500 025e 58110000 		.4byte	.LASF86
 501 0262 FD       		.byte	0xfd
 502 0263 07       		.uleb128 0x7
 503 0264 4E050000 		.4byte	.LASF87
 504 0268 FF       		.byte	0xff
 505 0269 00       		.byte	0
 506 026a 06       		.uleb128 0x6
 507 026b 02       		.byte	0x2
 508 026c 3A000000 		.4byte	0x3a
 509 0270 03       		.byte	0x3
 510 0271 EA03     		.2byte	0x3ea
 511 0273 49030000 		.4byte	0x349
 512 0277 07       		.uleb128 0x7
 513 0278 5C050000 		.4byte	.LASF88
 514 027c 00       		.byte	0
 515 027d 07       		.uleb128 0x7
 516 027e 30050000 		.4byte	.LASF89
 517 0282 01       		.byte	0x1
 518 0283 07       		.uleb128 0x7
 519 0284 390F0000 		.4byte	.LASF90
 520 0288 02       		.byte	0x2
 521 0289 07       		.uleb128 0x7
 522 028a 71000000 		.4byte	.LASF91
 523 028e 03       		.byte	0x3
 524 028f 07       		.uleb128 0x7
 525 0290 AB020000 		.4byte	.LASF92
 526 0294 04       		.byte	0x4
 527 0295 07       		.uleb128 0x7
 528 0296 15060000 		.4byte	.LASF93
 529 029a 05       		.byte	0x5
 530 029b 07       		.uleb128 0x7
 531 029c 780C0000 		.4byte	.LASF94
 532 02a0 06       		.byte	0x6
 533 02a1 07       		.uleb128 0x7
 534 02a2 CC030000 		.4byte	.LASF95
 535 02a6 07       		.byte	0x7
 536 02a7 07       		.uleb128 0x7
 537 02a8 120D0000 		.4byte	.LASF96
 538 02ac 08       		.byte	0x8
 539 02ad 07       		.uleb128 0x7
 540 02ae 43100000 		.4byte	.LASF97
 541 02b2 09       		.byte	0x9
 542 02b3 07       		.uleb128 0x7
 543 02b4 870B0000 		.4byte	.LASF98
 544 02b8 0A       		.byte	0xa
ARM GAS  C:\Users\Kozak\AppData\Local\Temp\ccg0CDh3.s 			page 12


 545 02b9 07       		.uleb128 0x7
 546 02ba B10D0000 		.4byte	.LASF99
 547 02be 0B       		.byte	0xb
 548 02bf 07       		.uleb128 0x7
 549 02c0 20030000 		.4byte	.LASF100
 550 02c4 0C       		.byte	0xc
 551 02c5 07       		.uleb128 0x7
 552 02c6 86020000 		.4byte	.LASF101
 553 02ca 0D       		.byte	0xd
 554 02cb 07       		.uleb128 0x7
 555 02cc 5B060000 		.4byte	.LASF102
 556 02d0 0E       		.byte	0xe
 557 02d1 07       		.uleb128 0x7
 558 02d2 F70F0000 		.4byte	.LASF103
 559 02d6 0F       		.byte	0xf
 560 02d7 07       		.uleb128 0x7
 561 02d8 890E0000 		.4byte	.LASF104
 562 02dc 10       		.byte	0x10
 563 02dd 07       		.uleb128 0x7
 564 02de 2D070000 		.4byte	.LASF105
 565 02e2 11       		.byte	0x11
 566 02e3 07       		.uleb128 0x7
 567 02e4 96040000 		.4byte	.LASF106
 568 02e8 12       		.byte	0x12
 569 02e9 07       		.uleb128 0x7
 570 02ea 30110000 		.4byte	.LASF107
 571 02ee 13       		.byte	0x13
 572 02ef 07       		.uleb128 0x7
 573 02f0 AA030000 		.4byte	.LASF108
 574 02f4 27       		.byte	0x27
 575 02f5 07       		.uleb128 0x7
 576 02f6 640E0000 		.4byte	.LASF109
 577 02fa 28       		.byte	0x28
 578 02fb 07       		.uleb128 0x7
 579 02fc DB0F0000 		.4byte	.LASF110
 580 0300 29       		.byte	0x29
 581 0301 07       		.uleb128 0x7
 582 0302 B10C0000 		.4byte	.LASF111
 583 0306 2A       		.byte	0x2a
 584 0307 07       		.uleb128 0x7
 585 0308 09010000 		.4byte	.LASF112
 586 030c 2B       		.byte	0x2b
 587 030d 07       		.uleb128 0x7
 588 030e 99090000 		.4byte	.LASF113
 589 0312 2C       		.byte	0x2c
 590 0313 07       		.uleb128 0x7
 591 0314 CE0C0000 		.4byte	.LASF114
 592 0318 2D       		.byte	0x2d
 593 0319 07       		.uleb128 0x7
 594 031a BF0F0000 		.4byte	.LASF115
 595 031e FE       		.byte	0xfe
 596 031f 07       		.uleb128 0x7
 597 0320 89090000 		.4byte	.LASF116
 598 0324 FF       		.byte	0xff
 599 0325 08       		.uleb128 0x8
 600 0326 51070000 		.4byte	.LASF117
 601 032a 0001     		.2byte	0x100
ARM GAS  C:\Users\Kozak\AppData\Local\Temp\ccg0CDh3.s 			page 13


 602 032c 08       		.uleb128 0x8
 603 032d E90A0000 		.4byte	.LASF118
 604 0331 0101     		.2byte	0x101
 605 0333 08       		.uleb128 0x8
 606 0334 A10B0000 		.4byte	.LASF119
 607 0338 0201     		.2byte	0x102
 608 033a 08       		.uleb128 0x8
 609 033b 19040000 		.4byte	.LASF120
 610 033f 0301     		.2byte	0x103
 611 0341 08       		.uleb128 0x8
 612 0342 840D0000 		.4byte	.LASF121
 613 0346 0401     		.2byte	0x104
 614 0348 00       		.byte	0
 615 0349 04       		.uleb128 0x4
 616 034a B50A0000 		.4byte	.LASF122
 617 034e 03       		.byte	0x3
 618 034f 5C04     		.2byte	0x45c
 619 0351 6A020000 		.4byte	0x26a
 620 0355 05       		.uleb128 0x5
 621 0356 04       		.byte	0x4
 622 0357 6B000000 		.4byte	0x6b
 623 035b 09       		.uleb128 0x9
 624 035c 6B000000 		.4byte	0x6b
 625 0360 6B030000 		.4byte	0x36b
 626 0364 0A       		.uleb128 0xa
 627 0365 9F000000 		.4byte	0x9f
 628 0369 0F       		.byte	0xf
 629 036a 00       		.byte	0
 630 036b 04       		.uleb128 0x4
 631 036c 300D0000 		.4byte	.LASF123
 632 0370 04       		.byte	0x4
 633 0371 6D01     		.2byte	0x16d
 634 0373 77000000 		.4byte	0x77
 635 0377 0B       		.uleb128 0xb
 636 0378 10       		.byte	0x10
 637 0379 04       		.byte	0x4
 638 037a 7001     		.2byte	0x170
 639 037c 8E030000 		.4byte	0x38e
 640 0380 0C       		.uleb128 0xc
 641 0381 ED050000 		.4byte	.LASF129
 642 0385 04       		.byte	0x4
 643 0386 7301     		.2byte	0x173
 644 0388 5B030000 		.4byte	0x35b
 645 038c 00       		.byte	0
 646 038d 00       		.byte	0
 647 038e 04       		.uleb128 0x4
 648 038f 020D0000 		.4byte	.LASF124
 649 0393 04       		.byte	0x4
 650 0394 7401     		.2byte	0x174
 651 0396 77030000 		.4byte	0x377
 652 039a 0D       		.uleb128 0xd
 653 039b 10       		.byte	0x10
 654 039c 04       		.byte	0x4
 655 039d 7701     		.2byte	0x177
 656 039f BC030000 		.4byte	0x3bc
 657 03a3 0E       		.uleb128 0xe
 658 03a4 70110000 		.4byte	.LASF125
ARM GAS  C:\Users\Kozak\AppData\Local\Temp\ccg0CDh3.s 			page 14


 659 03a8 04       		.byte	0x4
 660 03a9 7A01     		.2byte	0x17a
 661 03ab 6B030000 		.4byte	0x36b
 662 03af 0E       		.uleb128 0xe
 663 03b0 23000000 		.4byte	.LASF126
 664 03b4 04       		.byte	0x4
 665 03b5 7D01     		.2byte	0x17d
 666 03b7 8E030000 		.4byte	0x38e
 667 03bb 00       		.byte	0
 668 03bc 04       		.uleb128 0x4
 669 03bd 2C0F0000 		.4byte	.LASF127
 670 03c1 04       		.byte	0x4
 671 03c2 7F01     		.2byte	0x17f
 672 03c4 9A030000 		.4byte	0x39a
 673 03c8 04       		.uleb128 0x4
 674 03c9 F6100000 		.4byte	.LASF128
 675 03cd 04       		.byte	0x4
 676 03ce 8901     		.2byte	0x189
 677 03d0 77000000 		.4byte	0x77
 678 03d4 0B       		.uleb128 0xb
 679 03d5 02       		.byte	0x2
 680 03d6 04       		.byte	0x4
 681 03d7 9301     		.2byte	0x193
 682 03d9 F8030000 		.4byte	0x3f8
 683 03dd 0C       		.uleb128 0xc
 684 03de A3100000 		.4byte	.LASF130
 685 03e2 04       		.byte	0x4
 686 03e3 9A01     		.2byte	0x19a
 687 03e5 6B000000 		.4byte	0x6b
 688 03e9 00       		.byte	0
 689 03ea 0C       		.uleb128 0xc
 690 03eb 3F090000 		.4byte	.LASF131
 691 03ef 04       		.byte	0x4
 692 03f0 A001     		.2byte	0x1a0
 693 03f2 6B000000 		.4byte	0x6b
 694 03f6 01       		.byte	0x1
 695 03f7 00       		.byte	0
 696 03f8 04       		.uleb128 0x4
 697 03f9 52000000 		.4byte	.LASF132
 698 03fd 04       		.byte	0x4
 699 03fe A201     		.2byte	0x1a2
 700 0400 D4030000 		.4byte	0x3d4
 701 0404 0B       		.uleb128 0xb
 702 0405 04       		.byte	0x4
 703 0406 04       		.byte	0x4
 704 0407 DB01     		.2byte	0x1db
 705 0409 28040000 		.4byte	0x428
 706 040d 0C       		.uleb128 0xc
 707 040e 130E0000 		.4byte	.LASF133
 708 0412 04       		.byte	0x4
 709 0413 DE01     		.2byte	0x1de
 710 0415 C8030000 		.4byte	0x3c8
 711 0419 00       		.byte	0
 712 041a 0C       		.uleb128 0xc
 713 041b FC0E0000 		.4byte	.LASF134
 714 041f 04       		.byte	0x4
 715 0420 E101     		.2byte	0x1e1
ARM GAS  C:\Users\Kozak\AppData\Local\Temp\ccg0CDh3.s 			page 15


 716 0422 C8030000 		.4byte	0x3c8
 717 0426 02       		.byte	0x2
 718 0427 00       		.byte	0
 719 0428 04       		.uleb128 0x4
 720 0429 060F0000 		.4byte	.LASF135
 721 042d 04       		.byte	0x4
 722 042e E301     		.2byte	0x1e3
 723 0430 04040000 		.4byte	0x404
 724 0434 0F       		.uleb128 0xf
 725 0435 16       		.byte	0x16
 726 0436 05       		.byte	0x5
 727 0437 41       		.byte	0x41
 728 0438 61040000 		.4byte	0x461
 729 043c 10       		.uleb128 0x10
 730 043d 470B0000 		.4byte	.LASF136
 731 0441 05       		.byte	0x5
 732 0442 44       		.byte	0x44
 733 0443 28040000 		.4byte	0x428
 734 0447 00       		.byte	0
 735 0448 10       		.uleb128 0x10
 736 0449 AC0D0000 		.4byte	.LASF137
 737 044d 05       		.byte	0x5
 738 044e 47       		.byte	0x47
 739 044f BC030000 		.4byte	0x3bc
 740 0453 04       		.byte	0x4
 741 0454 10       		.uleb128 0x10
 742 0455 F5090000 		.4byte	.LASF138
 743 0459 05       		.byte	0x5
 744 045a 4D       		.byte	0x4d
 745 045b 6B000000 		.4byte	0x6b
 746 045f 14       		.byte	0x14
 747 0460 00       		.byte	0
 748 0461 11       		.uleb128 0x11
 749 0462 960A0000 		.4byte	.LASF139
 750 0466 05       		.byte	0x5
 751 0467 4F       		.byte	0x4f
 752 0468 34040000 		.4byte	0x434
 753 046c 0F       		.uleb128 0xf
 754 046d 08       		.byte	0x8
 755 046e 05       		.byte	0x5
 756 046f 99       		.byte	0x99
 757 0470 99040000 		.4byte	0x499
 758 0474 10       		.uleb128 0x10
 759 0475 F80C0000 		.4byte	.LASF140
 760 0479 05       		.byte	0x5
 761 047a 9C       		.byte	0x9c
 762 047b 55030000 		.4byte	0x355
 763 047f 00       		.byte	0
 764 0480 10       		.uleb128 0x10
 765 0481 250F0000 		.4byte	.LASF141
 766 0485 05       		.byte	0x5
 767 0486 9F       		.byte	0x9f
 768 0487 77000000 		.4byte	0x77
 769 048b 04       		.byte	0x4
 770 048c 10       		.uleb128 0x10
 771 048d 2B000000 		.4byte	.LASF142
 772 0491 05       		.byte	0x5
ARM GAS  C:\Users\Kozak\AppData\Local\Temp\ccg0CDh3.s 			page 16


 773 0492 A2       		.byte	0xa2
 774 0493 77000000 		.4byte	0x77
 775 0497 06       		.byte	0x6
 776 0498 00       		.byte	0
 777 0499 11       		.uleb128 0x11
 778 049a 800F0000 		.4byte	.LASF143
 779 049e 05       		.byte	0x5
 780 049f A3       		.byte	0xa3
 781 04a0 6C040000 		.4byte	0x46c
 782 04a4 0F       		.uleb128 0xf
 783 04a5 0C       		.byte	0xc
 784 04a6 05       		.byte	0x5
 785 04a7 A7       		.byte	0xa7
 786 04a8 C5040000 		.4byte	0x4c5
 787 04ac 10       		.uleb128 0x10
 788 04ad 66000000 		.4byte	.LASF144
 789 04b1 05       		.byte	0x5
 790 04b2 AA       		.byte	0xaa
 791 04b3 F8030000 		.4byte	0x3f8
 792 04b7 00       		.byte	0
 793 04b8 10       		.uleb128 0x10
 794 04b9 85050000 		.4byte	.LASF145
 795 04bd 05       		.byte	0x5
 796 04be AD       		.byte	0xad
 797 04bf 99040000 		.4byte	0x499
 798 04c3 04       		.byte	0x4
 799 04c4 00       		.byte	0
 800 04c5 11       		.uleb128 0x11
 801 04c6 170C0000 		.4byte	.LASF146
 802 04ca 05       		.byte	0x5
 803 04cb AF       		.byte	0xaf
 804 04cc A4040000 		.4byte	0x4a4
 805 04d0 06       		.uleb128 0x6
 806 04d1 01       		.byte	0x1
 807 04d2 2C000000 		.4byte	0x2c
 808 04d6 06       		.byte	0x6
 809 04d7 9D08     		.2byte	0x89d
 810 04d9 FC040000 		.4byte	0x4fc
 811 04dd 07       		.uleb128 0x7
 812 04de 750D0000 		.4byte	.LASF147
 813 04e2 00       		.byte	0
 814 04e3 07       		.uleb128 0x7
 815 04e4 1F0E0000 		.4byte	.LASF148
 816 04e8 01       		.byte	0x1
 817 04e9 07       		.uleb128 0x7
 818 04ea D10D0000 		.4byte	.LASF149
 819 04ee 02       		.byte	0x2
 820 04ef 07       		.uleb128 0x7
 821 04f0 19050000 		.4byte	.LASF150
 822 04f4 02       		.byte	0x2
 823 04f5 07       		.uleb128 0x7
 824 04f6 640D0000 		.4byte	.LASF151
 825 04fa 03       		.byte	0x3
 826 04fb 00       		.byte	0
 827 04fc 12       		.uleb128 0x12
 828 04fd D80B0000 		.4byte	.LASF152
 829 0501 01       		.byte	0x1
ARM GAS  C:\Users\Kozak\AppData\Local\Temp\ccg0CDh3.s 			page 17


 830 0502 07       		.byte	0x7
 831 0503 6B000000 		.4byte	0x6b
 832 0507 00000000 		.4byte	.LFB62
 833 050b 04000000 		.4byte	.LFE62-.LFB62
 834 050f 01       		.uleb128 0x1
 835 0510 9C       		.byte	0x9c
 836 0511 31050000 		.4byte	0x531
 837 0515 13       		.uleb128 0x13
 838 0516 2F0E0000 		.4byte	.LASF154
 839 051a 01       		.byte	0x1
 840 051b 07       		.byte	0x7
 841 051c 6B000000 		.4byte	0x6b
 842 0520 00000000 		.4byte	.LLST0
 843 0524 14       		.uleb128 0x14
 844 0525 CA0E0000 		.4byte	.LASF156
 845 0529 01       		.byte	0x1
 846 052a 08       		.byte	0x8
 847 052b 6B000000 		.4byte	0x6b
 848 052f 01       		.byte	0x1
 849 0530 00       		.byte	0
 850 0531 12       		.uleb128 0x12
 851 0532 1F080000 		.4byte	.LASF153
 852 0536 01       		.byte	0x1
 853 0537 15       		.byte	0x15
 854 0538 A6000000 		.4byte	0xa6
 855 053c 00000000 		.4byte	.LFB63
 856 0540 08000000 		.4byte	.LFE63-.LFB63
 857 0544 01       		.uleb128 0x1
 858 0545 9C       		.byte	0x9c
 859 0546 6C050000 		.4byte	0x56c
 860 054a 13       		.uleb128 0x13
 861 054b B8070000 		.4byte	.LASF155
 862 054f 01       		.byte	0x1
 863 0550 15       		.byte	0x15
 864 0551 77000000 		.4byte	0x77
 865 0555 21000000 		.4byte	.LLST1
 866 0559 15       		.uleb128 0x15
 867 055a B70E0000 		.4byte	.LASF157
 868 055e 01       		.byte	0x1
 869 055f 16       		.byte	0x16
 870 0560 A6000000 		.4byte	0xa6
 871 0564 06       		.uleb128 0x6
 872 0565 03       		.byte	0x3
 873 0566 00000000 		.4byte	.LC0
 874 056a 9F       		.byte	0x9f
 875 056b 00       		.byte	0
 876 056c 12       		.uleb128 0x12
 877 056d CB070000 		.4byte	.LASF158
 878 0571 01       		.byte	0x1
 879 0572 23       		.byte	0x23
 880 0573 77000000 		.4byte	0x77
 881 0577 00000000 		.4byte	.LFB64
 882 057b 14000000 		.4byte	.LFE64-.LFB64
 883 057f 01       		.uleb128 0x1
 884 0580 9C       		.byte	0x9c
 885 0581 B1050000 		.4byte	0x5b1
 886 0585 13       		.uleb128 0x13
ARM GAS  C:\Users\Kozak\AppData\Local\Temp\ccg0CDh3.s 			page 18


 887 0586 2F0E0000 		.4byte	.LASF154
 888 058a 01       		.byte	0x1
 889 058b 23       		.byte	0x23
 890 058c 6B000000 		.4byte	0x6b
 891 0590 42000000 		.4byte	.LLST2
 892 0594 13       		.uleb128 0x13
 893 0595 52060000 		.4byte	.LASF159
 894 0599 01       		.byte	0x1
 895 059a 23       		.byte	0x23
 896 059b 6B000000 		.4byte	0x6b
 897 059f 63000000 		.4byte	.LLST3
 898 05a3 15       		.uleb128 0x15
 899 05a4 AC0D0000 		.4byte	.LASF137
 900 05a8 01       		.byte	0x1
 901 05a9 24       		.byte	0x24
 902 05aa 77000000 		.4byte	0x77
 903 05ae 01       		.uleb128 0x1
 904 05af 53       		.byte	0x53
 905 05b0 00       		.byte	0
 906 05b1 16       		.uleb128 0x16
 907 05b2 51040000 		.4byte	.LASF171
 908 05b6 01       		.byte	0x1
 909 05b7 31       		.byte	0x31
 910 05b8 00000000 		.4byte	.LFB65
 911 05bc 4C000000 		.4byte	.LFE65-.LFB65
 912 05c0 01       		.uleb128 0x1
 913 05c1 9C       		.byte	0x9c
 914 05c2 33060000 		.4byte	0x633
 915 05c6 13       		.uleb128 0x13
 916 05c7 B8070000 		.4byte	.LASF155
 917 05cb 01       		.byte	0x1
 918 05cc 31       		.byte	0x31
 919 05cd 77000000 		.4byte	0x77
 920 05d1 84000000 		.4byte	.LLST4
 921 05d5 17       		.uleb128 0x17
 922 05d6 8C0A0000 		.4byte	.LASF161
 923 05da 01       		.byte	0x1
 924 05db 32       		.byte	0x32
 925 05dc 49030000 		.4byte	0x349
 926 05e0 15       		.uleb128 0x15
 927 05e1 BF040000 		.4byte	.LASF160
 928 05e5 01       		.byte	0x1
 929 05e6 33       		.byte	0x33
 930 05e7 61040000 		.4byte	0x461
 931 05eb 02       		.uleb128 0x2
 932 05ec 91       		.byte	0x91
 933 05ed 58       		.sleb128 -40
 934 05ee 15       		.uleb128 0x15
 935 05ef 470B0000 		.4byte	.LASF136
 936 05f3 01       		.byte	0x1
 937 05f4 34       		.byte	0x34
 938 05f5 28040000 		.4byte	0x428
 939 05f9 02       		.uleb128 0x2
 940 05fa 91       		.byte	0x91
 941 05fb 54       		.sleb128 -44
 942 05fc 15       		.uleb128 0x15
 943 05fd AC0D0000 		.4byte	.LASF137
ARM GAS  C:\Users\Kozak\AppData\Local\Temp\ccg0CDh3.s 			page 19


 944 0601 01       		.byte	0x1
 945 0602 35       		.byte	0x35
 946 0603 BC030000 		.4byte	0x3bc
 947 0607 02       		.uleb128 0x2
 948 0608 91       		.byte	0x91
 949 0609 44       		.sleb128 -60
 950 060a 17       		.uleb128 0x17
 951 060b A4080000 		.4byte	.LASF162
 952 060f 01       		.byte	0x1
 953 0610 36       		.byte	0x36
 954 0611 C5040000 		.4byte	0x4c5
 955 0615 18       		.uleb128 0x18
 956 0616 3A000000 		.4byte	.LVL11
 957 061a 71060000 		.4byte	0x671
 958 061e 29060000 		.4byte	0x629
 959 0622 19       		.uleb128 0x19
 960 0623 01       		.uleb128 0x1
 961 0624 51       		.byte	0x51
 962 0625 02       		.uleb128 0x2
 963 0626 91       		.byte	0x91
 964 0627 58       		.sleb128 -40
 965 0628 00       		.byte	0
 966 0629 1A       		.uleb128 0x1a
 967 062a 3E000000 		.4byte	.LVL12
 968 062e 7D060000 		.4byte	0x67d
 969 0632 00       		.byte	0
 970 0633 1B       		.uleb128 0x1b
 971 0634 66000000 		.4byte	.LASF144
 972 0638 07       		.byte	0x7
 973 0639 41       		.byte	0x41
 974 063a F8030000 		.4byte	0x3f8
 975 063e 1B       		.uleb128 0x1b
 976 063f 750F0000 		.4byte	.LASF163
 977 0643 07       		.byte	0x7
 978 0644 45       		.byte	0x45
 979 0645 49060000 		.4byte	0x649
 980 0649 02       		.uleb128 0x2
 981 064a 01       		.byte	0x1
 982 064b 02       		.byte	0x2
 983 064c C40B0000 		.4byte	.LASF164
 984 0650 09       		.uleb128 0x9
 985 0651 77000000 		.4byte	0x77
 986 0655 60060000 		.4byte	0x660
 987 0659 0A       		.uleb128 0xa
 988 065a 9F000000 		.4byte	0x9f
 989 065e 00       		.byte	0
 990 065f 00       		.byte	0
 991 0660 1C       		.uleb128 0x1c
 992 0661 530B0000 		.4byte	.LASF165
 993 0665 01       		.byte	0x1
 994 0666 03       		.byte	0x3
 995 0667 50060000 		.4byte	0x650
 996 066b 05       		.uleb128 0x5
 997 066c 03       		.byte	0x3
 998 066d 00000000 		.4byte	goal_kitchen_uuids
 999 0671 1D       		.uleb128 0x1d
 1000 0672 7C100000 		.4byte	.LASF166
ARM GAS  C:\Users\Kozak\AppData\Local\Temp\ccg0CDh3.s 			page 20


 1001 0676 7C100000 		.4byte	.LASF166
 1002 067a 05       		.byte	0x5
 1003 067b D502     		.2byte	0x2d5
 1004 067d 1D       		.uleb128 0x1d
 1005 067e 5C0A0000 		.4byte	.LASF167
 1006 0682 5C0A0000 		.4byte	.LASF167
 1007 0686 03       		.byte	0x3
 1008 0687 CF07     		.2byte	0x7cf
 1009 0689 00       		.byte	0
 1010              		.section	.debug_abbrev,"",%progbits
 1011              	.Ldebug_abbrev0:
 1012 0000 01       		.uleb128 0x1
 1013 0001 11       		.uleb128 0x11
 1014 0002 01       		.byte	0x1
 1015 0003 25       		.uleb128 0x25
 1016 0004 0E       		.uleb128 0xe
 1017 0005 13       		.uleb128 0x13
 1018 0006 0B       		.uleb128 0xb
 1019 0007 03       		.uleb128 0x3
 1020 0008 0E       		.uleb128 0xe
 1021 0009 1B       		.uleb128 0x1b
 1022 000a 0E       		.uleb128 0xe
 1023 000b 55       		.uleb128 0x55
 1024 000c 17       		.uleb128 0x17
 1025 000d 11       		.uleb128 0x11
 1026 000e 01       		.uleb128 0x1
 1027 000f 10       		.uleb128 0x10
 1028 0010 17       		.uleb128 0x17
 1029 0011 00       		.byte	0
 1030 0012 00       		.byte	0
 1031 0013 02       		.uleb128 0x2
 1032 0014 24       		.uleb128 0x24
 1033 0015 00       		.byte	0
 1034 0016 0B       		.uleb128 0xb
 1035 0017 0B       		.uleb128 0xb
 1036 0018 3E       		.uleb128 0x3e
 1037 0019 0B       		.uleb128 0xb
 1038 001a 03       		.uleb128 0x3
 1039 001b 0E       		.uleb128 0xe
 1040 001c 00       		.byte	0
 1041 001d 00       		.byte	0
 1042 001e 03       		.uleb128 0x3
 1043 001f 24       		.uleb128 0x24
 1044 0020 00       		.byte	0
 1045 0021 0B       		.uleb128 0xb
 1046 0022 0B       		.uleb128 0xb
 1047 0023 3E       		.uleb128 0x3e
 1048 0024 0B       		.uleb128 0xb
 1049 0025 03       		.uleb128 0x3
 1050 0026 08       		.uleb128 0x8
 1051 0027 00       		.byte	0
 1052 0028 00       		.byte	0
 1053 0029 04       		.uleb128 0x4
 1054 002a 16       		.uleb128 0x16
 1055 002b 00       		.byte	0
 1056 002c 03       		.uleb128 0x3
 1057 002d 0E       		.uleb128 0xe
ARM GAS  C:\Users\Kozak\AppData\Local\Temp\ccg0CDh3.s 			page 21


 1058 002e 3A       		.uleb128 0x3a
 1059 002f 0B       		.uleb128 0xb
 1060 0030 3B       		.uleb128 0x3b
 1061 0031 05       		.uleb128 0x5
 1062 0032 49       		.uleb128 0x49
 1063 0033 13       		.uleb128 0x13
 1064 0034 00       		.byte	0
 1065 0035 00       		.byte	0
 1066 0036 05       		.uleb128 0x5
 1067 0037 0F       		.uleb128 0xf
 1068 0038 00       		.byte	0
 1069 0039 0B       		.uleb128 0xb
 1070 003a 0B       		.uleb128 0xb
 1071 003b 49       		.uleb128 0x49
 1072 003c 13       		.uleb128 0x13
 1073 003d 00       		.byte	0
 1074 003e 00       		.byte	0
 1075 003f 06       		.uleb128 0x6
 1076 0040 04       		.uleb128 0x4
 1077 0041 01       		.byte	0x1
 1078 0042 0B       		.uleb128 0xb
 1079 0043 0B       		.uleb128 0xb
 1080 0044 49       		.uleb128 0x49
 1081 0045 13       		.uleb128 0x13
 1082 0046 3A       		.uleb128 0x3a
 1083 0047 0B       		.uleb128 0xb
 1084 0048 3B       		.uleb128 0x3b
 1085 0049 05       		.uleb128 0x5
 1086 004a 01       		.uleb128 0x1
 1087 004b 13       		.uleb128 0x13
 1088 004c 00       		.byte	0
 1089 004d 00       		.byte	0
 1090 004e 07       		.uleb128 0x7
 1091 004f 28       		.uleb128 0x28
 1092 0050 00       		.byte	0
 1093 0051 03       		.uleb128 0x3
 1094 0052 0E       		.uleb128 0xe
 1095 0053 1C       		.uleb128 0x1c
 1096 0054 0B       		.uleb128 0xb
 1097 0055 00       		.byte	0
 1098 0056 00       		.byte	0
 1099 0057 08       		.uleb128 0x8
 1100 0058 28       		.uleb128 0x28
 1101 0059 00       		.byte	0
 1102 005a 03       		.uleb128 0x3
 1103 005b 0E       		.uleb128 0xe
 1104 005c 1C       		.uleb128 0x1c
 1105 005d 05       		.uleb128 0x5
 1106 005e 00       		.byte	0
 1107 005f 00       		.byte	0
 1108 0060 09       		.uleb128 0x9
 1109 0061 01       		.uleb128 0x1
 1110 0062 01       		.byte	0x1
 1111 0063 49       		.uleb128 0x49
 1112 0064 13       		.uleb128 0x13
 1113 0065 01       		.uleb128 0x1
 1114 0066 13       		.uleb128 0x13
ARM GAS  C:\Users\Kozak\AppData\Local\Temp\ccg0CDh3.s 			page 22


 1115 0067 00       		.byte	0
 1116 0068 00       		.byte	0
 1117 0069 0A       		.uleb128 0xa
 1118 006a 21       		.uleb128 0x21
 1119 006b 00       		.byte	0
 1120 006c 49       		.uleb128 0x49
 1121 006d 13       		.uleb128 0x13
 1122 006e 2F       		.uleb128 0x2f
 1123 006f 0B       		.uleb128 0xb
 1124 0070 00       		.byte	0
 1125 0071 00       		.byte	0
 1126 0072 0B       		.uleb128 0xb
 1127 0073 13       		.uleb128 0x13
 1128 0074 01       		.byte	0x1
 1129 0075 0B       		.uleb128 0xb
 1130 0076 0B       		.uleb128 0xb
 1131 0077 3A       		.uleb128 0x3a
 1132 0078 0B       		.uleb128 0xb
 1133 0079 3B       		.uleb128 0x3b
 1134 007a 05       		.uleb128 0x5
 1135 007b 01       		.uleb128 0x1
 1136 007c 13       		.uleb128 0x13
 1137 007d 00       		.byte	0
 1138 007e 00       		.byte	0
 1139 007f 0C       		.uleb128 0xc
 1140 0080 0D       		.uleb128 0xd
 1141 0081 00       		.byte	0
 1142 0082 03       		.uleb128 0x3
 1143 0083 0E       		.uleb128 0xe
 1144 0084 3A       		.uleb128 0x3a
 1145 0085 0B       		.uleb128 0xb
 1146 0086 3B       		.uleb128 0x3b
 1147 0087 05       		.uleb128 0x5
 1148 0088 49       		.uleb128 0x49
 1149 0089 13       		.uleb128 0x13
 1150 008a 38       		.uleb128 0x38
 1151 008b 0B       		.uleb128 0xb
 1152 008c 00       		.byte	0
 1153 008d 00       		.byte	0
 1154 008e 0D       		.uleb128 0xd
 1155 008f 17       		.uleb128 0x17
 1156 0090 01       		.byte	0x1
 1157 0091 0B       		.uleb128 0xb
 1158 0092 0B       		.uleb128 0xb
 1159 0093 3A       		.uleb128 0x3a
 1160 0094 0B       		.uleb128 0xb
 1161 0095 3B       		.uleb128 0x3b
 1162 0096 05       		.uleb128 0x5
 1163 0097 01       		.uleb128 0x1
 1164 0098 13       		.uleb128 0x13
 1165 0099 00       		.byte	0
 1166 009a 00       		.byte	0
 1167 009b 0E       		.uleb128 0xe
 1168 009c 0D       		.uleb128 0xd
 1169 009d 00       		.byte	0
 1170 009e 03       		.uleb128 0x3
 1171 009f 0E       		.uleb128 0xe
ARM GAS  C:\Users\Kozak\AppData\Local\Temp\ccg0CDh3.s 			page 23


 1172 00a0 3A       		.uleb128 0x3a
 1173 00a1 0B       		.uleb128 0xb
 1174 00a2 3B       		.uleb128 0x3b
 1175 00a3 05       		.uleb128 0x5
 1176 00a4 49       		.uleb128 0x49
 1177 00a5 13       		.uleb128 0x13
 1178 00a6 00       		.byte	0
 1179 00a7 00       		.byte	0
 1180 00a8 0F       		.uleb128 0xf
 1181 00a9 13       		.uleb128 0x13
 1182 00aa 01       		.byte	0x1
 1183 00ab 0B       		.uleb128 0xb
 1184 00ac 0B       		.uleb128 0xb
 1185 00ad 3A       		.uleb128 0x3a
 1186 00ae 0B       		.uleb128 0xb
 1187 00af 3B       		.uleb128 0x3b
 1188 00b0 0B       		.uleb128 0xb
 1189 00b1 01       		.uleb128 0x1
 1190 00b2 13       		.uleb128 0x13
 1191 00b3 00       		.byte	0
 1192 00b4 00       		.byte	0
 1193 00b5 10       		.uleb128 0x10
 1194 00b6 0D       		.uleb128 0xd
 1195 00b7 00       		.byte	0
 1196 00b8 03       		.uleb128 0x3
 1197 00b9 0E       		.uleb128 0xe
 1198 00ba 3A       		.uleb128 0x3a
 1199 00bb 0B       		.uleb128 0xb
 1200 00bc 3B       		.uleb128 0x3b
 1201 00bd 0B       		.uleb128 0xb
 1202 00be 49       		.uleb128 0x49
 1203 00bf 13       		.uleb128 0x13
 1204 00c0 38       		.uleb128 0x38
 1205 00c1 0B       		.uleb128 0xb
 1206 00c2 00       		.byte	0
 1207 00c3 00       		.byte	0
 1208 00c4 11       		.uleb128 0x11
 1209 00c5 16       		.uleb128 0x16
 1210 00c6 00       		.byte	0
 1211 00c7 03       		.uleb128 0x3
 1212 00c8 0E       		.uleb128 0xe
 1213 00c9 3A       		.uleb128 0x3a
 1214 00ca 0B       		.uleb128 0xb
 1215 00cb 3B       		.uleb128 0x3b
 1216 00cc 0B       		.uleb128 0xb
 1217 00cd 49       		.uleb128 0x49
 1218 00ce 13       		.uleb128 0x13
 1219 00cf 00       		.byte	0
 1220 00d0 00       		.byte	0
 1221 00d1 12       		.uleb128 0x12
 1222 00d2 2E       		.uleb128 0x2e
 1223 00d3 01       		.byte	0x1
 1224 00d4 3F       		.uleb128 0x3f
 1225 00d5 19       		.uleb128 0x19
 1226 00d6 03       		.uleb128 0x3
 1227 00d7 0E       		.uleb128 0xe
 1228 00d8 3A       		.uleb128 0x3a
ARM GAS  C:\Users\Kozak\AppData\Local\Temp\ccg0CDh3.s 			page 24


 1229 00d9 0B       		.uleb128 0xb
 1230 00da 3B       		.uleb128 0x3b
 1231 00db 0B       		.uleb128 0xb
 1232 00dc 27       		.uleb128 0x27
 1233 00dd 19       		.uleb128 0x19
 1234 00de 49       		.uleb128 0x49
 1235 00df 13       		.uleb128 0x13
 1236 00e0 11       		.uleb128 0x11
 1237 00e1 01       		.uleb128 0x1
 1238 00e2 12       		.uleb128 0x12
 1239 00e3 06       		.uleb128 0x6
 1240 00e4 40       		.uleb128 0x40
 1241 00e5 18       		.uleb128 0x18
 1242 00e6 9742     		.uleb128 0x2117
 1243 00e8 19       		.uleb128 0x19
 1244 00e9 01       		.uleb128 0x1
 1245 00ea 13       		.uleb128 0x13
 1246 00eb 00       		.byte	0
 1247 00ec 00       		.byte	0
 1248 00ed 13       		.uleb128 0x13
 1249 00ee 05       		.uleb128 0x5
 1250 00ef 00       		.byte	0
 1251 00f0 03       		.uleb128 0x3
 1252 00f1 0E       		.uleb128 0xe
 1253 00f2 3A       		.uleb128 0x3a
 1254 00f3 0B       		.uleb128 0xb
 1255 00f4 3B       		.uleb128 0x3b
 1256 00f5 0B       		.uleb128 0xb
 1257 00f6 49       		.uleb128 0x49
 1258 00f7 13       		.uleb128 0x13
 1259 00f8 02       		.uleb128 0x2
 1260 00f9 17       		.uleb128 0x17
 1261 00fa 00       		.byte	0
 1262 00fb 00       		.byte	0
 1263 00fc 14       		.uleb128 0x14
 1264 00fd 34       		.uleb128 0x34
 1265 00fe 00       		.byte	0
 1266 00ff 03       		.uleb128 0x3
 1267 0100 0E       		.uleb128 0xe
 1268 0101 3A       		.uleb128 0x3a
 1269 0102 0B       		.uleb128 0xb
 1270 0103 3B       		.uleb128 0x3b
 1271 0104 0B       		.uleb128 0xb
 1272 0105 49       		.uleb128 0x49
 1273 0106 13       		.uleb128 0x13
 1274 0107 1C       		.uleb128 0x1c
 1275 0108 0B       		.uleb128 0xb
 1276 0109 00       		.byte	0
 1277 010a 00       		.byte	0
 1278 010b 15       		.uleb128 0x15
 1279 010c 34       		.uleb128 0x34
 1280 010d 00       		.byte	0
 1281 010e 03       		.uleb128 0x3
 1282 010f 0E       		.uleb128 0xe
 1283 0110 3A       		.uleb128 0x3a
 1284 0111 0B       		.uleb128 0xb
 1285 0112 3B       		.uleb128 0x3b
ARM GAS  C:\Users\Kozak\AppData\Local\Temp\ccg0CDh3.s 			page 25


 1286 0113 0B       		.uleb128 0xb
 1287 0114 49       		.uleb128 0x49
 1288 0115 13       		.uleb128 0x13
 1289 0116 02       		.uleb128 0x2
 1290 0117 18       		.uleb128 0x18
 1291 0118 00       		.byte	0
 1292 0119 00       		.byte	0
 1293 011a 16       		.uleb128 0x16
 1294 011b 2E       		.uleb128 0x2e
 1295 011c 01       		.byte	0x1
 1296 011d 3F       		.uleb128 0x3f
 1297 011e 19       		.uleb128 0x19
 1298 011f 03       		.uleb128 0x3
 1299 0120 0E       		.uleb128 0xe
 1300 0121 3A       		.uleb128 0x3a
 1301 0122 0B       		.uleb128 0xb
 1302 0123 3B       		.uleb128 0x3b
 1303 0124 0B       		.uleb128 0xb
 1304 0125 27       		.uleb128 0x27
 1305 0126 19       		.uleb128 0x19
 1306 0127 11       		.uleb128 0x11
 1307 0128 01       		.uleb128 0x1
 1308 0129 12       		.uleb128 0x12
 1309 012a 06       		.uleb128 0x6
 1310 012b 40       		.uleb128 0x40
 1311 012c 18       		.uleb128 0x18
 1312 012d 9742     		.uleb128 0x2117
 1313 012f 19       		.uleb128 0x19
 1314 0130 01       		.uleb128 0x1
 1315 0131 13       		.uleb128 0x13
 1316 0132 00       		.byte	0
 1317 0133 00       		.byte	0
 1318 0134 17       		.uleb128 0x17
 1319 0135 34       		.uleb128 0x34
 1320 0136 00       		.byte	0
 1321 0137 03       		.uleb128 0x3
 1322 0138 0E       		.uleb128 0xe
 1323 0139 3A       		.uleb128 0x3a
 1324 013a 0B       		.uleb128 0xb
 1325 013b 3B       		.uleb128 0x3b
 1326 013c 0B       		.uleb128 0xb
 1327 013d 49       		.uleb128 0x49
 1328 013e 13       		.uleb128 0x13
 1329 013f 00       		.byte	0
 1330 0140 00       		.byte	0
 1331 0141 18       		.uleb128 0x18
 1332 0142 898201   		.uleb128 0x4109
 1333 0145 01       		.byte	0x1
 1334 0146 11       		.uleb128 0x11
 1335 0147 01       		.uleb128 0x1
 1336 0148 31       		.uleb128 0x31
 1337 0149 13       		.uleb128 0x13
 1338 014a 01       		.uleb128 0x1
 1339 014b 13       		.uleb128 0x13
 1340 014c 00       		.byte	0
 1341 014d 00       		.byte	0
 1342 014e 19       		.uleb128 0x19
ARM GAS  C:\Users\Kozak\AppData\Local\Temp\ccg0CDh3.s 			page 26


 1343 014f 8A8201   		.uleb128 0x410a
 1344 0152 00       		.byte	0
 1345 0153 02       		.uleb128 0x2
 1346 0154 18       		.uleb128 0x18
 1347 0155 9142     		.uleb128 0x2111
 1348 0157 18       		.uleb128 0x18
 1349 0158 00       		.byte	0
 1350 0159 00       		.byte	0
 1351 015a 1A       		.uleb128 0x1a
 1352 015b 898201   		.uleb128 0x4109
 1353 015e 00       		.byte	0
 1354 015f 11       		.uleb128 0x11
 1355 0160 01       		.uleb128 0x1
 1356 0161 31       		.uleb128 0x31
 1357 0162 13       		.uleb128 0x13
 1358 0163 00       		.byte	0
 1359 0164 00       		.byte	0
 1360 0165 1B       		.uleb128 0x1b
 1361 0166 34       		.uleb128 0x34
 1362 0167 00       		.byte	0
 1363 0168 03       		.uleb128 0x3
 1364 0169 0E       		.uleb128 0xe
 1365 016a 3A       		.uleb128 0x3a
 1366 016b 0B       		.uleb128 0xb
 1367 016c 3B       		.uleb128 0x3b
 1368 016d 0B       		.uleb128 0xb
 1369 016e 49       		.uleb128 0x49
 1370 016f 13       		.uleb128 0x13
 1371 0170 3F       		.uleb128 0x3f
 1372 0171 19       		.uleb128 0x19
 1373 0172 3C       		.uleb128 0x3c
 1374 0173 19       		.uleb128 0x19
 1375 0174 00       		.byte	0
 1376 0175 00       		.byte	0
 1377 0176 1C       		.uleb128 0x1c
 1378 0177 34       		.uleb128 0x34
 1379 0178 00       		.byte	0
 1380 0179 03       		.uleb128 0x3
 1381 017a 0E       		.uleb128 0xe
 1382 017b 3A       		.uleb128 0x3a
 1383 017c 0B       		.uleb128 0xb
 1384 017d 3B       		.uleb128 0x3b
 1385 017e 0B       		.uleb128 0xb
 1386 017f 49       		.uleb128 0x49
 1387 0180 13       		.uleb128 0x13
 1388 0181 3F       		.uleb128 0x3f
 1389 0182 19       		.uleb128 0x19
 1390 0183 02       		.uleb128 0x2
 1391 0184 18       		.uleb128 0x18
 1392 0185 00       		.byte	0
 1393 0186 00       		.byte	0
 1394 0187 1D       		.uleb128 0x1d
 1395 0188 2E       		.uleb128 0x2e
 1396 0189 00       		.byte	0
 1397 018a 3F       		.uleb128 0x3f
 1398 018b 19       		.uleb128 0x19
 1399 018c 3C       		.uleb128 0x3c
ARM GAS  C:\Users\Kozak\AppData\Local\Temp\ccg0CDh3.s 			page 27


 1400 018d 19       		.uleb128 0x19
 1401 018e 6E       		.uleb128 0x6e
 1402 018f 0E       		.uleb128 0xe
 1403 0190 03       		.uleb128 0x3
 1404 0191 0E       		.uleb128 0xe
 1405 0192 3A       		.uleb128 0x3a
 1406 0193 0B       		.uleb128 0xb
 1407 0194 3B       		.uleb128 0x3b
 1408 0195 05       		.uleb128 0x5
 1409 0196 00       		.byte	0
 1410 0197 00       		.byte	0
 1411 0198 00       		.byte	0
 1412              		.section	.debug_loc,"",%progbits
 1413              	.Ldebug_loc0:
 1414              	.LLST0:
 1415 0000 00000000 		.4byte	.LVL0
 1416 0004 02000000 		.4byte	.LVL1
 1417 0008 0100     		.2byte	0x1
 1418 000a 50       		.byte	0x50
 1419 000b 02000000 		.4byte	.LVL1
 1420 000f 04000000 		.4byte	.LFE62
 1421 0013 0400     		.2byte	0x4
 1422 0015 F3       		.byte	0xf3
 1423 0016 01       		.uleb128 0x1
 1424 0017 50       		.byte	0x50
 1425 0018 9F       		.byte	0x9f
 1426 0019 00000000 		.4byte	0
 1427 001d 00000000 		.4byte	0
 1428              	.LLST1:
 1429 0021 00000000 		.4byte	.LVL2
 1430 0025 02000000 		.4byte	.LVL3
 1431 0029 0100     		.2byte	0x1
 1432 002b 50       		.byte	0x50
 1433 002c 02000000 		.4byte	.LVL3
 1434 0030 08000000 		.4byte	.LFE63
 1435 0034 0400     		.2byte	0x4
 1436 0036 F3       		.byte	0xf3
 1437 0037 01       		.uleb128 0x1
 1438 0038 50       		.byte	0x50
 1439 0039 9F       		.byte	0x9f
 1440 003a 00000000 		.4byte	0
 1441 003e 00000000 		.4byte	0
 1442              	.LLST2:
 1443 0042 00000000 		.4byte	.LVL4
 1444 0046 0C000000 		.4byte	.LVL7
 1445 004a 0100     		.2byte	0x1
 1446 004c 50       		.byte	0x50
 1447 004d 0C000000 		.4byte	.LVL7
 1448 0051 14000000 		.4byte	.LFE64
 1449 0055 0400     		.2byte	0x4
 1450 0057 F3       		.byte	0xf3
 1451 0058 01       		.uleb128 0x1
 1452 0059 50       		.byte	0x50
 1453 005a 9F       		.byte	0x9f
 1454 005b 00000000 		.4byte	0
 1455 005f 00000000 		.4byte	0
 1456              	.LLST3:
ARM GAS  C:\Users\Kozak\AppData\Local\Temp\ccg0CDh3.s 			page 28


 1457 0063 00000000 		.4byte	.LVL4
 1458 0067 06000000 		.4byte	.LVL5
 1459 006b 0100     		.2byte	0x1
 1460 006d 51       		.byte	0x51
 1461 006e 06000000 		.4byte	.LVL5
 1462 0072 14000000 		.4byte	.LFE64
 1463 0076 0400     		.2byte	0x4
 1464 0078 F3       		.byte	0xf3
 1465 0079 01       		.uleb128 0x1
 1466 007a 51       		.byte	0x51
 1467 007b 9F       		.byte	0x9f
 1468 007c 00000000 		.4byte	0
 1469 0080 00000000 		.4byte	0
 1470              	.LLST4:
 1471 0084 00000000 		.4byte	.LVL8
 1472 0088 24000000 		.4byte	.LVL9
 1473 008c 0100     		.2byte	0x1
 1474 008e 50       		.byte	0x50
 1475 008f 24000000 		.4byte	.LVL9
 1476 0093 26000000 		.4byte	.LVL10
 1477 0097 0200     		.2byte	0x2
 1478 0099 72       		.byte	0x72
 1479 009a 74       		.sleb128 -12
 1480 009b 26000000 		.4byte	.LVL10
 1481 009f 4C000000 		.4byte	.LFE65
 1482 00a3 0200     		.2byte	0x2
 1483 00a5 91       		.byte	0x91
 1484 00a6 44       		.sleb128 -60
 1485 00a7 00000000 		.4byte	0
 1486 00ab 00000000 		.4byte	0
 1487              		.section	.debug_aranges,"",%progbits
 1488 0000 34000000 		.4byte	0x34
 1489 0004 0200     		.2byte	0x2
 1490 0006 00000000 		.4byte	.Ldebug_info0
 1491 000a 04       		.byte	0x4
 1492 000b 00       		.byte	0
 1493 000c 0000     		.2byte	0
 1494 000e 0000     		.2byte	0
 1495 0010 00000000 		.4byte	.LFB62
 1496 0014 04000000 		.4byte	.LFE62-.LFB62
 1497 0018 00000000 		.4byte	.LFB63
 1498 001c 08000000 		.4byte	.LFE63-.LFB63
 1499 0020 00000000 		.4byte	.LFB64
 1500 0024 14000000 		.4byte	.LFE64-.LFB64
 1501 0028 00000000 		.4byte	.LFB65
 1502 002c 4C000000 		.4byte	.LFE65-.LFB65
 1503 0030 00000000 		.4byte	0
 1504 0034 00000000 		.4byte	0
 1505              		.section	.debug_ranges,"",%progbits
 1506              	.Ldebug_ranges0:
 1507 0000 00000000 		.4byte	.LFB62
 1508 0004 04000000 		.4byte	.LFE62
 1509 0008 00000000 		.4byte	.LFB63
 1510 000c 08000000 		.4byte	.LFE63
 1511 0010 00000000 		.4byte	.LFB64
 1512 0014 14000000 		.4byte	.LFE64
 1513 0018 00000000 		.4byte	.LFB65
ARM GAS  C:\Users\Kozak\AppData\Local\Temp\ccg0CDh3.s 			page 29


 1514 001c 4C000000 		.4byte	.LFE65
 1515 0020 00000000 		.4byte	0
 1516 0024 00000000 		.4byte	0
 1517              		.section	.debug_line,"",%progbits
 1518              	.Ldebug_line0:
 1519 0000 FD000000 		.section	.debug_str,"MS",%progbits,1
 1519      0200AA00 
 1519      00000201 
 1519      FB0E0D00 
 1519      01010101 
 1520              	.LASF80:
 1521 0000 4359424C 		.ascii	"CYBLE_EVT_L2CAP_CBFC_RX_CREDIT_IND\000"
 1521      455F4556 
 1521      545F4C32 
 1521      4341505F 
 1521      43424643 
 1522              	.LASF126:
 1523 0023 75756964 		.ascii	"uuid128\000"
 1523      31323800 
 1524              	.LASF142:
 1525 002b 61747472 		.ascii	"attrLen\000"
 1525      4C656E00 
 1526              	.LASF79:
 1527 0033 4359424C 		.ascii	"CYBLE_EVT_L2CAP_CBFC_DATA_READ\000"
 1527      455F4556 
 1527      545F4C32 
 1527      4341505F 
 1527      43424643 
 1528              	.LASF132:
 1529 0052 4359424C 		.ascii	"CYBLE_CONN_HANDLE_T\000"
 1529      455F434F 
 1529      4E4E5F48 
 1529      414E444C 
 1529      455F5400 
 1530              	.LASF144:
 1531 0066 636F6E6E 		.ascii	"connHandle\000"
 1531      48616E64 
 1531      6C6500
 1532              	.LASF91:
 1533 0071 4359424C 		.ascii	"CYBLE_ERROR_MEMORY_ALLOCATION_FAILED\000"
 1533      455F4552 
 1533      524F525F 
 1533      4D454D4F 
 1533      52595F41 
 1534              	.LASF70:
 1535 0096 4359424C 		.ascii	"CYBLE_EVT_GATTS_READ_CHAR_VAL_ACCESS_REQ\000"
 1535      455F4556 
 1535      545F4741 
 1535      5454535F 
 1535      52454144 
 1536              	.LASF33:
 1537 00bf 4359424C 		.ascii	"CYBLE_EVT_GAP_CONNECTION_UPDATE_COMPLETE\000"
 1537      455F4556 
 1537      545F4741 
 1537      505F434F 
 1537      4E4E4543 
 1538              	.LASF78:
ARM GAS  C:\Users\Kozak\AppData\Local\Temp\ccg0CDh3.s 			page 30


 1539 00e8 4359424C 		.ascii	"CYBLE_EVT_L2CAP_CBFC_DISCONN_CNF\000"
 1539      455F4556 
 1539      545F4C32 
 1539      4341505F 
 1539      43424643 
 1540              	.LASF112:
 1541 0109 4359424C 		.ascii	"CYBLE_ERROR_UNSUPPORTED_FEATURE_OR_PARAMETER_VALUE\000"
 1541      455F4552 
 1541      524F525F 
 1541      554E5355 
 1541      50504F52 
 1542              	.LASF38:
 1543 013c 4359424C 		.ascii	"CYBLE_EVT_GAP_OOB_GENERATED_NOTIFICATION\000"
 1543      455F4556 
 1543      545F4741 
 1543      505F4F4F 
 1543      425F4745 
 1544              	.LASF21:
 1545 0165 4359424C 		.ascii	"CYBLE_EVT_STACK_BUSY_STATUS\000"
 1545      455F4556 
 1545      545F5354 
 1545      41434B5F 
 1545      42555359 
 1546              	.LASF58:
 1547 0181 4359424C 		.ascii	"CYBLE_EVT_GATTC_READ_MULTI_RSP\000"
 1547      455F4556 
 1547      545F4741 
 1547      5454435F 
 1547      52454144 
 1548              	.LASF63:
 1549 01a0 4359424C 		.ascii	"CYBLE_EVT_GATTS_EXEC_WRITE_REQ\000"
 1549      455F4556 
 1549      545F4741 
 1549      5454535F 
 1549      45584543 
 1550              	.LASF75:
 1551 01bf 4359424C 		.ascii	"CYBLE_EVT_L2CAP_CBFC_CONN_IND\000"
 1551      455F4556 
 1551      545F4C32 
 1551      4341505F 
 1551      43424643 
 1552              	.LASF18:
 1553 01dd 4359424C 		.ascii	"CYBLE_EVT_TIMEOUT\000"
 1553      455F4556 
 1553      545F5449 
 1553      4D454F55 
 1553      5400
 1554              	.LASF4:
 1555 01ef 6C6F6E67 		.ascii	"long int\000"
 1555      20696E74 
 1555      00
 1556              	.LASF168:
 1557 01f8 474E5520 		.ascii	"GNU C11 5.4.1 20160609 (release) [ARM/embedded-5-br"
 1557      43313120 
 1557      352E342E 
 1557      31203230 
 1557      31363036 
ARM GAS  C:\Users\Kozak\AppData\Local\Temp\ccg0CDh3.s 			page 31


 1558 022b 616E6368 		.ascii	"anch revision 237715] -mcpu=cortex-m0 -mthumb -g -O"
 1558      20726576 
 1558      6973696F 
 1558      6E203233 
 1558      37373135 
 1559 025e 67202D66 		.ascii	"g -ffunction-sections -ffat-lto-objects\000"
 1559      66756E63 
 1559      74696F6E 
 1559      2D736563 
 1559      74696F6E 
 1560              	.LASF101:
 1561 0286 4359424C 		.ascii	"CYBLE_ERROR_L2CAP_PSM_WRONG_ENCODING\000"
 1561      455F4552 
 1561      524F525F 
 1561      4C324341 
 1561      505F5053 
 1562              	.LASF92:
 1563 02ab 4359424C 		.ascii	"CYBLE_ERROR_INSUFFICIENT_RESOURCES\000"
 1563      455F4552 
 1563      524F525F 
 1563      494E5355 
 1563      46464943 
 1564              	.LASF20:
 1565 02ce 4359424C 		.ascii	"CYBLE_EVT_HCI_STATUS\000"
 1565      455F4556 
 1565      545F4843 
 1565      495F5354 
 1565      41545553 
 1566              	.LASF34:
 1567 02e3 4359424C 		.ascii	"CYBLE_EVT_GAPC_SCAN_START_STOP\000"
 1567      455F4556 
 1567      545F4741 
 1567      50435F53 
 1567      43414E5F 
 1568              	.LASF83:
 1569 0302 4359424C 		.ascii	"CYBLE_EVT_PENDING_FLASH_WRITE\000"
 1569      455F4556 
 1569      545F5045 
 1569      4E44494E 
 1569      475F464C 
 1570              	.LASF100:
 1571 0320 4359424C 		.ascii	"CYBLE_ERROR_SEC_FAILED\000"
 1571      455F4552 
 1571      524F525F 
 1571      5345435F 
 1571      4641494C 
 1572              	.LASF32:
 1573 0337 4359424C 		.ascii	"CYBLE_EVT_GAP_ENCRYPT_CHANGE\000"
 1573      455F4556 
 1573      545F4741 
 1573      505F454E 
 1573      43525950 
 1574              	.LASF36:
 1575 0354 4359424C 		.ascii	"CYBLE_EVT_GAP_NUMERIC_COMPARISON_REQUEST\000"
 1575      455F4556 
 1575      545F4741 
 1575      505F4E55 
ARM GAS  C:\Users\Kozak\AppData\Local\Temp\ccg0CDh3.s 			page 32


 1575      4D455249 
 1576              	.LASF6:
 1577 037d 6C6F6E67 		.ascii	"long long int\000"
 1577      206C6F6E 
 1577      6720696E 
 1577      7400
 1578              	.LASF0:
 1579 038b 7369676E 		.ascii	"signed char\000"
 1579      65642063 
 1579      68617200 
 1580              	.LASF17:
 1581 0397 4359424C 		.ascii	"CYBLE_EVT_STACK_ON\000"
 1581      455F4556 
 1581      545F5354 
 1581      41434B5F 
 1581      4F4E00
 1582              	.LASF108:
 1583 03aa 4359424C 		.ascii	"CYBLE_ERROR_DEVICE_ALREADY_EXISTS\000"
 1583      455F4552 
 1583      524F525F 
 1583      44455649 
 1583      43455F41 
 1584              	.LASF95:
 1585 03cc 4359424C 		.ascii	"CYBLE_ERROR_NO_DEVICE_ENTITY\000"
 1585      455F4552 
 1585      524F525F 
 1585      4E4F5F44 
 1585      45564943 
 1586              	.LASF24:
 1587 03e9 4359424C 		.ascii	"CYBLE_EVT_GAP_AUTH_REQ\000"
 1587      455F4556 
 1587      545F4741 
 1587      505F4155 
 1587      54485F52 
 1588              	.LASF56:
 1589 0400 4359424C 		.ascii	"CYBLE_EVT_GATTC_READ_RSP\000"
 1589      455F4556 
 1589      545F4741 
 1589      5454435F 
 1589      52454144 
 1590              	.LASF120:
 1591 0419 4359424C 		.ascii	"CYBLE_ERROR_INVALID_STATE\000"
 1591      455F4552 
 1591      524F525F 
 1591      494E5641 
 1591      4C49445F 
 1592              	.LASF61:
 1593 0433 4359424C 		.ascii	"CYBLE_EVT_GATTS_WRITE_CMD_REQ\000"
 1593      455F4556 
 1593      545F4741 
 1593      5454535F 
 1593      57524954 
 1594              	.LASF171:
 1595 0451 72657175 		.ascii	"request_characteristic_value\000"
 1595      6573745F 
 1595      63686172 
 1595      61637465 
ARM GAS  C:\Users\Kozak\AppData\Local\Temp\ccg0CDh3.s 			page 33


 1595      72697374 
 1596              	.LASF29:
 1597 046e 4359424C 		.ascii	"CYBLE_EVT_GAPP_ADVERTISEMENT_START_STOP\000"
 1597      455F4556 
 1597      545F4741 
 1597      50505F41 
 1597      44564552 
 1598              	.LASF106:
 1599 0496 4359424C 		.ascii	"CYBLE_ERROR_L2CAP_PSM_NOT_IN_RANGE\000"
 1599      455F4552 
 1599      524F525F 
 1599      4C324341 
 1599      505F5053 
 1600              	.LASF9:
 1601 04b9 75696E74 		.ascii	"uint8\000"
 1601      3800
 1602              	.LASF160:
 1603 04bf 72656164 		.ascii	"readByTypeReqParam\000"
 1603      42795479 
 1603      70655265 
 1603      71506172 
 1603      616D00
 1604              	.LASF64:
 1605 04d2 4359424C 		.ascii	"CYBLE_EVT_GATTC_EXEC_WRITE_RSP\000"
 1605      455F4556 
 1605      545F4741 
 1605      5454435F 
 1605      45584543 
 1606              	.LASF12:
 1607 04f1 646F7562 		.ascii	"double\000"
 1607      6C6500
 1608              	.LASF77:
 1609 04f8 4359424C 		.ascii	"CYBLE_EVT_L2CAP_CBFC_DISCONN_IND\000"
 1609      455F4556 
 1609      545F4C32 
 1609      4341505F 
 1609      43424643 
 1610              	.LASF150:
 1611 0519 4359424C 		.ascii	"CYBLE_SRVI_CUSTOMS_END\000"
 1611      455F5352 
 1611      56495F43 
 1611      5553544F 
 1611      4D535F45 
 1612              	.LASF89:
 1613 0530 4359424C 		.ascii	"CYBLE_ERROR_INVALID_PARAMETER\000"
 1613      455F4552 
 1613      524F525F 
 1613      494E5641 
 1613      4C49445F 
 1614              	.LASF87:
 1615 054e 4359424C 		.ascii	"CYBLE_EVT_MAX\000"
 1615      455F4556 
 1615      545F4D41 
 1615      5800
 1616              	.LASF88:
 1617 055c 4359424C 		.ascii	"CYBLE_ERROR_OK\000"
 1617      455F4552 
ARM GAS  C:\Users\Kozak\AppData\Local\Temp\ccg0CDh3.s 			page 34


 1617      524F525F 
 1617      4F4B00
 1618              	.LASF47:
 1619 056b 4359424C 		.ascii	"CYBLE_EVT_GATTC_ERROR_RSP\000"
 1619      455F4556 
 1619      545F4741 
 1619      5454435F 
 1619      4552524F 
 1620              	.LASF145:
 1621 0585 61747472 		.ascii	"attrData\000"
 1621      44617461 
 1621      00
 1622              	.LASF10:
 1623 058e 75696E74 		.ascii	"uint16\000"
 1623      313600
 1624              	.LASF82:
 1625 0595 4359424C 		.ascii	"CYBLE_EVT_L2CAP_CBFC_DATA_WRITE_IND\000"
 1625      455F4556 
 1625      545F4C32 
 1625      4341505F 
 1625      43424643 
 1626              	.LASF44:
 1627 05b9 4359424C 		.ascii	"CYBLE_EVT_GAP_SCAN_REQ_RECVD\000"
 1627      455F4556 
 1627      545F4741 
 1627      505F5343 
 1627      414E5F52 
 1628              	.LASF7:
 1629 05d6 6C6F6E67 		.ascii	"long long unsigned int\000"
 1629      206C6F6E 
 1629      6720756E 
 1629      7369676E 
 1629      65642069 
 1630              	.LASF129:
 1631 05ed 76616C75 		.ascii	"value\000"
 1631      6500
 1632              	.LASF69:
 1633 05f3 4359424C 		.ascii	"CYBLE_EVT_GATTC_STOP_CMD_COMPLETE\000"
 1633      455F4556 
 1633      545F4741 
 1633      5454435F 
 1633      53544F50 
 1634              	.LASF93:
 1635 0615 4359424C 		.ascii	"CYBLE_ERROR_OOB_NOT_AVAILABLE\000"
 1635      455F4552 
 1635      524F525F 
 1635      4F4F425F 
 1635      4E4F545F 
 1636              	.LASF84:
 1637 0633 4359424C 		.ascii	"CYBLE_EVT_LE_PING_AUTH_TIMEOUT\000"
 1637      455F4556 
 1637      545F4C45 
 1637      5F50494E 
 1637      475F4155 
 1638              	.LASF159:
 1639 0652 706F7369 		.ascii	"position\000"
 1639      74696F6E 
ARM GAS  C:\Users\Kozak\AppData\Local\Temp\ccg0CDh3.s 			page 35


 1639      00
 1640              	.LASF102:
 1641 065b 4359424C 		.ascii	"CYBLE_ERROR_L2CAP_PSM_ALREADY_REGISTERED\000"
 1641      455F4552 
 1641      524F525F 
 1641      4C324341 
 1641      505F5053 
 1642              	.LASF5:
 1643 0684 6C6F6E67 		.ascii	"long unsigned int\000"
 1643      20756E73 
 1643      69676E65 
 1643      6420696E 
 1643      7400
 1644              	.LASF43:
 1645 0696 4359424C 		.ascii	"CYBLE_EVT_GAP_CONN_ESTB\000"
 1645      455F4556 
 1645      545F4741 
 1645      505F434F 
 1645      4E4E5F45 
 1646              	.LASF59:
 1647 06ae 4359424C 		.ascii	"CYBLE_EVT_GATTS_WRITE_REQ\000"
 1647      455F4556 
 1647      545F4741 
 1647      5454535F 
 1647      57524954 
 1648              	.LASF51:
 1649 06c8 4359424C 		.ascii	"CYBLE_EVT_GATTC_XCHNG_MTU_RSP\000"
 1649      455F4556 
 1649      545F4741 
 1649      5454435F 
 1649      5843484E 
 1650              	.LASF68:
 1651 06e6 4359424C 		.ascii	"CYBLE_EVT_GATTS_DATA_SIGNED_CMD_REQ\000"
 1651      455F4556 
 1651      545F4741 
 1651      5454535F 
 1651      44415441 
 1652              	.LASF71:
 1653 070a 4359424C 		.ascii	"CYBLE_EVT_GATTC_LONG_PROCEDURE_END\000"
 1653      455F4556 
 1653      545F4741 
 1653      5454435F 
 1653      4C4F4E47 
 1654              	.LASF105:
 1655 072d 4359424C 		.ascii	"CYBLE_ERROR_L2CAP_CHANNEL_NOT_FOUND\000"
 1655      455F4552 
 1655      524F525F 
 1655      4C324341 
 1655      505F4348 
 1656              	.LASF117:
 1657 0751 4359424C 		.ascii	"CYBLE_ERROR_NTF_DISABLED\000"
 1657      455F4552 
 1657      524F525F 
 1657      4E54465F 
 1657      44495341 
 1658              	.LASF16:
 1659 076a 4359424C 		.ascii	"CYBLE_EVT_HOST_INVALID\000"
ARM GAS  C:\Users\Kozak\AppData\Local\Temp\ccg0CDh3.s 			page 36


 1659      455F4556 
 1659      545F484F 
 1659      53545F49 
 1659      4E56414C 
 1660              	.LASF54:
 1661 0781 4359424C 		.ascii	"CYBLE_EVT_GATTC_FIND_INFO_RSP\000"
 1661      455F4556 
 1661      545F4741 
 1661      5454435F 
 1661      46494E44 
 1662              	.LASF22:
 1663 079f 4359424C 		.ascii	"CYBLE_EVT_MEMORY_REQUEST\000"
 1663      455F4556 
 1663      545F4D45 
 1663      4D4F5259 
 1663      5F524551 
 1664              	.LASF155:
 1665 07b8 63686172 		.ascii	"characteristicUUID\000"
 1665      61637465 
 1665      72697374 
 1665      69635555 
 1665      494400
 1666              	.LASF158:
 1667 07cb 6765745F 		.ascii	"get_current_uuid\000"
 1667      63757272 
 1667      656E745F 
 1667      75756964 
 1667      00
 1668              	.LASF25:
 1669 07dc 4359424C 		.ascii	"CYBLE_EVT_GAP_PASSKEY_ENTRY_REQUEST\000"
 1669      455F4556 
 1669      545F4741 
 1669      505F5041 
 1669      53534B45 
 1670              	.LASF30:
 1671 0800 4359424C 		.ascii	"CYBLE_EVT_GAP_DEVICE_CONNECTED\000"
 1671      455F4556 
 1671      545F4741 
 1671      505F4445 
 1671      56494345 
 1672              	.LASF153:
 1673 081f 6765745F 		.ascii	"get_characteristic_name\000"
 1673      63686172 
 1673      61637465 
 1673      72697374 
 1673      69635F6E 
 1674              	.LASF45:
 1675 0837 4359424C 		.ascii	"CYBLE_EVT_GAP_AUTH_REQ_REPLY_ERR\000"
 1675      455F4556 
 1675      545F4741 
 1675      505F4155 
 1675      54485F52 
 1676              	.LASF72:
 1677 0858 4359424C 		.ascii	"CYBLE_EVT_L2CAP_CONN_PARAM_UPDATE_REQ\000"
 1677      455F4556 
 1677      545F4C32 
 1677      4341505F 
ARM GAS  C:\Users\Kozak\AppData\Local\Temp\ccg0CDh3.s 			page 37


 1677      434F4E4E 
 1678              	.LASF26:
 1679 087e 4359424C 		.ascii	"CYBLE_EVT_GAP_PASSKEY_DISPLAY_REQUEST\000"
 1679      455F4556 
 1679      545F4741 
 1679      505F5041 
 1679      53534B45 
 1680              	.LASF162:
 1681 08a4 72656164 		.ascii	"readResponse\000"
 1681      52657370 
 1681      6F6E7365 
 1681      00
 1682              	.LASF48:
 1683 08b1 4359424C 		.ascii	"CYBLE_EVT_GATT_CONNECT_IND\000"
 1683      455F4556 
 1683      545F4741 
 1683      54545F43 
 1683      4F4E4E45 
 1684              	.LASF170:
 1685 08cc 433A5C4D 		.ascii	"C:\\My\\Bipboy\\bipboy\\BipBoyWorkspace\\SmartBoy.c"
 1685      795C4269 
 1685      70626F79 
 1685      5C626970 
 1685      626F795C 
 1686 08fa 7964736E 		.ascii	"ydsn\000"
 1686      00
 1687              	.LASF74:
 1688 08ff 4359424C 		.ascii	"CYBLE_EVT_L2CAP_COMMAND_REJ\000"
 1688      455F4556 
 1688      545F4C32 
 1688      4341505F 
 1688      434F4D4D 
 1689              	.LASF23:
 1690 091b 4359424C 		.ascii	"CYBLE_EVT_GAPC_SCAN_PROGRESS_RESULT\000"
 1690      455F4556 
 1690      545F4741 
 1690      50435F53 
 1690      43414E5F 
 1691              	.LASF131:
 1692 093f 61747449 		.ascii	"attId\000"
 1692      6400
 1693              	.LASF169:
 1694 0945 676F616C 		.ascii	"goal_devices.c\000"
 1694      5F646576 
 1694      69636573 
 1694      2E6300
 1695              	.LASF46:
 1696 0954 4359424C 		.ascii	"CYBLE_EVT_GAP_SMP_LOC_P256_KEYS_GEN_AND_SET_COMPLET"
 1696      455F4556 
 1696      545F4741 
 1696      505F534D 
 1696      505F4C4F 
 1697 0987 4500     		.ascii	"E\000"
 1698              	.LASF116:
 1699 0989 4359424C 		.ascii	"CYBLE_ERROR_MAX\000"
 1699      455F4552 
 1699      524F525F 
ARM GAS  C:\Users\Kozak\AppData\Local\Temp\ccg0CDh3.s 			page 38


 1699      4D415800 
 1700              	.LASF113:
 1701 0999 4359424C 		.ascii	"CYBLE_ERROR_FLASH_WRITE\000"
 1701      455F4552 
 1701      524F525F 
 1701      464C4153 
 1701      485F5752 
 1702              	.LASF53:
 1703 09b1 4359424C 		.ascii	"CYBLE_EVT_GATTC_READ_BY_TYPE_RSP\000"
 1703      455F4556 
 1703      545F4741 
 1703      5454435F 
 1703      52454144 
 1704              	.LASF15:
 1705 09d2 73697A65 		.ascii	"sizetype\000"
 1705      74797065 
 1705      00
 1706              	.LASF28:
 1707 09db 4359424C 		.ascii	"CYBLE_EVT_GAP_AUTH_FAILED\000"
 1707      455F4556 
 1707      545F4741 
 1707      505F4155 
 1707      54485F46 
 1708              	.LASF138:
 1709 09f5 75756964 		.ascii	"uuidFormat\000"
 1709      466F726D 
 1709      617400
 1710              	.LASF60:
 1711 0a00 4359424C 		.ascii	"CYBLE_EVT_GATTC_WRITE_RSP\000"
 1711      455F4556 
 1711      545F4741 
 1711      5454435F 
 1711      57524954 
 1712              	.LASF41:
 1713 0a1a 4359424C 		.ascii	"CYBLE_EVT_GAPC_DIRECT_ADV_REPORT\000"
 1713      455F4556 
 1713      545F4741 
 1713      50435F44 
 1713      49524543 
 1714              	.LASF39:
 1715 0a3b 4359424C 		.ascii	"CYBLE_EVT_GAP_DATA_LENGTH_CHANGE\000"
 1715      455F4556 
 1715      545F4741 
 1715      505F4441 
 1715      54415F4C 
 1716              	.LASF167:
 1717 0a5c 4379426C 		.ascii	"CyBle_ProcessEvents\000"
 1717      655F5072 
 1717      6F636573 
 1717      73457665 
 1717      6E747300 
 1718              	.LASF27:
 1719 0a70 4359424C 		.ascii	"CYBLE_EVT_GAP_AUTH_COMPLETE\000"
 1719      455F4556 
 1719      545F4741 
 1719      505F4155 
 1719      54485F43 
ARM GAS  C:\Users\Kozak\AppData\Local\Temp\ccg0CDh3.s 			page 39


 1720              	.LASF161:
 1721 0a8c 61706952 		.ascii	"apiResult\000"
 1721      6573756C 
 1721      7400
 1722              	.LASF139:
 1723 0a96 4359424C 		.ascii	"CYBLE_GATTC_READ_BY_TYPE_REQ_T\000"
 1723      455F4741 
 1723      5454435F 
 1723      52454144 
 1723      5F42595F 
 1724              	.LASF122:
 1725 0ab5 4359424C 		.ascii	"CYBLE_API_RESULT_T\000"
 1725      455F4150 
 1725      495F5245 
 1725      53554C54 
 1725      5F5400
 1726              	.LASF65:
 1727 0ac8 4359424C 		.ascii	"CYBLE_EVT_GATTC_HANDLE_VALUE_NTF\000"
 1727      455F4556 
 1727      545F4741 
 1727      5454435F 
 1727      48414E44 
 1728              	.LASF118:
 1729 0ae9 4359424C 		.ascii	"CYBLE_ERROR_IND_DISABLED\000"
 1729      455F4552 
 1729      524F525F 
 1729      494E445F 
 1729      44495341 
 1730              	.LASF76:
 1731 0b02 4359424C 		.ascii	"CYBLE_EVT_L2CAP_CBFC_CONN_CNF\000"
 1731      455F4556 
 1731      545F4C32 
 1731      4341505F 
 1731      43424643 
 1732              	.LASF52:
 1733 0b20 4359424C 		.ascii	"CYBLE_EVT_GATTC_READ_BY_GROUP_TYPE_RSP\000"
 1733      455F4556 
 1733      545F4741 
 1733      5454435F 
 1733      52454144 
 1734              	.LASF136:
 1735 0b47 72616E67 		.ascii	"range\000"
 1735      6500
 1736              	.LASF11:
 1737 0b4d 666C6F61 		.ascii	"float\000"
 1737      7400
 1738              	.LASF165:
 1739 0b53 676F616C 		.ascii	"goal_kitchen_uuids\000"
 1739      5F6B6974 
 1739      6368656E 
 1739      5F757569 
 1739      647300
 1740              	.LASF67:
 1741 0b66 4359424C 		.ascii	"CYBLE_EVT_GATTS_HANDLE_VALUE_CNF\000"
 1741      455F4556 
 1741      545F4741 
 1741      5454535F 
ARM GAS  C:\Users\Kozak\AppData\Local\Temp\ccg0CDh3.s 			page 40


 1741      48414E44 
 1742              	.LASF98:
 1743 0b87 4359424C 		.ascii	"CYBLE_ERROR_TX_POWER_READ\000"
 1743      455F4552 
 1743      524F525F 
 1743      54585F50 
 1743      4F574552 
 1744              	.LASF119:
 1745 0ba1 4359424C 		.ascii	"CYBLE_ERROR_CHAR_IS_NOT_DISCOVERED\000"
 1745      455F4552 
 1745      524F525F 
 1745      43484152 
 1745      5F49535F 
 1746              	.LASF164:
 1747 0bc4 5F426F6F 		.ascii	"_Bool\000"
 1747      6C00
 1748              	.LASF1:
 1749 0bca 756E7369 		.ascii	"unsigned char\000"
 1749      676E6564 
 1749      20636861 
 1749      7200
 1750              	.LASF152:
 1751 0bd8 6765745F 		.ascii	"get_uuids_amount_of_device\000"
 1751      75756964 
 1751      735F616D 
 1751      6F756E74 
 1751      5F6F665F 
 1752              	.LASF37:
 1753 0bf3 4359424C 		.ascii	"CYBLE_EVT_GAP_KEYPRESS_NOTIFICATION\000"
 1753      455F4556 
 1753      545F4741 
 1753      505F4B45 
 1753      59505245 
 1754              	.LASF146:
 1755 0c17 4359424C 		.ascii	"CYBLE_GATTC_READ_BY_GRP_RSP_PARAM_T\000"
 1755      455F4741 
 1755      5454435F 
 1755      52454144 
 1755      5F42595F 
 1756              	.LASF2:
 1757 0c3b 73686F72 		.ascii	"short int\000"
 1757      7420696E 
 1757      7400
 1758              	.LASF66:
 1759 0c45 4359424C 		.ascii	"CYBLE_EVT_GATTC_HANDLE_VALUE_IND\000"
 1759      455F4556 
 1759      545F4741 
 1759      5454435F 
 1759      48414E44 
 1760              	.LASF85:
 1761 0c66 4359424C 		.ascii	"CYBLE_EVT_HCI_PKT\000"
 1761      455F4556 
 1761      545F4843 
 1761      495F504B 
 1761      5400
 1762              	.LASF94:
 1763 0c78 4359424C 		.ascii	"CYBLE_ERROR_NO_CONNECTION\000"
ARM GAS  C:\Users\Kozak\AppData\Local\Temp\ccg0CDh3.s 			page 41


 1763      455F4552 
 1763      524F525F 
 1763      4E4F5F43 
 1763      4F4E4E45 
 1764              	.LASF62:
 1765 0c92 4359424C 		.ascii	"CYBLE_EVT_GATTS_PREP_WRITE_REQ\000"
 1765      455F4556 
 1765      545F4741 
 1765      5454535F 
 1765      50524550 
 1766              	.LASF111:
 1767 0cb1 4359424C 		.ascii	"CYBLE_ERROR_HARDWARE_FAILURE\000"
 1767      455F4552 
 1767      524F525F 
 1767      48415244 
 1767      57415245 
 1768              	.LASF114:
 1769 0cce 4359424C 		.ascii	"CYBLE_ERROR_LL_SAME_TRANSACTION_COLLISION\000"
 1769      455F4552 
 1769      524F525F 
 1769      4C4C5F53 
 1769      414D455F 
 1770              	.LASF140:
 1771 0cf8 61747472 		.ascii	"attrValue\000"
 1771      56616C75 
 1771      6500
 1772              	.LASF124:
 1773 0d02 4359424C 		.ascii	"CYBLE_UUID128_T\000"
 1773      455F5555 
 1773      49443132 
 1773      385F5400 
 1774              	.LASF96:
 1775 0d12 4359424C 		.ascii	"CYBLE_ERROR_REPEATED_ATTEMPTS\000"
 1775      455F4552 
 1775      524F525F 
 1775      52455045 
 1775      41544544 
 1776              	.LASF123:
 1777 0d30 4359424C 		.ascii	"CYBLE_UUID16\000"
 1777      455F5555 
 1777      49443136 
 1777      00
 1778              	.LASF42:
 1779 0d3d 4359424C 		.ascii	"CYBLE_EVT_GAP_SMP_NEGOTIATED_AUTH_INFO\000"
 1779      455F4556 
 1779      545F4741 
 1779      505F534D 
 1779      505F4E45 
 1780              	.LASF151:
 1781 0d64 4359424C 		.ascii	"CYBLE_SRVI_COUNT\000"
 1781      455F5352 
 1781      56495F43 
 1781      4F554E54 
 1781      00
 1782              	.LASF147:
 1783 0d75 4359424C 		.ascii	"CYBLE_SRVI_GAP\000"
 1783      455F5352 
ARM GAS  C:\Users\Kozak\AppData\Local\Temp\ccg0CDh3.s 			page 42


 1783      56495F47 
 1783      415000
 1784              	.LASF121:
 1785 0d84 4359424C 		.ascii	"CYBLE_ERROR_STACK_BUSY\000"
 1785      455F4552 
 1785      524F525F 
 1785      53544143 
 1785      4B5F4255 
 1786              	.LASF14:
 1787 0d9b 6C6F6E67 		.ascii	"long double\000"
 1787      20646F75 
 1787      626C6500 
 1788              	.LASF13:
 1789 0da7 63686172 		.ascii	"char\000"
 1789      00
 1790              	.LASF137:
 1791 0dac 75756964 		.ascii	"uuid\000"
 1791      00
 1792              	.LASF99:
 1793 0db1 4359424C 		.ascii	"CYBLE_ERROR_BT_ON_NOT_COMPLETED\000"
 1793      455F4552 
 1793      524F525F 
 1793      42545F4F 
 1793      4E5F4E4F 
 1794              	.LASF149:
 1795 0dd1 4359424C 		.ascii	"CYBLE_SRVI_CUSTOMS\000"
 1795      455F5352 
 1795      56495F43 
 1795      5553544F 
 1795      4D5300
 1796              	.LASF31:
 1797 0de4 4359424C 		.ascii	"CYBLE_EVT_GAP_DEVICE_DISCONNECTED\000"
 1797      455F4556 
 1797      545F4741 
 1797      505F4445 
 1797      56494345 
 1798              	.LASF8:
 1799 0e06 756E7369 		.ascii	"unsigned int\000"
 1799      676E6564 
 1799      20696E74 
 1799      00
 1800              	.LASF133:
 1801 0e13 73746172 		.ascii	"startHandle\000"
 1801      7448616E 
 1801      646C6500 
 1802              	.LASF148:
 1803 0e1f 4359424C 		.ascii	"CYBLE_SRVI_GATT\000"
 1803      455F5352 
 1803      56495F47 
 1803      41545400 
 1804              	.LASF154:
 1805 0e2f 636F6E6E 		.ascii	"connectedDeviceID\000"
 1805      65637465 
 1805      64446576 
 1805      69636549 
 1805      4400
 1806              	.LASF81:
ARM GAS  C:\Users\Kozak\AppData\Local\Temp\ccg0CDh3.s 			page 43


 1807 0e41 4359424C 		.ascii	"CYBLE_EVT_L2CAP_CBFC_TX_CREDIT_IND\000"
 1807      455F4556 
 1807      545F4C32 
 1807      4341505F 
 1807      43424643 
 1808              	.LASF109:
 1809 0e64 4359424C 		.ascii	"CYBLE_ERROR_FLASH_WRITE_NOT_PERMITED\000"
 1809      455F4552 
 1809      524F525F 
 1809      464C4153 
 1809      485F5752 
 1810              	.LASF104:
 1811 0e89 4359424C 		.ascii	"CYBLE_ERROR_L2CAP_CONNECTION_ENTITY_NOT_FOUND\000"
 1811      455F4552 
 1811      524F525F 
 1811      4C324341 
 1811      505F434F 
 1812              	.LASF157:
 1813 0eb7 63686172 		.ascii	"characteristicName\000"
 1813      61637465 
 1813      72697374 
 1813      69634E61 
 1813      6D6500
 1814              	.LASF156:
 1815 0eca 75756964 		.ascii	"uuids\000"
 1815      7300
 1816              	.LASF19:
 1817 0ed0 4359424C 		.ascii	"CYBLE_EVT_HARDWARE_ERROR\000"
 1817      455F4556 
 1817      545F4841 
 1817      52445741 
 1817      52455F45 
 1818              	.LASF3:
 1819 0ee9 73686F72 		.ascii	"short unsigned int\000"
 1819      7420756E 
 1819      7369676E 
 1819      65642069 
 1819      6E7400
 1820              	.LASF134:
 1821 0efc 656E6448 		.ascii	"endHandle\000"
 1821      616E646C 
 1821      6500
 1822              	.LASF135:
 1823 0f06 4359424C 		.ascii	"CYBLE_GATT_ATTR_HANDLE_RANGE_T\000"
 1823      455F4741 
 1823      54545F41 
 1823      5454525F 
 1823      48414E44 
 1824              	.LASF141:
 1825 0f25 6C656E67 		.ascii	"length\000"
 1825      746800
 1826              	.LASF127:
 1827 0f2c 4359424C 		.ascii	"CYBLE_UUID_T\000"
 1827      455F5555 
 1827      49445F54 
 1827      00
 1828              	.LASF90:
ARM GAS  C:\Users\Kozak\AppData\Local\Temp\ccg0CDh3.s 			page 44


 1829 0f39 4359424C 		.ascii	"CYBLE_ERROR_INVALID_OPERATION\000"
 1829      455F4552 
 1829      524F525F 
 1829      494E5641 
 1829      4C49445F 
 1830              	.LASF50:
 1831 0f57 4359424C 		.ascii	"CYBLE_EVT_GATTS_XCNHG_MTU_REQ\000"
 1831      455F4556 
 1831      545F4741 
 1831      5454535F 
 1831      58434E48 
 1832              	.LASF163:
 1833 0f75 69734461 		.ascii	"isDataRead\000"
 1833      74615265 
 1833      616400
 1834              	.LASF143:
 1835 0f80 4359424C 		.ascii	"CYBLE_GATTC_GRP_ATTR_DATA_LIST_T\000"
 1835      455F4741 
 1835      5454435F 
 1835      4752505F 
 1835      41545452 
 1836              	.LASF57:
 1837 0fa1 4359424C 		.ascii	"CYBLE_EVT_GATTC_READ_BLOB_RSP\000"
 1837      455F4556 
 1837      545F4741 
 1837      5454435F 
 1837      52454144 
 1838              	.LASF115:
 1839 0fbf 4359424C 		.ascii	"CYBLE_ERROR_CONTROLLER_BUSY\000"
 1839      455F4552 
 1839      524F525F 
 1839      434F4E54 
 1839      524F4C4C 
 1840              	.LASF110:
 1841 0fdb 4359424C 		.ascii	"CYBLE_ERROR_MIC_AUTH_FAILED\000"
 1841      455F4552 
 1841      524F525F 
 1841      4D49435F 
 1841      41555448 
 1842              	.LASF103:
 1843 0ff7 4359424C 		.ascii	"CYBLE_ERROR_L2CAP_PSM_NOT_REGISTERED\000"
 1843      455F4552 
 1843      524F525F 
 1843      4C324341 
 1843      505F5053 
 1844              	.LASF55:
 1845 101c 4359424C 		.ascii	"CYBLE_EVT_GATTC_FIND_BY_TYPE_VALUE_RSP\000"
 1845      455F4556 
 1845      545F4741 
 1845      5454435F 
 1845      46494E44 
 1846              	.LASF97:
 1847 1043 4359424C 		.ascii	"CYBLE_ERROR_GAP_ROLE\000"
 1847      455F4552 
 1847      524F525F 
 1847      4741505F 
 1847      524F4C45 
ARM GAS  C:\Users\Kozak\AppData\Local\Temp\ccg0CDh3.s 			page 45


 1848              	.LASF35:
 1849 1058 4359424C 		.ascii	"CYBLE_EVT_GAP_KEYINFO_EXCHNGE_CMPLT\000"
 1849      455F4556 
 1849      545F4741 
 1849      505F4B45 
 1849      59494E46 
 1850              	.LASF166:
 1851 107c 4379426C 		.ascii	"CyBle_GattcReadUsingCharacteristicUuid\000"
 1851      655F4761 
 1851      74746352 
 1851      65616455 
 1851      73696E67 
 1852              	.LASF130:
 1853 10a3 62644861 		.ascii	"bdHandle\000"
 1853      6E646C65 
 1853      00
 1854              	.LASF73:
 1855 10ac 4359424C 		.ascii	"CYBLE_EVT_L2CAP_CONN_PARAM_UPDATE_RSP\000"
 1855      455F4556 
 1855      545F4C32 
 1855      4341505F 
 1855      434F4E4E 
 1856              	.LASF40:
 1857 10d2 4359424C 		.ascii	"CYBLE_EVT_GAP_ENHANCE_CONN_COMPLETE\000"
 1857      455F4556 
 1857      545F4741 
 1857      505F454E 
 1857      48414E43 
 1858              	.LASF128:
 1859 10f6 4359424C 		.ascii	"CYBLE_GATT_DB_ATTR_HANDLE_T\000"
 1859      455F4741 
 1859      54545F44 
 1859      425F4154 
 1859      54525F48 
 1860              	.LASF49:
 1861 1112 4359424C 		.ascii	"CYBLE_EVT_GATT_DISCONNECT_IND\000"
 1861      455F4556 
 1861      545F4741 
 1861      54545F44 
 1861      4953434F 
 1862              	.LASF107:
 1863 1130 4359424C 		.ascii	"CYBLE_ERROR_GATT_DB_INVALID_ATTR_HANDLE\000"
 1863      455F4552 
 1863      524F525F 
 1863      47415454 
 1863      5F44425F 
 1864              	.LASF86:
 1865 1158 4359424C 		.ascii	"CYBLE_EVT_FLASH_CORRUPT\000"
 1865      455F4556 
 1865      545F464C 
 1865      4153485F 
 1865      434F5252 
 1866              	.LASF125:
 1867 1170 75756964 		.ascii	"uuid16\000"
 1867      313600
 1868              		.ident	"GCC: (GNU Tools for ARM Embedded Processors) 5.4.1 20160609 (release) [ARM/embedded-5-bran
