ARM GAS  C:\Users\Roi\AppData\Local\Temp\ccwA5WQ3.s 			page 1


   1              		.syntax unified
   2              		.cpu cortex-m0
   3              		.fpu softvfp
   4              		.eabi_attribute 20, 1
   5              		.eabi_attribute 21, 1
   6              		.eabi_attribute 23, 3
   7              		.eabi_attribute 24, 1
   8              		.eabi_attribute 25, 1
   9              		.eabi_attribute 26, 1
  10              		.eabi_attribute 30, 1
  11              		.eabi_attribute 34, 0
  12              		.eabi_attribute 18, 4
  13              		.thumb
  14              		.syntax unified
  15              		.file	"LCD_CustChars.c"
  16              		.text
  17              	.Ltext0:
  18              		.cfi_sections	.debug_frame
  19              		.section	.text.LCD_LoadCustomFonts,"ax",%progbits
  20              		.align	2
  21              		.global	LCD_LoadCustomFonts
  22              		.code	16
  23              		.thumb_func
  24              		.type	LCD_LoadCustomFonts, %function
  25              	LCD_LoadCustomFonts:
  26              	.LFB0:
  27              		.file 1 "Generated_Source\\PSoC4\\LCD_CustChars.c"
   1:Generated_Source\PSoC4/LCD_CustChars.c **** /*******************************************************************************
   2:Generated_Source\PSoC4/LCD_CustChars.c **** * File Name: LCD_CustChars.c
   3:Generated_Source\PSoC4/LCD_CustChars.c **** * Version 2.20
   4:Generated_Source\PSoC4/LCD_CustChars.c **** *
   5:Generated_Source\PSoC4/LCD_CustChars.c **** * Description:
   6:Generated_Source\PSoC4/LCD_CustChars.c **** *  This file provides the source code for the Character LCD custom character
   7:Generated_Source\PSoC4/LCD_CustChars.c **** *  API.
   8:Generated_Source\PSoC4/LCD_CustChars.c **** *
   9:Generated_Source\PSoC4/LCD_CustChars.c **** * Note:
  10:Generated_Source\PSoC4/LCD_CustChars.c **** *
  11:Generated_Source\PSoC4/LCD_CustChars.c **** ********************************************************************************
  12:Generated_Source\PSoC4/LCD_CustChars.c **** * Copyright 2008-2014, Cypress Semiconductor Corporation.  All rights reserved.
  13:Generated_Source\PSoC4/LCD_CustChars.c **** * You may use this file only in accordance with the license, terms, conditions,
  14:Generated_Source\PSoC4/LCD_CustChars.c **** * disclaimers, and limitations in the end user license agreement accompanying
  15:Generated_Source\PSoC4/LCD_CustChars.c **** * the software package with which this file was provided.
  16:Generated_Source\PSoC4/LCD_CustChars.c **** *******************************************************************************/
  17:Generated_Source\PSoC4/LCD_CustChars.c **** 
  18:Generated_Source\PSoC4/LCD_CustChars.c **** #include "LCD.h"
  19:Generated_Source\PSoC4/LCD_CustChars.c **** 
  20:Generated_Source\PSoC4/LCD_CustChars.c **** 
  21:Generated_Source\PSoC4/LCD_CustChars.c **** uint8 const CYCODE LCD_customFonts[] = \
  22:Generated_Source\PSoC4/LCD_CustChars.c **** {
  23:Generated_Source\PSoC4/LCD_CustChars.c ****     /* Character LCD_CUSTOM_0   */
  24:Generated_Source\PSoC4/LCD_CustChars.c ****         0x00u,    0x00u,    0x00u,    0x00u,    0x00u,    0x11u,    0x0Au,    0x04u, \
  25:Generated_Source\PSoC4/LCD_CustChars.c ****     /* Character LCD_CUSTOM_1   */
  26:Generated_Source\PSoC4/LCD_CustChars.c ****         0x0Eu,    0x1Bu,    0x11u,    0x13u,    0x17u,    0x1Fu,    0x1Fu,    0x00u, \
  27:Generated_Source\PSoC4/LCD_CustChars.c ****     /* Character LCD_CUSTOM_2   */
  28:Generated_Source\PSoC4/LCD_CustChars.c ****         0x00u,    0x00u,    0x00u,    0x00u,    0x00u,    0x00u,    0x00u,    0x00u, \
  29:Generated_Source\PSoC4/LCD_CustChars.c ****     /* Character LCD_CUSTOM_3   */
  30:Generated_Source\PSoC4/LCD_CustChars.c ****         0x00u,    0x00u,    0x00u,    0x00u,    0x00u,    0x00u,    0x00u,    0x00u, \
ARM GAS  C:\Users\Roi\AppData\Local\Temp\ccwA5WQ3.s 			page 2


  31:Generated_Source\PSoC4/LCD_CustChars.c ****     /* Character LCD_CUSTOM_4   */
  32:Generated_Source\PSoC4/LCD_CustChars.c ****         0x00u,    0x00u,    0x00u,    0x00u,    0x00u,    0x00u,    0x00u,    0x00u, \
  33:Generated_Source\PSoC4/LCD_CustChars.c ****     /* Character LCD_CUSTOM_5   */
  34:Generated_Source\PSoC4/LCD_CustChars.c ****         0x06u,    0x09u,    0x09u,    0x06u,    0x00u,    0x00u,    0x00u,    0x00u, \
  35:Generated_Source\PSoC4/LCD_CustChars.c ****     /* Character LCD_CUSTOM_6   */
  36:Generated_Source\PSoC4/LCD_CustChars.c ****         0x00u,    0x15u,    0x0Eu,    0x1Bu,    0x0Eu,    0x15u,    0x00u,    0x00u, \
  37:Generated_Source\PSoC4/LCD_CustChars.c ****     /* Character LCD_CUSTOM_7   */
  38:Generated_Source\PSoC4/LCD_CustChars.c ****         0x00u,    0x0Eu,    0x11u,    0x0Eu,    0x01u,    0x10u,    0x02u,    0x08u \
  39:Generated_Source\PSoC4/LCD_CustChars.c ****  };
  40:Generated_Source\PSoC4/LCD_CustChars.c **** 
  41:Generated_Source\PSoC4/LCD_CustChars.c **** 
  42:Generated_Source\PSoC4/LCD_CustChars.c **** /*******************************************************************************
  43:Generated_Source\PSoC4/LCD_CustChars.c **** * Function Name: LCD_LoadCustomFonts
  44:Generated_Source\PSoC4/LCD_CustChars.c **** ********************************************************************************
  45:Generated_Source\PSoC4/LCD_CustChars.c **** *
  46:Generated_Source\PSoC4/LCD_CustChars.c **** * Summary:
  47:Generated_Source\PSoC4/LCD_CustChars.c **** *  Loads 8 custom font characters into the LCD Module for use.  Cannot use
  48:Generated_Source\PSoC4/LCD_CustChars.c **** *  characters from two different font sets at once, but font sets can be
  49:Generated_Source\PSoC4/LCD_CustChars.c **** *  switched out during runtime.
  50:Generated_Source\PSoC4/LCD_CustChars.c **** *
  51:Generated_Source\PSoC4/LCD_CustChars.c **** * Parameters:
  52:Generated_Source\PSoC4/LCD_CustChars.c **** *  customData:  pointer to a constant array of 64 bytes representing 8 custom
  53:Generated_Source\PSoC4/LCD_CustChars.c **** *               font characters.
  54:Generated_Source\PSoC4/LCD_CustChars.c **** * Return:
  55:Generated_Source\PSoC4/LCD_CustChars.c **** *  None.
  56:Generated_Source\PSoC4/LCD_CustChars.c **** *
  57:Generated_Source\PSoC4/LCD_CustChars.c **** * Theory:
  58:Generated_Source\PSoC4/LCD_CustChars.c **** *  Prior to using this function user need to import the pointer to custom
  59:Generated_Source\PSoC4/LCD_CustChars.c **** *  font array to your project by writting the following in the source code file
  60:Generated_Source\PSoC4/LCD_CustChars.c **** *  where custom font will be used:
  61:Generated_Source\PSoC4/LCD_CustChars.c **** *       extern uint8 const CYCODE LCD_Char_customFonts[];
  62:Generated_Source\PSoC4/LCD_CustChars.c **** *  This function is not automatically called by the Start() routine and must be
  63:Generated_Source\PSoC4/LCD_CustChars.c **** *  called manually by the user.
  64:Generated_Source\PSoC4/LCD_CustChars.c **** *
  65:Generated_Source\PSoC4/LCD_CustChars.c **** *******************************************************************************/
  66:Generated_Source\PSoC4/LCD_CustChars.c **** void LCD_LoadCustomFonts(uint8 const customData[]) 
  67:Generated_Source\PSoC4/LCD_CustChars.c **** {
  28              		.loc 1 67 0
  29              		.cfi_startproc
  30              		@ args = 0, pretend = 0, frame = 0
  31              		@ frame_needed = 0, uses_anonymous_args = 0
  32              	.LVL0:
  33 0000 70B5     		push	{r4, r5, r6, lr}
  34              		.cfi_def_cfa_offset 16
  35              		.cfi_offset 4, -16
  36              		.cfi_offset 5, -12
  37              		.cfi_offset 6, -8
  38              		.cfi_offset 14, -4
  39 0002 0500     		movs	r5, r0
  68:Generated_Source\PSoC4/LCD_CustChars.c ****     uint8 indexU8;
  69:Generated_Source\PSoC4/LCD_CustChars.c **** 
  70:Generated_Source\PSoC4/LCD_CustChars.c ****     LCD_IsReady();
  40              		.loc 1 70 0
  41 0004 FFF7FEFF 		bl	LCD_IsReady
  42              	.LVL1:
  71:Generated_Source\PSoC4/LCD_CustChars.c **** 
  72:Generated_Source\PSoC4/LCD_CustChars.c ****     /* Set starting address in the LCD Module.
ARM GAS  C:\Users\Roi\AppData\Local\Temp\ccwA5WQ3.s 			page 3


  73:Generated_Source\PSoC4/LCD_CustChars.c ****     * Optionally: Read the current address to restore at a later time.
  74:Generated_Source\PSoC4/LCD_CustChars.c ****     */
  75:Generated_Source\PSoC4/LCD_CustChars.c ****     LCD_WriteControl(LCD_CGRAM_0);
  43              		.loc 1 75 0
  44 0008 4020     		movs	r0, #64
  45 000a FFF7FEFF 		bl	LCD_WriteControl
  46              	.LVL2:
  76:Generated_Source\PSoC4/LCD_CustChars.c **** 
  77:Generated_Source\PSoC4/LCD_CustChars.c ****     /* Load in the 64 bytes of CustomChar Data */
  78:Generated_Source\PSoC4/LCD_CustChars.c ****     for(indexU8 = 0u; indexU8 < LCD_CUSTOM_CHAR_SET_LEN; indexU8++)
  47              		.loc 1 78 0
  48 000e 0024     		movs	r4, #0
  49 0010 04E0     		b	.L2
  50              	.LVL3:
  51              	.L3:
  79:Generated_Source\PSoC4/LCD_CustChars.c ****     {
  80:Generated_Source\PSoC4/LCD_CustChars.c ****         LCD_WriteData(customData[indexU8]);
  52              		.loc 1 80 0 discriminator 3
  53 0012 285D     		ldrb	r0, [r5, r4]
  54 0014 FFF7FEFF 		bl	LCD_WriteData
  55              	.LVL4:
  78:Generated_Source\PSoC4/LCD_CustChars.c ****     {
  56              		.loc 1 78 0 discriminator 3
  57 0018 0134     		adds	r4, r4, #1
  58              	.LVL5:
  59 001a E4B2     		uxtb	r4, r4
  60              	.LVL6:
  61              	.L2:
  78:Generated_Source\PSoC4/LCD_CustChars.c ****     {
  62              		.loc 1 78 0 is_stmt 0 discriminator 1
  63 001c 3F2C     		cmp	r4, #63
  64 001e F8D9     		bls	.L3
  81:Generated_Source\PSoC4/LCD_CustChars.c ****     }
  82:Generated_Source\PSoC4/LCD_CustChars.c **** 
  83:Generated_Source\PSoC4/LCD_CustChars.c ****     LCD_IsReady();
  65              		.loc 1 83 0 is_stmt 1
  66 0020 FFF7FEFF 		bl	LCD_IsReady
  67              	.LVL7:
  84:Generated_Source\PSoC4/LCD_CustChars.c ****     LCD_WriteControl(LCD_DDRAM_0);
  68              		.loc 1 84 0
  69 0024 8020     		movs	r0, #128
  70 0026 FFF7FEFF 		bl	LCD_WriteControl
  71              	.LVL8:
  85:Generated_Source\PSoC4/LCD_CustChars.c **** }
  72              		.loc 1 85 0
  73              		@ sp needed
  74              	.LVL9:
  75              	.LVL10:
  76 002a 70BD     		pop	{r4, r5, r6, pc}
  77              		.cfi_endproc
  78              	.LFE0:
  79              		.size	LCD_LoadCustomFonts, .-LCD_LoadCustomFonts
  80              		.global	LCD_customFonts
  81              		.section	.rodata
  82              		.align	2
  83              		.type	LCD_customFonts, %object
  84              		.size	LCD_customFonts, 64
ARM GAS  C:\Users\Roi\AppData\Local\Temp\ccwA5WQ3.s 			page 4


  85              	LCD_customFonts:
  86 0000 00       		.byte	0
  87 0001 00       		.byte	0
  88 0002 00       		.byte	0
  89 0003 00       		.byte	0
  90 0004 00       		.byte	0
  91 0005 11       		.byte	17
  92 0006 0A       		.byte	10
  93 0007 04       		.byte	4
  94 0008 0E       		.byte	14
  95 0009 1B       		.byte	27
  96 000a 11       		.byte	17
  97 000b 13       		.byte	19
  98 000c 17       		.byte	23
  99 000d 1F       		.byte	31
 100 000e 1F       		.byte	31
 101 000f 00       		.byte	0
 102 0010 00       		.byte	0
 103 0011 00       		.byte	0
 104 0012 00       		.byte	0
 105 0013 00       		.byte	0
 106 0014 00       		.byte	0
 107 0015 00       		.byte	0
 108 0016 00       		.byte	0
 109 0017 00       		.byte	0
 110 0018 00       		.byte	0
 111 0019 00       		.byte	0
 112 001a 00       		.byte	0
 113 001b 00       		.byte	0
 114 001c 00       		.byte	0
 115 001d 00       		.byte	0
 116 001e 00       		.byte	0
 117 001f 00       		.byte	0
 118 0020 00       		.byte	0
 119 0021 00       		.byte	0
 120 0022 00       		.byte	0
 121 0023 00       		.byte	0
 122 0024 00       		.byte	0
 123 0025 00       		.byte	0
 124 0026 00       		.byte	0
 125 0027 00       		.byte	0
 126 0028 06       		.byte	6
 127 0029 09       		.byte	9
 128 002a 09       		.byte	9
 129 002b 06       		.byte	6
 130 002c 00       		.byte	0
 131 002d 00       		.byte	0
 132 002e 00       		.byte	0
 133 002f 00       		.byte	0
 134 0030 00       		.byte	0
 135 0031 15       		.byte	21
 136 0032 0E       		.byte	14
 137 0033 1B       		.byte	27
 138 0034 0E       		.byte	14
 139 0035 15       		.byte	21
 140 0036 00       		.byte	0
 141 0037 00       		.byte	0
ARM GAS  C:\Users\Roi\AppData\Local\Temp\ccwA5WQ3.s 			page 5


 142 0038 00       		.byte	0
 143 0039 0E       		.byte	14
 144 003a 11       		.byte	17
 145 003b 0E       		.byte	14
 146 003c 01       		.byte	1
 147 003d 10       		.byte	16
 148 003e 02       		.byte	2
 149 003f 08       		.byte	8
 150              		.text
 151              	.Letext0:
 152              		.file 2 "Generated_Source\\PSoC4\\LCD.h"
 153              		.file 3 "Generated_Source\\PSoC4\\cytypes.h"
 154              		.section	.debug_info,"",%progbits
 155              	.Ldebug_info0:
 156 0000 55010000 		.4byte	0x155
 157 0004 0400     		.2byte	0x4
 158 0006 00000000 		.4byte	.Ldebug_abbrev0
 159 000a 04       		.byte	0x4
 160 000b 01       		.uleb128 0x1
 161 000c EB000000 		.4byte	.LASF16
 162 0010 0C       		.byte	0xc
 163 0011 94000000 		.4byte	.LASF17
 164 0015 82010000 		.4byte	.LASF18
 165 0019 00000000 		.4byte	.Ldebug_ranges0+0
 166 001d 00000000 		.4byte	0
 167 0021 00000000 		.4byte	.Ldebug_line0
 168 0025 02       		.uleb128 0x2
 169 0026 01       		.byte	0x1
 170 0027 06       		.byte	0x6
 171 0028 DD010000 		.4byte	.LASF0
 172 002c 02       		.uleb128 0x2
 173 002d 01       		.byte	0x1
 174 002e 08       		.byte	0x8
 175 002f 46000000 		.4byte	.LASF1
 176 0033 02       		.uleb128 0x2
 177 0034 02       		.byte	0x2
 178 0035 05       		.byte	0x5
 179 0036 B4010000 		.4byte	.LASF2
 180 003a 02       		.uleb128 0x2
 181 003b 02       		.byte	0x2
 182 003c 07       		.byte	0x7
 183 003d 7A000000 		.4byte	.LASF3
 184 0041 02       		.uleb128 0x2
 185 0042 04       		.byte	0x4
 186 0043 05       		.byte	0x5
 187 0044 C4010000 		.4byte	.LASF4
 188 0048 02       		.uleb128 0x2
 189 0049 04       		.byte	0x4
 190 004a 07       		.byte	0x7
 191 004b 54000000 		.4byte	.LASF5
 192 004f 02       		.uleb128 0x2
 193 0050 08       		.byte	0x8
 194 0051 05       		.byte	0x5
 195 0052 00000000 		.4byte	.LASF6
 196 0056 02       		.uleb128 0x2
 197 0057 08       		.byte	0x8
 198 0058 07       		.byte	0x7
ARM GAS  C:\Users\Roi\AppData\Local\Temp\ccwA5WQ3.s 			page 6


 199 0059 D4000000 		.4byte	.LASF7
 200 005d 03       		.uleb128 0x3
 201 005e 04       		.byte	0x4
 202 005f 05       		.byte	0x5
 203 0060 696E7400 		.ascii	"int\000"
 204 0064 02       		.uleb128 0x2
 205 0065 04       		.byte	0x4
 206 0066 07       		.byte	0x7
 207 0067 C7000000 		.4byte	.LASF8
 208 006b 04       		.uleb128 0x4
 209 006c BE010000 		.4byte	.LASF19
 210 0070 03       		.byte	0x3
 211 0071 E701     		.2byte	0x1e7
 212 0073 2C000000 		.4byte	0x2c
 213 0077 02       		.uleb128 0x2
 214 0078 04       		.byte	0x4
 215 0079 04       		.byte	0x4
 216 007a 32000000 		.4byte	.LASF9
 217 007e 02       		.uleb128 0x2
 218 007f 08       		.byte	0x8
 219 0080 04       		.byte	0x4
 220 0081 8D000000 		.4byte	.LASF10
 221 0085 02       		.uleb128 0x2
 222 0086 01       		.byte	0x1
 223 0087 08       		.byte	0x8
 224 0088 AF010000 		.4byte	.LASF11
 225 008c 05       		.uleb128 0x5
 226 008d 66000000 		.4byte	.LASF20
 227 0091 01       		.byte	0x1
 228 0092 42       		.byte	0x42
 229 0093 00000000 		.4byte	.LFB0
 230 0097 2C000000 		.4byte	.LFE0-.LFB0
 231 009b 01       		.uleb128 0x1
 232 009c 9C       		.byte	0x9c
 233 009d FF000000 		.4byte	0xff
 234 00a1 06       		.uleb128 0x6
 235 00a2 27000000 		.4byte	.LASF21
 236 00a6 01       		.byte	0x1
 237 00a7 42       		.byte	0x42
 238 00a8 FF000000 		.4byte	0xff
 239 00ac 00000000 		.4byte	.LLST0
 240 00b0 07       		.uleb128 0x7
 241 00b1 1F000000 		.4byte	.LASF22
 242 00b5 01       		.byte	0x1
 243 00b6 44       		.byte	0x44
 244 00b7 6B000000 		.4byte	0x6b
 245 00bb 2C000000 		.4byte	.LLST1
 246 00bf 08       		.uleb128 0x8
 247 00c0 08000000 		.4byte	.LVL1
 248 00c4 37010000 		.4byte	0x137
 249 00c8 09       		.uleb128 0x9
 250 00c9 0E000000 		.4byte	.LVL2
 251 00cd 42010000 		.4byte	0x142
 252 00d1 DC000000 		.4byte	0xdc
 253 00d5 0A       		.uleb128 0xa
 254 00d6 01       		.uleb128 0x1
 255 00d7 50       		.byte	0x50
ARM GAS  C:\Users\Roi\AppData\Local\Temp\ccwA5WQ3.s 			page 7


 256 00d8 02       		.uleb128 0x2
 257 00d9 08       		.byte	0x8
 258 00da 40       		.byte	0x40
 259 00db 00       		.byte	0
 260 00dc 08       		.uleb128 0x8
 261 00dd 18000000 		.4byte	.LVL4
 262 00e1 4D010000 		.4byte	0x14d
 263 00e5 08       		.uleb128 0x8
 264 00e6 24000000 		.4byte	.LVL7
 265 00ea 37010000 		.4byte	0x137
 266 00ee 0B       		.uleb128 0xb
 267 00ef 2A000000 		.4byte	.LVL8
 268 00f3 42010000 		.4byte	0x142
 269 00f7 0A       		.uleb128 0xa
 270 00f8 01       		.uleb128 0x1
 271 00f9 50       		.byte	0x50
 272 00fa 02       		.uleb128 0x2
 273 00fb 09       		.byte	0x9
 274 00fc 80       		.byte	0x80
 275 00fd 00       		.byte	0
 276 00fe 00       		.byte	0
 277 00ff 0C       		.uleb128 0xc
 278 0100 04       		.byte	0x4
 279 0101 05010000 		.4byte	0x105
 280 0105 0D       		.uleb128 0xd
 281 0106 6B000000 		.4byte	0x6b
 282 010a 0E       		.uleb128 0xe
 283 010b 05010000 		.4byte	0x105
 284 010f 1A010000 		.4byte	0x11a
 285 0113 0F       		.uleb128 0xf
 286 0114 1A010000 		.4byte	0x11a
 287 0118 3F       		.byte	0x3f
 288 0119 00       		.byte	0
 289 011a 02       		.uleb128 0x2
 290 011b 04       		.byte	0x4
 291 011c 07       		.byte	0x7
 292 011d 79010000 		.4byte	.LASF12
 293 0121 10       		.uleb128 0x10
 294 0122 CD010000 		.4byte	.LASF23
 295 0126 01       		.byte	0x1
 296 0127 15       		.byte	0x15
 297 0128 32010000 		.4byte	0x132
 298 012c 05       		.uleb128 0x5
 299 012d 03       		.byte	0x3
 300 012e 00000000 		.4byte	LCD_customFonts
 301 0132 0D       		.uleb128 0xd
 302 0133 0A010000 		.4byte	0x10a
 303 0137 11       		.uleb128 0x11
 304 0138 BB000000 		.4byte	.LASF13
 305 013c BB000000 		.4byte	.LASF13
 306 0140 02       		.byte	0x2
 307 0141 3F       		.byte	0x3f
 308 0142 11       		.uleb128 0x11
 309 0143 0E000000 		.4byte	.LASF14
 310 0147 0E000000 		.4byte	.LASF14
 311 014b 02       		.byte	0x2
 312 014c 3A       		.byte	0x3a
ARM GAS  C:\Users\Roi\AppData\Local\Temp\ccwA5WQ3.s 			page 8


 313 014d 11       		.uleb128 0x11
 314 014e 38000000 		.4byte	.LASF15
 315 0152 38000000 		.4byte	.LASF15
 316 0156 02       		.byte	0x2
 317 0157 3B       		.byte	0x3b
 318 0158 00       		.byte	0
 319              		.section	.debug_abbrev,"",%progbits
 320              	.Ldebug_abbrev0:
 321 0000 01       		.uleb128 0x1
 322 0001 11       		.uleb128 0x11
 323 0002 01       		.byte	0x1
 324 0003 25       		.uleb128 0x25
 325 0004 0E       		.uleb128 0xe
 326 0005 13       		.uleb128 0x13
 327 0006 0B       		.uleb128 0xb
 328 0007 03       		.uleb128 0x3
 329 0008 0E       		.uleb128 0xe
 330 0009 1B       		.uleb128 0x1b
 331 000a 0E       		.uleb128 0xe
 332 000b 55       		.uleb128 0x55
 333 000c 17       		.uleb128 0x17
 334 000d 11       		.uleb128 0x11
 335 000e 01       		.uleb128 0x1
 336 000f 10       		.uleb128 0x10
 337 0010 17       		.uleb128 0x17
 338 0011 00       		.byte	0
 339 0012 00       		.byte	0
 340 0013 02       		.uleb128 0x2
 341 0014 24       		.uleb128 0x24
 342 0015 00       		.byte	0
 343 0016 0B       		.uleb128 0xb
 344 0017 0B       		.uleb128 0xb
 345 0018 3E       		.uleb128 0x3e
 346 0019 0B       		.uleb128 0xb
 347 001a 03       		.uleb128 0x3
 348 001b 0E       		.uleb128 0xe
 349 001c 00       		.byte	0
 350 001d 00       		.byte	0
 351 001e 03       		.uleb128 0x3
 352 001f 24       		.uleb128 0x24
 353 0020 00       		.byte	0
 354 0021 0B       		.uleb128 0xb
 355 0022 0B       		.uleb128 0xb
 356 0023 3E       		.uleb128 0x3e
 357 0024 0B       		.uleb128 0xb
 358 0025 03       		.uleb128 0x3
 359 0026 08       		.uleb128 0x8
 360 0027 00       		.byte	0
 361 0028 00       		.byte	0
 362 0029 04       		.uleb128 0x4
 363 002a 16       		.uleb128 0x16
 364 002b 00       		.byte	0
 365 002c 03       		.uleb128 0x3
 366 002d 0E       		.uleb128 0xe
 367 002e 3A       		.uleb128 0x3a
 368 002f 0B       		.uleb128 0xb
 369 0030 3B       		.uleb128 0x3b
ARM GAS  C:\Users\Roi\AppData\Local\Temp\ccwA5WQ3.s 			page 9


 370 0031 05       		.uleb128 0x5
 371 0032 49       		.uleb128 0x49
 372 0033 13       		.uleb128 0x13
 373 0034 00       		.byte	0
 374 0035 00       		.byte	0
 375 0036 05       		.uleb128 0x5
 376 0037 2E       		.uleb128 0x2e
 377 0038 01       		.byte	0x1
 378 0039 3F       		.uleb128 0x3f
 379 003a 19       		.uleb128 0x19
 380 003b 03       		.uleb128 0x3
 381 003c 0E       		.uleb128 0xe
 382 003d 3A       		.uleb128 0x3a
 383 003e 0B       		.uleb128 0xb
 384 003f 3B       		.uleb128 0x3b
 385 0040 0B       		.uleb128 0xb
 386 0041 27       		.uleb128 0x27
 387 0042 19       		.uleb128 0x19
 388 0043 11       		.uleb128 0x11
 389 0044 01       		.uleb128 0x1
 390 0045 12       		.uleb128 0x12
 391 0046 06       		.uleb128 0x6
 392 0047 40       		.uleb128 0x40
 393 0048 18       		.uleb128 0x18
 394 0049 9742     		.uleb128 0x2117
 395 004b 19       		.uleb128 0x19
 396 004c 01       		.uleb128 0x1
 397 004d 13       		.uleb128 0x13
 398 004e 00       		.byte	0
 399 004f 00       		.byte	0
 400 0050 06       		.uleb128 0x6
 401 0051 05       		.uleb128 0x5
 402 0052 00       		.byte	0
 403 0053 03       		.uleb128 0x3
 404 0054 0E       		.uleb128 0xe
 405 0055 3A       		.uleb128 0x3a
 406 0056 0B       		.uleb128 0xb
 407 0057 3B       		.uleb128 0x3b
 408 0058 0B       		.uleb128 0xb
 409 0059 49       		.uleb128 0x49
 410 005a 13       		.uleb128 0x13
 411 005b 02       		.uleb128 0x2
 412 005c 17       		.uleb128 0x17
 413 005d 00       		.byte	0
 414 005e 00       		.byte	0
 415 005f 07       		.uleb128 0x7
 416 0060 34       		.uleb128 0x34
 417 0061 00       		.byte	0
 418 0062 03       		.uleb128 0x3
 419 0063 0E       		.uleb128 0xe
 420 0064 3A       		.uleb128 0x3a
 421 0065 0B       		.uleb128 0xb
 422 0066 3B       		.uleb128 0x3b
 423 0067 0B       		.uleb128 0xb
 424 0068 49       		.uleb128 0x49
 425 0069 13       		.uleb128 0x13
 426 006a 02       		.uleb128 0x2
ARM GAS  C:\Users\Roi\AppData\Local\Temp\ccwA5WQ3.s 			page 10


 427 006b 17       		.uleb128 0x17
 428 006c 00       		.byte	0
 429 006d 00       		.byte	0
 430 006e 08       		.uleb128 0x8
 431 006f 898201   		.uleb128 0x4109
 432 0072 00       		.byte	0
 433 0073 11       		.uleb128 0x11
 434 0074 01       		.uleb128 0x1
 435 0075 31       		.uleb128 0x31
 436 0076 13       		.uleb128 0x13
 437 0077 00       		.byte	0
 438 0078 00       		.byte	0
 439 0079 09       		.uleb128 0x9
 440 007a 898201   		.uleb128 0x4109
 441 007d 01       		.byte	0x1
 442 007e 11       		.uleb128 0x11
 443 007f 01       		.uleb128 0x1
 444 0080 31       		.uleb128 0x31
 445 0081 13       		.uleb128 0x13
 446 0082 01       		.uleb128 0x1
 447 0083 13       		.uleb128 0x13
 448 0084 00       		.byte	0
 449 0085 00       		.byte	0
 450 0086 0A       		.uleb128 0xa
 451 0087 8A8201   		.uleb128 0x410a
 452 008a 00       		.byte	0
 453 008b 02       		.uleb128 0x2
 454 008c 18       		.uleb128 0x18
 455 008d 9142     		.uleb128 0x2111
 456 008f 18       		.uleb128 0x18
 457 0090 00       		.byte	0
 458 0091 00       		.byte	0
 459 0092 0B       		.uleb128 0xb
 460 0093 898201   		.uleb128 0x4109
 461 0096 01       		.byte	0x1
 462 0097 11       		.uleb128 0x11
 463 0098 01       		.uleb128 0x1
 464 0099 31       		.uleb128 0x31
 465 009a 13       		.uleb128 0x13
 466 009b 00       		.byte	0
 467 009c 00       		.byte	0
 468 009d 0C       		.uleb128 0xc
 469 009e 0F       		.uleb128 0xf
 470 009f 00       		.byte	0
 471 00a0 0B       		.uleb128 0xb
 472 00a1 0B       		.uleb128 0xb
 473 00a2 49       		.uleb128 0x49
 474 00a3 13       		.uleb128 0x13
 475 00a4 00       		.byte	0
 476 00a5 00       		.byte	0
 477 00a6 0D       		.uleb128 0xd
 478 00a7 26       		.uleb128 0x26
 479 00a8 00       		.byte	0
 480 00a9 49       		.uleb128 0x49
 481 00aa 13       		.uleb128 0x13
 482 00ab 00       		.byte	0
 483 00ac 00       		.byte	0
ARM GAS  C:\Users\Roi\AppData\Local\Temp\ccwA5WQ3.s 			page 11


 484 00ad 0E       		.uleb128 0xe
 485 00ae 01       		.uleb128 0x1
 486 00af 01       		.byte	0x1
 487 00b0 49       		.uleb128 0x49
 488 00b1 13       		.uleb128 0x13
 489 00b2 01       		.uleb128 0x1
 490 00b3 13       		.uleb128 0x13
 491 00b4 00       		.byte	0
 492 00b5 00       		.byte	0
 493 00b6 0F       		.uleb128 0xf
 494 00b7 21       		.uleb128 0x21
 495 00b8 00       		.byte	0
 496 00b9 49       		.uleb128 0x49
 497 00ba 13       		.uleb128 0x13
 498 00bb 2F       		.uleb128 0x2f
 499 00bc 0B       		.uleb128 0xb
 500 00bd 00       		.byte	0
 501 00be 00       		.byte	0
 502 00bf 10       		.uleb128 0x10
 503 00c0 34       		.uleb128 0x34
 504 00c1 00       		.byte	0
 505 00c2 03       		.uleb128 0x3
 506 00c3 0E       		.uleb128 0xe
 507 00c4 3A       		.uleb128 0x3a
 508 00c5 0B       		.uleb128 0xb
 509 00c6 3B       		.uleb128 0x3b
 510 00c7 0B       		.uleb128 0xb
 511 00c8 49       		.uleb128 0x49
 512 00c9 13       		.uleb128 0x13
 513 00ca 3F       		.uleb128 0x3f
 514 00cb 19       		.uleb128 0x19
 515 00cc 02       		.uleb128 0x2
 516 00cd 18       		.uleb128 0x18
 517 00ce 00       		.byte	0
 518 00cf 00       		.byte	0
 519 00d0 11       		.uleb128 0x11
 520 00d1 2E       		.uleb128 0x2e
 521 00d2 00       		.byte	0
 522 00d3 3F       		.uleb128 0x3f
 523 00d4 19       		.uleb128 0x19
 524 00d5 3C       		.uleb128 0x3c
 525 00d6 19       		.uleb128 0x19
 526 00d7 6E       		.uleb128 0x6e
 527 00d8 0E       		.uleb128 0xe
 528 00d9 03       		.uleb128 0x3
 529 00da 0E       		.uleb128 0xe
 530 00db 3A       		.uleb128 0x3a
 531 00dc 0B       		.uleb128 0xb
 532 00dd 3B       		.uleb128 0x3b
 533 00de 0B       		.uleb128 0xb
 534 00df 00       		.byte	0
 535 00e0 00       		.byte	0
 536 00e1 00       		.byte	0
 537              		.section	.debug_loc,"",%progbits
 538              	.Ldebug_loc0:
 539              	.LLST0:
 540 0000 00000000 		.4byte	.LVL0
ARM GAS  C:\Users\Roi\AppData\Local\Temp\ccwA5WQ3.s 			page 12


 541 0004 07000000 		.4byte	.LVL1-1
 542 0008 0100     		.2byte	0x1
 543 000a 50       		.byte	0x50
 544 000b 07000000 		.4byte	.LVL1-1
 545 000f 2A000000 		.4byte	.LVL10
 546 0013 0100     		.2byte	0x1
 547 0015 55       		.byte	0x55
 548 0016 2A000000 		.4byte	.LVL10
 549 001a 2C000000 		.4byte	.LFE0
 550 001e 0400     		.2byte	0x4
 551 0020 F3       		.byte	0xf3
 552 0021 01       		.uleb128 0x1
 553 0022 50       		.byte	0x50
 554 0023 9F       		.byte	0x9f
 555 0024 00000000 		.4byte	0
 556 0028 00000000 		.4byte	0
 557              	.LLST1:
 558 002c 0E000000 		.4byte	.LVL2
 559 0030 12000000 		.4byte	.LVL3
 560 0034 0200     		.2byte	0x2
 561 0036 30       		.byte	0x30
 562 0037 9F       		.byte	0x9f
 563 0038 12000000 		.4byte	.LVL3
 564 003c 1A000000 		.4byte	.LVL5
 565 0040 0100     		.2byte	0x1
 566 0042 54       		.byte	0x54
 567 0043 1C000000 		.4byte	.LVL6
 568 0047 2A000000 		.4byte	.LVL9
 569 004b 0100     		.2byte	0x1
 570 004d 54       		.byte	0x54
 571 004e 00000000 		.4byte	0
 572 0052 00000000 		.4byte	0
 573              		.section	.debug_aranges,"",%progbits
 574 0000 1C000000 		.4byte	0x1c
 575 0004 0200     		.2byte	0x2
 576 0006 00000000 		.4byte	.Ldebug_info0
 577 000a 04       		.byte	0x4
 578 000b 00       		.byte	0
 579 000c 0000     		.2byte	0
 580 000e 0000     		.2byte	0
 581 0010 00000000 		.4byte	.LFB0
 582 0014 2C000000 		.4byte	.LFE0-.LFB0
 583 0018 00000000 		.4byte	0
 584 001c 00000000 		.4byte	0
 585              		.section	.debug_ranges,"",%progbits
 586              	.Ldebug_ranges0:
 587 0000 00000000 		.4byte	.LFB0
 588 0004 2C000000 		.4byte	.LFE0
 589 0008 00000000 		.4byte	0
 590 000c 00000000 		.4byte	0
 591              		.section	.debug_line,"",%progbits
 592              	.Ldebug_line0:
 593 0000 80000000 		.section	.debug_str,"MS",%progbits,1
 593      02005300 
 593      00000201 
 593      FB0E0D00 
 593      01010101 
ARM GAS  C:\Users\Roi\AppData\Local\Temp\ccwA5WQ3.s 			page 13


 594              	.LASF6:
 595 0000 6C6F6E67 		.ascii	"long long int\000"
 595      206C6F6E 
 595      6720696E 
 595      7400
 596              	.LASF14:
 597 000e 4C43445F 		.ascii	"LCD_WriteControl\000"
 597      57726974 
 597      65436F6E 
 597      74726F6C 
 597      00
 598              	.LASF22:
 599 001f 696E6465 		.ascii	"indexU8\000"
 599      78553800 
 600              	.LASF21:
 601 0027 63757374 		.ascii	"customData\000"
 601      6F6D4461 
 601      746100
 602              	.LASF9:
 603 0032 666C6F61 		.ascii	"float\000"
 603      7400
 604              	.LASF15:
 605 0038 4C43445F 		.ascii	"LCD_WriteData\000"
 605      57726974 
 605      65446174 
 605      6100
 606              	.LASF1:
 607 0046 756E7369 		.ascii	"unsigned char\000"
 607      676E6564 
 607      20636861 
 607      7200
 608              	.LASF5:
 609 0054 6C6F6E67 		.ascii	"long unsigned int\000"
 609      20756E73 
 609      69676E65 
 609      6420696E 
 609      7400
 610              	.LASF20:
 611 0066 4C43445F 		.ascii	"LCD_LoadCustomFonts\000"
 611      4C6F6164 
 611      43757374 
 611      6F6D466F 
 611      6E747300 
 612              	.LASF3:
 613 007a 73686F72 		.ascii	"short unsigned int\000"
 613      7420756E 
 613      7369676E 
 613      65642069 
 613      6E7400
 614              	.LASF10:
 615 008d 646F7562 		.ascii	"double\000"
 615      6C6500
 616              	.LASF17:
 617 0094 47656E65 		.ascii	"Generated_Source\\PSoC4\\LCD_CustChars.c\000"
 617      72617465 
 617      645F536F 
 617      75726365 
ARM GAS  C:\Users\Roi\AppData\Local\Temp\ccwA5WQ3.s 			page 14


 617      5C50536F 
 618              	.LASF13:
 619 00bb 4C43445F 		.ascii	"LCD_IsReady\000"
 619      49735265 
 619      61647900 
 620              	.LASF8:
 621 00c7 756E7369 		.ascii	"unsigned int\000"
 621      676E6564 
 621      20696E74 
 621      00
 622              	.LASF7:
 623 00d4 6C6F6E67 		.ascii	"long long unsigned int\000"
 623      206C6F6E 
 623      6720756E 
 623      7369676E 
 623      65642069 
 624              	.LASF16:
 625 00eb 474E5520 		.ascii	"GNU C11 5.4.1 20160609 (release) [ARM/embedded-5-br"
 625      43313120 
 625      352E342E 
 625      31203230 
 625      31363036 
 626 011e 616E6368 		.ascii	"anch revision 237715] -mcpu=cortex-m0 -mthumb -g -O"
 626      20726576 
 626      6973696F 
 626      6E203233 
 626      37373135 
 627 0151 67202D66 		.ascii	"g -ffunction-sections -ffat-lto-objects\000"
 627      66756E63 
 627      74696F6E 
 627      2D736563 
 627      74696F6E 
 628              	.LASF12:
 629 0179 73697A65 		.ascii	"sizetype\000"
 629      74797065 
 629      00
 630              	.LASF18:
 631 0182 443A5C62 		.ascii	"D:\\bachelor_work\\program\\Goal\\SmartBoy.cydsn\000"
 631      61636865 
 631      6C6F725F 
 631      776F726B 
 631      5C70726F 
 632              	.LASF11:
 633 01af 63686172 		.ascii	"char\000"
 633      00
 634              	.LASF2:
 635 01b4 73686F72 		.ascii	"short int\000"
 635      7420696E 
 635      7400
 636              	.LASF19:
 637 01be 75696E74 		.ascii	"uint8\000"
 637      3800
 638              	.LASF4:
 639 01c4 6C6F6E67 		.ascii	"long int\000"
 639      20696E74 
 639      00
 640              	.LASF23:
ARM GAS  C:\Users\Roi\AppData\Local\Temp\ccwA5WQ3.s 			page 15


 641 01cd 4C43445F 		.ascii	"LCD_customFonts\000"
 641      63757374 
 641      6F6D466F 
 641      6E747300 
 642              	.LASF0:
 643 01dd 7369676E 		.ascii	"signed char\000"
 643      65642063 
 643      68617200 
 644              		.ident	"GCC: (GNU Tools for ARM Embedded Processors) 5.4.1 20160609 (release) [ARM/embedded-5-bran
