ARM GAS  C:\Users\Roi\AppData\Local\Temp\cc9jkSOT.s 			page 1


   1              		.syntax unified
   2              		.cpu cortex-m0
   3              		.fpu softvfp
   4              		.eabi_attribute 20, 1
   5              		.eabi_attribute 21, 1
   6              		.eabi_attribute 23, 3
   7              		.eabi_attribute 24, 1
   8              		.eabi_attribute 25, 1
   9              		.eabi_attribute 26, 1
  10              		.eabi_attribute 30, 1
  11              		.eabi_attribute 34, 0
  12              		.eabi_attribute 18, 4
  13              		.thumb
  14              		.syntax unified
  15              		.file	"lcd_smartboy.c"
  16              		.text
  17              	.Ltext0:
  18              		.cfi_sections	.debug_frame
  19              		.section	.text.lcd_init,"ax",%progbits
  20              		.align	2
  21              		.global	lcd_init
  22              		.code	16
  23              		.thumb_func
  24              		.type	lcd_init, %function
  25              	lcd_init:
  26              	.LFB37:
  27              		.file 1 "lcd_smartboy.c"
   1:lcd_smartboy.c **** #include "smartboy.h"
   2:lcd_smartboy.c **** 
   3:lcd_smartboy.c **** CY_ISR(Timer_Update_Int_Handler) {
   4:lcd_smartboy.c ****     lcd_data_screen();
   5:lcd_smartboy.c **** }
   6:lcd_smartboy.c **** 
   7:lcd_smartboy.c **** char first_data_buffer[16u];
   8:lcd_smartboy.c **** char second_data_buffer[16u];
   9:lcd_smartboy.c **** 
  10:lcd_smartboy.c **** void lcd_init(void) {
  28              		.loc 1 10 0
  29              		.cfi_startproc
  30              		@ args = 0, pretend = 0, frame = 0
  31              		@ frame_needed = 0, uses_anonymous_args = 0
  32 0000 10B5     		push	{r4, lr}
  33              		.cfi_def_cfa_offset 8
  34              		.cfi_offset 4, -8
  35              		.cfi_offset 14, -4
  11:lcd_smartboy.c ****     LCD_Start();
  36              		.loc 1 11 0
  37 0002 FFF7FEFF 		bl	LCD_Start
  38              	.LVL0:
  12:lcd_smartboy.c **** }
  39              		.loc 1 12 0
  40              		@ sp needed
  41 0006 10BD     		pop	{r4, pc}
  42              		.cfi_endproc
  43              	.LFE37:
  44              		.size	lcd_init, .-lcd_init
  45              		.section	.text.lcd_data_screen,"ax",%progbits
ARM GAS  C:\Users\Roi\AppData\Local\Temp\cc9jkSOT.s 			page 2


  46              		.align	2
  47              		.global	lcd_data_screen
  48              		.code	16
  49              		.thumb_func
  50              		.type	lcd_data_screen, %function
  51              	lcd_data_screen:
  52              	.LFB38:
  13:lcd_smartboy.c **** 
  14:lcd_smartboy.c **** void lcd_data_screen(void) {
  53              		.loc 1 14 0
  54              		.cfi_startproc
  55              		@ args = 0, pretend = 0, frame = 0
  56              		@ frame_needed = 0, uses_anonymous_args = 0
  57 0000 70B5     		push	{r4, r5, r6, lr}
  58              		.cfi_def_cfa_offset 16
  59              		.cfi_offset 4, -16
  60              		.cfi_offset 5, -12
  61              		.cfi_offset 6, -8
  62              		.cfi_offset 14, -4
  15:lcd_smartboy.c ****     LCD_ClearDisplay();
  63              		.loc 1 15 0
  64 0002 0120     		movs	r0, #1
  65 0004 FFF7FEFF 		bl	LCD_WriteControl
  66              	.LVL1:
  16:lcd_smartboy.c ****     
  17:lcd_smartboy.c ****     uint16 *adc_data_list = get_adc_list();
  67              		.loc 1 17 0
  68 0008 FFF7FEFF 		bl	get_adc_list
  69              	.LVL2:
  70 000c 0400     		movs	r4, r0
  71              	.LVL3:
  18:lcd_smartboy.c ****     sprintf(first_data_buffer, "%u", get_adc_by_channel(0));
  72              		.loc 1 18 0
  73 000e 0020     		movs	r0, #0
  74              	.LVL4:
  75 0010 FFF7FEFF 		bl	get_adc_by_channel
  76              	.LVL5:
  77 0014 0200     		movs	r2, r0
  78 0016 0F4E     		ldr	r6, .L3
  79 0018 0F49     		ldr	r1, .L3+4
  80 001a 3000     		movs	r0, r6
  81 001c FFF7FEFF 		bl	sprintf
  82              	.LVL6:
  19:lcd_smartboy.c ****     sprintf(second_data_buffer, "%u:%u", adc_data_list[0], adc_data_list[1]);
  83              		.loc 1 19 0
  84 0020 2288     		ldrh	r2, [r4]
  85 0022 6388     		ldrh	r3, [r4, #2]
  86 0024 0D4D     		ldr	r5, .L3+8
  87 0026 0E49     		ldr	r1, .L3+12
  88 0028 2800     		movs	r0, r5
  89 002a FFF7FEFF 		bl	sprintf
  90              	.LVL7:
  20:lcd_smartboy.c ****     
  21:lcd_smartboy.c ****     LCD_Position(0, 0);
  91              		.loc 1 21 0
  92 002e 0021     		movs	r1, #0
  93 0030 0020     		movs	r0, #0
ARM GAS  C:\Users\Roi\AppData\Local\Temp\cc9jkSOT.s 			page 3


  94 0032 FFF7FEFF 		bl	LCD_Position
  95              	.LVL8:
  22:lcd_smartboy.c ****     LCD_PrintString(first_data_buffer);
  96              		.loc 1 22 0
  97 0036 3000     		movs	r0, r6
  98 0038 FFF7FEFF 		bl	LCD_PrintString
  99              	.LVL9:
  23:lcd_smartboy.c ****     LCD_Position(1, 0);
 100              		.loc 1 23 0
 101 003c 0021     		movs	r1, #0
 102 003e 0120     		movs	r0, #1
 103 0040 FFF7FEFF 		bl	LCD_Position
 104              	.LVL10:
  24:lcd_smartboy.c ****     LCD_PrintString(second_data_buffer);
 105              		.loc 1 24 0
 106 0044 2800     		movs	r0, r5
 107 0046 FFF7FEFF 		bl	LCD_PrintString
 108              	.LVL11:
  25:lcd_smartboy.c ****     free(adc_data_list);
 109              		.loc 1 25 0
 110 004a 2000     		movs	r0, r4
 111 004c FFF7FEFF 		bl	free
 112              	.LVL12:
  26:lcd_smartboy.c **** }
 113              		.loc 1 26 0
 114              		@ sp needed
 115              	.LVL13:
 116 0050 70BD     		pop	{r4, r5, r6, pc}
 117              	.L4:
 118 0052 C046     		.align	2
 119              	.L3:
 120 0054 00000000 		.word	first_data_buffer
 121 0058 00000000 		.word	.LC0
 122 005c 00000000 		.word	second_data_buffer
 123 0060 04000000 		.word	.LC3
 124              		.cfi_endproc
 125              	.LFE38:
 126              		.size	lcd_data_screen, .-lcd_data_screen
 127              		.section	.text.Timer_Update_Int_Handler,"ax",%progbits
 128              		.align	2
 129              		.global	Timer_Update_Int_Handler
 130              		.code	16
 131              		.thumb_func
 132              		.type	Timer_Update_Int_Handler, %function
 133              	Timer_Update_Int_Handler:
 134              	.LFB36:
   3:lcd_smartboy.c ****     lcd_data_screen();
 135              		.loc 1 3 0
 136              		.cfi_startproc
 137              		@ args = 0, pretend = 0, frame = 0
 138              		@ frame_needed = 0, uses_anonymous_args = 0
 139 0000 10B5     		push	{r4, lr}
 140              		.cfi_def_cfa_offset 8
 141              		.cfi_offset 4, -8
 142              		.cfi_offset 14, -4
   4:lcd_smartboy.c **** }
 143              		.loc 1 4 0
ARM GAS  C:\Users\Roi\AppData\Local\Temp\cc9jkSOT.s 			page 4


 144 0002 FFF7FEFF 		bl	lcd_data_screen
 145              	.LVL14:
   5:lcd_smartboy.c **** 
 146              		.loc 1 5 0
 147              		@ sp needed
 148 0006 10BD     		pop	{r4, pc}
 149              		.cfi_endproc
 150              	.LFE36:
 151              		.size	Timer_Update_Int_Handler, .-Timer_Update_Int_Handler
 152              		.comm	second_data_buffer,16,4
 153              		.comm	first_data_buffer,16,4
 154              		.section	.rodata.str1.4,"aMS",%progbits,1
 155              		.align	2
 156              	.LC0:
 157 0000 257500   		.ascii	"%u\000"
 158 0003 00       		.space	1
 159              	.LC3:
 160 0004 25753A25 		.ascii	"%u:%u\000"
 160      7500
 161              		.text
 162              	.Letext0:
 163              		.file 2 "Generated_Source\\PSoC4/BLE_Stack.h"
 164              		.file 3 "Generated_Source\\PSoC4/BLE_eventHandler.h"
 165              		.file 4 "Generated_Source\\PSoC4/LCD.h"
 166              		.file 5 "adc_read.h"
 167              		.file 6 "c:\\program files (x86)\\cypress\\psoc creator\\4.2\\psoc creator\\import\\gnu\\arm\\5.4.
 168              		.file 7 "c:\\program files (x86)\\cypress\\psoc creator\\4.2\\psoc creator\\import\\gnu\\arm\\5.4.
 169              		.file 8 "Generated_Source\\PSoC4/cytypes.h"
 170              		.section	.debug_info,"",%progbits
 171              	.Ldebug_info0:
 172 0000 45040000 		.4byte	0x445
 173 0004 0400     		.2byte	0x4
 174 0006 00000000 		.4byte	.Ldebug_abbrev0
 175 000a 04       		.byte	0x4
 176 000b 01       		.uleb128 0x1
 177 000c 23020000 		.4byte	.LASF104
 178 0010 0C       		.byte	0xc
 179 0011 A4030000 		.4byte	.LASF105
 180 0015 F7060000 		.4byte	.LASF106
 181 0019 00000000 		.4byte	.Ldebug_ranges0+0
 182 001d 00000000 		.4byte	0
 183 0021 00000000 		.4byte	.Ldebug_line0
 184 0025 02       		.uleb128 0x2
 185 0026 01       		.byte	0x1
 186 0027 06       		.byte	0x6
 187 0028 FF050000 		.4byte	.LASF0
 188 002c 02       		.uleb128 0x2
 189 002d 01       		.byte	0x1
 190 002e 08       		.byte	0x8
 191 002f 95050000 		.4byte	.LASF1
 192 0033 02       		.uleb128 0x2
 193 0034 02       		.byte	0x2
 194 0035 05       		.byte	0x5
 195 0036 E0000000 		.4byte	.LASF2
 196 003a 02       		.uleb128 0x2
 197 003b 02       		.byte	0x2
 198 003c 07       		.byte	0x7
ARM GAS  C:\Users\Roi\AppData\Local\Temp\cc9jkSOT.s 			page 5


 199 003d 47070000 		.4byte	.LASF3
 200 0041 02       		.uleb128 0x2
 201 0042 04       		.byte	0x4
 202 0043 05       		.byte	0x5
 203 0044 3A040000 		.4byte	.LASF4
 204 0048 02       		.uleb128 0x2
 205 0049 04       		.byte	0x4
 206 004a 07       		.byte	0x7
 207 004b 90060000 		.4byte	.LASF5
 208 004f 02       		.uleb128 0x2
 209 0050 08       		.byte	0x8
 210 0051 05       		.byte	0x5
 211 0052 74010000 		.4byte	.LASF6
 212 0056 02       		.uleb128 0x2
 213 0057 08       		.byte	0x8
 214 0058 07       		.byte	0x7
 215 0059 FD030000 		.4byte	.LASF7
 216 005d 03       		.uleb128 0x3
 217 005e 04       		.byte	0x4
 218 005f 05       		.byte	0x5
 219 0060 696E7400 		.ascii	"int\000"
 220 0064 02       		.uleb128 0x2
 221 0065 04       		.byte	0x4
 222 0066 07       		.byte	0x7
 223 0067 68060000 		.4byte	.LASF8
 224 006b 04       		.uleb128 0x4
 225 006c 2A080000 		.4byte	.LASF107
 226 0070 08       		.byte	0x8
 227 0071 E801     		.2byte	0x1e8
 228 0073 3A000000 		.4byte	0x3a
 229 0077 02       		.uleb128 0x2
 230 0078 04       		.byte	0x4
 231 0079 04       		.byte	0x4
 232 007a 85030000 		.4byte	.LASF9
 233 007e 02       		.uleb128 0x2
 234 007f 08       		.byte	0x8
 235 0080 04       		.byte	0x4
 236 0081 DD080000 		.4byte	.LASF10
 237 0085 02       		.uleb128 0x2
 238 0086 01       		.byte	0x1
 239 0087 08       		.byte	0x8
 240 0088 35040000 		.4byte	.LASF11
 241 008c 02       		.uleb128 0x2
 242 008d 08       		.byte	0x8
 243 008e 04       		.byte	0x4
 244 008f 00000000 		.4byte	.LASF12
 245 0093 02       		.uleb128 0x2
 246 0094 04       		.byte	0x4
 247 0095 07       		.byte	0x7
 248 0096 35010000 		.4byte	.LASF13
 249 009a 05       		.uleb128 0x5
 250 009b 01       		.byte	0x1
 251 009c 2C000000 		.4byte	0x2c
 252 00a0 02       		.byte	0x2
 253 00a1 3501     		.2byte	0x135
 254 00a3 58020000 		.4byte	0x258
 255 00a7 06       		.uleb128 0x6
ARM GAS  C:\Users\Roi\AppData\Local\Temp\cc9jkSOT.s 			page 6


 256 00a8 1E030000 		.4byte	.LASF14
 257 00ac 00       		.byte	0
 258 00ad 06       		.uleb128 0x6
 259 00ae BD010000 		.4byte	.LASF15
 260 00b2 01       		.byte	0x1
 261 00b3 06       		.uleb128 0x6
 262 00b4 6D0A0000 		.4byte	.LASF16
 263 00b8 02       		.byte	0x2
 264 00b9 06       		.uleb128 0x6
 265 00ba 59090000 		.4byte	.LASF17
 266 00be 03       		.byte	0x3
 267 00bf 06       		.uleb128 0x6
 268 00c0 5F010000 		.4byte	.LASF18
 269 00c4 04       		.byte	0x4
 270 00c5 06       		.uleb128 0x6
 271 00c6 CB040000 		.4byte	.LASF19
 272 00ca 05       		.byte	0x5
 273 00cb 06       		.uleb128 0x6
 274 00cc 43000000 		.4byte	.LASF20
 275 00d0 06       		.byte	0x6
 276 00d1 06       		.uleb128 0x6
 277 00d2 06080000 		.4byte	.LASF21
 278 00d6 20       		.byte	0x20
 279 00d7 06       		.uleb128 0x6
 280 00d8 A2060000 		.4byte	.LASF22
 281 00dc 21       		.byte	0x21
 282 00dd 06       		.uleb128 0x6
 283 00de 0C000000 		.4byte	.LASF23
 284 00e2 22       		.byte	0x22
 285 00e3 06       		.uleb128 0x6
 286 00e4 F5040000 		.4byte	.LASF24
 287 00e8 23       		.byte	0x23
 288 00e9 06       		.uleb128 0x6
 289 00ea 4C060000 		.4byte	.LASF25
 290 00ee 24       		.byte	0x24
 291 00ef 06       		.uleb128 0x6
 292 00f0 EA000000 		.4byte	.LASF26
 293 00f4 25       		.byte	0x25
 294 00f5 06       		.uleb128 0x6
 295 00f6 31090000 		.4byte	.LASF27
 296 00fa 26       		.byte	0x26
 297 00fb 06       		.uleb128 0x6
 298 00fc 74040000 		.4byte	.LASF28
 299 0100 27       		.byte	0x27
 300 0101 06       		.uleb128 0x6
 301 0102 89000000 		.4byte	.LASF29
 302 0106 28       		.byte	0x28
 303 0107 06       		.uleb128 0x6
 304 0108 DA060000 		.4byte	.LASF30
 305 010c 29       		.byte	0x29
 306 010d 06       		.uleb128 0x6
 307 010e 72070000 		.4byte	.LASF31
 308 0112 2A       		.byte	0x2a
 309 0113 06       		.uleb128 0x6
 310 0114 7D080000 		.4byte	.LASF32
 311 0118 2B       		.byte	0x2b
 312 0119 06       		.uleb128 0x6
ARM GAS  C:\Users\Roi\AppData\Local\Temp\cc9jkSOT.s 			page 7


 313 011a BA020000 		.4byte	.LASF33
 314 011e 2C       		.byte	0x2c
 315 011f 06       		.uleb128 0x6
 316 0120 B3030000 		.4byte	.LASF34
 317 0124 2D       		.byte	0x2d
 318 0125 06       		.uleb128 0x6
 319 0126 BC000000 		.4byte	.LASF35
 320 012a 2E       		.byte	0x2e
 321 012b 06       		.uleb128 0x6
 322 012c 4B0B0000 		.4byte	.LASF36
 323 0130 2F       		.byte	0x2f
 324 0131 06       		.uleb128 0x6
 325 0132 3E010000 		.4byte	.LASF37
 326 0136 30       		.byte	0x30
 327 0137 06       		.uleb128 0x6
 328 0138 43050000 		.4byte	.LASF38
 329 013c 31       		.byte	0x31
 330 013d 06       		.uleb128 0x6
 331 013e DC030000 		.4byte	.LASF39
 332 0142 32       		.byte	0x32
 333 0143 06       		.uleb128 0x6
 334 0144 9B070000 		.4byte	.LASF40
 335 0148 33       		.byte	0x33
 336 0149 06       		.uleb128 0x6
 337 014a EE070000 		.4byte	.LASF41
 338 014e 34       		.byte	0x34
 339 014f 06       		.uleb128 0x6
 340 0150 14090000 		.4byte	.LASF42
 341 0154 35       		.byte	0x35
 342 0155 06       		.uleb128 0x6
 343 0156 14040000 		.4byte	.LASF43
 344 015a 36       		.byte	0x36
 345 015b 06       		.uleb128 0x6
 346 015c D0010000 		.4byte	.LASF44
 347 0160 37       		.byte	0x37
 348 0161 06       		.uleb128 0x6
 349 0162 6F000000 		.4byte	.LASF45
 350 0166 40       		.byte	0x40
 351 0167 06       		.uleb128 0x6
 352 0168 75060000 		.4byte	.LASF46
 353 016c 41       		.byte	0x41
 354 016d 06       		.uleb128 0x6
 355 016e 04010000 		.4byte	.LASF47
 356 0172 42       		.byte	0x42
 357 0173 06       		.uleb128 0x6
 358 0174 05020000 		.4byte	.LASF48
 359 0178 43       		.byte	0x43
 360 0179 06       		.uleb128 0x6
 361 017a 2B0A0000 		.4byte	.LASF49
 362 017e 44       		.byte	0x44
 363 017f 06       		.uleb128 0x6
 364 0180 D9090000 		.4byte	.LASF50
 365 0184 45       		.byte	0x45
 366 0185 06       		.uleb128 0x6
 367 0186 9C010000 		.4byte	.LASF51
 368 018a 46       		.byte	0x46
 369 018b 06       		.uleb128 0x6
ARM GAS  C:\Users\Roi\AppData\Local\Temp\cc9jkSOT.s 			page 8


 370 018c E1050000 		.4byte	.LASF52
 371 0190 47       		.byte	0x47
 372 0191 06       		.uleb128 0x6
 373 0192 25060000 		.4byte	.LASF53
 374 0196 48       		.byte	0x48
 375 0197 06       		.uleb128 0x6
 376 0198 8B030000 		.4byte	.LASF54
 377 019c 49       		.byte	0x49
 378 019d 06       		.uleb128 0x6
 379 019e 31080000 		.4byte	.LASF55
 380 01a2 4A       		.byte	0x4a
 381 01a3 06       		.uleb128 0x6
 382 01a4 DE020000 		.4byte	.LASF56
 383 01a8 4B       		.byte	0x4b
 384 01a9 06       		.uleb128 0x6
 385 01aa 0B060000 		.4byte	.LASF57
 386 01ae 4C       		.byte	0x4c
 387 01af 06       		.uleb128 0x6
 388 01b0 82010000 		.4byte	.LASF58
 389 01b4 4D       		.byte	0x4d
 390 01b5 06       		.uleb128 0x6
 391 01b6 000A0000 		.4byte	.LASF59
 392 01ba 4E       		.byte	0x4e
 393 01bb 06       		.uleb128 0x6
 394 01bc A3050000 		.4byte	.LASF60
 395 01c0 4F       		.byte	0x4f
 396 01c1 06       		.uleb128 0x6
 397 01c2 D80A0000 		.4byte	.LASF61
 398 01c6 50       		.byte	0x50
 399 01c7 06       		.uleb128 0x6
 400 01c8 5E080000 		.4byte	.LASF62
 401 01cc 51       		.byte	0x51
 402 01cd 06       		.uleb128 0x6
 403 01ce AA040000 		.4byte	.LASF63
 404 01d2 52       		.byte	0x52
 405 01d3 06       		.uleb128 0x6
 406 01d4 43040000 		.4byte	.LASF64
 407 01d8 53       		.byte	0x53
 408 01d9 06       		.uleb128 0x6
 409 01da FD020000 		.4byte	.LASF65
 410 01de 54       		.byte	0x54
 411 01df 06       		.uleb128 0x6
 412 01e0 150B0000 		.4byte	.LASF66
 413 01e4 55       		.byte	0x55
 414 01e5 06       		.uleb128 0x6
 415 01e6 B60A0000 		.4byte	.LASF67
 416 01ea 56       		.byte	0x56
 417 01eb 06       		.uleb128 0x6
 418 01ec 8D0A0000 		.4byte	.LASF68
 419 01f0 57       		.byte	0x57
 420 01f1 06       		.uleb128 0x6
 421 01f2 24070000 		.4byte	.LASF69
 422 01f6 58       		.byte	0x58
 423 01f7 06       		.uleb128 0x6
 424 01f8 6F050000 		.4byte	.LASF70
 425 01fc 70       		.byte	0x70
 426 01fd 06       		.uleb128 0x6
ARM GAS  C:\Users\Roi\AppData\Local\Temp\cc9jkSOT.s 			page 9


 427 01fe 91090000 		.4byte	.LASF71
 428 0202 71       		.byte	0x71
 429 0203 06       		.uleb128 0x6
 430 0204 D2070000 		.4byte	.LASF72
 431 0208 72       		.byte	0x72
 432 0209 06       		.uleb128 0x6
 433 020a 46030000 		.4byte	.LASF73
 434 020e 73       		.byte	0x73
 435 020f 06       		.uleb128 0x6
 436 0210 25050000 		.4byte	.LASF74
 437 0214 74       		.byte	0x74
 438 0215 06       		.uleb128 0x6
 439 0216 B9060000 		.4byte	.LASF75
 440 021a 75       		.byte	0x75
 441 021b 06       		.uleb128 0x6
 442 021c 64030000 		.4byte	.LASF76
 443 0220 76       		.byte	0x76
 444 0221 06       		.uleb128 0x6
 445 0222 72090000 		.4byte	.LASF77
 446 0226 77       		.byte	0x77
 447 0227 06       		.uleb128 0x6
 448 0228 BA080000 		.4byte	.LASF78
 449 022c 78       		.byte	0x78
 450 022d 06       		.uleb128 0x6
 451 022e F1080000 		.4byte	.LASF79
 452 0232 79       		.byte	0x79
 453 0233 06       		.uleb128 0x6
 454 0234 490A0000 		.4byte	.LASF80
 455 0238 7A       		.byte	0x7a
 456 0239 06       		.uleb128 0x6
 457 023a 9C080000 		.4byte	.LASF81
 458 023e FA       		.byte	0xfa
 459 023f 06       		.uleb128 0x6
 460 0240 C2050000 		.4byte	.LASF82
 461 0244 FB       		.byte	0xfb
 462 0245 06       		.uleb128 0x6
 463 0246 390B0000 		.4byte	.LASF83
 464 024a FC       		.byte	0xfc
 465 024b 06       		.uleb128 0x6
 466 024c 5A070000 		.4byte	.LASF84
 467 0250 FD       		.byte	0xfd
 468 0251 06       		.uleb128 0x6
 469 0252 7F0A0000 		.4byte	.LASF85
 470 0256 FF       		.byte	0xff
 471 0257 00       		.byte	0
 472 0258 07       		.uleb128 0x7
 473 0259 04       		.byte	0x4
 474 025a 6B000000 		.4byte	0x6b
 475 025e 05       		.uleb128 0x5
 476 025f 01       		.byte	0x1
 477 0260 2C000000 		.4byte	0x2c
 478 0264 03       		.byte	0x3
 479 0265 EB08     		.2byte	0x8eb
 480 0267 8A020000 		.4byte	0x28a
 481 026b 06       		.uleb128 0x6
 482 026c 4F080000 		.4byte	.LASF86
 483 0270 00       		.byte	0
ARM GAS  C:\Users\Roi\AppData\Local\Temp\cc9jkSOT.s 			page 10


 484 0271 06       		.uleb128 0x6
 485 0272 64040000 		.4byte	.LASF87
 486 0276 01       		.byte	0x1
 487 0277 06       		.uleb128 0x6
 488 0278 22010000 		.4byte	.LASF88
 489 027c 02       		.byte	0x2
 490 027d 06       		.uleb128 0x6
 491 027e 93040000 		.4byte	.LASF89
 492 0282 02       		.byte	0x2
 493 0283 06       		.uleb128 0x6
 494 0284 35030000 		.4byte	.LASF90
 495 0288 03       		.byte	0x3
 496 0289 00       		.byte	0
 497 028a 08       		.uleb128 0x8
 498 028b B1020000 		.4byte	.LASF91
 499 028f 01       		.byte	0x1
 500 0290 0A       		.byte	0xa
 501 0291 00000000 		.4byte	.LFB37
 502 0295 08000000 		.4byte	.LFE37-.LFB37
 503 0299 01       		.uleb128 0x1
 504 029a 9C       		.byte	0x9c
 505 029b A9020000 		.4byte	0x2a9
 506 029f 09       		.uleb128 0x9
 507 02a0 06000000 		.4byte	.LVL0
 508 02a4 F0030000 		.4byte	0x3f0
 509 02a8 00       		.byte	0
 510 02a9 08       		.uleb128 0x8
 511 02aa C9090000 		.4byte	.LASF92
 512 02ae 01       		.byte	0x1
 513 02af 0E       		.byte	0xe
 514 02b0 00000000 		.4byte	.LFB38
 515 02b4 64000000 		.4byte	.LFE38-.LFB38
 516 02b8 01       		.uleb128 0x1
 517 02b9 9C       		.byte	0x9c
 518 02ba 9F030000 		.4byte	0x39f
 519 02be 0A       		.uleb128 0xa
 520 02bf E7040000 		.4byte	.LASF108
 521 02c3 01       		.byte	0x1
 522 02c4 11       		.byte	0x11
 523 02c5 58020000 		.4byte	0x258
 524 02c9 00000000 		.4byte	.LLST0
 525 02cd 0B       		.uleb128 0xb
 526 02ce 08000000 		.4byte	.LVL1
 527 02d2 FB030000 		.4byte	0x3fb
 528 02d6 E0020000 		.4byte	0x2e0
 529 02da 0C       		.uleb128 0xc
 530 02db 01       		.uleb128 0x1
 531 02dc 50       		.byte	0x50
 532 02dd 01       		.uleb128 0x1
 533 02de 31       		.byte	0x31
 534 02df 00       		.byte	0
 535 02e0 09       		.uleb128 0x9
 536 02e1 0C000000 		.4byte	.LVL2
 537 02e5 06040000 		.4byte	0x406
 538 02e9 0B       		.uleb128 0xb
 539 02ea 14000000 		.4byte	.LVL5
 540 02ee 11040000 		.4byte	0x411
ARM GAS  C:\Users\Roi\AppData\Local\Temp\cc9jkSOT.s 			page 11


 541 02f2 FC020000 		.4byte	0x2fc
 542 02f6 0C       		.uleb128 0xc
 543 02f7 01       		.uleb128 0x1
 544 02f8 50       		.byte	0x50
 545 02f9 01       		.uleb128 0x1
 546 02fa 30       		.byte	0x30
 547 02fb 00       		.byte	0
 548 02fc 0B       		.uleb128 0xb
 549 02fd 20000000 		.4byte	.LVL6
 550 0301 1C040000 		.4byte	0x41c
 551 0305 19030000 		.4byte	0x319
 552 0309 0C       		.uleb128 0xc
 553 030a 01       		.uleb128 0x1
 554 030b 50       		.byte	0x50
 555 030c 02       		.uleb128 0x2
 556 030d 76       		.byte	0x76
 557 030e 00       		.sleb128 0
 558 030f 0C       		.uleb128 0xc
 559 0310 01       		.uleb128 0x1
 560 0311 51       		.byte	0x51
 561 0312 05       		.uleb128 0x5
 562 0313 03       		.byte	0x3
 563 0314 00000000 		.4byte	.LC0
 564 0318 00       		.byte	0
 565 0319 0B       		.uleb128 0xb
 566 031a 2E000000 		.4byte	.LVL7
 567 031e 1C040000 		.4byte	0x41c
 568 0322 36030000 		.4byte	0x336
 569 0326 0C       		.uleb128 0xc
 570 0327 01       		.uleb128 0x1
 571 0328 50       		.byte	0x50
 572 0329 02       		.uleb128 0x2
 573 032a 75       		.byte	0x75
 574 032b 00       		.sleb128 0
 575 032c 0C       		.uleb128 0xc
 576 032d 01       		.uleb128 0x1
 577 032e 51       		.byte	0x51
 578 032f 05       		.uleb128 0x5
 579 0330 03       		.byte	0x3
 580 0331 04000000 		.4byte	.LC3
 581 0335 00       		.byte	0
 582 0336 0B       		.uleb128 0xb
 583 0337 36000000 		.4byte	.LVL8
 584 033b 27040000 		.4byte	0x427
 585 033f 4E030000 		.4byte	0x34e
 586 0343 0C       		.uleb128 0xc
 587 0344 01       		.uleb128 0x1
 588 0345 50       		.byte	0x50
 589 0346 01       		.uleb128 0x1
 590 0347 30       		.byte	0x30
 591 0348 0C       		.uleb128 0xc
 592 0349 01       		.uleb128 0x1
 593 034a 51       		.byte	0x51
 594 034b 01       		.uleb128 0x1
 595 034c 30       		.byte	0x30
 596 034d 00       		.byte	0
 597 034e 0B       		.uleb128 0xb
ARM GAS  C:\Users\Roi\AppData\Local\Temp\cc9jkSOT.s 			page 12


 598 034f 3C000000 		.4byte	.LVL9
 599 0353 32040000 		.4byte	0x432
 600 0357 62030000 		.4byte	0x362
 601 035b 0C       		.uleb128 0xc
 602 035c 01       		.uleb128 0x1
 603 035d 50       		.byte	0x50
 604 035e 02       		.uleb128 0x2
 605 035f 76       		.byte	0x76
 606 0360 00       		.sleb128 0
 607 0361 00       		.byte	0
 608 0362 0B       		.uleb128 0xb
 609 0363 44000000 		.4byte	.LVL10
 610 0367 27040000 		.4byte	0x427
 611 036b 7A030000 		.4byte	0x37a
 612 036f 0C       		.uleb128 0xc
 613 0370 01       		.uleb128 0x1
 614 0371 50       		.byte	0x50
 615 0372 01       		.uleb128 0x1
 616 0373 31       		.byte	0x31
 617 0374 0C       		.uleb128 0xc
 618 0375 01       		.uleb128 0x1
 619 0376 51       		.byte	0x51
 620 0377 01       		.uleb128 0x1
 621 0378 30       		.byte	0x30
 622 0379 00       		.byte	0
 623 037a 0B       		.uleb128 0xb
 624 037b 4A000000 		.4byte	.LVL11
 625 037f 32040000 		.4byte	0x432
 626 0383 8E030000 		.4byte	0x38e
 627 0387 0C       		.uleb128 0xc
 628 0388 01       		.uleb128 0x1
 629 0389 50       		.byte	0x50
 630 038a 02       		.uleb128 0x2
 631 038b 75       		.byte	0x75
 632 038c 00       		.sleb128 0
 633 038d 00       		.byte	0
 634 038e 0D       		.uleb128 0xd
 635 038f 50000000 		.4byte	.LVL12
 636 0393 3D040000 		.4byte	0x43d
 637 0397 0C       		.uleb128 0xc
 638 0398 01       		.uleb128 0x1
 639 0399 50       		.byte	0x50
 640 039a 02       		.uleb128 0x2
 641 039b 74       		.byte	0x74
 642 039c 00       		.sleb128 0
 643 039d 00       		.byte	0
 644 039e 00       		.byte	0
 645 039f 08       		.uleb128 0x8
 646 03a0 FC0A0000 		.4byte	.LASF93
 647 03a4 01       		.byte	0x1
 648 03a5 03       		.byte	0x3
 649 03a6 00000000 		.4byte	.LFB36
 650 03aa 08000000 		.4byte	.LFE36-.LFB36
 651 03ae 01       		.uleb128 0x1
 652 03af 9C       		.byte	0x9c
 653 03b0 BE030000 		.4byte	0x3be
 654 03b4 09       		.uleb128 0x9
ARM GAS  C:\Users\Roi\AppData\Local\Temp\cc9jkSOT.s 			page 13


 655 03b5 06000000 		.4byte	.LVL14
 656 03b9 A9020000 		.4byte	0x2a9
 657 03bd 00       		.byte	0
 658 03be 0E       		.uleb128 0xe
 659 03bf 85000000 		.4byte	0x85
 660 03c3 CE030000 		.4byte	0x3ce
 661 03c7 0F       		.uleb128 0xf
 662 03c8 93000000 		.4byte	0x93
 663 03cc 0F       		.byte	0xf
 664 03cd 00       		.byte	0
 665 03ce 10       		.uleb128 0x10
 666 03cf B7090000 		.4byte	.LASF94
 667 03d3 01       		.byte	0x1
 668 03d4 07       		.byte	0x7
 669 03d5 BE030000 		.4byte	0x3be
 670 03d9 05       		.uleb128 0x5
 671 03da 03       		.byte	0x3
 672 03db 00000000 		.4byte	first_data_buffer
 673 03df 10       		.uleb128 0x10
 674 03e0 30000000 		.4byte	.LASF95
 675 03e4 01       		.byte	0x1
 676 03e5 08       		.byte	0x8
 677 03e6 BE030000 		.4byte	0x3be
 678 03ea 05       		.uleb128 0x5
 679 03eb 03       		.byte	0x3
 680 03ec 00000000 		.4byte	second_data_buffer
 681 03f0 11       		.uleb128 0x11
 682 03f1 1B050000 		.4byte	.LASF96
 683 03f5 1B050000 		.4byte	.LASF96
 684 03f9 04       		.byte	0x4
 685 03fa 38       		.byte	0x38
 686 03fb 11       		.uleb128 0x11
 687 03fc AB000000 		.4byte	.LASF97
 688 0400 AB000000 		.4byte	.LASF97
 689 0404 04       		.byte	0x4
 690 0405 3A       		.byte	0x3a
 691 0406 11       		.uleb128 0x11
 692 0407 E4080000 		.4byte	.LASF98
 693 040b E4080000 		.4byte	.LASF98
 694 040f 05       		.byte	0x5
 695 0410 09       		.byte	0x9
 696 0411 11       		.uleb128 0x11
 697 0412 5C000000 		.4byte	.LASF99
 698 0416 5C000000 		.4byte	.LASF99
 699 041a 05       		.byte	0x5
 700 041b 07       		.byte	0x7
 701 041c 11       		.uleb128 0x11
 702 041d 67050000 		.4byte	.LASF100
 703 0421 67050000 		.4byte	.LASF100
 704 0425 06       		.byte	0x6
 705 0426 E7       		.byte	0xe7
 706 0427 11       		.uleb128 0x11
 707 0428 1E0A0000 		.4byte	.LASF101
 708 042c 1E0A0000 		.4byte	.LASF101
 709 0430 04       		.byte	0x4
 710 0431 3D       		.byte	0x3d
 711 0432 11       		.uleb128 0x11
ARM GAS  C:\Users\Roi\AppData\Local\Temp\cc9jkSOT.s 			page 14


 712 0433 C2070000 		.4byte	.LASF102
 713 0437 C2070000 		.4byte	.LASF102
 714 043b 04       		.byte	0x4
 715 043c 3C       		.byte	0x3c
 716 043d 11       		.uleb128 0x11
 717 043e F70A0000 		.4byte	.LASF103
 718 0442 F70A0000 		.4byte	.LASF103
 719 0446 07       		.byte	0x7
 720 0447 59       		.byte	0x59
 721 0448 00       		.byte	0
 722              		.section	.debug_abbrev,"",%progbits
 723              	.Ldebug_abbrev0:
 724 0000 01       		.uleb128 0x1
 725 0001 11       		.uleb128 0x11
 726 0002 01       		.byte	0x1
 727 0003 25       		.uleb128 0x25
 728 0004 0E       		.uleb128 0xe
 729 0005 13       		.uleb128 0x13
 730 0006 0B       		.uleb128 0xb
 731 0007 03       		.uleb128 0x3
 732 0008 0E       		.uleb128 0xe
 733 0009 1B       		.uleb128 0x1b
 734 000a 0E       		.uleb128 0xe
 735 000b 55       		.uleb128 0x55
 736 000c 17       		.uleb128 0x17
 737 000d 11       		.uleb128 0x11
 738 000e 01       		.uleb128 0x1
 739 000f 10       		.uleb128 0x10
 740 0010 17       		.uleb128 0x17
 741 0011 00       		.byte	0
 742 0012 00       		.byte	0
 743 0013 02       		.uleb128 0x2
 744 0014 24       		.uleb128 0x24
 745 0015 00       		.byte	0
 746 0016 0B       		.uleb128 0xb
 747 0017 0B       		.uleb128 0xb
 748 0018 3E       		.uleb128 0x3e
 749 0019 0B       		.uleb128 0xb
 750 001a 03       		.uleb128 0x3
 751 001b 0E       		.uleb128 0xe
 752 001c 00       		.byte	0
 753 001d 00       		.byte	0
 754 001e 03       		.uleb128 0x3
 755 001f 24       		.uleb128 0x24
 756 0020 00       		.byte	0
 757 0021 0B       		.uleb128 0xb
 758 0022 0B       		.uleb128 0xb
 759 0023 3E       		.uleb128 0x3e
 760 0024 0B       		.uleb128 0xb
 761 0025 03       		.uleb128 0x3
 762 0026 08       		.uleb128 0x8
 763 0027 00       		.byte	0
 764 0028 00       		.byte	0
 765 0029 04       		.uleb128 0x4
 766 002a 16       		.uleb128 0x16
 767 002b 00       		.byte	0
 768 002c 03       		.uleb128 0x3
ARM GAS  C:\Users\Roi\AppData\Local\Temp\cc9jkSOT.s 			page 15


 769 002d 0E       		.uleb128 0xe
 770 002e 3A       		.uleb128 0x3a
 771 002f 0B       		.uleb128 0xb
 772 0030 3B       		.uleb128 0x3b
 773 0031 05       		.uleb128 0x5
 774 0032 49       		.uleb128 0x49
 775 0033 13       		.uleb128 0x13
 776 0034 00       		.byte	0
 777 0035 00       		.byte	0
 778 0036 05       		.uleb128 0x5
 779 0037 04       		.uleb128 0x4
 780 0038 01       		.byte	0x1
 781 0039 0B       		.uleb128 0xb
 782 003a 0B       		.uleb128 0xb
 783 003b 49       		.uleb128 0x49
 784 003c 13       		.uleb128 0x13
 785 003d 3A       		.uleb128 0x3a
 786 003e 0B       		.uleb128 0xb
 787 003f 3B       		.uleb128 0x3b
 788 0040 05       		.uleb128 0x5
 789 0041 01       		.uleb128 0x1
 790 0042 13       		.uleb128 0x13
 791 0043 00       		.byte	0
 792 0044 00       		.byte	0
 793 0045 06       		.uleb128 0x6
 794 0046 28       		.uleb128 0x28
 795 0047 00       		.byte	0
 796 0048 03       		.uleb128 0x3
 797 0049 0E       		.uleb128 0xe
 798 004a 1C       		.uleb128 0x1c
 799 004b 0B       		.uleb128 0xb
 800 004c 00       		.byte	0
 801 004d 00       		.byte	0
 802 004e 07       		.uleb128 0x7
 803 004f 0F       		.uleb128 0xf
 804 0050 00       		.byte	0
 805 0051 0B       		.uleb128 0xb
 806 0052 0B       		.uleb128 0xb
 807 0053 49       		.uleb128 0x49
 808 0054 13       		.uleb128 0x13
 809 0055 00       		.byte	0
 810 0056 00       		.byte	0
 811 0057 08       		.uleb128 0x8
 812 0058 2E       		.uleb128 0x2e
 813 0059 01       		.byte	0x1
 814 005a 3F       		.uleb128 0x3f
 815 005b 19       		.uleb128 0x19
 816 005c 03       		.uleb128 0x3
 817 005d 0E       		.uleb128 0xe
 818 005e 3A       		.uleb128 0x3a
 819 005f 0B       		.uleb128 0xb
 820 0060 3B       		.uleb128 0x3b
 821 0061 0B       		.uleb128 0xb
 822 0062 27       		.uleb128 0x27
 823 0063 19       		.uleb128 0x19
 824 0064 11       		.uleb128 0x11
 825 0065 01       		.uleb128 0x1
ARM GAS  C:\Users\Roi\AppData\Local\Temp\cc9jkSOT.s 			page 16


 826 0066 12       		.uleb128 0x12
 827 0067 06       		.uleb128 0x6
 828 0068 40       		.uleb128 0x40
 829 0069 18       		.uleb128 0x18
 830 006a 9742     		.uleb128 0x2117
 831 006c 19       		.uleb128 0x19
 832 006d 01       		.uleb128 0x1
 833 006e 13       		.uleb128 0x13
 834 006f 00       		.byte	0
 835 0070 00       		.byte	0
 836 0071 09       		.uleb128 0x9
 837 0072 898201   		.uleb128 0x4109
 838 0075 00       		.byte	0
 839 0076 11       		.uleb128 0x11
 840 0077 01       		.uleb128 0x1
 841 0078 31       		.uleb128 0x31
 842 0079 13       		.uleb128 0x13
 843 007a 00       		.byte	0
 844 007b 00       		.byte	0
 845 007c 0A       		.uleb128 0xa
 846 007d 34       		.uleb128 0x34
 847 007e 00       		.byte	0
 848 007f 03       		.uleb128 0x3
 849 0080 0E       		.uleb128 0xe
 850 0081 3A       		.uleb128 0x3a
 851 0082 0B       		.uleb128 0xb
 852 0083 3B       		.uleb128 0x3b
 853 0084 0B       		.uleb128 0xb
 854 0085 49       		.uleb128 0x49
 855 0086 13       		.uleb128 0x13
 856 0087 02       		.uleb128 0x2
 857 0088 17       		.uleb128 0x17
 858 0089 00       		.byte	0
 859 008a 00       		.byte	0
 860 008b 0B       		.uleb128 0xb
 861 008c 898201   		.uleb128 0x4109
 862 008f 01       		.byte	0x1
 863 0090 11       		.uleb128 0x11
 864 0091 01       		.uleb128 0x1
 865 0092 31       		.uleb128 0x31
 866 0093 13       		.uleb128 0x13
 867 0094 01       		.uleb128 0x1
 868 0095 13       		.uleb128 0x13
 869 0096 00       		.byte	0
 870 0097 00       		.byte	0
 871 0098 0C       		.uleb128 0xc
 872 0099 8A8201   		.uleb128 0x410a
 873 009c 00       		.byte	0
 874 009d 02       		.uleb128 0x2
 875 009e 18       		.uleb128 0x18
 876 009f 9142     		.uleb128 0x2111
 877 00a1 18       		.uleb128 0x18
 878 00a2 00       		.byte	0
 879 00a3 00       		.byte	0
 880 00a4 0D       		.uleb128 0xd
 881 00a5 898201   		.uleb128 0x4109
 882 00a8 01       		.byte	0x1
ARM GAS  C:\Users\Roi\AppData\Local\Temp\cc9jkSOT.s 			page 17


 883 00a9 11       		.uleb128 0x11
 884 00aa 01       		.uleb128 0x1
 885 00ab 31       		.uleb128 0x31
 886 00ac 13       		.uleb128 0x13
 887 00ad 00       		.byte	0
 888 00ae 00       		.byte	0
 889 00af 0E       		.uleb128 0xe
 890 00b0 01       		.uleb128 0x1
 891 00b1 01       		.byte	0x1
 892 00b2 49       		.uleb128 0x49
 893 00b3 13       		.uleb128 0x13
 894 00b4 01       		.uleb128 0x1
 895 00b5 13       		.uleb128 0x13
 896 00b6 00       		.byte	0
 897 00b7 00       		.byte	0
 898 00b8 0F       		.uleb128 0xf
 899 00b9 21       		.uleb128 0x21
 900 00ba 00       		.byte	0
 901 00bb 49       		.uleb128 0x49
 902 00bc 13       		.uleb128 0x13
 903 00bd 2F       		.uleb128 0x2f
 904 00be 0B       		.uleb128 0xb
 905 00bf 00       		.byte	0
 906 00c0 00       		.byte	0
 907 00c1 10       		.uleb128 0x10
 908 00c2 34       		.uleb128 0x34
 909 00c3 00       		.byte	0
 910 00c4 03       		.uleb128 0x3
 911 00c5 0E       		.uleb128 0xe
 912 00c6 3A       		.uleb128 0x3a
 913 00c7 0B       		.uleb128 0xb
 914 00c8 3B       		.uleb128 0x3b
 915 00c9 0B       		.uleb128 0xb
 916 00ca 49       		.uleb128 0x49
 917 00cb 13       		.uleb128 0x13
 918 00cc 3F       		.uleb128 0x3f
 919 00cd 19       		.uleb128 0x19
 920 00ce 02       		.uleb128 0x2
 921 00cf 18       		.uleb128 0x18
 922 00d0 00       		.byte	0
 923 00d1 00       		.byte	0
 924 00d2 11       		.uleb128 0x11
 925 00d3 2E       		.uleb128 0x2e
 926 00d4 00       		.byte	0
 927 00d5 3F       		.uleb128 0x3f
 928 00d6 19       		.uleb128 0x19
 929 00d7 3C       		.uleb128 0x3c
 930 00d8 19       		.uleb128 0x19
 931 00d9 6E       		.uleb128 0x6e
 932 00da 0E       		.uleb128 0xe
 933 00db 03       		.uleb128 0x3
 934 00dc 0E       		.uleb128 0xe
 935 00dd 3A       		.uleb128 0x3a
 936 00de 0B       		.uleb128 0xb
 937 00df 3B       		.uleb128 0x3b
 938 00e0 0B       		.uleb128 0xb
 939 00e1 00       		.byte	0
ARM GAS  C:\Users\Roi\AppData\Local\Temp\cc9jkSOT.s 			page 18


 940 00e2 00       		.byte	0
 941 00e3 00       		.byte	0
 942              		.section	.debug_loc,"",%progbits
 943              	.Ldebug_loc0:
 944              	.LLST0:
 945 0000 0E000000 		.4byte	.LVL3
 946 0004 10000000 		.4byte	.LVL4
 947 0008 0100     		.2byte	0x1
 948 000a 50       		.byte	0x50
 949 000b 10000000 		.4byte	.LVL4
 950 000f 50000000 		.4byte	.LVL13
 951 0013 0100     		.2byte	0x1
 952 0015 54       		.byte	0x54
 953 0016 00000000 		.4byte	0
 954 001a 00000000 		.4byte	0
 955              		.section	.debug_aranges,"",%progbits
 956 0000 2C000000 		.4byte	0x2c
 957 0004 0200     		.2byte	0x2
 958 0006 00000000 		.4byte	.Ldebug_info0
 959 000a 04       		.byte	0x4
 960 000b 00       		.byte	0
 961 000c 0000     		.2byte	0
 962 000e 0000     		.2byte	0
 963 0010 00000000 		.4byte	.LFB37
 964 0014 08000000 		.4byte	.LFE37-.LFB37
 965 0018 00000000 		.4byte	.LFB38
 966 001c 64000000 		.4byte	.LFE38-.LFB38
 967 0020 00000000 		.4byte	.LFB36
 968 0024 08000000 		.4byte	.LFE36-.LFB36
 969 0028 00000000 		.4byte	0
 970 002c 00000000 		.4byte	0
 971              		.section	.debug_ranges,"",%progbits
 972              	.Ldebug_ranges0:
 973 0000 00000000 		.4byte	.LFB37
 974 0004 08000000 		.4byte	.LFE37
 975 0008 00000000 		.4byte	.LFB38
 976 000c 64000000 		.4byte	.LFE38
 977 0010 00000000 		.4byte	.LFB36
 978 0014 08000000 		.4byte	.LFE36
 979 0018 00000000 		.4byte	0
 980 001c 00000000 		.4byte	0
 981              		.section	.debug_line,"",%progbits
 982              	.Ldebug_line0:
 983 0000 43010000 		.section	.debug_str,"MS",%progbits,1
 983      02000401 
 983      00000201 
 983      FB0E0D00 
 983      01010101 
 984              	.LASF12:
 985 0000 6C6F6E67 		.ascii	"long double\000"
 985      20646F75 
 985      626C6500 
 986              	.LASF23:
 987 000c 4359424C 		.ascii	"CYBLE_EVT_GAP_PASSKEY_ENTRY_REQUEST\000"
 987      455F4556 
 987      545F4741 
 987      505F5041 
ARM GAS  C:\Users\Roi\AppData\Local\Temp\cc9jkSOT.s 			page 19


 987      53534B45 
 988              	.LASF95:
 989 0030 7365636F 		.ascii	"second_data_buffer\000"
 989      6E645F64 
 989      6174615F 
 989      62756666 
 989      657200
 990              	.LASF20:
 991 0043 4359424C 		.ascii	"CYBLE_EVT_MEMORY_REQUEST\000"
 991      455F4556 
 991      545F4D45 
 991      4D4F5259 
 991      5F524551 
 992              	.LASF99:
 993 005c 6765745F 		.ascii	"get_adc_by_channel\000"
 993      6164635F 
 993      62795F63 
 993      68616E6E 
 993      656C00
 994              	.LASF45:
 995 006f 4359424C 		.ascii	"CYBLE_EVT_GATTC_ERROR_RSP\000"
 995      455F4556 
 995      545F4741 
 995      5454435F 
 995      4552524F 
 996              	.LASF29:
 997 0089 4359424C 		.ascii	"CYBLE_EVT_GAP_DEVICE_DISCONNECTED\000"
 997      455F4556 
 997      545F4741 
 997      505F4445 
 997      56494345 
 998              	.LASF97:
 999 00ab 4C43445F 		.ascii	"LCD_WriteControl\000"
 999      57726974 
 999      65436F6E 
 999      74726F6C 
 999      00
 1000              	.LASF35:
 1001 00bc 4359424C 		.ascii	"CYBLE_EVT_GAP_KEYPRESS_NOTIFICATION\000"
 1001      455F4556 
 1001      545F4741 
 1001      505F4B45 
 1001      59505245 
 1002              	.LASF2:
 1003 00e0 73686F72 		.ascii	"short int\000"
 1003      7420696E 
 1003      7400
 1004              	.LASF26:
 1005 00ea 4359424C 		.ascii	"CYBLE_EVT_GAP_AUTH_FAILED\000"
 1005      455F4556 
 1005      545F4741 
 1005      505F4155 
 1005      54485F46 
 1006              	.LASF47:
 1007 0104 4359424C 		.ascii	"CYBLE_EVT_GATT_DISCONNECT_IND\000"
 1007      455F4556 
 1007      545F4741 
ARM GAS  C:\Users\Roi\AppData\Local\Temp\cc9jkSOT.s 			page 20


 1007      54545F44 
 1007      4953434F 
 1008              	.LASF88:
 1009 0122 4359424C 		.ascii	"CYBLE_SRVI_CUSTOMS\000"
 1009      455F5352 
 1009      56495F43 
 1009      5553544F 
 1009      4D5300
 1010              	.LASF13:
 1011 0135 73697A65 		.ascii	"sizetype\000"
 1011      74797065 
 1011      00
 1012              	.LASF37:
 1013 013e 4359424C 		.ascii	"CYBLE_EVT_GAP_DATA_LENGTH_CHANGE\000"
 1013      455F4556 
 1013      545F4741 
 1013      505F4441 
 1013      54415F4C 
 1014              	.LASF18:
 1015 015f 4359424C 		.ascii	"CYBLE_EVT_HCI_STATUS\000"
 1015      455F4556 
 1015      545F4843 
 1015      495F5354 
 1015      41545553 
 1016              	.LASF6:
 1017 0174 6C6F6E67 		.ascii	"long long int\000"
 1017      206C6F6E 
 1017      6720696E 
 1017      7400
 1018              	.LASF58:
 1019 0182 4359424C 		.ascii	"CYBLE_EVT_GATTC_WRITE_RSP\000"
 1019      455F4556 
 1019      545F4741 
 1019      5454435F 
 1019      57524954 
 1020              	.LASF51:
 1021 019c 4359424C 		.ascii	"CYBLE_EVT_GATTC_READ_BY_TYPE_RSP\000"
 1021      455F4556 
 1021      545F4741 
 1021      5454435F 
 1021      52454144 
 1022              	.LASF15:
 1023 01bd 4359424C 		.ascii	"CYBLE_EVT_STACK_ON\000"
 1023      455F4556 
 1023      545F5354 
 1023      41434B5F 
 1023      4F4E00
 1024              	.LASF44:
 1025 01d0 4359424C 		.ascii	"CYBLE_EVT_GAP_SMP_LOC_P256_KEYS_GEN_AND_SET_COMPLET"
 1025      455F4556 
 1025      545F4741 
 1025      505F534D 
 1025      505F4C4F 
 1026 0203 4500     		.ascii	"E\000"
 1027              	.LASF48:
 1028 0205 4359424C 		.ascii	"CYBLE_EVT_GATTS_XCNHG_MTU_REQ\000"
 1028      455F4556 
ARM GAS  C:\Users\Roi\AppData\Local\Temp\cc9jkSOT.s 			page 21


 1028      545F4741 
 1028      5454535F 
 1028      58434E48 
 1029              	.LASF104:
 1030 0223 474E5520 		.ascii	"GNU C11 5.4.1 20160609 (release) [ARM/embedded-5-br"
 1030      43313120 
 1030      352E342E 
 1030      31203230 
 1030      31363036 
 1031 0256 616E6368 		.ascii	"anch revision 237715] -mcpu=cortex-m0 -mthumb -g -O"
 1031      20726576 
 1031      6973696F 
 1031      6E203233 
 1031      37373135 
 1032 0289 67202D66 		.ascii	"g -ffunction-sections -ffat-lto-objects\000"
 1032      66756E63 
 1032      74696F6E 
 1032      2D736563 
 1032      74696F6E 
 1033              	.LASF91:
 1034 02b1 6C63645F 		.ascii	"lcd_init\000"
 1034      696E6974 
 1034      00
 1035              	.LASF33:
 1036 02ba 4359424C 		.ascii	"CYBLE_EVT_GAP_KEYINFO_EXCHNGE_CMPLT\000"
 1036      455F4556 
 1036      545F4741 
 1036      505F4B45 
 1036      59494E46 
 1037              	.LASF56:
 1038 02de 4359424C 		.ascii	"CYBLE_EVT_GATTC_READ_MULTI_RSP\000"
 1038      455F4556 
 1038      545F4741 
 1038      5454435F 
 1038      52454144 
 1039              	.LASF65:
 1040 02fd 4359424C 		.ascii	"CYBLE_EVT_GATTS_HANDLE_VALUE_CNF\000"
 1040      455F4556 
 1040      545F4741 
 1040      5454535F 
 1040      48414E44 
 1041              	.LASF14:
 1042 031e 4359424C 		.ascii	"CYBLE_EVT_HOST_INVALID\000"
 1042      455F4556 
 1042      545F484F 
 1042      53545F49 
 1042      4E56414C 
 1043              	.LASF90:
 1044 0335 4359424C 		.ascii	"CYBLE_SRVI_COUNT\000"
 1044      455F5352 
 1044      56495F43 
 1044      4F554E54 
 1044      00
 1045              	.LASF73:
 1046 0346 4359424C 		.ascii	"CYBLE_EVT_L2CAP_CBFC_CONN_IND\000"
 1046      455F4556 
 1046      545F4C32 
ARM GAS  C:\Users\Roi\AppData\Local\Temp\cc9jkSOT.s 			page 22


 1046      4341505F 
 1046      43424643 
 1047              	.LASF76:
 1048 0364 4359424C 		.ascii	"CYBLE_EVT_L2CAP_CBFC_DISCONN_CNF\000"
 1048      455F4556 
 1048      545F4C32 
 1048      4341505F 
 1048      43424643 
 1049              	.LASF9:
 1050 0385 666C6F61 		.ascii	"float\000"
 1050      7400
 1051              	.LASF54:
 1052 038b 4359424C 		.ascii	"CYBLE_EVT_GATTC_READ_RSP\000"
 1052      455F4556 
 1052      545F4741 
 1052      5454435F 
 1052      52454144 
 1053              	.LASF105:
 1054 03a4 6C63645F 		.ascii	"lcd_smartboy.c\000"
 1054      736D6172 
 1054      74626F79 
 1054      2E6300
 1055              	.LASF34:
 1056 03b3 4359424C 		.ascii	"CYBLE_EVT_GAP_NUMERIC_COMPARISON_REQUEST\000"
 1056      455F4556 
 1056      545F4741 
 1056      505F4E55 
 1056      4D455249 
 1057              	.LASF39:
 1058 03dc 4359424C 		.ascii	"CYBLE_EVT_GAPC_DIRECT_ADV_REPORT\000"
 1058      455F4556 
 1058      545F4741 
 1058      50435F44 
 1058      49524543 
 1059              	.LASF7:
 1060 03fd 6C6F6E67 		.ascii	"long long unsigned int\000"
 1060      206C6F6E 
 1060      6720756E 
 1060      7369676E 
 1060      65642069 
 1061              	.LASF43:
 1062 0414 4359424C 		.ascii	"CYBLE_EVT_GAP_AUTH_REQ_REPLY_ERR\000"
 1062      455F4556 
 1062      545F4741 
 1062      505F4155 
 1062      54485F52 
 1063              	.LASF11:
 1064 0435 63686172 		.ascii	"char\000"
 1064      00
 1065              	.LASF4:
 1066 043a 6C6F6E67 		.ascii	"long int\000"
 1066      20696E74 
 1066      00
 1067              	.LASF64:
 1068 0443 4359424C 		.ascii	"CYBLE_EVT_GATTC_HANDLE_VALUE_IND\000"
 1068      455F4556 
 1068      545F4741 
ARM GAS  C:\Users\Roi\AppData\Local\Temp\cc9jkSOT.s 			page 23


 1068      5454435F 
 1068      48414E44 
 1069              	.LASF87:
 1070 0464 4359424C 		.ascii	"CYBLE_SRVI_GATT\000"
 1070      455F5352 
 1070      56495F47 
 1070      41545400 
 1071              	.LASF28:
 1072 0474 4359424C 		.ascii	"CYBLE_EVT_GAP_DEVICE_CONNECTED\000"
 1072      455F4556 
 1072      545F4741 
 1072      505F4445 
 1072      56494345 
 1073              	.LASF89:
 1074 0493 4359424C 		.ascii	"CYBLE_SRVI_CUSTOMS_END\000"
 1074      455F5352 
 1074      56495F43 
 1074      5553544F 
 1074      4D535F45 
 1075              	.LASF63:
 1076 04aa 4359424C 		.ascii	"CYBLE_EVT_GATTC_HANDLE_VALUE_NTF\000"
 1076      455F4556 
 1076      545F4741 
 1076      5454435F 
 1076      48414E44 
 1077              	.LASF19:
 1078 04cb 4359424C 		.ascii	"CYBLE_EVT_STACK_BUSY_STATUS\000"
 1078      455F4556 
 1078      545F5354 
 1078      41434B5F 
 1078      42555359 
 1079              	.LASF108:
 1080 04e7 6164635F 		.ascii	"adc_data_list\000"
 1080      64617461 
 1080      5F6C6973 
 1080      7400
 1081              	.LASF24:
 1082 04f5 4359424C 		.ascii	"CYBLE_EVT_GAP_PASSKEY_DISPLAY_REQUEST\000"
 1082      455F4556 
 1082      545F4741 
 1082      505F5041 
 1082      53534B45 
 1083              	.LASF96:
 1084 051b 4C43445F 		.ascii	"LCD_Start\000"
 1084      53746172 
 1084      7400
 1085              	.LASF74:
 1086 0525 4359424C 		.ascii	"CYBLE_EVT_L2CAP_CBFC_CONN_CNF\000"
 1086      455F4556 
 1086      545F4C32 
 1086      4341505F 
 1086      43424643 
 1087              	.LASF38:
 1088 0543 4359424C 		.ascii	"CYBLE_EVT_GAP_ENHANCE_CONN_COMPLETE\000"
 1088      455F4556 
 1088      545F4741 
 1088      505F454E 
ARM GAS  C:\Users\Roi\AppData\Local\Temp\cc9jkSOT.s 			page 24


 1088      48414E43 
 1089              	.LASF100:
 1090 0567 73707269 		.ascii	"sprintf\000"
 1090      6E746600 
 1091              	.LASF70:
 1092 056f 4359424C 		.ascii	"CYBLE_EVT_L2CAP_CONN_PARAM_UPDATE_REQ\000"
 1092      455F4556 
 1092      545F4C32 
 1092      4341505F 
 1092      434F4E4E 
 1093              	.LASF1:
 1094 0595 756E7369 		.ascii	"unsigned char\000"
 1094      676E6564 
 1094      20636861 
 1094      7200
 1095              	.LASF60:
 1096 05a3 4359424C 		.ascii	"CYBLE_EVT_GATTS_PREP_WRITE_REQ\000"
 1096      455F4556 
 1096      545F4741 
 1096      5454535F 
 1096      50524550 
 1097              	.LASF82:
 1098 05c2 4359424C 		.ascii	"CYBLE_EVT_LE_PING_AUTH_TIMEOUT\000"
 1098      455F4556 
 1098      545F4C45 
 1098      5F50494E 
 1098      475F4155 
 1099              	.LASF52:
 1100 05e1 4359424C 		.ascii	"CYBLE_EVT_GATTC_FIND_INFO_RSP\000"
 1100      455F4556 
 1100      545F4741 
 1100      5454435F 
 1100      46494E44 
 1101              	.LASF0:
 1102 05ff 7369676E 		.ascii	"signed char\000"
 1102      65642063 
 1102      68617200 
 1103              	.LASF57:
 1104 060b 4359424C 		.ascii	"CYBLE_EVT_GATTS_WRITE_REQ\000"
 1104      455F4556 
 1104      545F4741 
 1104      5454535F 
 1104      57524954 
 1105              	.LASF53:
 1106 0625 4359424C 		.ascii	"CYBLE_EVT_GATTC_FIND_BY_TYPE_VALUE_RSP\000"
 1106      455F4556 
 1106      545F4741 
 1106      5454435F 
 1106      46494E44 
 1107              	.LASF25:
 1108 064c 4359424C 		.ascii	"CYBLE_EVT_GAP_AUTH_COMPLETE\000"
 1108      455F4556 
 1108      545F4741 
 1108      505F4155 
 1108      54485F43 
 1109              	.LASF8:
 1110 0668 756E7369 		.ascii	"unsigned int\000"
ARM GAS  C:\Users\Roi\AppData\Local\Temp\cc9jkSOT.s 			page 25


 1110      676E6564 
 1110      20696E74 
 1110      00
 1111              	.LASF46:
 1112 0675 4359424C 		.ascii	"CYBLE_EVT_GATT_CONNECT_IND\000"
 1112      455F4556 
 1112      545F4741 
 1112      54545F43 
 1112      4F4E4E45 
 1113              	.LASF5:
 1114 0690 6C6F6E67 		.ascii	"long unsigned int\000"
 1114      20756E73 
 1114      69676E65 
 1114      6420696E 
 1114      7400
 1115              	.LASF22:
 1116 06a2 4359424C 		.ascii	"CYBLE_EVT_GAP_AUTH_REQ\000"
 1116      455F4556 
 1116      545F4741 
 1116      505F4155 
 1116      54485F52 
 1117              	.LASF75:
 1118 06b9 4359424C 		.ascii	"CYBLE_EVT_L2CAP_CBFC_DISCONN_IND\000"
 1118      455F4556 
 1118      545F4C32 
 1118      4341505F 
 1118      43424643 
 1119              	.LASF30:
 1120 06da 4359424C 		.ascii	"CYBLE_EVT_GAP_ENCRYPT_CHANGE\000"
 1120      455F4556 
 1120      545F4741 
 1120      505F454E 
 1120      43525950 
 1121              	.LASF106:
 1122 06f7 443A5C62 		.ascii	"D:\\bachelor_work\\program\\Goal\\SmartBoy.cydsn\000"
 1122      61636865 
 1122      6C6F725F 
 1122      776F726B 
 1122      5C70726F 
 1123              	.LASF69:
 1124 0724 4359424C 		.ascii	"CYBLE_EVT_GATTC_LONG_PROCEDURE_END\000"
 1124      455F4556 
 1124      545F4741 
 1124      5454435F 
 1124      4C4F4E47 
 1125              	.LASF3:
 1126 0747 73686F72 		.ascii	"short unsigned int\000"
 1126      7420756E 
 1126      7369676E 
 1126      65642069 
 1126      6E7400
 1127              	.LASF84:
 1128 075a 4359424C 		.ascii	"CYBLE_EVT_FLASH_CORRUPT\000"
 1128      455F4556 
 1128      545F464C 
 1128      4153485F 
 1128      434F5252 
ARM GAS  C:\Users\Roi\AppData\Local\Temp\cc9jkSOT.s 			page 26


 1129              	.LASF31:
 1130 0772 4359424C 		.ascii	"CYBLE_EVT_GAP_CONNECTION_UPDATE_COMPLETE\000"
 1130      455F4556 
 1130      545F4741 
 1130      505F434F 
 1130      4E4E4543 
 1131              	.LASF40:
 1132 079b 4359424C 		.ascii	"CYBLE_EVT_GAP_SMP_NEGOTIATED_AUTH_INFO\000"
 1132      455F4556 
 1132      545F4741 
 1132      505F534D 
 1132      505F4E45 
 1133              	.LASF102:
 1134 07c2 4C43445F 		.ascii	"LCD_PrintString\000"
 1134      5072696E 
 1134      74537472 
 1134      696E6700 
 1135              	.LASF72:
 1136 07d2 4359424C 		.ascii	"CYBLE_EVT_L2CAP_COMMAND_REJ\000"
 1136      455F4556 
 1136      545F4C32 
 1136      4341505F 
 1136      434F4D4D 
 1137              	.LASF41:
 1138 07ee 4359424C 		.ascii	"CYBLE_EVT_GAP_CONN_ESTB\000"
 1138      455F4556 
 1138      545F4741 
 1138      505F434F 
 1138      4E4E5F45 
 1139              	.LASF21:
 1140 0806 4359424C 		.ascii	"CYBLE_EVT_GAPC_SCAN_PROGRESS_RESULT\000"
 1140      455F4556 
 1140      545F4741 
 1140      50435F53 
 1140      43414E5F 
 1141              	.LASF107:
 1142 082a 75696E74 		.ascii	"uint16\000"
 1142      313600
 1143              	.LASF55:
 1144 0831 4359424C 		.ascii	"CYBLE_EVT_GATTC_READ_BLOB_RSP\000"
 1144      455F4556 
 1144      545F4741 
 1144      5454435F 
 1144      52454144 
 1145              	.LASF86:
 1146 084f 4359424C 		.ascii	"CYBLE_SRVI_GAP\000"
 1146      455F5352 
 1146      56495F47 
 1146      415000
 1147              	.LASF62:
 1148 085e 4359424C 		.ascii	"CYBLE_EVT_GATTC_EXEC_WRITE_RSP\000"
 1148      455F4556 
 1148      545F4741 
 1148      5454435F 
 1148      45584543 
 1149              	.LASF32:
 1150 087d 4359424C 		.ascii	"CYBLE_EVT_GAPC_SCAN_START_STOP\000"
ARM GAS  C:\Users\Roi\AppData\Local\Temp\cc9jkSOT.s 			page 27


 1150      455F4556 
 1150      545F4741 
 1150      50435F53 
 1150      43414E5F 
 1151              	.LASF81:
 1152 089c 4359424C 		.ascii	"CYBLE_EVT_PENDING_FLASH_WRITE\000"
 1152      455F4556 
 1152      545F5045 
 1152      4E44494E 
 1152      475F464C 
 1153              	.LASF78:
 1154 08ba 4359424C 		.ascii	"CYBLE_EVT_L2CAP_CBFC_RX_CREDIT_IND\000"
 1154      455F4556 
 1154      545F4C32 
 1154      4341505F 
 1154      43424643 
 1155              	.LASF10:
 1156 08dd 646F7562 		.ascii	"double\000"
 1156      6C6500
 1157              	.LASF98:
 1158 08e4 6765745F 		.ascii	"get_adc_list\000"
 1158      6164635F 
 1158      6C697374 
 1158      00
 1159              	.LASF79:
 1160 08f1 4359424C 		.ascii	"CYBLE_EVT_L2CAP_CBFC_TX_CREDIT_IND\000"
 1160      455F4556 
 1160      545F4C32 
 1160      4341505F 
 1160      43424643 
 1161              	.LASF42:
 1162 0914 4359424C 		.ascii	"CYBLE_EVT_GAP_SCAN_REQ_RECVD\000"
 1162      455F4556 
 1162      545F4741 
 1162      505F5343 
 1162      414E5F52 
 1163              	.LASF27:
 1164 0931 4359424C 		.ascii	"CYBLE_EVT_GAPP_ADVERTISEMENT_START_STOP\000"
 1164      455F4556 
 1164      545F4741 
 1164      50505F41 
 1164      44564552 
 1165              	.LASF17:
 1166 0959 4359424C 		.ascii	"CYBLE_EVT_HARDWARE_ERROR\000"
 1166      455F4556 
 1166      545F4841 
 1166      52445741 
 1166      52455F45 
 1167              	.LASF77:
 1168 0972 4359424C 		.ascii	"CYBLE_EVT_L2CAP_CBFC_DATA_READ\000"
 1168      455F4556 
 1168      545F4C32 
 1168      4341505F 
 1168      43424643 
 1169              	.LASF71:
 1170 0991 4359424C 		.ascii	"CYBLE_EVT_L2CAP_CONN_PARAM_UPDATE_RSP\000"
 1170      455F4556 
ARM GAS  C:\Users\Roi\AppData\Local\Temp\cc9jkSOT.s 			page 28


 1170      545F4C32 
 1170      4341505F 
 1170      434F4E4E 
 1171              	.LASF94:
 1172 09b7 66697273 		.ascii	"first_data_buffer\000"
 1172      745F6461 
 1172      74615F62 
 1172      75666665 
 1172      7200
 1173              	.LASF92:
 1174 09c9 6C63645F 		.ascii	"lcd_data_screen\000"
 1174      64617461 
 1174      5F736372 
 1174      65656E00 
 1175              	.LASF50:
 1176 09d9 4359424C 		.ascii	"CYBLE_EVT_GATTC_READ_BY_GROUP_TYPE_RSP\000"
 1176      455F4556 
 1176      545F4741 
 1176      5454435F 
 1176      52454144 
 1177              	.LASF59:
 1178 0a00 4359424C 		.ascii	"CYBLE_EVT_GATTS_WRITE_CMD_REQ\000"
 1178      455F4556 
 1178      545F4741 
 1178      5454535F 
 1178      57524954 
 1179              	.LASF101:
 1180 0a1e 4C43445F 		.ascii	"LCD_Position\000"
 1180      506F7369 
 1180      74696F6E 
 1180      00
 1181              	.LASF49:
 1182 0a2b 4359424C 		.ascii	"CYBLE_EVT_GATTC_XCHNG_MTU_RSP\000"
 1182      455F4556 
 1182      545F4741 
 1182      5454435F 
 1182      5843484E 
 1183              	.LASF80:
 1184 0a49 4359424C 		.ascii	"CYBLE_EVT_L2CAP_CBFC_DATA_WRITE_IND\000"
 1184      455F4556 
 1184      545F4C32 
 1184      4341505F 
 1184      43424643 
 1185              	.LASF16:
 1186 0a6d 4359424C 		.ascii	"CYBLE_EVT_TIMEOUT\000"
 1186      455F4556 
 1186      545F5449 
 1186      4D454F55 
 1186      5400
 1187              	.LASF85:
 1188 0a7f 4359424C 		.ascii	"CYBLE_EVT_MAX\000"
 1188      455F4556 
 1188      545F4D41 
 1188      5800
 1189              	.LASF68:
 1190 0a8d 4359424C 		.ascii	"CYBLE_EVT_GATTS_READ_CHAR_VAL_ACCESS_REQ\000"
 1190      455F4556 
ARM GAS  C:\Users\Roi\AppData\Local\Temp\cc9jkSOT.s 			page 29


 1190      545F4741 
 1190      5454535F 
 1190      52454144 
 1191              	.LASF67:
 1192 0ab6 4359424C 		.ascii	"CYBLE_EVT_GATTC_STOP_CMD_COMPLETE\000"
 1192      455F4556 
 1192      545F4741 
 1192      5454435F 
 1192      53544F50 
 1193              	.LASF61:
 1194 0ad8 4359424C 		.ascii	"CYBLE_EVT_GATTS_EXEC_WRITE_REQ\000"
 1194      455F4556 
 1194      545F4741 
 1194      5454535F 
 1194      45584543 
 1195              	.LASF103:
 1196 0af7 66726565 		.ascii	"free\000"
 1196      00
 1197              	.LASF93:
 1198 0afc 54696D65 		.ascii	"Timer_Update_Int_Handler\000"
 1198      725F5570 
 1198      64617465 
 1198      5F496E74 
 1198      5F48616E 
 1199              	.LASF66:
 1200 0b15 4359424C 		.ascii	"CYBLE_EVT_GATTS_DATA_SIGNED_CMD_REQ\000"
 1200      455F4556 
 1200      545F4741 
 1200      5454535F 
 1200      44415441 
 1201              	.LASF83:
 1202 0b39 4359424C 		.ascii	"CYBLE_EVT_HCI_PKT\000"
 1202      455F4556 
 1202      545F4843 
 1202      495F504B 
 1202      5400
 1203              	.LASF36:
 1204 0b4b 4359424C 		.ascii	"CYBLE_EVT_GAP_OOB_GENERATED_NOTIFICATION\000"
 1204      455F4556 
 1204      545F4741 
 1204      505F4F4F 
 1204      425F4745 
 1205              		.ident	"GCC: (GNU Tools for ARM Embedded Processors) 5.4.1 20160609 (release) [ARM/embedded-5-bran
