ARM GAS  C:\Users\Roi\AppData\Local\Temp\cczm3xp8.s 			page 1


   1              		.syntax unified
   2              		.cpu cortex-m0
   3              		.fpu softvfp
   4              		.eabi_attribute 20, 1
   5              		.eabi_attribute 21, 1
   6              		.eabi_attribute 23, 3
   7              		.eabi_attribute 24, 1
   8              		.eabi_attribute 25, 1
   9              		.eabi_attribute 26, 1
  10              		.eabi_attribute 30, 1
  11              		.eabi_attribute 34, 0
  12              		.eabi_attribute 18, 4
  13              		.thumb
  14              		.syntax unified
  15              		.file	"main.c"
  16              		.text
  17              	.Ltext0:
  18              		.cfi_sections	.debug_frame
  19              		.section	.text.main,"ax",%progbits
  20              		.align	2
  21              		.global	main
  22              		.code	16
  23              		.thumb_func
  24              		.type	main, %function
  25              	main:
  26              	.LFB36:
  27              		.file 1 "main.c"
   1:main.c        **** #include "smartboy.h"
   2:main.c        **** 
   3:main.c        **** int main(void)
   4:main.c        **** {
  28              		.loc 1 4 0
  29              		.cfi_startproc
  30              		@ args = 0, pretend = 0, frame = 0
  31              		@ frame_needed = 0, uses_anonymous_args = 0
  32 0000 10B5     		push	{r4, lr}
  33              		.cfi_def_cfa_offset 8
  34              		.cfi_offset 4, -8
  35              		.cfi_offset 14, -4
   5:main.c        ****     CyGlobalIntEnable; /* Enable global interrupts. */
  36              		.loc 1 5 0
  37              		.syntax divided
  38              	@ 5 "main.c" 1
  39 0002 62B6     		CPSIE   i
  40              	@ 0 "" 2
   6:main.c        ****     
   7:main.c        ****     protocol_init();
  41              		.loc 1 7 0
  42              		.thumb
  43              		.syntax unified
  44 0004 FFF7FEFF 		bl	protocol_init
  45              	.LVL0:
  46              	.L2:
  47              	.LBB2:
   8:main.c        ****     
   9:main.c        ****     for(;;) {
  10:main.c        ****         CyBle_ProcessEvents();
ARM GAS  C:\Users\Roi\AppData\Local\Temp\cczm3xp8.s 			page 2


  48              		.loc 1 10 0
  49 0008 FFF7FEFF 		bl	CyBle_ProcessEvents
  50              	.LVL1:
  11:main.c        ****         //start_advertisement();
  12:main.c        ****         /* Handle BLE Status LED */
  13:main.c        ****         bool ble_mode = get_ble_mode();
  51              		.loc 1 13 0
  52 000c FFF7FEFF 		bl	get_ble_mode
  53              	.LVL2:
  14:main.c        ****         //change_mode();
  15:main.c        ****         if(ble_mode){
  54              		.loc 1 15 0
  55 0010 0028     		cmp	r0, #0
  56 0012 F9D0     		beq	.L2
  16:main.c        **** 		    //HandleLEDs(ble_mode);
  17:main.c        ****             sensor_signalization();
  57              		.loc 1 17 0
  58 0014 FFF7FEFF 		bl	sensor_signalization
  59              	.LVL3:
  60 0018 F6E7     		b	.L2
  61              	.LBE2:
  62              		.cfi_endproc
  63              	.LFE36:
  64              		.size	main, .-main
  65 001a C046     		.text
  66              	.Letext0:
  67              		.file 2 "Generated_Source\\PSoC4/BLE_Stack.h"
  68              		.file 3 "buttons.h"
  69              		.file 4 "verify_value.h"
  70              		.file 5 "protocol.h"
  71              		.section	.debug_info,"",%progbits
  72              	.Ldebug_info0:
  73 0000 1A010000 		.4byte	0x11a
  74 0004 0400     		.2byte	0x4
  75 0006 00000000 		.4byte	.Ldebug_abbrev0
  76 000a 04       		.byte	0x4
  77 000b 01       		.uleb128 0x1
  78 000c D1000000 		.4byte	.LASF19
  79 0010 0C       		.byte	0xc
  80 0011 1B000000 		.4byte	.LASF20
  81 0015 22000000 		.4byte	.LASF21
  82 0019 00000000 		.4byte	.Ldebug_ranges0+0
  83 001d 00000000 		.4byte	0
  84 0021 00000000 		.4byte	.Ldebug_line0
  85 0025 02       		.uleb128 0x2
  86 0026 01       		.byte	0x1
  87 0027 06       		.byte	0x6
  88 0028 72010000 		.4byte	.LASF0
  89 002c 02       		.uleb128 0x2
  90 002d 01       		.byte	0x1
  91 002e 08       		.byte	0x8
  92 002f 75000000 		.4byte	.LASF1
  93 0033 02       		.uleb128 0x2
  94 0034 02       		.byte	0x2
  95 0035 05       		.byte	0x5
  96 0036 4F000000 		.4byte	.LASF2
  97 003a 02       		.uleb128 0x2
ARM GAS  C:\Users\Roi\AppData\Local\Temp\cczm3xp8.s 			page 3


  98 003b 02       		.byte	0x2
  99 003c 07       		.byte	0x7
 100 003d 5F010000 		.4byte	.LASF3
 101 0041 02       		.uleb128 0x2
 102 0042 04       		.byte	0x4
 103 0043 05       		.byte	0x5
 104 0044 A9000000 		.4byte	.LASF4
 105 0048 02       		.uleb128 0x2
 106 0049 04       		.byte	0x4
 107 004a 07       		.byte	0x7
 108 004b B9000000 		.4byte	.LASF5
 109 004f 02       		.uleb128 0x2
 110 0050 08       		.byte	0x8
 111 0051 05       		.byte	0x5
 112 0052 00000000 		.4byte	.LASF6
 113 0056 02       		.uleb128 0x2
 114 0057 08       		.byte	0x8
 115 0058 07       		.byte	0x7
 116 0059 59000000 		.4byte	.LASF7
 117 005d 03       		.uleb128 0x3
 118 005e 04       		.byte	0x4
 119 005f 05       		.byte	0x5
 120 0060 696E7400 		.ascii	"int\000"
 121 0064 02       		.uleb128 0x2
 122 0065 04       		.byte	0x4
 123 0066 07       		.byte	0x7
 124 0067 0E000000 		.4byte	.LASF8
 125 006b 02       		.uleb128 0x2
 126 006c 04       		.byte	0x4
 127 006d 04       		.byte	0x4
 128 006e 8A010000 		.4byte	.LASF9
 129 0072 02       		.uleb128 0x2
 130 0073 08       		.byte	0x8
 131 0074 04       		.byte	0x4
 132 0075 B2000000 		.4byte	.LASF10
 133 0079 02       		.uleb128 0x2
 134 007a 01       		.byte	0x1
 135 007b 08       		.byte	0x8
 136 007c 70000000 		.4byte	.LASF11
 137 0080 02       		.uleb128 0x2
 138 0081 08       		.byte	0x8
 139 0082 04       		.byte	0x4
 140 0083 7E010000 		.4byte	.LASF12
 141 0087 02       		.uleb128 0x2
 142 0088 04       		.byte	0x4
 143 0089 07       		.byte	0x7
 144 008a BC010000 		.4byte	.LASF13
 145 008e 04       		.uleb128 0x4
 146 008f 97000000 		.4byte	.LASF22
 147 0093 01       		.byte	0x1
 148 0094 03       		.byte	0x3
 149 0095 5D000000 		.4byte	0x5d
 150 0099 00000000 		.4byte	.LFB36
 151 009d 1A000000 		.4byte	.LFE36-.LFB36
 152 00a1 01       		.uleb128 0x1
 153 00a2 9C       		.byte	0x9c
 154 00a3 E9000000 		.4byte	0xe9
ARM GAS  C:\Users\Roi\AppData\Local\Temp\cczm3xp8.s 			page 4


 155 00a7 05       		.uleb128 0x5
 156 00a8 08000000 		.4byte	.LBB2
 157 00ac 12000000 		.4byte	.LBE2-.LBB2
 158 00b0 DF000000 		.4byte	0xdf
 159 00b4 06       		.uleb128 0x6
 160 00b5 B3010000 		.4byte	.LASF23
 161 00b9 01       		.byte	0x1
 162 00ba 0D       		.byte	0xd
 163 00bb E9000000 		.4byte	0xe9
 164 00bf 00000000 		.4byte	.LLST0
 165 00c3 07       		.uleb128 0x7
 166 00c4 0C000000 		.4byte	.LVL1
 167 00c8 F0000000 		.4byte	0xf0
 168 00cc 07       		.uleb128 0x7
 169 00cd 10000000 		.4byte	.LVL2
 170 00d1 FC000000 		.4byte	0xfc
 171 00d5 07       		.uleb128 0x7
 172 00d6 18000000 		.4byte	.LVL3
 173 00da 07010000 		.4byte	0x107
 174 00de 00       		.byte	0
 175 00df 07       		.uleb128 0x7
 176 00e0 08000000 		.4byte	.LVL0
 177 00e4 12010000 		.4byte	0x112
 178 00e8 00       		.byte	0
 179 00e9 02       		.uleb128 0x2
 180 00ea 01       		.byte	0x1
 181 00eb 02       		.byte	0x2
 182 00ec CB000000 		.4byte	.LASF14
 183 00f0 08       		.uleb128 0x8
 184 00f1 83000000 		.4byte	.LASF15
 185 00f5 83000000 		.4byte	.LASF15
 186 00f9 02       		.byte	0x2
 187 00fa CF07     		.2byte	0x7cf
 188 00fc 09       		.uleb128 0x9
 189 00fd 9C000000 		.4byte	.LASF16
 190 0101 9C000000 		.4byte	.LASF16
 191 0105 03       		.byte	0x3
 192 0106 05       		.byte	0x5
 193 0107 09       		.uleb128 0x9
 194 0108 90010000 		.4byte	.LASF17
 195 010c 90010000 		.4byte	.LASF17
 196 0110 04       		.byte	0x4
 197 0111 05       		.byte	0x5
 198 0112 09       		.uleb128 0x9
 199 0113 A5010000 		.4byte	.LASF18
 200 0117 A5010000 		.4byte	.LASF18
 201 011b 05       		.byte	0x5
 202 011c 03       		.byte	0x3
 203 011d 00       		.byte	0
 204              		.section	.debug_abbrev,"",%progbits
 205              	.Ldebug_abbrev0:
 206 0000 01       		.uleb128 0x1
 207 0001 11       		.uleb128 0x11
 208 0002 01       		.byte	0x1
 209 0003 25       		.uleb128 0x25
 210 0004 0E       		.uleb128 0xe
 211 0005 13       		.uleb128 0x13
ARM GAS  C:\Users\Roi\AppData\Local\Temp\cczm3xp8.s 			page 5


 212 0006 0B       		.uleb128 0xb
 213 0007 03       		.uleb128 0x3
 214 0008 0E       		.uleb128 0xe
 215 0009 1B       		.uleb128 0x1b
 216 000a 0E       		.uleb128 0xe
 217 000b 55       		.uleb128 0x55
 218 000c 17       		.uleb128 0x17
 219 000d 11       		.uleb128 0x11
 220 000e 01       		.uleb128 0x1
 221 000f 10       		.uleb128 0x10
 222 0010 17       		.uleb128 0x17
 223 0011 00       		.byte	0
 224 0012 00       		.byte	0
 225 0013 02       		.uleb128 0x2
 226 0014 24       		.uleb128 0x24
 227 0015 00       		.byte	0
 228 0016 0B       		.uleb128 0xb
 229 0017 0B       		.uleb128 0xb
 230 0018 3E       		.uleb128 0x3e
 231 0019 0B       		.uleb128 0xb
 232 001a 03       		.uleb128 0x3
 233 001b 0E       		.uleb128 0xe
 234 001c 00       		.byte	0
 235 001d 00       		.byte	0
 236 001e 03       		.uleb128 0x3
 237 001f 24       		.uleb128 0x24
 238 0020 00       		.byte	0
 239 0021 0B       		.uleb128 0xb
 240 0022 0B       		.uleb128 0xb
 241 0023 3E       		.uleb128 0x3e
 242 0024 0B       		.uleb128 0xb
 243 0025 03       		.uleb128 0x3
 244 0026 08       		.uleb128 0x8
 245 0027 00       		.byte	0
 246 0028 00       		.byte	0
 247 0029 04       		.uleb128 0x4
 248 002a 2E       		.uleb128 0x2e
 249 002b 01       		.byte	0x1
 250 002c 3F       		.uleb128 0x3f
 251 002d 19       		.uleb128 0x19
 252 002e 03       		.uleb128 0x3
 253 002f 0E       		.uleb128 0xe
 254 0030 3A       		.uleb128 0x3a
 255 0031 0B       		.uleb128 0xb
 256 0032 3B       		.uleb128 0x3b
 257 0033 0B       		.uleb128 0xb
 258 0034 27       		.uleb128 0x27
 259 0035 19       		.uleb128 0x19
 260 0036 49       		.uleb128 0x49
 261 0037 13       		.uleb128 0x13
 262 0038 8701     		.uleb128 0x87
 263 003a 19       		.uleb128 0x19
 264 003b 11       		.uleb128 0x11
 265 003c 01       		.uleb128 0x1
 266 003d 12       		.uleb128 0x12
 267 003e 06       		.uleb128 0x6
 268 003f 40       		.uleb128 0x40
ARM GAS  C:\Users\Roi\AppData\Local\Temp\cczm3xp8.s 			page 6


 269 0040 18       		.uleb128 0x18
 270 0041 9742     		.uleb128 0x2117
 271 0043 19       		.uleb128 0x19
 272 0044 01       		.uleb128 0x1
 273 0045 13       		.uleb128 0x13
 274 0046 00       		.byte	0
 275 0047 00       		.byte	0
 276 0048 05       		.uleb128 0x5
 277 0049 0B       		.uleb128 0xb
 278 004a 01       		.byte	0x1
 279 004b 11       		.uleb128 0x11
 280 004c 01       		.uleb128 0x1
 281 004d 12       		.uleb128 0x12
 282 004e 06       		.uleb128 0x6
 283 004f 01       		.uleb128 0x1
 284 0050 13       		.uleb128 0x13
 285 0051 00       		.byte	0
 286 0052 00       		.byte	0
 287 0053 06       		.uleb128 0x6
 288 0054 34       		.uleb128 0x34
 289 0055 00       		.byte	0
 290 0056 03       		.uleb128 0x3
 291 0057 0E       		.uleb128 0xe
 292 0058 3A       		.uleb128 0x3a
 293 0059 0B       		.uleb128 0xb
 294 005a 3B       		.uleb128 0x3b
 295 005b 0B       		.uleb128 0xb
 296 005c 49       		.uleb128 0x49
 297 005d 13       		.uleb128 0x13
 298 005e 02       		.uleb128 0x2
 299 005f 17       		.uleb128 0x17
 300 0060 00       		.byte	0
 301 0061 00       		.byte	0
 302 0062 07       		.uleb128 0x7
 303 0063 898201   		.uleb128 0x4109
 304 0066 00       		.byte	0
 305 0067 11       		.uleb128 0x11
 306 0068 01       		.uleb128 0x1
 307 0069 31       		.uleb128 0x31
 308 006a 13       		.uleb128 0x13
 309 006b 00       		.byte	0
 310 006c 00       		.byte	0
 311 006d 08       		.uleb128 0x8
 312 006e 2E       		.uleb128 0x2e
 313 006f 00       		.byte	0
 314 0070 3F       		.uleb128 0x3f
 315 0071 19       		.uleb128 0x19
 316 0072 3C       		.uleb128 0x3c
 317 0073 19       		.uleb128 0x19
 318 0074 6E       		.uleb128 0x6e
 319 0075 0E       		.uleb128 0xe
 320 0076 03       		.uleb128 0x3
 321 0077 0E       		.uleb128 0xe
 322 0078 3A       		.uleb128 0x3a
 323 0079 0B       		.uleb128 0xb
 324 007a 3B       		.uleb128 0x3b
 325 007b 05       		.uleb128 0x5
ARM GAS  C:\Users\Roi\AppData\Local\Temp\cczm3xp8.s 			page 7


 326 007c 00       		.byte	0
 327 007d 00       		.byte	0
 328 007e 09       		.uleb128 0x9
 329 007f 2E       		.uleb128 0x2e
 330 0080 00       		.byte	0
 331 0081 3F       		.uleb128 0x3f
 332 0082 19       		.uleb128 0x19
 333 0083 3C       		.uleb128 0x3c
 334 0084 19       		.uleb128 0x19
 335 0085 6E       		.uleb128 0x6e
 336 0086 0E       		.uleb128 0xe
 337 0087 03       		.uleb128 0x3
 338 0088 0E       		.uleb128 0xe
 339 0089 3A       		.uleb128 0x3a
 340 008a 0B       		.uleb128 0xb
 341 008b 3B       		.uleb128 0x3b
 342 008c 0B       		.uleb128 0xb
 343 008d 00       		.byte	0
 344 008e 00       		.byte	0
 345 008f 00       		.byte	0
 346              		.section	.debug_loc,"",%progbits
 347              	.Ldebug_loc0:
 348              	.LLST0:
 349 0000 10000000 		.4byte	.LVL2
 350 0004 17000000 		.4byte	.LVL3-1
 351 0008 0100     		.2byte	0x1
 352 000a 50       		.byte	0x50
 353 000b 00000000 		.4byte	0
 354 000f 00000000 		.4byte	0
 355              		.section	.debug_aranges,"",%progbits
 356 0000 1C000000 		.4byte	0x1c
 357 0004 0200     		.2byte	0x2
 358 0006 00000000 		.4byte	.Ldebug_info0
 359 000a 04       		.byte	0x4
 360 000b 00       		.byte	0
 361 000c 0000     		.2byte	0
 362 000e 0000     		.2byte	0
 363 0010 00000000 		.4byte	.LFB36
 364 0014 1A000000 		.4byte	.LFE36-.LFB36
 365 0018 00000000 		.4byte	0
 366 001c 00000000 		.4byte	0
 367              		.section	.debug_ranges,"",%progbits
 368              	.Ldebug_ranges0:
 369 0000 00000000 		.4byte	.LFB36
 370 0004 1A000000 		.4byte	.LFE36
 371 0008 00000000 		.4byte	0
 372 000c 00000000 		.4byte	0
 373              		.section	.debug_line,"",%progbits
 374              	.Ldebug_line0:
 375 0000 89000000 		.section	.debug_str,"MS",%progbits,1
 375      02007000 
 375      00000201 
 375      FB0E0D00 
 375      01010101 
 376              	.LASF6:
 377 0000 6C6F6E67 		.ascii	"long long int\000"
 377      206C6F6E 
ARM GAS  C:\Users\Roi\AppData\Local\Temp\cczm3xp8.s 			page 8


 377      6720696E 
 377      7400
 378              	.LASF8:
 379 000e 756E7369 		.ascii	"unsigned int\000"
 379      676E6564 
 379      20696E74 
 379      00
 380              	.LASF20:
 381 001b 6D61696E 		.ascii	"main.c\000"
 381      2E6300
 382              	.LASF21:
 383 0022 443A5C62 		.ascii	"D:\\bachelor_work\\program\\Goal\\SmartBoy.cydsn\000"
 383      61636865 
 383      6C6F725F 
 383      776F726B 
 383      5C70726F 
 384              	.LASF2:
 385 004f 73686F72 		.ascii	"short int\000"
 385      7420696E 
 385      7400
 386              	.LASF7:
 387 0059 6C6F6E67 		.ascii	"long long unsigned int\000"
 387      206C6F6E 
 387      6720756E 
 387      7369676E 
 387      65642069 
 388              	.LASF11:
 389 0070 63686172 		.ascii	"char\000"
 389      00
 390              	.LASF1:
 391 0075 756E7369 		.ascii	"unsigned char\000"
 391      676E6564 
 391      20636861 
 391      7200
 392              	.LASF15:
 393 0083 4379426C 		.ascii	"CyBle_ProcessEvents\000"
 393      655F5072 
 393      6F636573 
 393      73457665 
 393      6E747300 
 394              	.LASF22:
 395 0097 6D61696E 		.ascii	"main\000"
 395      00
 396              	.LASF16:
 397 009c 6765745F 		.ascii	"get_ble_mode\000"
 397      626C655F 
 397      6D6F6465 
 397      00
 398              	.LASF4:
 399 00a9 6C6F6E67 		.ascii	"long int\000"
 399      20696E74 
 399      00
 400              	.LASF10:
 401 00b2 646F7562 		.ascii	"double\000"
 401      6C6500
 402              	.LASF5:
 403 00b9 6C6F6E67 		.ascii	"long unsigned int\000"
ARM GAS  C:\Users\Roi\AppData\Local\Temp\cczm3xp8.s 			page 9


 403      20756E73 
 403      69676E65 
 403      6420696E 
 403      7400
 404              	.LASF14:
 405 00cb 5F426F6F 		.ascii	"_Bool\000"
 405      6C00
 406              	.LASF19:
 407 00d1 474E5520 		.ascii	"GNU C11 5.4.1 20160609 (release) [ARM/embedded-5-br"
 407      43313120 
 407      352E342E 
 407      31203230 
 407      31363036 
 408 0104 616E6368 		.ascii	"anch revision 237715] -mcpu=cortex-m0 -mthumb -g -O"
 408      20726576 
 408      6973696F 
 408      6E203233 
 408      37373135 
 409 0137 67202D66 		.ascii	"g -ffunction-sections -ffat-lto-objects\000"
 409      66756E63 
 409      74696F6E 
 409      2D736563 
 409      74696F6E 
 410              	.LASF3:
 411 015f 73686F72 		.ascii	"short unsigned int\000"
 411      7420756E 
 411      7369676E 
 411      65642069 
 411      6E7400
 412              	.LASF0:
 413 0172 7369676E 		.ascii	"signed char\000"
 413      65642063 
 413      68617200 
 414              	.LASF12:
 415 017e 6C6F6E67 		.ascii	"long double\000"
 415      20646F75 
 415      626C6500 
 416              	.LASF9:
 417 018a 666C6F61 		.ascii	"float\000"
 417      7400
 418              	.LASF17:
 419 0190 73656E73 		.ascii	"sensor_signalization\000"
 419      6F725F73 
 419      69676E61 
 419      6C697A61 
 419      74696F6E 
 420              	.LASF18:
 421 01a5 70726F74 		.ascii	"protocol_init\000"
 421      6F636F6C 
 421      5F696E69 
 421      7400
 422              	.LASF23:
 423 01b3 626C655F 		.ascii	"ble_mode\000"
 423      6D6F6465 
 423      00
 424              	.LASF13:
 425 01bc 73697A65 		.ascii	"sizetype\000"
ARM GAS  C:\Users\Roi\AppData\Local\Temp\cczm3xp8.s 			page 10


 425      74797065 
 425      00
 426              		.ident	"GCC: (GNU Tools for ARM Embedded Processors) 5.4.1 20160609 (release) [ARM/embedded-5-bran
