ARM GAS  C:\Users\Roi\AppData\Local\Temp\cc0uOUpl.s 			page 1


   1              		.syntax unified
   2              		.cpu cortex-m0
   3              		.fpu softvfp
   4              		.eabi_attribute 20, 1
   5              		.eabi_attribute 21, 1
   6              		.eabi_attribute 23, 3
   7              		.eabi_attribute 24, 1
   8              		.eabi_attribute 25, 1
   9              		.eabi_attribute 26, 1
  10              		.eabi_attribute 30, 1
  11              		.eabi_attribute 34, 0
  12              		.eabi_attribute 18, 4
  13              		.thumb
  14              		.syntax unified
  15              		.file	"protocol.c"
  16              		.text
  17              	.Ltext0:
  18              		.cfi_sections	.debug_frame
  19              		.section	.text.protocol_init,"ax",%progbits
  20              		.align	2
  21              		.global	protocol_init
  22              		.code	16
  23              		.thumb_func
  24              		.type	protocol_init, %function
  25              	protocol_init:
  26              	.LFB36:
  27              		.file 1 "protocol.c"
   1:protocol.c    **** #include "smartboy.h"
   2:protocol.c    **** 
   3:protocol.c    **** void protocol_init(void) {
  28              		.loc 1 3 0
  29              		.cfi_startproc
  30              		@ args = 0, pretend = 0, frame = 0
  31              		@ frame_needed = 0, uses_anonymous_args = 0
  32 0000 10B5     		push	{r4, lr}
  33              		.cfi_def_cfa_offset 8
  34              		.cfi_offset 4, -8
  35              		.cfi_offset 14, -4
   4:protocol.c    ****     adc_init();
  36              		.loc 1 4 0
  37 0002 FFF7FEFF 		bl	adc_init
  38              	.LVL0:
   5:protocol.c    ****     lcd_init();
  39              		.loc 1 5 0
  40 0006 FFF7FEFF 		bl	lcd_init
  41              	.LVL1:
   6:protocol.c    ****     Button_Reset_Int_StartEx(Button_Reset_Int_Handler);
  42              		.loc 1 6 0
  43 000a 0B48     		ldr	r0, .L2
  44 000c FFF7FEFF 		bl	Button_Reset_Int_StartEx
  45              	.LVL2:
   7:protocol.c    ****     Button_Scan_Int_StartEx(Button_Scan_Int_Handler);
  46              		.loc 1 7 0
  47 0010 0A48     		ldr	r0, .L2+4
  48 0012 FFF7FEFF 		bl	Button_Scan_Int_StartEx
  49              	.LVL3:
   8:protocol.c    ****     
ARM GAS  C:\Users\Roi\AppData\Local\Temp\cc0uOUpl.s 			page 2


   9:protocol.c    **** 	/* Start BLE component with appropriate Event handler function */
  10:protocol.c    **** 	CyBle_Start(BleCallBack);
  50              		.loc 1 10 0
  51 0016 0A48     		ldr	r0, .L2+8
  52 0018 FFF7FEFF 		bl	CyBle_Start
  53              	.LVL4:
  11:protocol.c    ****     //CyBle_Start(BleCallBackServer);
  12:protocol.c    ****     
  13:protocol.c    ****     Timer_Int_StartEx( Timer_Int_Handler );
  54              		.loc 1 13 0
  55 001c 0948     		ldr	r0, .L2+12
  56 001e FFF7FEFF 		bl	Timer_Int_StartEx
  57              	.LVL5:
  14:protocol.c    ****     Timer_Update_Start();
  58              		.loc 1 14 0
  59 0022 FFF7FEFF 		bl	Timer_Update_Start
  60              	.LVL6:
  15:protocol.c    ****     Timer_Update_Int_StartEx( Timer_Update_Int_Handler );
  61              		.loc 1 15 0
  62 0026 0848     		ldr	r0, .L2+16
  63 0028 FFF7FEFF 		bl	Timer_Update_Int_StartEx
  64              	.LVL7:
  16:protocol.c    **** 	
  17:protocol.c    **** 	/* Set the BD address of peripheral device to which we have to connect */
  18:protocol.c    **** 	set_initial_peripheral_address(); 
  65              		.loc 1 18 0
  66 002c FFF7FEFF 		bl	set_initial_peripheral_address
  67              	.LVL8:
  19:protocol.c    ****     
  20:protocol.c    ****     lcd_data_screen();
  68              		.loc 1 20 0
  69 0030 FFF7FEFF 		bl	lcd_data_screen
  70              	.LVL9:
  21:protocol.c    **** }
  71              		.loc 1 21 0
  72              		@ sp needed
  73 0034 10BD     		pop	{r4, pc}
  74              	.L3:
  75 0036 C046     		.align	2
  76              	.L2:
  77 0038 00000000 		.word	Button_Reset_Int_Handler
  78 003c 00000000 		.word	Button_Scan_Int_Handler
  79 0040 00000000 		.word	BleCallBack
  80 0044 00000000 		.word	Timer_Int_Handler
  81 0048 00000000 		.word	Timer_Update_Int_Handler
  82              		.cfi_endproc
  83              	.LFE36:
  84              		.size	protocol_init, .-protocol_init
  85              		.text
  86              	.Letext0:
  87              		.file 2 "adc_read.h"
  88              		.file 3 "lcd_smartboy.h"
  89              		.file 4 "Generated_Source\\PSoC4/Button_Reset_Int.h"
  90              		.file 5 "Generated_Source\\PSoC4/Button_Scan_Int.h"
  91              		.file 6 "Generated_Source\\PSoC4/BLE.h"
  92              		.file 7 "Generated_Source\\PSoC4/Timer_Int.h"
  93              		.file 8 "Generated_Source\\PSoC4/Timer_Update.h"
ARM GAS  C:\Users\Roi\AppData\Local\Temp\cc0uOUpl.s 			page 3


  94              		.file 9 "Generated_Source\\PSoC4/Timer_Update_Int.h"
  95              		.file 10 "ble_client.h"
  96              		.section	.debug_info,"",%progbits
  97              	.Ldebug_info0:
  98 0000 6B010000 		.4byte	0x16b
  99 0004 0400     		.2byte	0x4
 100 0006 00000000 		.4byte	.Ldebug_abbrev0
 101 000a 04       		.byte	0x4
 102 000b 01       		.uleb128 0x1
 103 000c 4A010000 		.4byte	.LASF24
 104 0010 0C       		.byte	0xc
 105 0011 90000000 		.4byte	.LASF25
 106 0015 4A000000 		.4byte	.LASF26
 107 0019 00000000 		.4byte	.Ldebug_ranges0+0
 108 001d 00000000 		.4byte	0
 109 0021 00000000 		.4byte	.Ldebug_line0
 110 0025 02       		.uleb128 0x2
 111 0026 01       		.byte	0x1
 112 0027 06       		.byte	0x6
 113 0028 EB010000 		.4byte	.LASF0
 114 002c 02       		.uleb128 0x2
 115 002d 01       		.byte	0x1
 116 002e 08       		.byte	0x8
 117 002f D4000000 		.4byte	.LASF1
 118 0033 02       		.uleb128 0x2
 119 0034 02       		.byte	0x2
 120 0035 05       		.byte	0x5
 121 0036 27010000 		.4byte	.LASF2
 122 003a 02       		.uleb128 0x2
 123 003b 02       		.byte	0x2
 124 003c 07       		.byte	0x7
 125 003d D8010000 		.4byte	.LASF3
 126 0041 02       		.uleb128 0x2
 127 0042 04       		.byte	0x4
 128 0043 05       		.byte	0x5
 129 0044 06010000 		.4byte	.LASF4
 130 0048 02       		.uleb128 0x2
 131 0049 04       		.byte	0x4
 132 004a 07       		.byte	0x7
 133 004b 31010000 		.4byte	.LASF5
 134 004f 02       		.uleb128 0x2
 135 0050 08       		.byte	0x8
 136 0051 05       		.byte	0x5
 137 0052 00000000 		.4byte	.LASF6
 138 0056 02       		.uleb128 0x2
 139 0057 08       		.byte	0x8
 140 0058 07       		.byte	0x7
 141 0059 A4000000 		.4byte	.LASF7
 142 005d 03       		.uleb128 0x3
 143 005e 04       		.byte	0x4
 144 005f 05       		.byte	0x5
 145 0060 696E7400 		.ascii	"int\000"
 146 0064 02       		.uleb128 0x2
 147 0065 04       		.byte	0x4
 148 0066 07       		.byte	0x7
 149 0067 0E000000 		.4byte	.LASF8
 150 006b 02       		.uleb128 0x2
ARM GAS  C:\Users\Roi\AppData\Local\Temp\cc0uOUpl.s 			page 4


 151 006c 04       		.byte	0x4
 152 006d 04       		.byte	0x4
 153 006e 0C020000 		.4byte	.LASF9
 154 0072 02       		.uleb128 0x2
 155 0073 08       		.byte	0x8
 156 0074 04       		.byte	0x4
 157 0075 43010000 		.4byte	.LASF10
 158 0079 02       		.uleb128 0x2
 159 007a 01       		.byte	0x1
 160 007b 08       		.byte	0x8
 161 007c E2000000 		.4byte	.LASF11
 162 0080 02       		.uleb128 0x2
 163 0081 08       		.byte	0x8
 164 0082 04       		.byte	0x4
 165 0083 F7010000 		.4byte	.LASF12
 166 0087 02       		.uleb128 0x2
 167 0088 04       		.byte	0x4
 168 0089 07       		.byte	0x7
 169 008a 20020000 		.4byte	.LASF13
 170 008e 04       		.uleb128 0x4
 171 008f 12020000 		.4byte	.LASF27
 172 0093 01       		.byte	0x1
 173 0094 03       		.byte	0x3
 174 0095 00000000 		.4byte	.LFB36
 175 0099 4C000000 		.4byte	.LFE36-.LFB36
 176 009d 01       		.uleb128 0x1
 177 009e 9C       		.byte	0x9c
 178 009f FE000000 		.4byte	0xfe
 179 00a3 05       		.uleb128 0x5
 180 00a4 06000000 		.4byte	.LVL0
 181 00a8 FE000000 		.4byte	0xfe
 182 00ac 05       		.uleb128 0x5
 183 00ad 0A000000 		.4byte	.LVL1
 184 00b1 09010000 		.4byte	0x109
 185 00b5 05       		.uleb128 0x5
 186 00b6 10000000 		.4byte	.LVL2
 187 00ba 14010000 		.4byte	0x114
 188 00be 05       		.uleb128 0x5
 189 00bf 16000000 		.4byte	.LVL3
 190 00c3 1F010000 		.4byte	0x11f
 191 00c7 05       		.uleb128 0x5
 192 00c8 1C000000 		.4byte	.LVL4
 193 00cc 2A010000 		.4byte	0x12a
 194 00d0 05       		.uleb128 0x5
 195 00d1 22000000 		.4byte	.LVL5
 196 00d5 36010000 		.4byte	0x136
 197 00d9 05       		.uleb128 0x5
 198 00da 26000000 		.4byte	.LVL6
 199 00de 41010000 		.4byte	0x141
 200 00e2 05       		.uleb128 0x5
 201 00e3 2C000000 		.4byte	.LVL7
 202 00e7 4D010000 		.4byte	0x14d
 203 00eb 05       		.uleb128 0x5
 204 00ec 30000000 		.4byte	.LVL8
 205 00f0 58010000 		.4byte	0x158
 206 00f4 05       		.uleb128 0x5
 207 00f5 34000000 		.4byte	.LVL9
ARM GAS  C:\Users\Roi\AppData\Local\Temp\cc0uOUpl.s 			page 5


 208 00f9 63010000 		.4byte	0x163
 209 00fd 00       		.byte	0
 210 00fe 06       		.uleb128 0x6
 211 00ff 9B000000 		.4byte	.LASF14
 212 0103 9B000000 		.4byte	.LASF14
 213 0107 02       		.byte	0x2
 214 0108 05       		.byte	0x5
 215 0109 06       		.uleb128 0x6
 216 010a 03020000 		.4byte	.LASF15
 217 010e 03020000 		.4byte	.LASF15
 218 0112 03       		.byte	0x3
 219 0113 07       		.byte	0x7
 220 0114 06       		.uleb128 0x6
 221 0115 77000000 		.4byte	.LASF16
 222 0119 77000000 		.4byte	.LASF16
 223 011d 04       		.byte	0x4
 224 011e 18       		.byte	0x18
 225 011f 06       		.uleb128 0x6
 226 0120 0F010000 		.4byte	.LASF17
 227 0124 0F010000 		.4byte	.LASF17
 228 0128 05       		.byte	0x5
 229 0129 18       		.byte	0x18
 230 012a 07       		.uleb128 0x7
 231 012b 2B000000 		.4byte	.LASF18
 232 012f 2B000000 		.4byte	.LASF18
 233 0133 06       		.byte	0x6
 234 0134 6E02     		.2byte	0x26e
 235 0136 06       		.uleb128 0x6
 236 0137 29020000 		.4byte	.LASF19
 237 013b 29020000 		.4byte	.LASF19
 238 013f 07       		.byte	0x7
 239 0140 18       		.byte	0x18
 240 0141 07       		.uleb128 0x7
 241 0142 37000000 		.4byte	.LASF20
 242 0146 37000000 		.4byte	.LASF20
 243 014a 08       		.byte	0x8
 244 014b 3201     		.2byte	0x132
 245 014d 06       		.uleb128 0x6
 246 014e BB000000 		.4byte	.LASF21
 247 0152 BB000000 		.4byte	.LASF21
 248 0156 09       		.byte	0x9
 249 0157 18       		.byte	0x18
 250 0158 06       		.uleb128 0x6
 251 0159 E7000000 		.4byte	.LASF22
 252 015d E7000000 		.4byte	.LASF22
 253 0161 0A       		.byte	0xa
 254 0162 1C       		.byte	0x1c
 255 0163 06       		.uleb128 0x6
 256 0164 1B000000 		.4byte	.LASF23
 257 0168 1B000000 		.4byte	.LASF23
 258 016c 03       		.byte	0x3
 259 016d 08       		.byte	0x8
 260 016e 00       		.byte	0
 261              		.section	.debug_abbrev,"",%progbits
 262              	.Ldebug_abbrev0:
 263 0000 01       		.uleb128 0x1
 264 0001 11       		.uleb128 0x11
ARM GAS  C:\Users\Roi\AppData\Local\Temp\cc0uOUpl.s 			page 6


 265 0002 01       		.byte	0x1
 266 0003 25       		.uleb128 0x25
 267 0004 0E       		.uleb128 0xe
 268 0005 13       		.uleb128 0x13
 269 0006 0B       		.uleb128 0xb
 270 0007 03       		.uleb128 0x3
 271 0008 0E       		.uleb128 0xe
 272 0009 1B       		.uleb128 0x1b
 273 000a 0E       		.uleb128 0xe
 274 000b 55       		.uleb128 0x55
 275 000c 17       		.uleb128 0x17
 276 000d 11       		.uleb128 0x11
 277 000e 01       		.uleb128 0x1
 278 000f 10       		.uleb128 0x10
 279 0010 17       		.uleb128 0x17
 280 0011 00       		.byte	0
 281 0012 00       		.byte	0
 282 0013 02       		.uleb128 0x2
 283 0014 24       		.uleb128 0x24
 284 0015 00       		.byte	0
 285 0016 0B       		.uleb128 0xb
 286 0017 0B       		.uleb128 0xb
 287 0018 3E       		.uleb128 0x3e
 288 0019 0B       		.uleb128 0xb
 289 001a 03       		.uleb128 0x3
 290 001b 0E       		.uleb128 0xe
 291 001c 00       		.byte	0
 292 001d 00       		.byte	0
 293 001e 03       		.uleb128 0x3
 294 001f 24       		.uleb128 0x24
 295 0020 00       		.byte	0
 296 0021 0B       		.uleb128 0xb
 297 0022 0B       		.uleb128 0xb
 298 0023 3E       		.uleb128 0x3e
 299 0024 0B       		.uleb128 0xb
 300 0025 03       		.uleb128 0x3
 301 0026 08       		.uleb128 0x8
 302 0027 00       		.byte	0
 303 0028 00       		.byte	0
 304 0029 04       		.uleb128 0x4
 305 002a 2E       		.uleb128 0x2e
 306 002b 01       		.byte	0x1
 307 002c 3F       		.uleb128 0x3f
 308 002d 19       		.uleb128 0x19
 309 002e 03       		.uleb128 0x3
 310 002f 0E       		.uleb128 0xe
 311 0030 3A       		.uleb128 0x3a
 312 0031 0B       		.uleb128 0xb
 313 0032 3B       		.uleb128 0x3b
 314 0033 0B       		.uleb128 0xb
 315 0034 27       		.uleb128 0x27
 316 0035 19       		.uleb128 0x19
 317 0036 11       		.uleb128 0x11
 318 0037 01       		.uleb128 0x1
 319 0038 12       		.uleb128 0x12
 320 0039 06       		.uleb128 0x6
 321 003a 40       		.uleb128 0x40
ARM GAS  C:\Users\Roi\AppData\Local\Temp\cc0uOUpl.s 			page 7


 322 003b 18       		.uleb128 0x18
 323 003c 9742     		.uleb128 0x2117
 324 003e 19       		.uleb128 0x19
 325 003f 01       		.uleb128 0x1
 326 0040 13       		.uleb128 0x13
 327 0041 00       		.byte	0
 328 0042 00       		.byte	0
 329 0043 05       		.uleb128 0x5
 330 0044 898201   		.uleb128 0x4109
 331 0047 00       		.byte	0
 332 0048 11       		.uleb128 0x11
 333 0049 01       		.uleb128 0x1
 334 004a 31       		.uleb128 0x31
 335 004b 13       		.uleb128 0x13
 336 004c 00       		.byte	0
 337 004d 00       		.byte	0
 338 004e 06       		.uleb128 0x6
 339 004f 2E       		.uleb128 0x2e
 340 0050 00       		.byte	0
 341 0051 3F       		.uleb128 0x3f
 342 0052 19       		.uleb128 0x19
 343 0053 3C       		.uleb128 0x3c
 344 0054 19       		.uleb128 0x19
 345 0055 6E       		.uleb128 0x6e
 346 0056 0E       		.uleb128 0xe
 347 0057 03       		.uleb128 0x3
 348 0058 0E       		.uleb128 0xe
 349 0059 3A       		.uleb128 0x3a
 350 005a 0B       		.uleb128 0xb
 351 005b 3B       		.uleb128 0x3b
 352 005c 0B       		.uleb128 0xb
 353 005d 00       		.byte	0
 354 005e 00       		.byte	0
 355 005f 07       		.uleb128 0x7
 356 0060 2E       		.uleb128 0x2e
 357 0061 00       		.byte	0
 358 0062 3F       		.uleb128 0x3f
 359 0063 19       		.uleb128 0x19
 360 0064 3C       		.uleb128 0x3c
 361 0065 19       		.uleb128 0x19
 362 0066 6E       		.uleb128 0x6e
 363 0067 0E       		.uleb128 0xe
 364 0068 03       		.uleb128 0x3
 365 0069 0E       		.uleb128 0xe
 366 006a 3A       		.uleb128 0x3a
 367 006b 0B       		.uleb128 0xb
 368 006c 3B       		.uleb128 0x3b
 369 006d 05       		.uleb128 0x5
 370 006e 00       		.byte	0
 371 006f 00       		.byte	0
 372 0070 00       		.byte	0
 373              		.section	.debug_aranges,"",%progbits
 374 0000 1C000000 		.4byte	0x1c
 375 0004 0200     		.2byte	0x2
 376 0006 00000000 		.4byte	.Ldebug_info0
 377 000a 04       		.byte	0x4
 378 000b 00       		.byte	0
ARM GAS  C:\Users\Roi\AppData\Local\Temp\cc0uOUpl.s 			page 8


 379 000c 0000     		.2byte	0
 380 000e 0000     		.2byte	0
 381 0010 00000000 		.4byte	.LFB36
 382 0014 4C000000 		.4byte	.LFE36-.LFB36
 383 0018 00000000 		.4byte	0
 384 001c 00000000 		.4byte	0
 385              		.section	.debug_ranges,"",%progbits
 386              	.Ldebug_ranges0:
 387 0000 00000000 		.4byte	.LFB36
 388 0004 4C000000 		.4byte	.LFE36
 389 0008 00000000 		.4byte	0
 390 000c 00000000 		.4byte	0
 391              		.section	.debug_line,"",%progbits
 392              	.Ldebug_line0:
 393 0000 F1000000 		.section	.debug_str,"MS",%progbits,1
 393      0200D300 
 393      00000201 
 393      FB0E0D00 
 393      01010101 
 394              	.LASF6:
 395 0000 6C6F6E67 		.ascii	"long long int\000"
 395      206C6F6E 
 395      6720696E 
 395      7400
 396              	.LASF8:
 397 000e 756E7369 		.ascii	"unsigned int\000"
 397      676E6564 
 397      20696E74 
 397      00
 398              	.LASF23:
 399 001b 6C63645F 		.ascii	"lcd_data_screen\000"
 399      64617461 
 399      5F736372 
 399      65656E00 
 400              	.LASF18:
 401 002b 4379426C 		.ascii	"CyBle_Start\000"
 401      655F5374 
 401      61727400 
 402              	.LASF20:
 403 0037 54696D65 		.ascii	"Timer_Update_Start\000"
 403      725F5570 
 403      64617465 
 403      5F537461 
 403      727400
 404              	.LASF26:
 405 004a 443A5C62 		.ascii	"D:\\bachelor_work\\program\\Goal\\SmartBoy.cydsn\000"
 405      61636865 
 405      6C6F725F 
 405      776F726B 
 405      5C70726F 
 406              	.LASF16:
 407 0077 42757474 		.ascii	"Button_Reset_Int_StartEx\000"
 407      6F6E5F52 
 407      65736574 
 407      5F496E74 
 407      5F537461 
 408              	.LASF25:
ARM GAS  C:\Users\Roi\AppData\Local\Temp\cc0uOUpl.s 			page 9


 409 0090 70726F74 		.ascii	"protocol.c\000"
 409      6F636F6C 
 409      2E6300
 410              	.LASF14:
 411 009b 6164635F 		.ascii	"adc_init\000"
 411      696E6974 
 411      00
 412              	.LASF7:
 413 00a4 6C6F6E67 		.ascii	"long long unsigned int\000"
 413      206C6F6E 
 413      6720756E 
 413      7369676E 
 413      65642069 
 414              	.LASF21:
 415 00bb 54696D65 		.ascii	"Timer_Update_Int_StartEx\000"
 415      725F5570 
 415      64617465 
 415      5F496E74 
 415      5F537461 
 416              	.LASF1:
 417 00d4 756E7369 		.ascii	"unsigned char\000"
 417      676E6564 
 417      20636861 
 417      7200
 418              	.LASF11:
 419 00e2 63686172 		.ascii	"char\000"
 419      00
 420              	.LASF22:
 421 00e7 7365745F 		.ascii	"set_initial_peripheral_address\000"
 421      696E6974 
 421      69616C5F 
 421      70657269 
 421      70686572 
 422              	.LASF4:
 423 0106 6C6F6E67 		.ascii	"long int\000"
 423      20696E74 
 423      00
 424              	.LASF17:
 425 010f 42757474 		.ascii	"Button_Scan_Int_StartEx\000"
 425      6F6E5F53 
 425      63616E5F 
 425      496E745F 
 425      53746172 
 426              	.LASF2:
 427 0127 73686F72 		.ascii	"short int\000"
 427      7420696E 
 427      7400
 428              	.LASF5:
 429 0131 6C6F6E67 		.ascii	"long unsigned int\000"
 429      20756E73 
 429      69676E65 
 429      6420696E 
 429      7400
 430              	.LASF10:
 431 0143 646F7562 		.ascii	"double\000"
 431      6C6500
 432              	.LASF24:
ARM GAS  C:\Users\Roi\AppData\Local\Temp\cc0uOUpl.s 			page 10


 433 014a 474E5520 		.ascii	"GNU C11 5.4.1 20160609 (release) [ARM/embedded-5-br"
 433      43313120 
 433      352E342E 
 433      31203230 
 433      31363036 
 434 017d 616E6368 		.ascii	"anch revision 237715] -mcpu=cortex-m0 -mthumb -g -O"
 434      20726576 
 434      6973696F 
 434      6E203233 
 434      37373135 
 435 01b0 67202D66 		.ascii	"g -ffunction-sections -ffat-lto-objects\000"
 435      66756E63 
 435      74696F6E 
 435      2D736563 
 435      74696F6E 
 436              	.LASF3:
 437 01d8 73686F72 		.ascii	"short unsigned int\000"
 437      7420756E 
 437      7369676E 
 437      65642069 
 437      6E7400
 438              	.LASF0:
 439 01eb 7369676E 		.ascii	"signed char\000"
 439      65642063 
 439      68617200 
 440              	.LASF12:
 441 01f7 6C6F6E67 		.ascii	"long double\000"
 441      20646F75 
 441      626C6500 
 442              	.LASF15:
 443 0203 6C63645F 		.ascii	"lcd_init\000"
 443      696E6974 
 443      00
 444              	.LASF9:
 445 020c 666C6F61 		.ascii	"float\000"
 445      7400
 446              	.LASF27:
 447 0212 70726F74 		.ascii	"protocol_init\000"
 447      6F636F6C 
 447      5F696E69 
 447      7400
 448              	.LASF13:
 449 0220 73697A65 		.ascii	"sizetype\000"
 449      74797065 
 449      00
 450              	.LASF19:
 451 0229 54696D65 		.ascii	"Timer_Int_StartEx\000"
 451      725F496E 
 451      745F5374 
 451      61727445 
 451      7800
 452              		.ident	"GCC: (GNU Tools for ARM Embedded Processors) 5.4.1 20160609 (release) [ARM/embedded-5-bran
