ARM GAS  C:\Users\Roi\AppData\Local\Temp\ccvUQAdr.s 			page 1


   1              		.syntax unified
   2              		.cpu cortex-m0
   3              		.fpu softvfp
   4              		.eabi_attribute 20, 1
   5              		.eabi_attribute 21, 1
   6              		.eabi_attribute 23, 3
   7              		.eabi_attribute 24, 1
   8              		.eabi_attribute 25, 1
   9              		.eabi_attribute 26, 1
  10              		.eabi_attribute 30, 1
  11              		.eabi_attribute 34, 0
  12              		.eabi_attribute 18, 4
  13              		.thumb
  14              		.syntax unified
  15              		.file	"verify_value.c"
  16              		.text
  17              	.Ltext0:
  18              		.cfi_sections	.debug_frame
  19              		.section	.text.sensor_signalization,"ax",%progbits
  20              		.align	2
  21              		.global	sensor_signalization
  22              		.code	16
  23              		.thumb_func
  24              		.type	sensor_signalization, %function
  25              	sensor_signalization:
  26              	.LFB36:
  27              		.file 1 "verify_value.c"
   1:verify_value.c **** #include "smartboy.h"
   2:verify_value.c **** 
   3:verify_value.c **** void sensor_signalization() {
  28              		.loc 1 3 0
  29              		.cfi_startproc
  30              		@ args = 0, pretend = 0, frame = 0
  31              		@ frame_needed = 0, uses_anonymous_args = 0
  32 0000 70B5     		push	{r4, r5, r6, lr}
  33              		.cfi_def_cfa_offset 16
  34              		.cfi_offset 4, -16
  35              		.cfi_offset 5, -12
  36              		.cfi_offset 6, -8
  37              		.cfi_offset 14, -4
   4:verify_value.c ****     uint16 *adc_data_list = get_adc_list();
  38              		.loc 1 4 0
  39 0002 FFF7FEFF 		bl	get_adc_list
  40              	.LVL0:
  41 0006 0500     		movs	r5, r0
  42              	.LVL1:
  43              	.LBB2:
   5:verify_value.c ****     
   6:verify_value.c ****     for(int sensor = 0; sensor < NUMBERS_OF_SENSORS; sensor++){
  44              		.loc 1 6 0
  45 0008 0024     		movs	r4, #0
  46 000a 0EE0     		b	.L2
  47              	.LVL2:
  48              	.L4:
   7:verify_value.c ****         if(adc_data_list[sensor] > 700){
  49              		.loc 1 7 0
  50 000c 6300     		lsls	r3, r4, #1
ARM GAS  C:\Users\Roi\AppData\Local\Temp\ccvUQAdr.s 			page 2


  51 000e 5A5B     		ldrh	r2, [r3, r5]
  52 0010 AF23     		movs	r3, #175
  53 0012 9B00     		lsls	r3, r3, #2
  54 0014 9A42     		cmp	r2, r3
  55 0016 07D9     		bls	.L3
   8:verify_value.c ****             if(ble_state == BLE_DISCONNECTED) {
  56              		.loc 1 8 0
  57 0018 074B     		ldr	r3, .L5
  58 001a 1B78     		ldrb	r3, [r3]
  59 001c 012B     		cmp	r3, #1
  60 001e 03D1     		bne	.L3
   9:verify_value.c ****                 handle_scan();
  61              		.loc 1 9 0
  62 0020 FFF7FEFF 		bl	handle_scan
  63              	.LVL3:
  10:verify_value.c ****                 connect();
  64              		.loc 1 10 0
  65 0024 FFF7FEFF 		bl	connect
  66              	.LVL4:
  67              	.L3:
   6:verify_value.c ****         if(adc_data_list[sensor] > 700){
  68              		.loc 1 6 0 discriminator 2
  69 0028 0134     		adds	r4, r4, #1
  70              	.LVL5:
  71              	.L2:
   6:verify_value.c ****         if(adc_data_list[sensor] > 700){
  72              		.loc 1 6 0 is_stmt 0 discriminator 1
  73 002a 012C     		cmp	r4, #1
  74 002c EEDD     		ble	.L4
  75              	.LBE2:
  11:verify_value.c ****             }
  12:verify_value.c ****         }
  13:verify_value.c ****     }
  14:verify_value.c ****     free(adc_data_list);
  76              		.loc 1 14 0 is_stmt 1
  77 002e 2800     		movs	r0, r5
  78 0030 FFF7FEFF 		bl	free
  79              	.LVL6:
  15:verify_value.c **** }
  80              		.loc 1 15 0
  81              		@ sp needed
  82              	.LVL7:
  83              	.LVL8:
  84 0034 70BD     		pop	{r4, r5, r6, pc}
  85              	.L6:
  86 0036 C046     		.align	2
  87              	.L5:
  88 0038 00000000 		.word	ble_state
  89              		.cfi_endproc
  90              	.LFE36:
  91              		.size	sensor_signalization, .-sensor_signalization
  92              		.text
  93              	.Letext0:
  94              		.file 2 "Generated_Source\\PSoC4/cytypes.h"
  95              		.file 3 "ble_client.h"
  96              		.file 4 "adc_read.h"
  97              		.file 5 "c:\\program files (x86)\\cypress\\psoc creator\\4.2\\psoc creator\\import\\gnu\\arm\\5.4.
ARM GAS  C:\Users\Roi\AppData\Local\Temp\ccvUQAdr.s 			page 3


  98              		.section	.debug_info,"",%progbits
  99              	.Ldebug_info0:
 100 0000 4D010000 		.4byte	0x14d
 101 0004 0400     		.2byte	0x4
 102 0006 00000000 		.4byte	.Ldebug_abbrev0
 103 000a 04       		.byte	0x4
 104 000b 01       		.uleb128 0x1
 105 000c D7000000 		.4byte	.LASF22
 106 0010 0C       		.byte	0xc
 107 0011 BC010000 		.4byte	.LASF23
 108 0015 40000000 		.4byte	.LASF24
 109 0019 00000000 		.4byte	.Ldebug_ranges0+0
 110 001d 00000000 		.4byte	0
 111 0021 00000000 		.4byte	.Ldebug_line0
 112 0025 02       		.uleb128 0x2
 113 0026 01       		.byte	0x1
 114 0027 06       		.byte	0x6
 115 0028 78010000 		.4byte	.LASF0
 116 002c 02       		.uleb128 0x2
 117 002d 01       		.byte	0x1
 118 002e 08       		.byte	0x8
 119 002f A2000000 		.4byte	.LASF1
 120 0033 02       		.uleb128 0x2
 121 0034 02       		.byte	0x2
 122 0035 05       		.byte	0x5
 123 0036 AB010000 		.4byte	.LASF2
 124 003a 02       		.uleb128 0x2
 125 003b 02       		.byte	0x2
 126 003c 07       		.byte	0x7
 127 003d 65010000 		.4byte	.LASF3
 128 0041 02       		.uleb128 0x2
 129 0042 04       		.byte	0x4
 130 0043 05       		.byte	0x5
 131 0044 B5000000 		.4byte	.LASF4
 132 0048 02       		.uleb128 0x2
 133 0049 04       		.byte	0x4
 134 004a 07       		.byte	0x7
 135 004b BE000000 		.4byte	.LASF5
 136 004f 02       		.uleb128 0x2
 137 0050 08       		.byte	0x8
 138 0051 05       		.byte	0x5
 139 0052 00000000 		.4byte	.LASF6
 140 0056 02       		.uleb128 0x2
 141 0057 08       		.byte	0x8
 142 0058 07       		.byte	0x7
 143 0059 6D000000 		.4byte	.LASF7
 144 005d 03       		.uleb128 0x3
 145 005e 04       		.byte	0x4
 146 005f 05       		.byte	0x5
 147 0060 696E7400 		.ascii	"int\000"
 148 0064 02       		.uleb128 0x2
 149 0065 04       		.byte	0x4
 150 0066 07       		.byte	0x7
 151 0067 0E000000 		.4byte	.LASF8
 152 006b 04       		.uleb128 0x4
 153 006c 3A000000 		.4byte	.LASF9
 154 0070 02       		.byte	0x2
ARM GAS  C:\Users\Roi\AppData\Local\Temp\ccvUQAdr.s 			page 4


 155 0071 E701     		.2byte	0x1e7
 156 0073 2C000000 		.4byte	0x2c
 157 0077 04       		.uleb128 0x4
 158 0078 B5010000 		.4byte	.LASF10
 159 007c 02       		.byte	0x2
 160 007d E801     		.2byte	0x1e8
 161 007f 3A000000 		.4byte	0x3a
 162 0083 02       		.uleb128 0x2
 163 0084 04       		.byte	0x4
 164 0085 04       		.byte	0x4
 165 0086 90010000 		.4byte	.LASF11
 166 008a 02       		.uleb128 0x2
 167 008b 08       		.byte	0x8
 168 008c 04       		.byte	0x4
 169 008d D0000000 		.4byte	.LASF12
 170 0091 02       		.uleb128 0x2
 171 0092 01       		.byte	0x1
 172 0093 08       		.byte	0x8
 173 0094 B0000000 		.4byte	.LASF13
 174 0098 02       		.uleb128 0x2
 175 0099 08       		.byte	0x8
 176 009a 04       		.byte	0x4
 177 009b 84010000 		.4byte	.LASF14
 178 009f 02       		.uleb128 0x2
 179 00a0 04       		.byte	0x4
 180 00a1 07       		.byte	0x7
 181 00a2 D3010000 		.4byte	.LASF15
 182 00a6 05       		.uleb128 0x5
 183 00a7 04       		.byte	0x4
 184 00a8 77000000 		.4byte	0x77
 185 00ac 06       		.uleb128 0x6
 186 00ad 96010000 		.4byte	.LASF25
 187 00b1 01       		.byte	0x1
 188 00b2 03       		.byte	0x3
 189 00b3 00000000 		.4byte	.LFB36
 190 00b7 3C000000 		.4byte	.LFE36-.LFB36
 191 00bb 01       		.uleb128 0x1
 192 00bc 9C       		.byte	0x9c
 193 00bd 19010000 		.4byte	0x119
 194 00c1 07       		.uleb128 0x7
 195 00c2 27000000 		.4byte	.LASF16
 196 00c6 01       		.byte	0x1
 197 00c7 04       		.byte	0x4
 198 00c8 A6000000 		.4byte	0xa6
 199 00cc 00000000 		.4byte	.LLST0
 200 00d0 08       		.uleb128 0x8
 201 00d1 08000000 		.4byte	.LBB2
 202 00d5 26000000 		.4byte	.LBE2-.LBB2
 203 00d9 FF000000 		.4byte	0xff
 204 00dd 07       		.uleb128 0x7
 205 00de 91000000 		.4byte	.LASF17
 206 00e2 01       		.byte	0x1
 207 00e3 06       		.byte	0x6
 208 00e4 5D000000 		.4byte	0x5d
 209 00e8 1E000000 		.4byte	.LLST1
 210 00ec 09       		.uleb128 0x9
 211 00ed 24000000 		.4byte	.LVL3
ARM GAS  C:\Users\Roi\AppData\Local\Temp\ccvUQAdr.s 			page 5


 212 00f1 24010000 		.4byte	0x124
 213 00f5 09       		.uleb128 0x9
 214 00f6 28000000 		.4byte	.LVL4
 215 00fa 2F010000 		.4byte	0x12f
 216 00fe 00       		.byte	0
 217 00ff 09       		.uleb128 0x9
 218 0100 06000000 		.4byte	.LVL0
 219 0104 3A010000 		.4byte	0x13a
 220 0108 0A       		.uleb128 0xa
 221 0109 34000000 		.4byte	.LVL6
 222 010d 45010000 		.4byte	0x145
 223 0111 0B       		.uleb128 0xb
 224 0112 01       		.uleb128 0x1
 225 0113 50       		.byte	0x50
 226 0114 02       		.uleb128 0x2
 227 0115 75       		.byte	0x75
 228 0116 00       		.sleb128 0
 229 0117 00       		.byte	0
 230 0118 00       		.byte	0
 231 0119 0C       		.uleb128 0xc
 232 011a 98000000 		.4byte	.LASF26
 233 011e 03       		.byte	0x3
 234 011f 11       		.byte	0x11
 235 0120 6B000000 		.4byte	0x6b
 236 0124 0D       		.uleb128 0xd
 237 0125 1B000000 		.4byte	.LASF18
 238 0129 1B000000 		.4byte	.LASF18
 239 012d 03       		.byte	0x3
 240 012e 27       		.byte	0x27
 241 012f 0D       		.uleb128 0xd
 242 0130 CB010000 		.4byte	.LASF19
 243 0134 CB010000 		.4byte	.LASF19
 244 0138 03       		.byte	0x3
 245 0139 21       		.byte	0x21
 246 013a 0D       		.uleb128 0xd
 247 013b 84000000 		.4byte	.LASF20
 248 013f 84000000 		.4byte	.LASF20
 249 0143 04       		.byte	0x4
 250 0144 09       		.byte	0x9
 251 0145 0D       		.uleb128 0xd
 252 0146 35000000 		.4byte	.LASF21
 253 014a 35000000 		.4byte	.LASF21
 254 014e 05       		.byte	0x5
 255 014f 59       		.byte	0x59
 256 0150 00       		.byte	0
 257              		.section	.debug_abbrev,"",%progbits
 258              	.Ldebug_abbrev0:
 259 0000 01       		.uleb128 0x1
 260 0001 11       		.uleb128 0x11
 261 0002 01       		.byte	0x1
 262 0003 25       		.uleb128 0x25
 263 0004 0E       		.uleb128 0xe
 264 0005 13       		.uleb128 0x13
 265 0006 0B       		.uleb128 0xb
 266 0007 03       		.uleb128 0x3
 267 0008 0E       		.uleb128 0xe
 268 0009 1B       		.uleb128 0x1b
ARM GAS  C:\Users\Roi\AppData\Local\Temp\ccvUQAdr.s 			page 6


 269 000a 0E       		.uleb128 0xe
 270 000b 55       		.uleb128 0x55
 271 000c 17       		.uleb128 0x17
 272 000d 11       		.uleb128 0x11
 273 000e 01       		.uleb128 0x1
 274 000f 10       		.uleb128 0x10
 275 0010 17       		.uleb128 0x17
 276 0011 00       		.byte	0
 277 0012 00       		.byte	0
 278 0013 02       		.uleb128 0x2
 279 0014 24       		.uleb128 0x24
 280 0015 00       		.byte	0
 281 0016 0B       		.uleb128 0xb
 282 0017 0B       		.uleb128 0xb
 283 0018 3E       		.uleb128 0x3e
 284 0019 0B       		.uleb128 0xb
 285 001a 03       		.uleb128 0x3
 286 001b 0E       		.uleb128 0xe
 287 001c 00       		.byte	0
 288 001d 00       		.byte	0
 289 001e 03       		.uleb128 0x3
 290 001f 24       		.uleb128 0x24
 291 0020 00       		.byte	0
 292 0021 0B       		.uleb128 0xb
 293 0022 0B       		.uleb128 0xb
 294 0023 3E       		.uleb128 0x3e
 295 0024 0B       		.uleb128 0xb
 296 0025 03       		.uleb128 0x3
 297 0026 08       		.uleb128 0x8
 298 0027 00       		.byte	0
 299 0028 00       		.byte	0
 300 0029 04       		.uleb128 0x4
 301 002a 16       		.uleb128 0x16
 302 002b 00       		.byte	0
 303 002c 03       		.uleb128 0x3
 304 002d 0E       		.uleb128 0xe
 305 002e 3A       		.uleb128 0x3a
 306 002f 0B       		.uleb128 0xb
 307 0030 3B       		.uleb128 0x3b
 308 0031 05       		.uleb128 0x5
 309 0032 49       		.uleb128 0x49
 310 0033 13       		.uleb128 0x13
 311 0034 00       		.byte	0
 312 0035 00       		.byte	0
 313 0036 05       		.uleb128 0x5
 314 0037 0F       		.uleb128 0xf
 315 0038 00       		.byte	0
 316 0039 0B       		.uleb128 0xb
 317 003a 0B       		.uleb128 0xb
 318 003b 49       		.uleb128 0x49
 319 003c 13       		.uleb128 0x13
 320 003d 00       		.byte	0
 321 003e 00       		.byte	0
 322 003f 06       		.uleb128 0x6
 323 0040 2E       		.uleb128 0x2e
 324 0041 01       		.byte	0x1
 325 0042 3F       		.uleb128 0x3f
ARM GAS  C:\Users\Roi\AppData\Local\Temp\ccvUQAdr.s 			page 7


 326 0043 19       		.uleb128 0x19
 327 0044 03       		.uleb128 0x3
 328 0045 0E       		.uleb128 0xe
 329 0046 3A       		.uleb128 0x3a
 330 0047 0B       		.uleb128 0xb
 331 0048 3B       		.uleb128 0x3b
 332 0049 0B       		.uleb128 0xb
 333 004a 11       		.uleb128 0x11
 334 004b 01       		.uleb128 0x1
 335 004c 12       		.uleb128 0x12
 336 004d 06       		.uleb128 0x6
 337 004e 40       		.uleb128 0x40
 338 004f 18       		.uleb128 0x18
 339 0050 9742     		.uleb128 0x2117
 340 0052 19       		.uleb128 0x19
 341 0053 01       		.uleb128 0x1
 342 0054 13       		.uleb128 0x13
 343 0055 00       		.byte	0
 344 0056 00       		.byte	0
 345 0057 07       		.uleb128 0x7
 346 0058 34       		.uleb128 0x34
 347 0059 00       		.byte	0
 348 005a 03       		.uleb128 0x3
 349 005b 0E       		.uleb128 0xe
 350 005c 3A       		.uleb128 0x3a
 351 005d 0B       		.uleb128 0xb
 352 005e 3B       		.uleb128 0x3b
 353 005f 0B       		.uleb128 0xb
 354 0060 49       		.uleb128 0x49
 355 0061 13       		.uleb128 0x13
 356 0062 02       		.uleb128 0x2
 357 0063 17       		.uleb128 0x17
 358 0064 00       		.byte	0
 359 0065 00       		.byte	0
 360 0066 08       		.uleb128 0x8
 361 0067 0B       		.uleb128 0xb
 362 0068 01       		.byte	0x1
 363 0069 11       		.uleb128 0x11
 364 006a 01       		.uleb128 0x1
 365 006b 12       		.uleb128 0x12
 366 006c 06       		.uleb128 0x6
 367 006d 01       		.uleb128 0x1
 368 006e 13       		.uleb128 0x13
 369 006f 00       		.byte	0
 370 0070 00       		.byte	0
 371 0071 09       		.uleb128 0x9
 372 0072 898201   		.uleb128 0x4109
 373 0075 00       		.byte	0
 374 0076 11       		.uleb128 0x11
 375 0077 01       		.uleb128 0x1
 376 0078 31       		.uleb128 0x31
 377 0079 13       		.uleb128 0x13
 378 007a 00       		.byte	0
 379 007b 00       		.byte	0
 380 007c 0A       		.uleb128 0xa
 381 007d 898201   		.uleb128 0x4109
 382 0080 01       		.byte	0x1
ARM GAS  C:\Users\Roi\AppData\Local\Temp\ccvUQAdr.s 			page 8


 383 0081 11       		.uleb128 0x11
 384 0082 01       		.uleb128 0x1
 385 0083 31       		.uleb128 0x31
 386 0084 13       		.uleb128 0x13
 387 0085 00       		.byte	0
 388 0086 00       		.byte	0
 389 0087 0B       		.uleb128 0xb
 390 0088 8A8201   		.uleb128 0x410a
 391 008b 00       		.byte	0
 392 008c 02       		.uleb128 0x2
 393 008d 18       		.uleb128 0x18
 394 008e 9142     		.uleb128 0x2111
 395 0090 18       		.uleb128 0x18
 396 0091 00       		.byte	0
 397 0092 00       		.byte	0
 398 0093 0C       		.uleb128 0xc
 399 0094 34       		.uleb128 0x34
 400 0095 00       		.byte	0
 401 0096 03       		.uleb128 0x3
 402 0097 0E       		.uleb128 0xe
 403 0098 3A       		.uleb128 0x3a
 404 0099 0B       		.uleb128 0xb
 405 009a 3B       		.uleb128 0x3b
 406 009b 0B       		.uleb128 0xb
 407 009c 49       		.uleb128 0x49
 408 009d 13       		.uleb128 0x13
 409 009e 3F       		.uleb128 0x3f
 410 009f 19       		.uleb128 0x19
 411 00a0 3C       		.uleb128 0x3c
 412 00a1 19       		.uleb128 0x19
 413 00a2 00       		.byte	0
 414 00a3 00       		.byte	0
 415 00a4 0D       		.uleb128 0xd
 416 00a5 2E       		.uleb128 0x2e
 417 00a6 00       		.byte	0
 418 00a7 3F       		.uleb128 0x3f
 419 00a8 19       		.uleb128 0x19
 420 00a9 3C       		.uleb128 0x3c
 421 00aa 19       		.uleb128 0x19
 422 00ab 6E       		.uleb128 0x6e
 423 00ac 0E       		.uleb128 0xe
 424 00ad 03       		.uleb128 0x3
 425 00ae 0E       		.uleb128 0xe
 426 00af 3A       		.uleb128 0x3a
 427 00b0 0B       		.uleb128 0xb
 428 00b1 3B       		.uleb128 0x3b
 429 00b2 0B       		.uleb128 0xb
 430 00b3 00       		.byte	0
 431 00b4 00       		.byte	0
 432 00b5 00       		.byte	0
 433              		.section	.debug_loc,"",%progbits
 434              	.Ldebug_loc0:
 435              	.LLST0:
 436 0000 08000000 		.4byte	.LVL1
 437 0004 0C000000 		.4byte	.LVL2
 438 0008 0100     		.2byte	0x1
 439 000a 50       		.byte	0x50
ARM GAS  C:\Users\Roi\AppData\Local\Temp\ccvUQAdr.s 			page 9


 440 000b 0C000000 		.4byte	.LVL2
 441 000f 34000000 		.4byte	.LVL8
 442 0013 0100     		.2byte	0x1
 443 0015 55       		.byte	0x55
 444 0016 00000000 		.4byte	0
 445 001a 00000000 		.4byte	0
 446              	.LLST1:
 447 001e 08000000 		.4byte	.LVL1
 448 0022 0C000000 		.4byte	.LVL2
 449 0026 0200     		.2byte	0x2
 450 0028 30       		.byte	0x30
 451 0029 9F       		.byte	0x9f
 452 002a 0C000000 		.4byte	.LVL2
 453 002e 34000000 		.4byte	.LVL7
 454 0032 0100     		.2byte	0x1
 455 0034 54       		.byte	0x54
 456 0035 00000000 		.4byte	0
 457 0039 00000000 		.4byte	0
 458              		.section	.debug_aranges,"",%progbits
 459 0000 1C000000 		.4byte	0x1c
 460 0004 0200     		.2byte	0x2
 461 0006 00000000 		.4byte	.Ldebug_info0
 462 000a 04       		.byte	0x4
 463 000b 00       		.byte	0
 464 000c 0000     		.2byte	0
 465 000e 0000     		.2byte	0
 466 0010 00000000 		.4byte	.LFB36
 467 0014 3C000000 		.4byte	.LFE36-.LFB36
 468 0018 00000000 		.4byte	0
 469 001c 00000000 		.4byte	0
 470              		.section	.debug_ranges,"",%progbits
 471              	.Ldebug_ranges0:
 472 0000 00000000 		.4byte	.LFB36
 473 0004 3C000000 		.4byte	.LFE36
 474 0008 00000000 		.4byte	0
 475 000c 00000000 		.4byte	0
 476              		.section	.debug_line,"",%progbits
 477              	.Ldebug_line0:
 478 0000 02010000 		.section	.debug_str,"MS",%progbits,1
 478      0200DB00 
 478      00000201 
 478      FB0E0D00 
 478      01010101 
 479              	.LASF6:
 480 0000 6C6F6E67 		.ascii	"long long int\000"
 480      206C6F6E 
 480      6720696E 
 480      7400
 481              	.LASF8:
 482 000e 756E7369 		.ascii	"unsigned int\000"
 482      676E6564 
 482      20696E74 
 482      00
 483              	.LASF18:
 484 001b 68616E64 		.ascii	"handle_scan\000"
 484      6C655F73 
 484      63616E00 
ARM GAS  C:\Users\Roi\AppData\Local\Temp\ccvUQAdr.s 			page 10


 485              	.LASF16:
 486 0027 6164635F 		.ascii	"adc_data_list\000"
 486      64617461 
 486      5F6C6973 
 486      7400
 487              	.LASF21:
 488 0035 66726565 		.ascii	"free\000"
 488      00
 489              	.LASF9:
 490 003a 75696E74 		.ascii	"uint8\000"
 490      3800
 491              	.LASF24:
 492 0040 443A5C62 		.ascii	"D:\\bachelor_work\\program\\Goal\\SmartBoy.cydsn\000"
 492      61636865 
 492      6C6F725F 
 492      776F726B 
 492      5C70726F 
 493              	.LASF7:
 494 006d 6C6F6E67 		.ascii	"long long unsigned int\000"
 494      206C6F6E 
 494      6720756E 
 494      7369676E 
 494      65642069 
 495              	.LASF20:
 496 0084 6765745F 		.ascii	"get_adc_list\000"
 496      6164635F 
 496      6C697374 
 496      00
 497              	.LASF17:
 498 0091 73656E73 		.ascii	"sensor\000"
 498      6F7200
 499              	.LASF26:
 500 0098 626C655F 		.ascii	"ble_state\000"
 500      73746174 
 500      6500
 501              	.LASF1:
 502 00a2 756E7369 		.ascii	"unsigned char\000"
 502      676E6564 
 502      20636861 
 502      7200
 503              	.LASF13:
 504 00b0 63686172 		.ascii	"char\000"
 504      00
 505              	.LASF4:
 506 00b5 6C6F6E67 		.ascii	"long int\000"
 506      20696E74 
 506      00
 507              	.LASF5:
 508 00be 6C6F6E67 		.ascii	"long unsigned int\000"
 508      20756E73 
 508      69676E65 
 508      6420696E 
 508      7400
 509              	.LASF12:
 510 00d0 646F7562 		.ascii	"double\000"
 510      6C6500
 511              	.LASF22:
ARM GAS  C:\Users\Roi\AppData\Local\Temp\ccvUQAdr.s 			page 11


 512 00d7 474E5520 		.ascii	"GNU C11 5.4.1 20160609 (release) [ARM/embedded-5-br"
 512      43313120 
 512      352E342E 
 512      31203230 
 512      31363036 
 513 010a 616E6368 		.ascii	"anch revision 237715] -mcpu=cortex-m0 -mthumb -g -O"
 513      20726576 
 513      6973696F 
 513      6E203233 
 513      37373135 
 514 013d 67202D66 		.ascii	"g -ffunction-sections -ffat-lto-objects\000"
 514      66756E63 
 514      74696F6E 
 514      2D736563 
 514      74696F6E 
 515              	.LASF3:
 516 0165 73686F72 		.ascii	"short unsigned int\000"
 516      7420756E 
 516      7369676E 
 516      65642069 
 516      6E7400
 517              	.LASF0:
 518 0178 7369676E 		.ascii	"signed char\000"
 518      65642063 
 518      68617200 
 519              	.LASF14:
 520 0184 6C6F6E67 		.ascii	"long double\000"
 520      20646F75 
 520      626C6500 
 521              	.LASF11:
 522 0190 666C6F61 		.ascii	"float\000"
 522      7400
 523              	.LASF25:
 524 0196 73656E73 		.ascii	"sensor_signalization\000"
 524      6F725F73 
 524      69676E61 
 524      6C697A61 
 524      74696F6E 
 525              	.LASF2:
 526 01ab 73686F72 		.ascii	"short int\000"
 526      7420696E 
 526      7400
 527              	.LASF10:
 528 01b5 75696E74 		.ascii	"uint16\000"
 528      313600
 529              	.LASF23:
 530 01bc 76657269 		.ascii	"verify_value.c\000"
 530      66795F76 
 530      616C7565 
 530      2E6300
 531              	.LASF19:
 532 01cb 636F6E6E 		.ascii	"connect\000"
 532      65637400 
 533              	.LASF15:
 534 01d3 73697A65 		.ascii	"sizetype\000"
 534      74797065 
 534      00
ARM GAS  C:\Users\Roi\AppData\Local\Temp\ccvUQAdr.s 			page 12


 535              		.ident	"GCC: (GNU Tools for ARM Embedded Processors) 5.4.1 20160609 (release) [ARM/embedded-5-bran
