--------------- Build Started: 02/19/2019 22:59:32 Project: GOAL-EZ-BLE, Configuration: ARM GCC 5.4-2016-q2-update Debug ---------------
cydsfit.exe -.appdatapath "C:\Users\ADMIN\AppData\Local\Cypress Semiconductor\PSoC Creator\4.2" -.fdsnotice -.fdswarpdepfile=warp_dependencies.txt -.fdselabdepfile=elab_dependencies.txt -.fdsbldfile=generated_files.txt -.fdsreffile=referenced_files.txt -p D:\Programming\PSoC\GitGoalKitchen\Goal\GOAL-EZ-BLE.cydsn\GOAL-EZ-BLE.cyprj -d CYBLE-022001-00 -s D:\Programming\PSoC\GitGoalKitchen\Goal\GOAL-EZ-BLE.cydsn\Generated_Source\PSoC4 -- -yv2 -q10 -ygs -o2 -v3 -.fftcfgtype=LE
Elaborating Design...
HDL Generation...
Synthesis...
Tech Mapping...
Analog Placement...
Analog Routing...
Analog Code Generation...
Digital Placement...
Digital Routing...
Bitstream Generation...
Bitstream Verification...
Static timing analysis...
API Generation...
Dependency Generation...
Cleanup...
arm-none-eabi-gcc.exe -mcpu=cortex-m0 -mthumb -I. -IGenerated_Source\PSoC4 -Wa,-alh=.\CortexM0\ARM_GCC_541\Debug/i2c_goal.lst -g -D DEBUG -Wall -ffunction-sections -ffat-lto-objects -O0 -c i2c_goal.c -o .\CortexM0\ARM_GCC_541\Debug\i2c_goal.o
arm-none-eabi-gcc.exe -mcpu=cortex-m0 -mthumb -I. -IGenerated_Source\PSoC4 -Wa,-alh=.\CortexM0\ARM_GCC_541\Debug/ez_ble_goal.lst -g -D DEBUG -Wall -ffunction-sections -ffat-lto-objects -O0 -c ez_ble_goal.c -o .\CortexM0\ARM_GCC_541\Debug\ez_ble_goal.o
arm-none-eabi-gcc.exe -mcpu=cortex-m0 -mthumb -I. -IGenerated_Source\PSoC4 -Wa,-alh=.\CortexM0\ARM_GCC_541\Debug/protocol.lst -g -D DEBUG -Wall -ffunction-sections -ffat-lto-objects -O0 -c protocol.c -o .\CortexM0\ARM_GCC_541\Debug\protocol.o
arm-none-eabi-gcc.exe -mcpu=cortex-m0 -mthumb -I. -IGenerated_Source\PSoC4 -Wa,-alh=.\CortexM0\ARM_GCC_541\Debug/ble_update.lst -g -D DEBUG -Wall -ffunction-sections -ffat-lto-objects -O0 -c ble_update.c -o .\CortexM0\ARM_GCC_541\Debug\ble_update.o
arm-none-eabi-gcc.exe -mcpu=cortex-m0 -mthumb -I. -IGenerated_Source\PSoC4 -Wa,-alh=.\CortexM0\ARM_GCC_541\Debug/main.lst -g -D DEBUG -Wall -ffunction-sections -ffat-lto-objects -O0 -c main.c -o .\CortexM0\ARM_GCC_541\Debug\main.o
arm-none-eabi-gcc.exe -mcpu=cortex-m0 -mthumb -I. -IGenerated_Source\PSoC4 -Wa,-alh=.\CortexM0\ARM_GCC_541\Debug/BLE.lst -g -D DEBUG -Wall -ffunction-sections -ffat-lto-objects -O0 -c Generated_Source\PSoC4\BLE.c -o .\CortexM0\ARM_GCC_541\Debug\BLE.o
arm-none-eabi-ar.exe -rs .\CortexM0\ARM_GCC_541\Debug\GOAL-EZ-BLE.a .\CortexM0\ARM_GCC_541\Debug\BLE.o .\CortexM0\ARM_GCC_541\Debug\BLE_gatt.o .\CortexM0\ARM_GCC_541\Debug\BLE_eventHandler.o .\CortexM0\ARM_GCC_541\Debug\BLE_HAL_INT.o .\CortexM0\ARM_GCC_541\Debug\BLE_HAL_PVT.o .\CortexM0\ARM_GCC_541\Debug\BLE_custom.o .\CortexM0\ARM_GCC_541\Debug\I2C.o .\CortexM0\ARM_GCC_541\Debug\I2C_PM.o .\CortexM0\ARM_GCC_541\Debug\I2C_BOOT.o .\CortexM0\ARM_GCC_541\Debug\I2C_EZI2C.o .\CortexM0\ARM_GCC_541\Debug\I2C_EZI2C_INT.o .\CortexM0\ARM_GCC_541\Debug\I2C_EZI2C_BOOT.o .\CortexM0\ARM_GCC_541\Debug\BLE_bless_isr.o .\CortexM0\ARM_GCC_541\Debug\I2C_SCBCLK.o .\CortexM0\ARM_GCC_541\Debug\I2C_sda.o .\CortexM0\ARM_GCC_541\Debug\I2C_sda_PM.o .\CortexM0\ARM_GCC_541\Debug\I2C_scl.o .\CortexM0\ARM_GCC_541\Debug\I2C_scl_PM.o .\CortexM0\ARM_GCC_541\Debug\I2C_SCB_IRQ.o .\CortexM0\ARM_GCC_541\Debug\cy_em_eeprom.o .\CortexM0\ARM_GCC_541\Debug\CyFlash.o .\CortexM0\ARM_GCC_541\Debug\CyLib.o .\CortexM0\ARM_GCC_541\Debug\cyPm.o .\CortexM0\ARM_GCC_541\Debug\cyutils.o .\CortexM0\ARM_GCC_541\Debug\CyLFClk.o .\CortexM0\ARM_GCC_541\Debug\CyBootAsmGnu.o
arm-none-eabi-ar.exe: creating .\CortexM0\ARM_GCC_541\Debug\GOAL-EZ-BLE.a
arm-none-eabi-gcc.exe -Wl,--start-group -o D:\Programming\PSoC\GitGoalKitchen\Goal\GOAL-EZ-BLE.cydsn\CortexM0\ARM_GCC_541\Debug\GOAL-EZ-BLE.elf .\CortexM0\ARM_GCC_541\Debug\i2c_goal.o .\CortexM0\ARM_GCC_541\Debug\ez_ble_goal.o .\CortexM0\ARM_GCC_541\Debug\protocol.o .\CortexM0\ARM_GCC_541\Debug\ble_update.o .\CortexM0\ARM_GCC_541\Debug\main.o .\CortexM0\ARM_GCC_541\Debug\cyfitter_cfg.o .\CortexM0\ARM_GCC_541\Debug\cymetadata.o .\CortexM0\ARM_GCC_541\Debug\Cm0Start.o .\CortexM0\ARM_GCC_541\Debug\GOAL-EZ-BLE.a "C:\Program Files (x86)\Cypress\PSoC Creator\4.2\PSoC Creator\psoc\content\CyComponentLibrary\CyComponentLibrary.cylib\BLE_v3_50\Library\gccCyBLEStack_BLE_SOC_PERIPHERAL.a" -mcpu=cortex-m0 -mthumb -L Generated_Source\PSoC4 -Wl,-Map,.\CortexM0\ARM_GCC_541\Debug/GOAL-EZ-BLE.map -T Generated_Source\PSoC4\cm0gcc.ld -specs=nano.specs -Wl,--gc-sections -g -ffunction-sections -O0 -ffat-lto-objects -Wl,--end-group
cyelftool.exe -C D:\Programming\PSoC\GitGoalKitchen\Goal\GOAL-EZ-BLE.cydsn\CortexM0\ARM_GCC_541\Debug\GOAL-EZ-BLE.elf --flash_row_size 128 --flash_size 131072 --flash_offset 0x00000000
No ELF section .cychecksum found, creating one
Application checksum calculated and stored in ELF section .cychecksum
Checksum calculated and stored in ELF section .cymeta
cyelftool.exe -S D:\Programming\PSoC\GitGoalKitchen\Goal\GOAL-EZ-BLE.cydsn\CortexM0\ARM_GCC_541\Debug\GOAL-EZ-BLE.elf
Flash used: 85992 of 131072 bytes (65,6%).
SRAM used: 10944 of 16384 bytes (66,8%). Stack: 2048 bytes. Heap: 128 bytes.
--------------- Build Succeeded: 02/19/2019 22:59:43 ---------------
