ARM GAS  C:\Users\Roi\AppData\Local\Temp\ccZW7MHT.s 			page 1


   1              		.syntax unified
   2              		.cpu cortex-m0
   3              		.fpu softvfp
   4              		.eabi_attribute 20, 1
   5              		.eabi_attribute 21, 1
   6              		.eabi_attribute 23, 3
   7              		.eabi_attribute 24, 1
   8              		.eabi_attribute 25, 1
   9              		.eabi_attribute 26, 1
  10              		.eabi_attribute 30, 6
  11              		.eabi_attribute 34, 0
  12              		.eabi_attribute 18, 4
  13              		.thumb
  14              		.syntax unified
  15              		.file	"cyfitter_cfg.c"
  16              		.text
  17              	.Ltext0:
  18              		.cfi_sections	.debug_frame
  19              		.section	.text.CYMEMZERO,"ax",%progbits
  20              		.align	2
  21              		.code	16
  22              		.thumb_func
  23              		.type	CYMEMZERO, %function
  24              	CYMEMZERO:
  25              	.LFB2:
  26              		.file 1 "Generated_Source\\PSoC4\\cyfitter_cfg.c"
   1:Generated_Source\PSoC4/cyfitter_cfg.c **** 
   2:Generated_Source\PSoC4/cyfitter_cfg.c **** /*******************************************************************************
   3:Generated_Source\PSoC4/cyfitter_cfg.c **** * File Name: cyfitter_cfg.c
   4:Generated_Source\PSoC4/cyfitter_cfg.c **** * 
   5:Generated_Source\PSoC4/cyfitter_cfg.c **** * PSoC Creator  4.2
   6:Generated_Source\PSoC4/cyfitter_cfg.c **** *
   7:Generated_Source\PSoC4/cyfitter_cfg.c **** * Description:
   8:Generated_Source\PSoC4/cyfitter_cfg.c **** * This file contains device initialization code.
   9:Generated_Source\PSoC4/cyfitter_cfg.c **** * Except for the user defined sections in CyClockStartupError(), this file should not be modified.
  10:Generated_Source\PSoC4/cyfitter_cfg.c **** * This file is automatically generated by PSoC Creator.
  11:Generated_Source\PSoC4/cyfitter_cfg.c **** *
  12:Generated_Source\PSoC4/cyfitter_cfg.c **** ********************************************************************************
  13:Generated_Source\PSoC4/cyfitter_cfg.c **** * Copyright (c) 2007-2018 Cypress Semiconductor.  All rights reserved.
  14:Generated_Source\PSoC4/cyfitter_cfg.c **** * You may use this file only in accordance with the license, terms, conditions, 
  15:Generated_Source\PSoC4/cyfitter_cfg.c **** * disclaimers, and limitations in the end user license agreement accompanying 
  16:Generated_Source\PSoC4/cyfitter_cfg.c **** * the software package with which this file was provided.
  17:Generated_Source\PSoC4/cyfitter_cfg.c **** ********************************************************************************/
  18:Generated_Source\PSoC4/cyfitter_cfg.c **** 
  19:Generated_Source\PSoC4/cyfitter_cfg.c **** #include <string.h>
  20:Generated_Source\PSoC4/cyfitter_cfg.c **** #include "cytypes.h"
  21:Generated_Source\PSoC4/cyfitter_cfg.c **** #include "cydevice_trm.h"
  22:Generated_Source\PSoC4/cyfitter_cfg.c **** #include "cyfitter.h"
  23:Generated_Source\PSoC4/cyfitter_cfg.c **** #include "CyLib.h"
  24:Generated_Source\PSoC4/cyfitter_cfg.c **** #include "CyLFClk.h"
  25:Generated_Source\PSoC4/cyfitter_cfg.c **** #include "cyfitter_cfg.h"
  26:Generated_Source\PSoC4/cyfitter_cfg.c **** #include "cyapicallbacks.h"
  27:Generated_Source\PSoC4/cyfitter_cfg.c **** 
  28:Generated_Source\PSoC4/cyfitter_cfg.c **** 
  29:Generated_Source\PSoC4/cyfitter_cfg.c **** #if defined(__GNUC__) || defined(__ARMCC_VERSION)
  30:Generated_Source\PSoC4/cyfitter_cfg.c ****     #define CYPACKED 
  31:Generated_Source\PSoC4/cyfitter_cfg.c ****     #define CYPACKED_ATTR __attribute__ ((packed))
ARM GAS  C:\Users\Roi\AppData\Local\Temp\ccZW7MHT.s 			page 2


  32:Generated_Source\PSoC4/cyfitter_cfg.c ****     #define CYALIGNED __attribute__ ((aligned))
  33:Generated_Source\PSoC4/cyfitter_cfg.c ****     #define CY_CFG_UNUSED __attribute__ ((unused))
  34:Generated_Source\PSoC4/cyfitter_cfg.c ****     #ifndef CY_CFG_SECTION
  35:Generated_Source\PSoC4/cyfitter_cfg.c ****         #define CY_CFG_SECTION __attribute__ ((section(".psocinit")))
  36:Generated_Source\PSoC4/cyfitter_cfg.c ****     #endif
  37:Generated_Source\PSoC4/cyfitter_cfg.c ****     
  38:Generated_Source\PSoC4/cyfitter_cfg.c ****     #if defined(__ARMCC_VERSION)
  39:Generated_Source\PSoC4/cyfitter_cfg.c ****         #define CY_CFG_MEMORY_BARRIER() __memory_changed()
  40:Generated_Source\PSoC4/cyfitter_cfg.c ****     #else
  41:Generated_Source\PSoC4/cyfitter_cfg.c ****         #define CY_CFG_MEMORY_BARRIER() __sync_synchronize()
  42:Generated_Source\PSoC4/cyfitter_cfg.c ****     #endif
  43:Generated_Source\PSoC4/cyfitter_cfg.c ****     
  44:Generated_Source\PSoC4/cyfitter_cfg.c **** #elif defined(__ICCARM__)
  45:Generated_Source\PSoC4/cyfitter_cfg.c ****     #include <intrinsics.h>
  46:Generated_Source\PSoC4/cyfitter_cfg.c **** 
  47:Generated_Source\PSoC4/cyfitter_cfg.c ****     #define CYPACKED __packed
  48:Generated_Source\PSoC4/cyfitter_cfg.c ****     #define CYPACKED_ATTR 
  49:Generated_Source\PSoC4/cyfitter_cfg.c ****     #define CYALIGNED _Pragma("data_alignment=4")
  50:Generated_Source\PSoC4/cyfitter_cfg.c ****     #define CY_CFG_UNUSED _Pragma("diag_suppress=Pe177")
  51:Generated_Source\PSoC4/cyfitter_cfg.c ****     #define CY_CFG_SECTION _Pragma("location=\".psocinit\"")
  52:Generated_Source\PSoC4/cyfitter_cfg.c ****     
  53:Generated_Source\PSoC4/cyfitter_cfg.c ****     #define CY_CFG_MEMORY_BARRIER() __DMB()
  54:Generated_Source\PSoC4/cyfitter_cfg.c ****     
  55:Generated_Source\PSoC4/cyfitter_cfg.c **** #else
  56:Generated_Source\PSoC4/cyfitter_cfg.c ****     #error Unsupported toolchain
  57:Generated_Source\PSoC4/cyfitter_cfg.c **** #endif
  58:Generated_Source\PSoC4/cyfitter_cfg.c **** 
  59:Generated_Source\PSoC4/cyfitter_cfg.c **** #ifndef CYCODE
  60:Generated_Source\PSoC4/cyfitter_cfg.c ****     #define CYCODE
  61:Generated_Source\PSoC4/cyfitter_cfg.c **** #endif
  62:Generated_Source\PSoC4/cyfitter_cfg.c **** #ifndef CYDATA
  63:Generated_Source\PSoC4/cyfitter_cfg.c ****     #define CYDATA
  64:Generated_Source\PSoC4/cyfitter_cfg.c **** #endif
  65:Generated_Source\PSoC4/cyfitter_cfg.c **** #ifndef CYFAR
  66:Generated_Source\PSoC4/cyfitter_cfg.c ****     #define CYFAR
  67:Generated_Source\PSoC4/cyfitter_cfg.c **** #endif
  68:Generated_Source\PSoC4/cyfitter_cfg.c **** #ifndef CYXDATA
  69:Generated_Source\PSoC4/cyfitter_cfg.c ****     #define CYXDATA
  70:Generated_Source\PSoC4/cyfitter_cfg.c **** #endif
  71:Generated_Source\PSoC4/cyfitter_cfg.c **** 
  72:Generated_Source\PSoC4/cyfitter_cfg.c **** 
  73:Generated_Source\PSoC4/cyfitter_cfg.c **** CY_CFG_UNUSED
  74:Generated_Source\PSoC4/cyfitter_cfg.c **** static void CYMEMZERO(void *s, size_t n);
  75:Generated_Source\PSoC4/cyfitter_cfg.c **** CY_CFG_UNUSED
  76:Generated_Source\PSoC4/cyfitter_cfg.c **** static void CYMEMZERO(void *s, size_t n)
  77:Generated_Source\PSoC4/cyfitter_cfg.c **** {
  27              		.loc 1 77 0
  28              		.cfi_startproc
  29              		@ args = 0, pretend = 0, frame = 8
  30              		@ frame_needed = 1, uses_anonymous_args = 0
  31 0000 80B5     		push	{r7, lr}
  32              		.cfi_def_cfa_offset 8
  33              		.cfi_offset 7, -8
  34              		.cfi_offset 14, -4
  35 0002 82B0     		sub	sp, sp, #8
  36              		.cfi_def_cfa_offset 16
  37 0004 00AF     		add	r7, sp, #0
ARM GAS  C:\Users\Roi\AppData\Local\Temp\ccZW7MHT.s 			page 3


  38              		.cfi_def_cfa_register 7
  39 0006 7860     		str	r0, [r7, #4]
  40 0008 3960     		str	r1, [r7]
  78:Generated_Source\PSoC4/cyfitter_cfg.c **** 	(void)memset(s, 0, n);
  41              		.loc 1 78 0
  42 000a 3A68     		ldr	r2, [r7]
  43 000c 7B68     		ldr	r3, [r7, #4]
  44 000e 0021     		movs	r1, #0
  45 0010 1800     		movs	r0, r3
  46 0012 FFF7FEFF 		bl	memset
  79:Generated_Source\PSoC4/cyfitter_cfg.c **** }
  47              		.loc 1 79 0
  48 0016 C046     		nop
  49 0018 BD46     		mov	sp, r7
  50 001a 02B0     		add	sp, sp, #8
  51              		@ sp needed
  52 001c 80BD     		pop	{r7, pc}
  53              		.cfi_endproc
  54              	.LFE2:
  55              		.size	CYMEMZERO, .-CYMEMZERO
  56 001e C046     		.section	.text.CYCONFIGCPY,"ax",%progbits
  57              		.align	2
  58              		.code	16
  59              		.thumb_func
  60              		.type	CYCONFIGCPY, %function
  61              	CYCONFIGCPY:
  62              	.LFB3:
  80:Generated_Source\PSoC4/cyfitter_cfg.c **** CY_CFG_UNUSED
  81:Generated_Source\PSoC4/cyfitter_cfg.c **** static void CYCONFIGCPY(void *dest, const void *src, size_t n);
  82:Generated_Source\PSoC4/cyfitter_cfg.c **** CY_CFG_UNUSED
  83:Generated_Source\PSoC4/cyfitter_cfg.c **** static void CYCONFIGCPY(void *dest, const void *src, size_t n)
  84:Generated_Source\PSoC4/cyfitter_cfg.c **** {
  63              		.loc 1 84 0
  64              		.cfi_startproc
  65              		@ args = 0, pretend = 0, frame = 16
  66              		@ frame_needed = 1, uses_anonymous_args = 0
  67 0000 80B5     		push	{r7, lr}
  68              		.cfi_def_cfa_offset 8
  69              		.cfi_offset 7, -8
  70              		.cfi_offset 14, -4
  71 0002 84B0     		sub	sp, sp, #16
  72              		.cfi_def_cfa_offset 24
  73 0004 00AF     		add	r7, sp, #0
  74              		.cfi_def_cfa_register 7
  75 0006 F860     		str	r0, [r7, #12]
  76 0008 B960     		str	r1, [r7, #8]
  77 000a 7A60     		str	r2, [r7, #4]
  85:Generated_Source\PSoC4/cyfitter_cfg.c **** 	(void)memcpy(dest, src, n);
  78              		.loc 1 85 0
  79 000c 7A68     		ldr	r2, [r7, #4]
  80 000e B968     		ldr	r1, [r7, #8]
  81 0010 FB68     		ldr	r3, [r7, #12]
  82 0012 1800     		movs	r0, r3
  83 0014 FFF7FEFF 		bl	memcpy
  86:Generated_Source\PSoC4/cyfitter_cfg.c **** }
  84              		.loc 1 86 0
  85 0018 C046     		nop
ARM GAS  C:\Users\Roi\AppData\Local\Temp\ccZW7MHT.s 			page 4


  86 001a BD46     		mov	sp, r7
  87 001c 04B0     		add	sp, sp, #16
  88              		@ sp needed
  89 001e 80BD     		pop	{r7, pc}
  90              		.cfi_endproc
  91              	.LFE3:
  92              		.size	CYCONFIGCPY, .-CYCONFIGCPY
  93              		.section	.text.CYCONFIGCPYCODE,"ax",%progbits
  94              		.align	2
  95              		.code	16
  96              		.thumb_func
  97              		.type	CYCONFIGCPYCODE, %function
  98              	CYCONFIGCPYCODE:
  99              	.LFB4:
  87:Generated_Source\PSoC4/cyfitter_cfg.c **** CY_CFG_UNUSED
  88:Generated_Source\PSoC4/cyfitter_cfg.c **** static void CYCONFIGCPYCODE(void *dest, const void *src, size_t n);
  89:Generated_Source\PSoC4/cyfitter_cfg.c **** CY_CFG_UNUSED
  90:Generated_Source\PSoC4/cyfitter_cfg.c **** static void CYCONFIGCPYCODE(void *dest, const void *src, size_t n)
  91:Generated_Source\PSoC4/cyfitter_cfg.c **** {
 100              		.loc 1 91 0
 101              		.cfi_startproc
 102              		@ args = 0, pretend = 0, frame = 16
 103              		@ frame_needed = 1, uses_anonymous_args = 0
 104 0000 80B5     		push	{r7, lr}
 105              		.cfi_def_cfa_offset 8
 106              		.cfi_offset 7, -8
 107              		.cfi_offset 14, -4
 108 0002 84B0     		sub	sp, sp, #16
 109              		.cfi_def_cfa_offset 24
 110 0004 00AF     		add	r7, sp, #0
 111              		.cfi_def_cfa_register 7
 112 0006 F860     		str	r0, [r7, #12]
 113 0008 B960     		str	r1, [r7, #8]
 114 000a 7A60     		str	r2, [r7, #4]
  92:Generated_Source\PSoC4/cyfitter_cfg.c **** 	(void)memcpy(dest, src, n);
 115              		.loc 1 92 0
 116 000c 7A68     		ldr	r2, [r7, #4]
 117 000e B968     		ldr	r1, [r7, #8]
 118 0010 FB68     		ldr	r3, [r7, #12]
 119 0012 1800     		movs	r0, r3
 120 0014 FFF7FEFF 		bl	memcpy
  93:Generated_Source\PSoC4/cyfitter_cfg.c **** }
 121              		.loc 1 93 0
 122 0018 C046     		nop
 123 001a BD46     		mov	sp, r7
 124 001c 04B0     		add	sp, sp, #16
 125              		@ sp needed
 126 001e 80BD     		pop	{r7, pc}
 127              		.cfi_endproc
 128              	.LFE4:
 129              		.size	CYCONFIGCPYCODE, .-CYCONFIGCPYCODE
 130              		.section	.psocinit,"ax",%progbits
 131              		.align	2
 132              		.code	16
 133              		.thumb_func
 134              		.type	ClockSetup, %function
 135              	ClockSetup:
ARM GAS  C:\Users\Roi\AppData\Local\Temp\ccZW7MHT.s 			page 5


 136              	.LFB5:
  94:Generated_Source\PSoC4/cyfitter_cfg.c **** 
  95:Generated_Source\PSoC4/cyfitter_cfg.c **** 
  96:Generated_Source\PSoC4/cyfitter_cfg.c **** 
  97:Generated_Source\PSoC4/cyfitter_cfg.c **** 
  98:Generated_Source\PSoC4/cyfitter_cfg.c **** /* Clock startup error codes                                                   */
  99:Generated_Source\PSoC4/cyfitter_cfg.c **** #define CYCLOCKSTART_NO_ERROR    0u
 100:Generated_Source\PSoC4/cyfitter_cfg.c **** #define CYCLOCKSTART_XTAL_ERROR  1u
 101:Generated_Source\PSoC4/cyfitter_cfg.c **** #define CYCLOCKSTART_32KHZ_ERROR 2u
 102:Generated_Source\PSoC4/cyfitter_cfg.c **** #define CYCLOCKSTART_PLL_ERROR   3u
 103:Generated_Source\PSoC4/cyfitter_cfg.c **** #define CYCLOCKSTART_FLL_ERROR   4u
 104:Generated_Source\PSoC4/cyfitter_cfg.c **** #define CYCLOCKSTART_WCO_ERROR   5u
 105:Generated_Source\PSoC4/cyfitter_cfg.c **** 
 106:Generated_Source\PSoC4/cyfitter_cfg.c **** 
 107:Generated_Source\PSoC4/cyfitter_cfg.c **** #ifdef CY_NEED_CYCLOCKSTARTUPERROR
 108:Generated_Source\PSoC4/cyfitter_cfg.c **** /*******************************************************************************
 109:Generated_Source\PSoC4/cyfitter_cfg.c **** * Function Name: CyClockStartupError
 110:Generated_Source\PSoC4/cyfitter_cfg.c **** ********************************************************************************
 111:Generated_Source\PSoC4/cyfitter_cfg.c **** * Summary:
 112:Generated_Source\PSoC4/cyfitter_cfg.c **** *  If an error is encountered during clock configuration (crystal startup error,
 113:Generated_Source\PSoC4/cyfitter_cfg.c **** *  PLL lock error, etc.), the system will end up here.  Unless reimplemented by
 114:Generated_Source\PSoC4/cyfitter_cfg.c **** *  the customer, this function will stop in an infinite loop.
 115:Generated_Source\PSoC4/cyfitter_cfg.c **** *
 116:Generated_Source\PSoC4/cyfitter_cfg.c **** * Parameters:
 117:Generated_Source\PSoC4/cyfitter_cfg.c **** *   void
 118:Generated_Source\PSoC4/cyfitter_cfg.c **** *
 119:Generated_Source\PSoC4/cyfitter_cfg.c **** * Return:
 120:Generated_Source\PSoC4/cyfitter_cfg.c **** *   void
 121:Generated_Source\PSoC4/cyfitter_cfg.c **** *
 122:Generated_Source\PSoC4/cyfitter_cfg.c **** *******************************************************************************/
 123:Generated_Source\PSoC4/cyfitter_cfg.c **** CY_CFG_UNUSED
 124:Generated_Source\PSoC4/cyfitter_cfg.c **** static void CyClockStartupError(uint8 errorCode);
 125:Generated_Source\PSoC4/cyfitter_cfg.c **** CY_CFG_UNUSED
 126:Generated_Source\PSoC4/cyfitter_cfg.c **** static void CyClockStartupError(uint8 errorCode)
 127:Generated_Source\PSoC4/cyfitter_cfg.c **** {
 128:Generated_Source\PSoC4/cyfitter_cfg.c ****     /* To remove the compiler warning if errorCode not used.                */
 129:Generated_Source\PSoC4/cyfitter_cfg.c ****     errorCode = errorCode;
 130:Generated_Source\PSoC4/cyfitter_cfg.c **** 
 131:Generated_Source\PSoC4/cyfitter_cfg.c ****     /* If we have a clock startup error (bad MHz crystal, PLL lock, etc.),  */
 132:Generated_Source\PSoC4/cyfitter_cfg.c ****     /* we will end up here to allow the customer to implement something to  */
 133:Generated_Source\PSoC4/cyfitter_cfg.c ****     /* deal with the clock condition.                                       */
 134:Generated_Source\PSoC4/cyfitter_cfg.c **** 
 135:Generated_Source\PSoC4/cyfitter_cfg.c **** #ifdef CY_CFG_CLOCK_STARTUP_ERROR_CALLBACK
 136:Generated_Source\PSoC4/cyfitter_cfg.c ****     CY_CFG_Clock_Startup_ErrorCallback();
 137:Generated_Source\PSoC4/cyfitter_cfg.c **** #else
 138:Generated_Source\PSoC4/cyfitter_cfg.c ****     /*  If not using CY_CFG_CLOCK_STARTUP_ERROR_CALLBACK, place your clock startup code here. */
 139:Generated_Source\PSoC4/cyfitter_cfg.c ****     /* `#START CyClockStartupError` */
 140:Generated_Source\PSoC4/cyfitter_cfg.c **** 
 141:Generated_Source\PSoC4/cyfitter_cfg.c **** 
 142:Generated_Source\PSoC4/cyfitter_cfg.c **** 
 143:Generated_Source\PSoC4/cyfitter_cfg.c ****     /* `#END` */
 144:Generated_Source\PSoC4/cyfitter_cfg.c **** 
 145:Generated_Source\PSoC4/cyfitter_cfg.c ****     while(1) {}
 146:Generated_Source\PSoC4/cyfitter_cfg.c **** #endif /* CY_CFG_CLOCK_STARTUP_ERROR_CALLBACK */
 147:Generated_Source\PSoC4/cyfitter_cfg.c **** }
 148:Generated_Source\PSoC4/cyfitter_cfg.c **** #endif
 149:Generated_Source\PSoC4/cyfitter_cfg.c **** 
ARM GAS  C:\Users\Roi\AppData\Local\Temp\ccZW7MHT.s 			page 6


 150:Generated_Source\PSoC4/cyfitter_cfg.c **** 
 151:Generated_Source\PSoC4/cyfitter_cfg.c **** 
 152:Generated_Source\PSoC4/cyfitter_cfg.c **** /*******************************************************************************
 153:Generated_Source\PSoC4/cyfitter_cfg.c **** * Function Name: ClockSetup
 154:Generated_Source\PSoC4/cyfitter_cfg.c **** ********************************************************************************
 155:Generated_Source\PSoC4/cyfitter_cfg.c **** *
 156:Generated_Source\PSoC4/cyfitter_cfg.c **** * Summary:
 157:Generated_Source\PSoC4/cyfitter_cfg.c **** *   Performs the initialization of all of the clocks in the device based on the
 158:Generated_Source\PSoC4/cyfitter_cfg.c **** *   settings in the Clock tab of the DWR.  This includes enabling the requested
 159:Generated_Source\PSoC4/cyfitter_cfg.c **** *   clocks and setting the necessary dividers to produce the desired frequency. 
 160:Generated_Source\PSoC4/cyfitter_cfg.c **** *
 161:Generated_Source\PSoC4/cyfitter_cfg.c **** * Parameters:
 162:Generated_Source\PSoC4/cyfitter_cfg.c **** *   void
 163:Generated_Source\PSoC4/cyfitter_cfg.c **** *
 164:Generated_Source\PSoC4/cyfitter_cfg.c **** * Return:
 165:Generated_Source\PSoC4/cyfitter_cfg.c **** *   void
 166:Generated_Source\PSoC4/cyfitter_cfg.c **** *
 167:Generated_Source\PSoC4/cyfitter_cfg.c **** *******************************************************************************/
 168:Generated_Source\PSoC4/cyfitter_cfg.c **** static void ClockSetup(void);
 169:Generated_Source\PSoC4/cyfitter_cfg.c **** CY_CFG_SECTION
 170:Generated_Source\PSoC4/cyfitter_cfg.c **** static void ClockSetup(void)
 171:Generated_Source\PSoC4/cyfitter_cfg.c **** {
 137              		.loc 1 171 0
 138              		.cfi_startproc
 139              		@ args = 0, pretend = 0, frame = 0
 140              		@ frame_needed = 1, uses_anonymous_args = 0
 141 0000 80B5     		push	{r7, lr}
 142              		.cfi_def_cfa_offset 8
 143              		.cfi_offset 7, -8
 144              		.cfi_offset 14, -4
 145 0002 00AF     		add	r7, sp, #0
 146              		.cfi_def_cfa_register 7
 172:Generated_Source\PSoC4/cyfitter_cfg.c **** 
 173:Generated_Source\PSoC4/cyfitter_cfg.c **** 	/* Set Flash Cycles based on max possible frequency in case a glitch occurs during ClockSetup(). *
 174:Generated_Source\PSoC4/cyfitter_cfg.c **** 	CY_SET_REG32((void CYXDATA *)(CYREG_CPUSS_FLASH_CTL), (0x0012u));
 147              		.loc 1 174 0
 148 0004 284B     		ldr	r3, .L5
 149 0006 1222     		movs	r2, #18
 150 0008 1A60     		str	r2, [r3]
 175:Generated_Source\PSoC4/cyfitter_cfg.c **** 
 176:Generated_Source\PSoC4/cyfitter_cfg.c **** 	/* Start the WCO */
 177:Generated_Source\PSoC4/cyfitter_cfg.c **** 	CySysClkWcoStart();
 151              		.loc 1 177 0
 152 000a FFF7FEFF 		bl	CySysClkWcoStart
 178:Generated_Source\PSoC4/cyfitter_cfg.c **** 	CyDelayCycles(12000000u); /* WCO may take up to 500ms to start */
 153              		.loc 1 178 0
 154 000e 274B     		ldr	r3, .L5+4
 155 0010 1800     		movs	r0, r3
 156 0012 FFF7FEFF 		bl	CyDelayCycles
 179:Generated_Source\PSoC4/cyfitter_cfg.c **** 	(void)CySysClkWcoSetPowerMode(CY_SYS_CLK_WCO_LPM);    /* Switch to the low power mode */
 157              		.loc 1 179 0
 158 0016 0120     		movs	r0, #1
 159 0018 FFF7FEFF 		bl	CySysClkWcoSetPowerMode
 180:Generated_Source\PSoC4/cyfitter_cfg.c **** 
 181:Generated_Source\PSoC4/cyfitter_cfg.c **** 	/* Setup and trim IMO based on desired frequency. */
 182:Generated_Source\PSoC4/cyfitter_cfg.c **** 	CySysClkWriteImoFreq(48u);
 160              		.loc 1 182 0
ARM GAS  C:\Users\Roi\AppData\Local\Temp\ccZW7MHT.s 			page 7


 161 001c 3020     		movs	r0, #48
 162 001e FFF7FEFF 		bl	CySysClkWriteImoFreq
 183:Generated_Source\PSoC4/cyfitter_cfg.c **** 	/* CYDEV_CLK_ILO_CONFIG Starting address: CYDEV_CLK_ILO_CONFIG */
 184:Generated_Source\PSoC4/cyfitter_cfg.c **** 	CY_SET_REG32((void *)(CYREG_CLK_ILO_CONFIG), 0x80000006u);
 163              		.loc 1 184 0
 164 0022 234B     		ldr	r3, .L5+8
 165 0024 234A     		ldr	r2, .L5+12
 166 0026 1A60     		str	r2, [r3]
 185:Generated_Source\PSoC4/cyfitter_cfg.c **** 
 186:Generated_Source\PSoC4/cyfitter_cfg.c **** 	/* CYDEV_WDT_CONFIG Starting address: CYDEV_WDT_CONFIG */
 187:Generated_Source\PSoC4/cyfitter_cfg.c **** 	CY_SET_REG32((void *)(CYREG_WDT_CONFIG), 0x40000000u);
 167              		.loc 1 187 0
 168 0028 234B     		ldr	r3, .L5+16
 169 002a 8022     		movs	r2, #128
 170 002c D205     		lsls	r2, r2, #23
 171 002e 1A60     		str	r2, [r3]
 188:Generated_Source\PSoC4/cyfitter_cfg.c **** 
 189:Generated_Source\PSoC4/cyfitter_cfg.c **** 
 190:Generated_Source\PSoC4/cyfitter_cfg.c **** 	/* Enable fast start mode for XO */
 191:Generated_Source\PSoC4/cyfitter_cfg.c **** 	CY_SET_REG32((void*)CYREG_BLE_BLERD_BB_XO, CY_GET_REG32((void*)CYREG_BLE_BLERD_BB_XO) | (uint32)0x
 172              		.loc 1 191 0
 173 0030 224B     		ldr	r3, .L5+20
 174 0032 224A     		ldr	r2, .L5+20
 175 0034 1268     		ldr	r2, [r2]
 176 0036 0221     		movs	r1, #2
 177 0038 0A43     		orrs	r2, r1
 178 003a 1A60     		str	r2, [r3]
 192:Generated_Source\PSoC4/cyfitter_cfg.c **** 	CY_SET_REG32((void *)(CYREG_BLE_BLERD_BB_XO_CAPTRIM), 0x00006969u);
 179              		.loc 1 192 0
 180 003c 204B     		ldr	r3, .L5+24
 181 003e 214A     		ldr	r2, .L5+28
 182 0040 1A60     		str	r2, [r3]
 193:Generated_Source\PSoC4/cyfitter_cfg.c **** 	/*Set XTAL(ECO) divider*/
 194:Generated_Source\PSoC4/cyfitter_cfg.c **** 	CY_SET_REG32((void *)(CYREG_BLE_BLESS_XTAL_CLK_DIV_CONFIG), 0x00000000u);
 183              		.loc 1 194 0
 184 0042 214B     		ldr	r3, .L5+32
 185 0044 0022     		movs	r2, #0
 186 0046 1A60     		str	r2, [r3]
 195:Generated_Source\PSoC4/cyfitter_cfg.c **** 	/* Disable Crystal Stable Interrupt before enabling ECO */
 196:Generated_Source\PSoC4/cyfitter_cfg.c **** 	CY_SET_REG32((void*)CYREG_BLE_BLESS_LL_DSM_CTRL, CY_GET_REG32((void*)CYREG_BLE_BLESS_LL_DSM_CTRL) 
 187              		.loc 1 196 0
 188 0048 204B     		ldr	r3, .L5+36
 189 004a 204A     		ldr	r2, .L5+36
 190 004c 1268     		ldr	r2, [r2]
 191 004e 0821     		movs	r1, #8
 192 0050 8A43     		bics	r2, r1
 193 0052 1A60     		str	r2, [r3]
 197:Generated_Source\PSoC4/cyfitter_cfg.c **** 	/* Start the ECO and do not check status since it is not needed for HFCLK */
 198:Generated_Source\PSoC4/cyfitter_cfg.c **** 	(void)CySysClkEcoStart(2000u);
 194              		.loc 1 198 0
 195 0054 FA23     		movs	r3, #250
 196 0056 DB00     		lsls	r3, r3, #3
 197 0058 1800     		movs	r0, r3
 198 005a FFF7FEFF 		bl	CySysClkEcoStart
 199:Generated_Source\PSoC4/cyfitter_cfg.c **** 	CyDelayUs(1500u); /* Wait to stabilize */
 199              		.loc 1 199 0
 200 005e 1C4B     		ldr	r3, .L5+40
ARM GAS  C:\Users\Roi\AppData\Local\Temp\ccZW7MHT.s 			page 8


 201 0060 1800     		movs	r0, r3
 202 0062 FFF7FEFF 		bl	CyDelayUs
 200:Generated_Source\PSoC4/cyfitter_cfg.c **** 
 201:Generated_Source\PSoC4/cyfitter_cfg.c **** 	/* Setup phase aligned clocks */
 202:Generated_Source\PSoC4/cyfitter_cfg.c **** 	CY_SET_REG32((void *)CYREG_PERI_DIV_16_CTL0, 0x00001D00u);
 203              		.loc 1 202 0
 204 0066 1B4B     		ldr	r3, .L5+44
 205 0068 E822     		movs	r2, #232
 206 006a 5201     		lsls	r2, r2, #5
 207 006c 1A60     		str	r2, [r3]
 203:Generated_Source\PSoC4/cyfitter_cfg.c **** 	CY_SET_REG32((void *)CYREG_PERI_DIV_CMD, 0x8000FF40u);
 208              		.loc 1 203 0
 209 006e 1A4B     		ldr	r3, .L5+48
 210 0070 1A4A     		ldr	r2, .L5+52
 211 0072 1A60     		str	r2, [r3]
 204:Generated_Source\PSoC4/cyfitter_cfg.c **** 
 205:Generated_Source\PSoC4/cyfitter_cfg.c **** 	/* CYDEV_CLK_IMO_CONFIG Starting address: CYDEV_CLK_IMO_CONFIG */
 206:Generated_Source\PSoC4/cyfitter_cfg.c **** 	CY_SET_REG32((void *)(CYREG_CLK_IMO_CONFIG), 0x80000000u);
 212              		.loc 1 206 0
 213 0074 1A4B     		ldr	r3, .L5+56
 214 0076 8022     		movs	r2, #128
 215 0078 1206     		lsls	r2, r2, #24
 216 007a 1A60     		str	r2, [r3]
 207:Generated_Source\PSoC4/cyfitter_cfg.c **** 
 208:Generated_Source\PSoC4/cyfitter_cfg.c **** 	/* CYDEV_CLK_SELECT Starting address: CYDEV_CLK_SELECT */
 209:Generated_Source\PSoC4/cyfitter_cfg.c **** 	CY_SET_REG32((void *)(CYREG_CLK_SELECT), 0x00040000u);
 217              		.loc 1 209 0
 218 007c 194B     		ldr	r3, .L5+60
 219 007e 8022     		movs	r2, #128
 220 0080 D202     		lsls	r2, r2, #11
 221 0082 1A60     		str	r2, [r3]
 210:Generated_Source\PSoC4/cyfitter_cfg.c **** 
 211:Generated_Source\PSoC4/cyfitter_cfg.c **** 	/* CYDEV_PERI_PCLK_CTL2 Starting address: CYDEV_PERI_PCLK_CTL2 */
 212:Generated_Source\PSoC4/cyfitter_cfg.c **** 	CY_SET_REG32((void *)(CYREG_PERI_PCLK_CTL2), 0x00000040u);
 222              		.loc 1 212 0
 223 0084 184B     		ldr	r3, .L5+64
 224 0086 4022     		movs	r2, #64
 225 0088 1A60     		str	r2, [r3]
 213:Generated_Source\PSoC4/cyfitter_cfg.c **** 
 214:Generated_Source\PSoC4/cyfitter_cfg.c **** 	(void)CyIntSetVector(8u, &CySysWdtIsr);
 226              		.loc 1 214 0
 227 008a 184B     		ldr	r3, .L5+68
 228 008c 1900     		movs	r1, r3
 229 008e 0820     		movs	r0, #8
 230 0090 FFF7FEFF 		bl	CyIntSetVector
 215:Generated_Source\PSoC4/cyfitter_cfg.c **** 	CyIntEnable(8u);
 231              		.loc 1 215 0
 232 0094 0820     		movs	r0, #8
 233 0096 FFF7FEFF 		bl	CyIntEnable
 216:Generated_Source\PSoC4/cyfitter_cfg.c **** 	CY_SET_REG32((void *)(CYREG_WDT_CONFIG), 0x40000000u);
 234              		.loc 1 216 0
 235 009a 074B     		ldr	r3, .L5+16
 236 009c 8022     		movs	r2, #128
 237 009e D205     		lsls	r2, r2, #23
 238 00a0 1A60     		str	r2, [r3]
 217:Generated_Source\PSoC4/cyfitter_cfg.c **** }
 239              		.loc 1 217 0
ARM GAS  C:\Users\Roi\AppData\Local\Temp\ccZW7MHT.s 			page 9


 240 00a2 C046     		nop
 241 00a4 BD46     		mov	sp, r7
 242              		@ sp needed
 243 00a6 80BD     		pop	{r7, pc}
 244              	.L6:
 245              		.align	2
 246              	.L5:
 247 00a8 30001040 		.word	1074790448
 248 00ac 001BB700 		.word	12000000
 249 00b0 04010B40 		.word	1074462980
 250 00b4 06000080 		.word	-2147483642
 251 00b8 0C020B40 		.word	1074463244
 252 00bc 78002E40 		.word	1076756600
 253 00c0 7C002E40 		.word	1076756604
 254 00c4 69690000 		.word	26985
 255 00c8 64F02E40 		.word	1076818020
 256 00cc 6CF02E40 		.word	1076818028
 257 00d0 DC050000 		.word	1500
 258 00d4 00030140 		.word	1073808128
 259 00d8 00000140 		.word	1073807360
 260 00dc 40FF0080 		.word	-2147418304
 261 00e0 08010B40 		.word	1074462984
 262 00e4 00010B40 		.word	1074462976
 263 00e8 08010140 		.word	1073807624
 264 00ec 00000000 		.word	CySysWdtIsr
 265              		.cfi_endproc
 266              	.LFE5:
 267              		.size	ClockSetup, .-ClockSetup
 268              		.section	.text.AnalogSetDefault,"ax",%progbits
 269              		.align	2
 270              		.code	16
 271              		.thumb_func
 272              		.type	AnalogSetDefault, %function
 273              	AnalogSetDefault:
 274              	.LFB6:
 218:Generated_Source\PSoC4/cyfitter_cfg.c **** 
 219:Generated_Source\PSoC4/cyfitter_cfg.c **** 
 220:Generated_Source\PSoC4/cyfitter_cfg.c **** /* Analog API Functions */
 221:Generated_Source\PSoC4/cyfitter_cfg.c **** 
 222:Generated_Source\PSoC4/cyfitter_cfg.c **** 
 223:Generated_Source\PSoC4/cyfitter_cfg.c **** /*******************************************************************************
 224:Generated_Source\PSoC4/cyfitter_cfg.c **** * Function Name: AnalogSetDefault
 225:Generated_Source\PSoC4/cyfitter_cfg.c **** ********************************************************************************
 226:Generated_Source\PSoC4/cyfitter_cfg.c **** *
 227:Generated_Source\PSoC4/cyfitter_cfg.c **** * Summary:
 228:Generated_Source\PSoC4/cyfitter_cfg.c **** *  Sets up the analog portions of the chip to default values based on chip
 229:Generated_Source\PSoC4/cyfitter_cfg.c **** *  configuration options from the project.
 230:Generated_Source\PSoC4/cyfitter_cfg.c **** *
 231:Generated_Source\PSoC4/cyfitter_cfg.c **** * Parameters:
 232:Generated_Source\PSoC4/cyfitter_cfg.c **** *  void
 233:Generated_Source\PSoC4/cyfitter_cfg.c **** *
 234:Generated_Source\PSoC4/cyfitter_cfg.c **** * Return:
 235:Generated_Source\PSoC4/cyfitter_cfg.c **** *  void
 236:Generated_Source\PSoC4/cyfitter_cfg.c **** *
 237:Generated_Source\PSoC4/cyfitter_cfg.c **** *******************************************************************************/
 238:Generated_Source\PSoC4/cyfitter_cfg.c **** static void AnalogSetDefault(void);
 239:Generated_Source\PSoC4/cyfitter_cfg.c **** static void AnalogSetDefault(void)
ARM GAS  C:\Users\Roi\AppData\Local\Temp\ccZW7MHT.s 			page 10


 240:Generated_Source\PSoC4/cyfitter_cfg.c **** {
 275              		.loc 1 240 0
 276              		.cfi_startproc
 277              		@ args = 0, pretend = 0, frame = 0
 278              		@ frame_needed = 1, uses_anonymous_args = 0
 279 0000 80B5     		push	{r7, lr}
 280              		.cfi_def_cfa_offset 8
 281              		.cfi_offset 7, -8
 282              		.cfi_offset 14, -4
 283 0002 00AF     		add	r7, sp, #0
 284              		.cfi_def_cfa_register 7
 241:Generated_Source\PSoC4/cyfitter_cfg.c **** 	CY_SET_XTND_REG32((void CYFAR *)CYREG_CTBM0_DFT_CTRL, 0x00000003u);
 285              		.loc 1 241 0
 286 0004 054B     		ldr	r3, .L8
 287 0006 0322     		movs	r2, #3
 288 0008 1A60     		str	r2, [r3]
 242:Generated_Source\PSoC4/cyfitter_cfg.c **** 	CY_SET_XTND_REG32((void CYFAR *)CYREG_CTBM1_DFT_CTRL, 0x00000003u);
 289              		.loc 1 242 0
 290 000a 054B     		ldr	r3, .L8+4
 291 000c 0322     		movs	r2, #3
 292 000e 1A60     		str	r2, [r3]
 243:Generated_Source\PSoC4/cyfitter_cfg.c **** 	CY_SET_XTND_REG32((void CYFAR *)CYREG_PASS_DSAB_DSAB_CTRL, 0x00000000u);
 293              		.loc 1 243 0
 294 0010 044B     		ldr	r3, .L8+8
 295 0012 0022     		movs	r2, #0
 296 0014 1A60     		str	r2, [r3]
 244:Generated_Source\PSoC4/cyfitter_cfg.c **** }
 297              		.loc 1 244 0
 298 0016 C046     		nop
 299 0018 BD46     		mov	sp, r7
 300              		@ sp needed
 301 001a 80BD     		pop	{r7, pc}
 302              	.L9:
 303              		.align	2
 304              	.L8:
 305 001c 30003040 		.word	1076887600
 306 0020 30003140 		.word	1076953136
 307 0024 000E3F40 		.word	1077874176
 308              		.cfi_endproc
 309              	.LFE6:
 310              		.size	AnalogSetDefault, .-AnalogSetDefault
 311              		.section	.psocinit
 312              		.align	2
 313              		.global	cyfitter_cfg
 314              		.code	16
 315              		.thumb_func
 316              		.type	cyfitter_cfg, %function
 317              	cyfitter_cfg:
 318              	.LFB7:
 245:Generated_Source\PSoC4/cyfitter_cfg.c **** 
 246:Generated_Source\PSoC4/cyfitter_cfg.c **** 
 247:Generated_Source\PSoC4/cyfitter_cfg.c **** 
 248:Generated_Source\PSoC4/cyfitter_cfg.c **** 
 249:Generated_Source\PSoC4/cyfitter_cfg.c **** /*******************************************************************************
 250:Generated_Source\PSoC4/cyfitter_cfg.c **** * Function Name: cyfitter_cfg
 251:Generated_Source\PSoC4/cyfitter_cfg.c **** ********************************************************************************
 252:Generated_Source\PSoC4/cyfitter_cfg.c **** * Summary:
ARM GAS  C:\Users\Roi\AppData\Local\Temp\ccZW7MHT.s 			page 11


 253:Generated_Source\PSoC4/cyfitter_cfg.c **** *  This function is called by the start-up code for the selected device. It
 254:Generated_Source\PSoC4/cyfitter_cfg.c **** *  performs all of the necessary device configuration based on the design
 255:Generated_Source\PSoC4/cyfitter_cfg.c **** *  settings.  This includes settings from the Design Wide Resources (DWR) such
 256:Generated_Source\PSoC4/cyfitter_cfg.c **** *  as Clocks and Pins as well as any component configuration that is necessary.
 257:Generated_Source\PSoC4/cyfitter_cfg.c **** *
 258:Generated_Source\PSoC4/cyfitter_cfg.c **** * Parameters:
 259:Generated_Source\PSoC4/cyfitter_cfg.c **** *   void
 260:Generated_Source\PSoC4/cyfitter_cfg.c **** *
 261:Generated_Source\PSoC4/cyfitter_cfg.c **** * Return:
 262:Generated_Source\PSoC4/cyfitter_cfg.c **** *   void
 263:Generated_Source\PSoC4/cyfitter_cfg.c **** *
 264:Generated_Source\PSoC4/cyfitter_cfg.c **** *******************************************************************************/
 265:Generated_Source\PSoC4/cyfitter_cfg.c **** CY_CFG_SECTION
 266:Generated_Source\PSoC4/cyfitter_cfg.c **** void cyfitter_cfg(void)
 267:Generated_Source\PSoC4/cyfitter_cfg.c **** {
 319              		.loc 1 267 0
 320              		.cfi_startproc
 321              		@ args = 0, pretend = 0, frame = 8
 322              		@ frame_needed = 1, uses_anonymous_args = 0
 323 00f0 80B5     		push	{r7, lr}
 324              		.cfi_def_cfa_offset 8
 325              		.cfi_offset 7, -8
 326              		.cfi_offset 14, -4
 327 00f2 82B0     		sub	sp, sp, #8
 328              		.cfi_def_cfa_offset 16
 329 00f4 00AF     		add	r7, sp, #0
 330              		.cfi_def_cfa_register 7
 268:Generated_Source\PSoC4/cyfitter_cfg.c **** 	/* Disable interrupts by default. Let user enable if/when they want. */
 269:Generated_Source\PSoC4/cyfitter_cfg.c **** 	CyGlobalIntDisable;
 331              		.loc 1 269 0
 332              		.syntax divided
 333              	@ 269 "Generated_Source\PSoC4\cyfitter_cfg.c" 1
 334 00f6 72B6     		CPSID   i
 335              	@ 0 "" 2
 270:Generated_Source\PSoC4/cyfitter_cfg.c **** 
 271:Generated_Source\PSoC4/cyfitter_cfg.c **** 	CY_SET_REG32((void *)(CYREG_BLE_BLESS_LL_DSM_CTRL), 0x00000000u);
 336              		.loc 1 271 0
 337              		.thumb
 338              		.syntax unified
 339 00f8 294B     		ldr	r3, .L13
 340 00fa 0022     		movs	r2, #0
 341 00fc 1A60     		str	r2, [r3]
 342              	.LBB2:
 272:Generated_Source\PSoC4/cyfitter_cfg.c **** 
 273:Generated_Source\PSoC4/cyfitter_cfg.c **** 	{
 274:Generated_Source\PSoC4/cyfitter_cfg.c **** 
 275:Generated_Source\PSoC4/cyfitter_cfg.c **** 		CYPACKED typedef struct {
 276:Generated_Source\PSoC4/cyfitter_cfg.c **** 			void CYFAR *address;
 277:Generated_Source\PSoC4/cyfitter_cfg.c **** 			uint16 size;
 278:Generated_Source\PSoC4/cyfitter_cfg.c **** 		} CYPACKED_ATTR cfg_memset_t;
 279:Generated_Source\PSoC4/cyfitter_cfg.c **** 
 280:Generated_Source\PSoC4/cyfitter_cfg.c **** 		static const cfg_memset_t CYCODE cfg_memset_list[] = {
 281:Generated_Source\PSoC4/cyfitter_cfg.c **** 			/* address, size */
 282:Generated_Source\PSoC4/cyfitter_cfg.c **** 			{(void CYFAR *)(CYDEV_UDB_P0_U0_BASE), 1024u},
 283:Generated_Source\PSoC4/cyfitter_cfg.c **** 			{(void CYFAR *)(CYDEV_UDB_DSI0_BASE), 1024u},
 284:Generated_Source\PSoC4/cyfitter_cfg.c **** 		};
 285:Generated_Source\PSoC4/cyfitter_cfg.c **** 
ARM GAS  C:\Users\Roi\AppData\Local\Temp\ccZW7MHT.s 			page 12


 286:Generated_Source\PSoC4/cyfitter_cfg.c **** 		uint8 CYDATA i;
 287:Generated_Source\PSoC4/cyfitter_cfg.c **** 
 288:Generated_Source\PSoC4/cyfitter_cfg.c **** 		/* Zero out critical memory blocks before beginning configuration */
 289:Generated_Source\PSoC4/cyfitter_cfg.c **** 		for (i = 0u; i < (sizeof(cfg_memset_list)/sizeof(cfg_memset_list[0])); i++)
 343              		.loc 1 289 0
 344 00fe FB1D     		adds	r3, r7, #7
 345 0100 0022     		movs	r2, #0
 346 0102 1A70     		strb	r2, [r3]
 347 0104 22E0     		b	.L11
 348              	.L12:
 349              	.LBB3:
 290:Generated_Source\PSoC4/cyfitter_cfg.c **** 		{
 291:Generated_Source\PSoC4/cyfitter_cfg.c **** 			const cfg_memset_t CYCODE * CYDATA ms = &cfg_memset_list[i];
 350              		.loc 1 291 0 discriminator 3
 351 0106 FB1D     		adds	r3, r7, #7
 352 0108 1A78     		ldrb	r2, [r3]
 353 010a 1300     		movs	r3, r2
 354 010c 5B00     		lsls	r3, r3, #1
 355 010e 9B18     		adds	r3, r3, r2
 356 0110 5B00     		lsls	r3, r3, #1
 357 0112 244A     		ldr	r2, .L13+4
 358 0114 9B18     		adds	r3, r3, r2
 359 0116 3B60     		str	r3, [r7]
 292:Generated_Source\PSoC4/cyfitter_cfg.c **** 			CYMEMZERO(ms->address, (size_t)(uint32)(ms->size));
 360              		.loc 1 292 0 discriminator 3
 361 0118 3B68     		ldr	r3, [r7]
 362 011a 1A78     		ldrb	r2, [r3]
 363 011c 5978     		ldrb	r1, [r3, #1]
 364 011e 0902     		lsls	r1, r1, #8
 365 0120 0A43     		orrs	r2, r1
 366 0122 9978     		ldrb	r1, [r3, #2]
 367 0124 0904     		lsls	r1, r1, #16
 368 0126 0A43     		orrs	r2, r1
 369 0128 DB78     		ldrb	r3, [r3, #3]
 370 012a 1B06     		lsls	r3, r3, #24
 371 012c 1343     		orrs	r3, r2
 372 012e 1800     		movs	r0, r3
 373 0130 3B68     		ldr	r3, [r7]
 374 0132 1A79     		ldrb	r2, [r3, #4]
 375 0134 5B79     		ldrb	r3, [r3, #5]
 376 0136 1B02     		lsls	r3, r3, #8
 377 0138 1343     		orrs	r3, r2
 378 013a 9BB2     		uxth	r3, r3
 379 013c 1900     		movs	r1, r3
 380 013e FFF7FEFF 		bl	CYMEMZERO
 381              	.LBE3:
 289:Generated_Source\PSoC4/cyfitter_cfg.c **** 		{
 382              		.loc 1 289 0 discriminator 3
 383 0142 FB1D     		adds	r3, r7, #7
 384 0144 1A78     		ldrb	r2, [r3]
 385 0146 FB1D     		adds	r3, r7, #7
 386 0148 0132     		adds	r2, r2, #1
 387 014a 1A70     		strb	r2, [r3]
 388              	.L11:
 289:Generated_Source\PSoC4/cyfitter_cfg.c **** 		{
 389              		.loc 1 289 0 is_stmt 0 discriminator 1
 390 014c FB1D     		adds	r3, r7, #7
ARM GAS  C:\Users\Roi\AppData\Local\Temp\ccZW7MHT.s 			page 13


 391 014e 1B78     		ldrb	r3, [r3]
 392 0150 012B     		cmp	r3, #1
 393 0152 D8D9     		bls	.L12
 293:Generated_Source\PSoC4/cyfitter_cfg.c **** 		}
 294:Generated_Source\PSoC4/cyfitter_cfg.c **** 
 295:Generated_Source\PSoC4/cyfitter_cfg.c **** 		/* HSIOM Starting address: CYDEV_HSIOM_BASE */
 296:Generated_Source\PSoC4/cyfitter_cfg.c **** 		CY_SET_REG32((void *)(CYDEV_HSIOM_BASE), 0xEE000000u);
 394              		.loc 1 296 0 is_stmt 1
 395 0154 144B     		ldr	r3, .L13+8
 396 0156 EE22     		movs	r2, #238
 397 0158 1206     		lsls	r2, r2, #24
 398 015a 1A60     		str	r2, [r3]
 297:Generated_Source\PSoC4/cyfitter_cfg.c **** 		CY_SET_REG32((void *)(CYREG_HSIOM_PORT_SEL5), 0x000000EEu);
 399              		.loc 1 297 0
 400 015c 134B     		ldr	r3, .L13+12
 401 015e EE22     		movs	r2, #238
 402 0160 1A60     		str	r2, [r3]
 298:Generated_Source\PSoC4/cyfitter_cfg.c **** 
 299:Generated_Source\PSoC4/cyfitter_cfg.c **** 		/* UDB_PA_0 Starting address: CYDEV_UDB_PA0_BASE */
 300:Generated_Source\PSoC4/cyfitter_cfg.c **** 		CY_SET_REG32((void *)(CYDEV_UDB_PA0_BASE), 0x00990000u);
 403              		.loc 1 300 0
 404 0162 134B     		ldr	r3, .L13+16
 405 0164 9922     		movs	r2, #153
 406 0166 1204     		lsls	r2, r2, #16
 407 0168 1A60     		str	r2, [r3]
 301:Generated_Source\PSoC4/cyfitter_cfg.c **** 
 302:Generated_Source\PSoC4/cyfitter_cfg.c **** 		/* Enable digital routing */
 303:Generated_Source\PSoC4/cyfitter_cfg.c **** 		CY_SET_XTND_REG8((void *)CYREG_UDB_UDBIF_BANK_CTL, (uint8)(CY_GET_XTND_REG8((void *)CYREG_UDB_UDB
 408              		.loc 1 303 0
 409 016a 124A     		ldr	r2, .L13+20
 410 016c 114B     		ldr	r3, .L13+20
 411 016e 1B78     		ldrb	r3, [r3]
 412 0170 DBB2     		uxtb	r3, r3
 413 0172 0621     		movs	r1, #6
 414 0174 0B43     		orrs	r3, r1
 415 0176 DBB2     		uxtb	r3, r3
 416 0178 1370     		strb	r3, [r2]
 417              	.LBE2:
 304:Generated_Source\PSoC4/cyfitter_cfg.c **** 	}
 305:Generated_Source\PSoC4/cyfitter_cfg.c **** 
 306:Generated_Source\PSoC4/cyfitter_cfg.c **** 	/* Perform second pass device configuration. These items must be configured in specific order afte
 307:Generated_Source\PSoC4/cyfitter_cfg.c **** 	/* IOPINS0_0 Starting address: CYDEV_GPIO_PRT0_BASE */
 308:Generated_Source\PSoC4/cyfitter_cfg.c **** 	CY_SET_REG32((void *)(CYREG_GPIO_PRT0_PC), 0x00D80000u);
 418              		.loc 1 308 0
 419 017a 0F4B     		ldr	r3, .L13+24
 420 017c D822     		movs	r2, #216
 421 017e 1204     		lsls	r2, r2, #16
 422 0180 1A60     		str	r2, [r3]
 309:Generated_Source\PSoC4/cyfitter_cfg.c **** 
 310:Generated_Source\PSoC4/cyfitter_cfg.c **** 	/* IOPINS0_5 Starting address: CYDEV_GPIO_PRT5_BASE */
 311:Generated_Source\PSoC4/cyfitter_cfg.c **** 	CY_SET_REG32((void *)(CYDEV_GPIO_PRT5_BASE), 0x00000003u);
 423              		.loc 1 311 0
 424 0182 0E4B     		ldr	r3, .L13+28
 425 0184 0322     		movs	r2, #3
 426 0186 1A60     		str	r2, [r3]
 312:Generated_Source\PSoC4/cyfitter_cfg.c **** 	CY_SET_REG32((void *)(CYREG_GPIO_PRT5_PC), 0x00000024u);
 427              		.loc 1 312 0
ARM GAS  C:\Users\Roi\AppData\Local\Temp\ccZW7MHT.s 			page 14


 428 0188 0D4B     		ldr	r3, .L13+32
 429 018a 2422     		movs	r2, #36
 430 018c 1A60     		str	r2, [r3]
 313:Generated_Source\PSoC4/cyfitter_cfg.c **** 
 314:Generated_Source\PSoC4/cyfitter_cfg.c **** 
 315:Generated_Source\PSoC4/cyfitter_cfg.c **** 	/* Setup clocks based on selections from Clock DWR */
 316:Generated_Source\PSoC4/cyfitter_cfg.c **** 	ClockSetup();
 431              		.loc 1 316 0
 432 018e FFF737FF 		bl	ClockSetup
 317:Generated_Source\PSoC4/cyfitter_cfg.c **** 
 318:Generated_Source\PSoC4/cyfitter_cfg.c **** 	/* Perform basic analog initialization to defaults */
 319:Generated_Source\PSoC4/cyfitter_cfg.c **** 	AnalogSetDefault();
 433              		.loc 1 319 0
 434 0192 FFF7FEFF 		bl	AnalogSetDefault
 320:Generated_Source\PSoC4/cyfitter_cfg.c **** 
 321:Generated_Source\PSoC4/cyfitter_cfg.c **** }
 435              		.loc 1 321 0
 436 0196 C046     		nop
 437 0198 BD46     		mov	sp, r7
 438 019a 02B0     		add	sp, sp, #8
 439              		@ sp needed
 440 019c 80BD     		pop	{r7, pc}
 441              	.L14:
 442 019e C046     		.align	2
 443              	.L13:
 444 01a0 6CF02E40 		.word	1076818028
 445 01a4 00000000 		.word	cfg_memset_list.4884
 446 01a8 00000240 		.word	1073872896
 447 01ac 00050240 		.word	1073874176
 448 01b0 00500F40 		.word	1074745344
 449 01b4 00700F40 		.word	1074753536
 450 01b8 08000440 		.word	1074003976
 451 01bc 00050440 		.word	1074005248
 452 01c0 08050440 		.word	1074005256
 453              		.cfi_endproc
 454              	.LFE7:
 455              		.size	cyfitter_cfg, .-cyfitter_cfg
 456              		.section	.rodata
 457              		.align	2
 458              		.type	cfg_memset_list.4884, %object
 459              		.size	cfg_memset_list.4884, 12
 460              	cfg_memset_list.4884:
 461 0000 00300F40 		.word	1074737152
 462 0004 0004     		.short	1024
 463 0006 00400F40 		.4byte	1074741248
 464 000a 0004     		.short	1024
 465              		.text
 466              	.Letext0:
 467              		.file 2 "c:\\program files (x86)\\cypress\\psoc creator\\4.2\\psoc creator\\import\\gnu\\arm\\5.4.
 468              		.file 3 "Generated_Source\\PSoC4\\cytypes.h"
 469              		.section	.debug_info,"",%progbits
 470              	.Ldebug_info0:
 471 0000 55020000 		.4byte	0x255
 472 0004 0400     		.2byte	0x4
 473 0006 00000000 		.4byte	.Ldebug_abbrev0
 474 000a 04       		.byte	0x4
 475 000b 01       		.uleb128 0x1
ARM GAS  C:\Users\Roi\AppData\Local\Temp\ccZW7MHT.s 			page 15


 476 000c B3000000 		.4byte	.LASF30
 477 0010 0C       		.byte	0xc
 478 0011 F1010000 		.4byte	.LASF31
 479 0015 4C000000 		.4byte	.LASF32
 480 0019 00000000 		.4byte	.Ldebug_ranges0+0
 481 001d 00000000 		.4byte	0
 482 0021 00000000 		.4byte	.Ldebug_line0
 483 0025 02       		.uleb128 0x2
 484 0026 04       		.byte	0x4
 485 0027 05       		.byte	0x5
 486 0028 696E7400 		.ascii	"int\000"
 487 002c 03       		.uleb128 0x3
 488 002d 06000000 		.4byte	.LASF12
 489 0031 02       		.byte	0x2
 490 0032 D8       		.byte	0xd8
 491 0033 37000000 		.4byte	0x37
 492 0037 04       		.uleb128 0x4
 493 0038 04       		.byte	0x4
 494 0039 07       		.byte	0x7
 495 003a 71010000 		.4byte	.LASF0
 496 003e 04       		.uleb128 0x4
 497 003f 08       		.byte	0x8
 498 0040 05       		.byte	0x5
 499 0041 B3010000 		.4byte	.LASF1
 500 0045 04       		.uleb128 0x4
 501 0046 08       		.byte	0x8
 502 0047 04       		.byte	0x4
 503 0048 D9010000 		.4byte	.LASF2
 504 004c 04       		.uleb128 0x4
 505 004d 01       		.byte	0x1
 506 004e 06       		.byte	0x6
 507 004f E5010000 		.4byte	.LASF3
 508 0053 04       		.uleb128 0x4
 509 0054 01       		.byte	0x1
 510 0055 08       		.byte	0x8
 511 0056 41010000 		.4byte	.LASF4
 512 005a 04       		.uleb128 0x4
 513 005b 02       		.byte	0x2
 514 005c 05       		.byte	0x5
 515 005d C6010000 		.4byte	.LASF5
 516 0061 04       		.uleb128 0x4
 517 0062 02       		.byte	0x2
 518 0063 07       		.byte	0x7
 519 0064 39000000 		.4byte	.LASF6
 520 0068 04       		.uleb128 0x4
 521 0069 04       		.byte	0x4
 522 006a 05       		.byte	0x5
 523 006b D0010000 		.4byte	.LASF7
 524 006f 04       		.uleb128 0x4
 525 0070 04       		.byte	0x4
 526 0071 07       		.byte	0x7
 527 0072 91000000 		.4byte	.LASF8
 528 0076 04       		.uleb128 0x4
 529 0077 08       		.byte	0x8
 530 0078 07       		.byte	0x7
 531 0079 86010000 		.4byte	.LASF9
 532 007d 04       		.uleb128 0x4
ARM GAS  C:\Users\Roi\AppData\Local\Temp\ccZW7MHT.s 			page 16


 533 007e 04       		.byte	0x4
 534 007f 07       		.byte	0x7
 535 0080 AA010000 		.4byte	.LASF10
 536 0084 05       		.uleb128 0x5
 537 0085 04       		.byte	0x4
 538 0086 04       		.uleb128 0x4
 539 0087 01       		.byte	0x1
 540 0088 08       		.byte	0x8
 541 0089 C1010000 		.4byte	.LASF11
 542 008d 06       		.uleb128 0x6
 543 008e A3000000 		.4byte	.LASF13
 544 0092 03       		.byte	0x3
 545 0093 E701     		.2byte	0x1e7
 546 0095 53000000 		.4byte	0x53
 547 0099 06       		.uleb128 0x6
 548 009a 63010000 		.4byte	.LASF14
 549 009e 03       		.byte	0x3
 550 009f E801     		.2byte	0x1e8
 551 00a1 61000000 		.4byte	0x61
 552 00a5 06       		.uleb128 0x6
 553 00a6 6A010000 		.4byte	.LASF15
 554 00aa 03       		.byte	0x3
 555 00ab E901     		.2byte	0x1e9
 556 00ad 6F000000 		.4byte	0x6f
 557 00b1 04       		.uleb128 0x4
 558 00b2 04       		.byte	0x4
 559 00b3 04       		.byte	0x4
 560 00b4 7C000000 		.4byte	.LASF16
 561 00b8 04       		.uleb128 0x4
 562 00b9 08       		.byte	0x8
 563 00ba 04       		.byte	0x4
 564 00bb 4F010000 		.4byte	.LASF17
 565 00bf 06       		.uleb128 0x6
 566 00c0 8C000000 		.4byte	.LASF18
 567 00c4 03       		.byte	0x3
 568 00c5 9102     		.2byte	0x291
 569 00c7 CB000000 		.4byte	0xcb
 570 00cb 07       		.uleb128 0x7
 571 00cc 8D000000 		.4byte	0x8d
 572 00d0 06       		.uleb128 0x6
 573 00d1 00000000 		.4byte	.LASF19
 574 00d5 03       		.byte	0x3
 575 00d6 9302     		.2byte	0x293
 576 00d8 DC000000 		.4byte	0xdc
 577 00dc 07       		.uleb128 0x7
 578 00dd A5000000 		.4byte	0xa5
 579 00e1 08       		.uleb128 0x8
 580 00e2 A9000000 		.4byte	.LASF20
 581 00e6 01       		.byte	0x1
 582 00e7 4C       		.byte	0x4c
 583 00e8 00000000 		.4byte	.LFB2
 584 00ec 1E000000 		.4byte	.LFE2-.LFB2
 585 00f0 01       		.uleb128 0x1
 586 00f1 9C       		.byte	0x9c
 587 00f2 0F010000 		.4byte	0x10f
 588 00f6 09       		.uleb128 0x9
 589 00f7 7300     		.ascii	"s\000"
ARM GAS  C:\Users\Roi\AppData\Local\Temp\ccZW7MHT.s 			page 17


 590 00f9 01       		.byte	0x1
 591 00fa 4C       		.byte	0x4c
 592 00fb 84000000 		.4byte	0x84
 593 00ff 02       		.uleb128 0x2
 594 0100 91       		.byte	0x91
 595 0101 74       		.sleb128 -12
 596 0102 09       		.uleb128 0x9
 597 0103 6E00     		.ascii	"n\000"
 598 0105 01       		.byte	0x1
 599 0106 4C       		.byte	0x4c
 600 0107 2C000000 		.4byte	0x2c
 601 010b 02       		.uleb128 0x2
 602 010c 91       		.byte	0x91
 603 010d 70       		.sleb128 -16
 604 010e 00       		.byte	0
 605 010f 08       		.uleb128 0x8
 606 0110 27020000 		.4byte	.LASF21
 607 0114 01       		.byte	0x1
 608 0115 53       		.byte	0x53
 609 0116 00000000 		.4byte	.LFB3
 610 011a 20000000 		.4byte	.LFE3-.LFB3
 611 011e 01       		.uleb128 0x1
 612 011f 9C       		.byte	0x9c
 613 0120 4D010000 		.4byte	0x14d
 614 0124 0A       		.uleb128 0xa
 615 0125 82000000 		.4byte	.LASF22
 616 0129 01       		.byte	0x1
 617 012a 53       		.byte	0x53
 618 012b 84000000 		.4byte	0x84
 619 012f 02       		.uleb128 0x2
 620 0130 91       		.byte	0x91
 621 0131 74       		.sleb128 -12
 622 0132 09       		.uleb128 0x9
 623 0133 73726300 		.ascii	"src\000"
 624 0137 01       		.byte	0x1
 625 0138 53       		.byte	0x53
 626 0139 4D010000 		.4byte	0x14d
 627 013d 02       		.uleb128 0x2
 628 013e 91       		.byte	0x91
 629 013f 70       		.sleb128 -16
 630 0140 09       		.uleb128 0x9
 631 0141 6E00     		.ascii	"n\000"
 632 0143 01       		.byte	0x1
 633 0144 53       		.byte	0x53
 634 0145 2C000000 		.4byte	0x2c
 635 0149 02       		.uleb128 0x2
 636 014a 91       		.byte	0x91
 637 014b 6C       		.sleb128 -20
 638 014c 00       		.byte	0
 639 014d 0B       		.uleb128 0xb
 640 014e 04       		.byte	0x4
 641 014f 53010000 		.4byte	0x153
 642 0153 0C       		.uleb128 0xc
 643 0154 08       		.uleb128 0x8
 644 0155 17020000 		.4byte	.LASF23
 645 0159 01       		.byte	0x1
 646 015a 5A       		.byte	0x5a
ARM GAS  C:\Users\Roi\AppData\Local\Temp\ccZW7MHT.s 			page 18


 647 015b 00000000 		.4byte	.LFB4
 648 015f 20000000 		.4byte	.LFE4-.LFB4
 649 0163 01       		.uleb128 0x1
 650 0164 9C       		.byte	0x9c
 651 0165 92010000 		.4byte	0x192
 652 0169 0A       		.uleb128 0xa
 653 016a 82000000 		.4byte	.LASF22
 654 016e 01       		.byte	0x1
 655 016f 5A       		.byte	0x5a
 656 0170 84000000 		.4byte	0x84
 657 0174 02       		.uleb128 0x2
 658 0175 91       		.byte	0x91
 659 0176 74       		.sleb128 -12
 660 0177 09       		.uleb128 0x9
 661 0178 73726300 		.ascii	"src\000"
 662 017c 01       		.byte	0x1
 663 017d 5A       		.byte	0x5a
 664 017e 4D010000 		.4byte	0x14d
 665 0182 02       		.uleb128 0x2
 666 0183 91       		.byte	0x91
 667 0184 70       		.sleb128 -16
 668 0185 09       		.uleb128 0x9
 669 0186 6E00     		.ascii	"n\000"
 670 0188 01       		.byte	0x1
 671 0189 5A       		.byte	0x5a
 672 018a 2C000000 		.4byte	0x2c
 673 018e 02       		.uleb128 0x2
 674 018f 91       		.byte	0x91
 675 0190 6C       		.sleb128 -20
 676 0191 00       		.byte	0
 677 0192 0D       		.uleb128 0xd
 678 0193 2E000000 		.4byte	.LASF24
 679 0197 01       		.byte	0x1
 680 0198 AA       		.byte	0xaa
 681 0199 00000000 		.4byte	.LFB5
 682 019d F0000000 		.4byte	.LFE5-.LFB5
 683 01a1 01       		.uleb128 0x1
 684 01a2 9C       		.byte	0x9c
 685 01a3 0E       		.uleb128 0xe
 686 01a4 0D000000 		.4byte	.LASF25
 687 01a8 01       		.byte	0x1
 688 01a9 EF       		.byte	0xef
 689 01aa 00000000 		.4byte	.LFB6
 690 01ae 28000000 		.4byte	.LFE6-.LFB6
 691 01b2 01       		.uleb128 0x1
 692 01b3 9C       		.byte	0x9c
 693 01b4 0F       		.uleb128 0xf
 694 01b5 56010000 		.4byte	.LASF33
 695 01b9 01       		.byte	0x1
 696 01ba 0A01     		.2byte	0x10a
 697 01bc F0000000 		.4byte	.LFB7
 698 01c0 D4000000 		.4byte	.LFE7-.LFB7
 699 01c4 01       		.uleb128 0x1
 700 01c5 9C       		.byte	0x9c
 701 01c6 10       		.uleb128 0x10
 702 01c7 FE000000 		.4byte	.LBB2
 703 01cb 7C000000 		.4byte	.LBE2-.LBB2
ARM GAS  C:\Users\Roi\AppData\Local\Temp\ccZW7MHT.s 			page 19


 704 01cf 11       		.uleb128 0x11
 705 01d0 06       		.byte	0x6
 706 01d1 01       		.byte	0x1
 707 01d2 1301     		.2byte	0x113
 708 01d4 F3010000 		.4byte	0x1f3
 709 01d8 12       		.uleb128 0x12
 710 01d9 7E010000 		.4byte	.LASF26
 711 01dd 01       		.byte	0x1
 712 01de 1401     		.2byte	0x114
 713 01e0 84000000 		.4byte	0x84
 714 01e4 00       		.byte	0
 715 01e5 12       		.uleb128 0x12
 716 01e6 87000000 		.4byte	.LASF27
 717 01ea 01       		.byte	0x1
 718 01eb 1501     		.2byte	0x115
 719 01ed 99000000 		.4byte	0x99
 720 01f1 04       		.byte	0x4
 721 01f2 00       		.byte	0
 722 01f3 06       		.uleb128 0x6
 723 01f4 9D010000 		.4byte	.LASF28
 724 01f8 01       		.byte	0x1
 725 01f9 1601     		.2byte	0x116
 726 01fb CF010000 		.4byte	0x1cf
 727 01ff 13       		.uleb128 0x13
 728 0200 0F020000 		.4byte	0x20f
 729 0204 0F020000 		.4byte	0x20f
 730 0208 14       		.uleb128 0x14
 731 0209 7D000000 		.4byte	0x7d
 732 020d 01       		.byte	0x1
 733 020e 00       		.byte	0
 734 020f 15       		.uleb128 0x15
 735 0210 F3010000 		.4byte	0x1f3
 736 0214 16       		.uleb128 0x16
 737 0215 1E000000 		.4byte	.LASF29
 738 0219 01       		.byte	0x1
 739 021a 1801     		.2byte	0x118
 740 021c 26020000 		.4byte	0x226
 741 0220 05       		.uleb128 0x5
 742 0221 03       		.byte	0x3
 743 0222 00000000 		.4byte	cfg_memset_list.4884
 744 0226 15       		.uleb128 0x15
 745 0227 FF010000 		.4byte	0x1ff
 746 022b 17       		.uleb128 0x17
 747 022c 6900     		.ascii	"i\000"
 748 022e 01       		.byte	0x1
 749 022f 1E01     		.2byte	0x11e
 750 0231 8D000000 		.4byte	0x8d
 751 0235 02       		.uleb128 0x2
 752 0236 91       		.byte	0x91
 753 0237 77       		.sleb128 -9
 754 0238 10       		.uleb128 0x10
 755 0239 06010000 		.4byte	.LBB3
 756 023d 3C000000 		.4byte	.LBE3-.LBB3
 757 0241 17       		.uleb128 0x17
 758 0242 6D7300   		.ascii	"ms\000"
 759 0245 01       		.byte	0x1
 760 0246 2301     		.2byte	0x123
ARM GAS  C:\Users\Roi\AppData\Local\Temp\ccZW7MHT.s 			page 20


 761 0248 4F020000 		.4byte	0x24f
 762 024c 02       		.uleb128 0x2
 763 024d 91       		.byte	0x91
 764 024e 70       		.sleb128 -16
 765 024f 0B       		.uleb128 0xb
 766 0250 04       		.byte	0x4
 767 0251 0F020000 		.4byte	0x20f
 768 0255 00       		.byte	0
 769 0256 00       		.byte	0
 770 0257 00       		.byte	0
 771 0258 00       		.byte	0
 772              		.section	.debug_abbrev,"",%progbits
 773              	.Ldebug_abbrev0:
 774 0000 01       		.uleb128 0x1
 775 0001 11       		.uleb128 0x11
 776 0002 01       		.byte	0x1
 777 0003 25       		.uleb128 0x25
 778 0004 0E       		.uleb128 0xe
 779 0005 13       		.uleb128 0x13
 780 0006 0B       		.uleb128 0xb
 781 0007 03       		.uleb128 0x3
 782 0008 0E       		.uleb128 0xe
 783 0009 1B       		.uleb128 0x1b
 784 000a 0E       		.uleb128 0xe
 785 000b 55       		.uleb128 0x55
 786 000c 17       		.uleb128 0x17
 787 000d 11       		.uleb128 0x11
 788 000e 01       		.uleb128 0x1
 789 000f 10       		.uleb128 0x10
 790 0010 17       		.uleb128 0x17
 791 0011 00       		.byte	0
 792 0012 00       		.byte	0
 793 0013 02       		.uleb128 0x2
 794 0014 24       		.uleb128 0x24
 795 0015 00       		.byte	0
 796 0016 0B       		.uleb128 0xb
 797 0017 0B       		.uleb128 0xb
 798 0018 3E       		.uleb128 0x3e
 799 0019 0B       		.uleb128 0xb
 800 001a 03       		.uleb128 0x3
 801 001b 08       		.uleb128 0x8
 802 001c 00       		.byte	0
 803 001d 00       		.byte	0
 804 001e 03       		.uleb128 0x3
 805 001f 16       		.uleb128 0x16
 806 0020 00       		.byte	0
 807 0021 03       		.uleb128 0x3
 808 0022 0E       		.uleb128 0xe
 809 0023 3A       		.uleb128 0x3a
 810 0024 0B       		.uleb128 0xb
 811 0025 3B       		.uleb128 0x3b
 812 0026 0B       		.uleb128 0xb
 813 0027 49       		.uleb128 0x49
 814 0028 13       		.uleb128 0x13
 815 0029 00       		.byte	0
 816 002a 00       		.byte	0
 817 002b 04       		.uleb128 0x4
ARM GAS  C:\Users\Roi\AppData\Local\Temp\ccZW7MHT.s 			page 21


 818 002c 24       		.uleb128 0x24
 819 002d 00       		.byte	0
 820 002e 0B       		.uleb128 0xb
 821 002f 0B       		.uleb128 0xb
 822 0030 3E       		.uleb128 0x3e
 823 0031 0B       		.uleb128 0xb
 824 0032 03       		.uleb128 0x3
 825 0033 0E       		.uleb128 0xe
 826 0034 00       		.byte	0
 827 0035 00       		.byte	0
 828 0036 05       		.uleb128 0x5
 829 0037 0F       		.uleb128 0xf
 830 0038 00       		.byte	0
 831 0039 0B       		.uleb128 0xb
 832 003a 0B       		.uleb128 0xb
 833 003b 00       		.byte	0
 834 003c 00       		.byte	0
 835 003d 06       		.uleb128 0x6
 836 003e 16       		.uleb128 0x16
 837 003f 00       		.byte	0
 838 0040 03       		.uleb128 0x3
 839 0041 0E       		.uleb128 0xe
 840 0042 3A       		.uleb128 0x3a
 841 0043 0B       		.uleb128 0xb
 842 0044 3B       		.uleb128 0x3b
 843 0045 05       		.uleb128 0x5
 844 0046 49       		.uleb128 0x49
 845 0047 13       		.uleb128 0x13
 846 0048 00       		.byte	0
 847 0049 00       		.byte	0
 848 004a 07       		.uleb128 0x7
 849 004b 35       		.uleb128 0x35
 850 004c 00       		.byte	0
 851 004d 49       		.uleb128 0x49
 852 004e 13       		.uleb128 0x13
 853 004f 00       		.byte	0
 854 0050 00       		.byte	0
 855 0051 08       		.uleb128 0x8
 856 0052 2E       		.uleb128 0x2e
 857 0053 01       		.byte	0x1
 858 0054 03       		.uleb128 0x3
 859 0055 0E       		.uleb128 0xe
 860 0056 3A       		.uleb128 0x3a
 861 0057 0B       		.uleb128 0xb
 862 0058 3B       		.uleb128 0x3b
 863 0059 0B       		.uleb128 0xb
 864 005a 27       		.uleb128 0x27
 865 005b 19       		.uleb128 0x19
 866 005c 11       		.uleb128 0x11
 867 005d 01       		.uleb128 0x1
 868 005e 12       		.uleb128 0x12
 869 005f 06       		.uleb128 0x6
 870 0060 40       		.uleb128 0x40
 871 0061 18       		.uleb128 0x18
 872 0062 9642     		.uleb128 0x2116
 873 0064 19       		.uleb128 0x19
 874 0065 01       		.uleb128 0x1
ARM GAS  C:\Users\Roi\AppData\Local\Temp\ccZW7MHT.s 			page 22


 875 0066 13       		.uleb128 0x13
 876 0067 00       		.byte	0
 877 0068 00       		.byte	0
 878 0069 09       		.uleb128 0x9
 879 006a 05       		.uleb128 0x5
 880 006b 00       		.byte	0
 881 006c 03       		.uleb128 0x3
 882 006d 08       		.uleb128 0x8
 883 006e 3A       		.uleb128 0x3a
 884 006f 0B       		.uleb128 0xb
 885 0070 3B       		.uleb128 0x3b
 886 0071 0B       		.uleb128 0xb
 887 0072 49       		.uleb128 0x49
 888 0073 13       		.uleb128 0x13
 889 0074 02       		.uleb128 0x2
 890 0075 18       		.uleb128 0x18
 891 0076 00       		.byte	0
 892 0077 00       		.byte	0
 893 0078 0A       		.uleb128 0xa
 894 0079 05       		.uleb128 0x5
 895 007a 00       		.byte	0
 896 007b 03       		.uleb128 0x3
 897 007c 0E       		.uleb128 0xe
 898 007d 3A       		.uleb128 0x3a
 899 007e 0B       		.uleb128 0xb
 900 007f 3B       		.uleb128 0x3b
 901 0080 0B       		.uleb128 0xb
 902 0081 49       		.uleb128 0x49
 903 0082 13       		.uleb128 0x13
 904 0083 02       		.uleb128 0x2
 905 0084 18       		.uleb128 0x18
 906 0085 00       		.byte	0
 907 0086 00       		.byte	0
 908 0087 0B       		.uleb128 0xb
 909 0088 0F       		.uleb128 0xf
 910 0089 00       		.byte	0
 911 008a 0B       		.uleb128 0xb
 912 008b 0B       		.uleb128 0xb
 913 008c 49       		.uleb128 0x49
 914 008d 13       		.uleb128 0x13
 915 008e 00       		.byte	0
 916 008f 00       		.byte	0
 917 0090 0C       		.uleb128 0xc
 918 0091 26       		.uleb128 0x26
 919 0092 00       		.byte	0
 920 0093 00       		.byte	0
 921 0094 00       		.byte	0
 922 0095 0D       		.uleb128 0xd
 923 0096 2E       		.uleb128 0x2e
 924 0097 00       		.byte	0
 925 0098 03       		.uleb128 0x3
 926 0099 0E       		.uleb128 0xe
 927 009a 3A       		.uleb128 0x3a
 928 009b 0B       		.uleb128 0xb
 929 009c 3B       		.uleb128 0x3b
 930 009d 0B       		.uleb128 0xb
 931 009e 27       		.uleb128 0x27
ARM GAS  C:\Users\Roi\AppData\Local\Temp\ccZW7MHT.s 			page 23


 932 009f 19       		.uleb128 0x19
 933 00a0 11       		.uleb128 0x11
 934 00a1 01       		.uleb128 0x1
 935 00a2 12       		.uleb128 0x12
 936 00a3 06       		.uleb128 0x6
 937 00a4 40       		.uleb128 0x40
 938 00a5 18       		.uleb128 0x18
 939 00a6 9642     		.uleb128 0x2116
 940 00a8 19       		.uleb128 0x19
 941 00a9 00       		.byte	0
 942 00aa 00       		.byte	0
 943 00ab 0E       		.uleb128 0xe
 944 00ac 2E       		.uleb128 0x2e
 945 00ad 00       		.byte	0
 946 00ae 03       		.uleb128 0x3
 947 00af 0E       		.uleb128 0xe
 948 00b0 3A       		.uleb128 0x3a
 949 00b1 0B       		.uleb128 0xb
 950 00b2 3B       		.uleb128 0x3b
 951 00b3 0B       		.uleb128 0xb
 952 00b4 27       		.uleb128 0x27
 953 00b5 19       		.uleb128 0x19
 954 00b6 11       		.uleb128 0x11
 955 00b7 01       		.uleb128 0x1
 956 00b8 12       		.uleb128 0x12
 957 00b9 06       		.uleb128 0x6
 958 00ba 40       		.uleb128 0x40
 959 00bb 18       		.uleb128 0x18
 960 00bc 9742     		.uleb128 0x2117
 961 00be 19       		.uleb128 0x19
 962 00bf 00       		.byte	0
 963 00c0 00       		.byte	0
 964 00c1 0F       		.uleb128 0xf
 965 00c2 2E       		.uleb128 0x2e
 966 00c3 01       		.byte	0x1
 967 00c4 3F       		.uleb128 0x3f
 968 00c5 19       		.uleb128 0x19
 969 00c6 03       		.uleb128 0x3
 970 00c7 0E       		.uleb128 0xe
 971 00c8 3A       		.uleb128 0x3a
 972 00c9 0B       		.uleb128 0xb
 973 00ca 3B       		.uleb128 0x3b
 974 00cb 05       		.uleb128 0x5
 975 00cc 27       		.uleb128 0x27
 976 00cd 19       		.uleb128 0x19
 977 00ce 11       		.uleb128 0x11
 978 00cf 01       		.uleb128 0x1
 979 00d0 12       		.uleb128 0x12
 980 00d1 06       		.uleb128 0x6
 981 00d2 40       		.uleb128 0x40
 982 00d3 18       		.uleb128 0x18
 983 00d4 9642     		.uleb128 0x2116
 984 00d6 19       		.uleb128 0x19
 985 00d7 00       		.byte	0
 986 00d8 00       		.byte	0
 987 00d9 10       		.uleb128 0x10
 988 00da 0B       		.uleb128 0xb
ARM GAS  C:\Users\Roi\AppData\Local\Temp\ccZW7MHT.s 			page 24


 989 00db 01       		.byte	0x1
 990 00dc 11       		.uleb128 0x11
 991 00dd 01       		.uleb128 0x1
 992 00de 12       		.uleb128 0x12
 993 00df 06       		.uleb128 0x6
 994 00e0 00       		.byte	0
 995 00e1 00       		.byte	0
 996 00e2 11       		.uleb128 0x11
 997 00e3 13       		.uleb128 0x13
 998 00e4 01       		.byte	0x1
 999 00e5 0B       		.uleb128 0xb
 1000 00e6 0B       		.uleb128 0xb
 1001 00e7 3A       		.uleb128 0x3a
 1002 00e8 0B       		.uleb128 0xb
 1003 00e9 3B       		.uleb128 0x3b
 1004 00ea 05       		.uleb128 0x5
 1005 00eb 01       		.uleb128 0x1
 1006 00ec 13       		.uleb128 0x13
 1007 00ed 00       		.byte	0
 1008 00ee 00       		.byte	0
 1009 00ef 12       		.uleb128 0x12
 1010 00f0 0D       		.uleb128 0xd
 1011 00f1 00       		.byte	0
 1012 00f2 03       		.uleb128 0x3
 1013 00f3 0E       		.uleb128 0xe
 1014 00f4 3A       		.uleb128 0x3a
 1015 00f5 0B       		.uleb128 0xb
 1016 00f6 3B       		.uleb128 0x3b
 1017 00f7 05       		.uleb128 0x5
 1018 00f8 49       		.uleb128 0x49
 1019 00f9 13       		.uleb128 0x13
 1020 00fa 38       		.uleb128 0x38
 1021 00fb 0B       		.uleb128 0xb
 1022 00fc 00       		.byte	0
 1023 00fd 00       		.byte	0
 1024 00fe 13       		.uleb128 0x13
 1025 00ff 01       		.uleb128 0x1
 1026 0100 01       		.byte	0x1
 1027 0101 49       		.uleb128 0x49
 1028 0102 13       		.uleb128 0x13
 1029 0103 01       		.uleb128 0x1
 1030 0104 13       		.uleb128 0x13
 1031 0105 00       		.byte	0
 1032 0106 00       		.byte	0
 1033 0107 14       		.uleb128 0x14
 1034 0108 21       		.uleb128 0x21
 1035 0109 00       		.byte	0
 1036 010a 49       		.uleb128 0x49
 1037 010b 13       		.uleb128 0x13
 1038 010c 2F       		.uleb128 0x2f
 1039 010d 0B       		.uleb128 0xb
 1040 010e 00       		.byte	0
 1041 010f 00       		.byte	0
 1042 0110 15       		.uleb128 0x15
 1043 0111 26       		.uleb128 0x26
 1044 0112 00       		.byte	0
 1045 0113 49       		.uleb128 0x49
ARM GAS  C:\Users\Roi\AppData\Local\Temp\ccZW7MHT.s 			page 25


 1046 0114 13       		.uleb128 0x13
 1047 0115 00       		.byte	0
 1048 0116 00       		.byte	0
 1049 0117 16       		.uleb128 0x16
 1050 0118 34       		.uleb128 0x34
 1051 0119 00       		.byte	0
 1052 011a 03       		.uleb128 0x3
 1053 011b 0E       		.uleb128 0xe
 1054 011c 3A       		.uleb128 0x3a
 1055 011d 0B       		.uleb128 0xb
 1056 011e 3B       		.uleb128 0x3b
 1057 011f 05       		.uleb128 0x5
 1058 0120 49       		.uleb128 0x49
 1059 0121 13       		.uleb128 0x13
 1060 0122 02       		.uleb128 0x2
 1061 0123 18       		.uleb128 0x18
 1062 0124 00       		.byte	0
 1063 0125 00       		.byte	0
 1064 0126 17       		.uleb128 0x17
 1065 0127 34       		.uleb128 0x34
 1066 0128 00       		.byte	0
 1067 0129 03       		.uleb128 0x3
 1068 012a 08       		.uleb128 0x8
 1069 012b 3A       		.uleb128 0x3a
 1070 012c 0B       		.uleb128 0xb
 1071 012d 3B       		.uleb128 0x3b
 1072 012e 05       		.uleb128 0x5
 1073 012f 49       		.uleb128 0x49
 1074 0130 13       		.uleb128 0x13
 1075 0131 02       		.uleb128 0x2
 1076 0132 18       		.uleb128 0x18
 1077 0133 00       		.byte	0
 1078 0134 00       		.byte	0
 1079 0135 00       		.byte	0
 1080              		.section	.debug_aranges,"",%progbits
 1081 0000 44000000 		.4byte	0x44
 1082 0004 0200     		.2byte	0x2
 1083 0006 00000000 		.4byte	.Ldebug_info0
 1084 000a 04       		.byte	0x4
 1085 000b 00       		.byte	0
 1086 000c 0000     		.2byte	0
 1087 000e 0000     		.2byte	0
 1088 0010 00000000 		.4byte	.LFB2
 1089 0014 1E000000 		.4byte	.LFE2-.LFB2
 1090 0018 00000000 		.4byte	.LFB3
 1091 001c 20000000 		.4byte	.LFE3-.LFB3
 1092 0020 00000000 		.4byte	.LFB4
 1093 0024 20000000 		.4byte	.LFE4-.LFB4
 1094 0028 00000000 		.4byte	.LFB5
 1095 002c F0000000 		.4byte	.LFE5-.LFB5
 1096 0030 00000000 		.4byte	.LFB6
 1097 0034 28000000 		.4byte	.LFE6-.LFB6
 1098 0038 F0000000 		.4byte	.LFB7
 1099 003c D4000000 		.4byte	.LFE7-.LFB7
 1100 0040 00000000 		.4byte	0
 1101 0044 00000000 		.4byte	0
 1102              		.section	.debug_ranges,"",%progbits
ARM GAS  C:\Users\Roi\AppData\Local\Temp\ccZW7MHT.s 			page 26


 1103              	.Ldebug_ranges0:
 1104 0000 00000000 		.4byte	.LFB2
 1105 0004 1E000000 		.4byte	.LFE2
 1106 0008 00000000 		.4byte	.LFB3
 1107 000c 20000000 		.4byte	.LFE3
 1108 0010 00000000 		.4byte	.LFB4
 1109 0014 20000000 		.4byte	.LFE4
 1110 0018 00000000 		.4byte	.LFB5
 1111 001c F0000000 		.4byte	.LFE5
 1112 0020 00000000 		.4byte	.LFB6
 1113 0024 28000000 		.4byte	.LFE6
 1114 0028 F0000000 		.4byte	.LFB7
 1115 002c C4010000 		.4byte	.LFE7
 1116 0030 00000000 		.4byte	0
 1117 0034 00000000 		.4byte	0
 1118              		.section	.debug_line,"",%progbits
 1119              	.Ldebug_line0:
 1120 0000 6C010000 		.section	.debug_str,"MS",%progbits,1
 1120      0200CB00 
 1120      00000201 
 1120      FB0E0D00 
 1120      01010101 
 1121              	.LASF19:
 1122 0000 72656733 		.ascii	"reg32\000"
 1122      3200
 1123              	.LASF12:
 1124 0006 73697A65 		.ascii	"size_t\000"
 1124      5F7400
 1125              	.LASF25:
 1126 000d 416E616C 		.ascii	"AnalogSetDefault\000"
 1126      6F675365 
 1126      74446566 
 1126      61756C74 
 1126      00
 1127              	.LASF29:
 1128 001e 6366675F 		.ascii	"cfg_memset_list\000"
 1128      6D656D73 
 1128      65745F6C 
 1128      69737400 
 1129              	.LASF24:
 1130 002e 436C6F63 		.ascii	"ClockSetup\000"
 1130      6B536574 
 1130      757000
 1131              	.LASF6:
 1132 0039 73686F72 		.ascii	"short unsigned int\000"
 1132      7420756E 
 1132      7369676E 
 1132      65642069 
 1132      6E7400
 1133              	.LASF32:
 1134 004c 443A5C62 		.ascii	"D:\\bachelor_work\\program\\Goal\\GOAL-EZ-BLE.cydsn"
 1134      61636865 
 1134      6C6F725F 
 1134      776F726B 
 1134      5C70726F 
 1135 007b 00       		.ascii	"\000"
 1136              	.LASF16:
ARM GAS  C:\Users\Roi\AppData\Local\Temp\ccZW7MHT.s 			page 27


 1137 007c 666C6F61 		.ascii	"float\000"
 1137      7400
 1138              	.LASF22:
 1139 0082 64657374 		.ascii	"dest\000"
 1139      00
 1140              	.LASF27:
 1141 0087 73697A65 		.ascii	"size\000"
 1141      00
 1142              	.LASF18:
 1143 008c 72656738 		.ascii	"reg8\000"
 1143      00
 1144              	.LASF8:
 1145 0091 6C6F6E67 		.ascii	"long unsigned int\000"
 1145      20756E73 
 1145      69676E65 
 1145      6420696E 
 1145      7400
 1146              	.LASF13:
 1147 00a3 75696E74 		.ascii	"uint8\000"
 1147      3800
 1148              	.LASF20:
 1149 00a9 43594D45 		.ascii	"CYMEMZERO\000"
 1149      4D5A4552 
 1149      4F00
 1150              	.LASF30:
 1151 00b3 474E5520 		.ascii	"GNU C11 5.4.1 20160609 (release) [ARM/embedded-5-br"
 1151      43313120 
 1151      352E342E 
 1151      31203230 
 1151      31363036 
 1152 00e6 616E6368 		.ascii	"anch revision 237715] -mcpu=cortex-m0 -mthumb -g -O"
 1152      20726576 
 1152      6973696F 
 1152      6E203233 
 1152      37373135 
 1153 0119 30202D66 		.ascii	"0 -ffunction-sections -ffat-lto-objects\000"
 1153      66756E63 
 1153      74696F6E 
 1153      2D736563 
 1153      74696F6E 
 1154              	.LASF4:
 1155 0141 756E7369 		.ascii	"unsigned char\000"
 1155      676E6564 
 1155      20636861 
 1155      7200
 1156              	.LASF17:
 1157 014f 646F7562 		.ascii	"double\000"
 1157      6C6500
 1158              	.LASF33:
 1159 0156 63796669 		.ascii	"cyfitter_cfg\000"
 1159      74746572 
 1159      5F636667 
 1159      00
 1160              	.LASF14:
 1161 0163 75696E74 		.ascii	"uint16\000"
 1161      313600
 1162              	.LASF15:
ARM GAS  C:\Users\Roi\AppData\Local\Temp\ccZW7MHT.s 			page 28


 1163 016a 75696E74 		.ascii	"uint32\000"
 1163      333200
 1164              	.LASF0:
 1165 0171 756E7369 		.ascii	"unsigned int\000"
 1165      676E6564 
 1165      20696E74 
 1165      00
 1166              	.LASF26:
 1167 017e 61646472 		.ascii	"address\000"
 1167      65737300 
 1168              	.LASF9:
 1169 0186 6C6F6E67 		.ascii	"long long unsigned int\000"
 1169      206C6F6E 
 1169      6720756E 
 1169      7369676E 
 1169      65642069 
 1170              	.LASF28:
 1171 019d 6366675F 		.ascii	"cfg_memset_t\000"
 1171      6D656D73 
 1171      65745F74 
 1171      00
 1172              	.LASF10:
 1173 01aa 73697A65 		.ascii	"sizetype\000"
 1173      74797065 
 1173      00
 1174              	.LASF1:
 1175 01b3 6C6F6E67 		.ascii	"long long int\000"
 1175      206C6F6E 
 1175      6720696E 
 1175      7400
 1176              	.LASF11:
 1177 01c1 63686172 		.ascii	"char\000"
 1177      00
 1178              	.LASF5:
 1179 01c6 73686F72 		.ascii	"short int\000"
 1179      7420696E 
 1179      7400
 1180              	.LASF7:
 1181 01d0 6C6F6E67 		.ascii	"long int\000"
 1181      20696E74 
 1181      00
 1182              	.LASF2:
 1183 01d9 6C6F6E67 		.ascii	"long double\000"
 1183      20646F75 
 1183      626C6500 
 1184              	.LASF3:
 1185 01e5 7369676E 		.ascii	"signed char\000"
 1185      65642063 
 1185      68617200 
 1186              	.LASF31:
 1187 01f1 47656E65 		.ascii	"Generated_Source\\PSoC4\\cyfitter_cfg.c\000"
 1187      72617465 
 1187      645F536F 
 1187      75726365 
 1187      5C50536F 
 1188              	.LASF23:
 1189 0217 4359434F 		.ascii	"CYCONFIGCPYCODE\000"
ARM GAS  C:\Users\Roi\AppData\Local\Temp\ccZW7MHT.s 			page 29


 1189      4E464947 
 1189      43505943 
 1189      4F444500 
 1190              	.LASF21:
 1191 0227 4359434F 		.ascii	"CYCONFIGCPY\000"
 1191      4E464947 
 1191      43505900 
 1192              		.ident	"GCC: (GNU Tools for ARM Embedded Processors) 5.4.1 20160609 (release) [ARM/embedded-5-bran
