ARM GAS  C:\Users\Roi\AppData\Local\Temp\ccyjyS8C.s 			page 1


   1              		.syntax unified
   2              		.cpu cortex-m0
   3              		.fpu softvfp
   4              		.eabi_attribute 20, 1
   5              		.eabi_attribute 21, 1
   6              		.eabi_attribute 23, 3
   7              		.eabi_attribute 24, 1
   8              		.eabi_attribute 25, 1
   9              		.eabi_attribute 26, 1
  10              		.eabi_attribute 30, 6
  11              		.eabi_attribute 34, 0
  12              		.eabi_attribute 18, 4
  13              		.thumb
  14              		.syntax unified
  15              		.file	"ez_ble_goal.c"
  16              		.text
  17              	.Ltext0:
  18              		.cfi_sections	.debug_frame
  19              		.section	.text.BleCallBack,"ax",%progbits
  20              		.align	2
  21              		.global	BleCallBack
  22              		.code	16
  23              		.thumb_func
  24              		.type	BleCallBack, %function
  25              	BleCallBack:
  26              	.LFB35:
  27              		.file 1 "ez_ble_goal.c"
   1:ez_ble_goal.c **** #include "goal.h"
   2:ez_ble_goal.c **** 
   3:ez_ble_goal.c **** void BleCallBack(uint32 event,void* eventParam) {
  28              		.loc 1 3 0
  29              		.cfi_startproc
  30              		@ args = 0, pretend = 0, frame = 16
  31              		@ frame_needed = 1, uses_anonymous_args = 0
  32 0000 80B5     		push	{r7, lr}
  33              		.cfi_def_cfa_offset 8
  34              		.cfi_offset 7, -8
  35              		.cfi_offset 14, -4
  36 0002 84B0     		sub	sp, sp, #16
  37              		.cfi_def_cfa_offset 24
  38 0004 00AF     		add	r7, sp, #0
  39              		.cfi_def_cfa_register 7
  40 0006 7860     		str	r0, [r7, #4]
  41 0008 3960     		str	r1, [r7]
   4:ez_ble_goal.c ****     CYBLE_GATTS_WRITE_CMD_REQ_PARAM_T *wrReqParam;
   5:ez_ble_goal.c ****     
   6:ez_ble_goal.c ****     switch(event) {
  42              		.loc 1 6 0
  43 000a 7B68     		ldr	r3, [r7, #4]
  44 000c 282B     		cmp	r3, #40
  45 000e 08D0     		beq	.L3
  46 0010 02D8     		bhi	.L4
  47 0012 012B     		cmp	r3, #1
  48 0014 05D0     		beq	.L3
   7:ez_ble_goal.c ****         case CYBLE_EVT_STACK_ON:
   8:ez_ble_goal.c ****         case CYBLE_EVT_GAP_DEVICE_DISCONNECTED:
   9:ez_ble_goal.c ****             CyBle_GappStartAdvertisement(CYBLE_ADVERTISING_FAST);
ARM GAS  C:\Users\Roi\AppData\Local\Temp\ccyjyS8C.s 			page 2


  10:ez_ble_goal.c ****             set_data_mcu(0,1);
  11:ez_ble_goal.c ****         break;
  12:ez_ble_goal.c ****         
  13:ez_ble_goal.c ****         case CYBLE_EVT_GATT_CONNECT_IND:
  14:ez_ble_goal.c ****             set_data_mcu(0,0);
  15:ez_ble_goal.c ****         break;
  16:ez_ble_goal.c ****             
  17:ez_ble_goal.c ****         case CYBLE_EVT_GATTS_WRITE_REQ:
  18:ez_ble_goal.c ****             wrReqParam = (CYBLE_GATTS_WRITE_CMD_REQ_PARAM_T *) eventParam;
  19:ez_ble_goal.c ****             
  20:ez_ble_goal.c ****             write(wrReqParam);
  21:ez_ble_goal.c ****             
  22:ez_ble_goal.c ****         break;
  23:ez_ble_goal.c ****         
  24:ez_ble_goal.c ****         default:
  25:ez_ble_goal.c ****         break;
  49              		.loc 1 25 0
  50 0016 18E0     		b	.L7
  51              	.L4:
   6:ez_ble_goal.c ****         case CYBLE_EVT_STACK_ON:
  52              		.loc 1 6 0
  53 0018 412B     		cmp	r3, #65
  54 001a 0AD0     		beq	.L5
  55 001c 4C2B     		cmp	r3, #76
  56 001e 0DD0     		beq	.L6
  57              		.loc 1 25 0
  58 0020 13E0     		b	.L7
  59              	.L3:
   9:ez_ble_goal.c ****             set_data_mcu(0,1);
  60              		.loc 1 9 0
  61 0022 0020     		movs	r0, #0
  62 0024 FFF7FEFF 		bl	CyBle_GappStartAdvertisement
  10:ez_ble_goal.c ****         break;
  63              		.loc 1 10 0
  64 0028 0121     		movs	r1, #1
  65 002a 0020     		movs	r0, #0
  66 002c FFF7FEFF 		bl	set_data_mcu
  11:ez_ble_goal.c ****         
  67              		.loc 1 11 0
  68 0030 0BE0     		b	.L7
  69              	.L5:
  14:ez_ble_goal.c ****         break;
  70              		.loc 1 14 0
  71 0032 0021     		movs	r1, #0
  72 0034 0020     		movs	r0, #0
  73 0036 FFF7FEFF 		bl	set_data_mcu
  15:ez_ble_goal.c ****             
  74              		.loc 1 15 0
  75 003a 06E0     		b	.L7
  76              	.L6:
  18:ez_ble_goal.c ****             
  77              		.loc 1 18 0
  78 003c 3B68     		ldr	r3, [r7]
  79 003e FB60     		str	r3, [r7, #12]
  20:ez_ble_goal.c ****             
  80              		.loc 1 20 0
  81 0040 FB68     		ldr	r3, [r7, #12]
ARM GAS  C:\Users\Roi\AppData\Local\Temp\ccyjyS8C.s 			page 3


  82 0042 1800     		movs	r0, r3
  83 0044 FFF7FEFF 		bl	write
  22:ez_ble_goal.c ****         
  84              		.loc 1 22 0
  85 0048 C046     		nop
  86              	.L7:
  26:ez_ble_goal.c ****     }
  27:ez_ble_goal.c **** }
  87              		.loc 1 27 0
  88 004a C046     		nop
  89 004c BD46     		mov	sp, r7
  90 004e 04B0     		add	sp, sp, #16
  91              		@ sp needed
  92 0050 80BD     		pop	{r7, pc}
  93              		.cfi_endproc
  94              	.LFE35:
  95              		.size	BleCallBack, .-BleCallBack
  96 0052 C046     		.text
  97              	.Letext0:
  98              		.file 2 "Generated_Source\\PSoC4/cytypes.h"
  99              		.file 3 "Generated_Source\\PSoC4/BLE_StackGatt.h"
 100              		.file 4 "Generated_Source\\PSoC4/BLE_StackGattServer.h"
 101              		.file 5 "Generated_Source\\PSoC4/BLE_Stack.h"
 102              		.section	.debug_info,"",%progbits
 103              	.Ldebug_info0:
 104 0000 9B030000 		.4byte	0x39b
 105 0004 0400     		.2byte	0x4
 106 0006 00000000 		.4byte	.Ldebug_abbrev0
 107 000a 04       		.byte	0x4
 108 000b 01       		.uleb128 0x1
 109 000c 72040000 		.4byte	.LASF104
 110 0010 0C       		.byte	0xc
 111 0011 DB000000 		.4byte	.LASF105
 112 0015 EC010000 		.4byte	.LASF106
 113 0019 00000000 		.4byte	.Ldebug_ranges0+0
 114 001d 00000000 		.4byte	0
 115 0021 00000000 		.4byte	.Ldebug_line0
 116 0025 02       		.uleb128 0x2
 117 0026 01       		.byte	0x1
 118 0027 06       		.byte	0x6
 119 0028 DE050000 		.4byte	.LASF0
 120 002c 02       		.uleb128 0x2
 121 002d 01       		.byte	0x1
 122 002e 08       		.byte	0x8
 123 002f 74050000 		.4byte	.LASF1
 124 0033 02       		.uleb128 0x2
 125 0034 02       		.byte	0x2
 126 0035 05       		.byte	0x5
 127 0036 B7000000 		.4byte	.LASF2
 128 003a 02       		.uleb128 0x2
 129 003b 02       		.byte	0x2
 130 003c 07       		.byte	0x7
 131 003d 22070000 		.4byte	.LASF3
 132 0041 02       		.uleb128 0x2
 133 0042 04       		.byte	0x4
 134 0043 05       		.byte	0x5
 135 0044 80030000 		.4byte	.LASF4
ARM GAS  C:\Users\Roi\AppData\Local\Temp\ccyjyS8C.s 			page 4


 136 0048 02       		.uleb128 0x2
 137 0049 04       		.byte	0x4
 138 004a 07       		.byte	0x7
 139 004b 6F060000 		.4byte	.LASF5
 140 004f 02       		.uleb128 0x2
 141 0050 08       		.byte	0x8
 142 0051 05       		.byte	0x5
 143 0052 1E010000 		.4byte	.LASF6
 144 0056 02       		.uleb128 0x2
 145 0057 08       		.byte	0x8
 146 0058 07       		.byte	0x7
 147 0059 48030000 		.4byte	.LASF7
 148 005d 03       		.uleb128 0x3
 149 005e 04       		.byte	0x4
 150 005f 05       		.byte	0x5
 151 0060 696E7400 		.ascii	"int\000"
 152 0064 02       		.uleb128 0x2
 153 0065 04       		.byte	0x4
 154 0066 07       		.byte	0x7
 155 0067 47060000 		.4byte	.LASF8
 156 006b 04       		.uleb128 0x4
 157 006c D1070000 		.4byte	.LASF9
 158 0070 02       		.byte	0x2
 159 0071 E701     		.2byte	0x1e7
 160 0073 2C000000 		.4byte	0x2c
 161 0077 04       		.uleb128 0x4
 162 0078 E5070000 		.4byte	.LASF10
 163 007c 02       		.byte	0x2
 164 007d E801     		.2byte	0x1e8
 165 007f 3A000000 		.4byte	0x3a
 166 0083 04       		.uleb128 0x4
 167 0084 29080000 		.4byte	.LASF11
 168 0088 02       		.byte	0x2
 169 0089 E901     		.2byte	0x1e9
 170 008b 48000000 		.4byte	0x48
 171 008f 02       		.uleb128 0x2
 172 0090 04       		.byte	0x4
 173 0091 04       		.byte	0x4
 174 0092 DF020000 		.4byte	.LASF12
 175 0096 02       		.uleb128 0x2
 176 0097 08       		.byte	0x8
 177 0098 04       		.byte	0x4
 178 0099 7C080000 		.4byte	.LASF13
 179 009d 02       		.uleb128 0x2
 180 009e 01       		.byte	0x1
 181 009f 08       		.byte	0x8
 182 00a0 9D070000 		.4byte	.LASF14
 183 00a4 02       		.uleb128 0x2
 184 00a5 08       		.byte	0x8
 185 00a6 04       		.byte	0x4
 186 00a7 42050000 		.4byte	.LASF15
 187 00ab 02       		.uleb128 0x2
 188 00ac 04       		.byte	0x4
 189 00ad 07       		.byte	0x7
 190 00ae E9000000 		.4byte	.LASF16
 191 00b2 05       		.uleb128 0x5
 192 00b3 04       		.byte	0x4
ARM GAS  C:\Users\Roi\AppData\Local\Temp\ccyjyS8C.s 			page 5


 193 00b4 06       		.uleb128 0x6
 194 00b5 01       		.byte	0x1
 195 00b6 2C000000 		.4byte	0x2c
 196 00ba 05       		.byte	0x5
 197 00bb 3501     		.2byte	0x135
 198 00bd 72020000 		.4byte	0x272
 199 00c1 07       		.uleb128 0x7
 200 00c2 80020000 		.4byte	.LASF17
 201 00c6 00       		.byte	0
 202 00c7 07       		.uleb128 0x7
 203 00c8 68010000 		.4byte	.LASF18
 204 00cc 01       		.byte	0x1
 205 00cd 07       		.uleb128 0x7
 206 00ce 130A0000 		.4byte	.LASF19
 207 00d2 02       		.byte	0x2
 208 00d3 07       		.uleb128 0x7
 209 00d4 24090000 		.4byte	.LASF20
 210 00d8 03       		.byte	0x3
 211 00d9 07       		.uleb128 0x7
 212 00da 32010000 		.4byte	.LASF21
 213 00de 04       		.byte	0x4
 214 00df 07       		.uleb128 0x7
 215 00e0 12040000 		.4byte	.LASF22
 216 00e4 05       		.byte	0x5
 217 00e5 07       		.uleb128 0x7
 218 00e6 3E000000 		.4byte	.LASF23
 219 00ea 06       		.byte	0x6
 220 00eb 07       		.uleb128 0x7
 221 00ec 82090000 		.4byte	.LASF24
 222 00f0 20       		.byte	0x20
 223 00f1 07       		.uleb128 0x7
 224 00f2 81060000 		.4byte	.LASF25
 225 00f6 21       		.byte	0x21
 226 00f7 07       		.uleb128 0x7
 227 00f8 00000000 		.4byte	.LASF26
 228 00fc 22       		.byte	0x22
 229 00fd 07       		.uleb128 0x7
 230 00fe 4C040000 		.4byte	.LASF27
 231 0102 23       		.byte	0x23
 232 0103 07       		.uleb128 0x7
 233 0104 2B060000 		.4byte	.LASF28
 234 0108 24       		.byte	0x24
 235 0109 07       		.uleb128 0x7
 236 010a C1000000 		.4byte	.LASF29
 237 010e 25       		.byte	0x25
 238 010f 07       		.uleb128 0x7
 239 0110 C9030000 		.4byte	.LASF30
 240 0114 26       		.byte	0x26
 241 0115 07       		.uleb128 0x7
 242 0116 AA030000 		.4byte	.LASF31
 243 011a 27       		.byte	0x27
 244 011b 07       		.uleb128 0x7
 245 011c 71000000 		.4byte	.LASF32
 246 0120 28       		.byte	0x28
 247 0121 07       		.uleb128 0x7
 248 0122 BF060000 		.4byte	.LASF33
 249 0126 29       		.byte	0x29
ARM GAS  C:\Users\Roi\AppData\Local\Temp\ccyjyS8C.s 			page 6


 250 0127 07       		.uleb128 0x7
 251 0128 4D070000 		.4byte	.LASF34
 252 012c 2A       		.byte	0x2a
 253 012d 07       		.uleb128 0x7
 254 012e 490A0000 		.4byte	.LASF35
 255 0132 2B       		.byte	0x2b
 256 0133 07       		.uleb128 0x7
 257 0134 1C020000 		.4byte	.LASF36
 258 0138 2C       		.byte	0x2c
 259 0139 07       		.uleb128 0x7
 260 013a FE020000 		.4byte	.LASF37
 261 013e 2D       		.byte	0x2d
 262 013f 07       		.uleb128 0x7
 263 0140 93000000 		.4byte	.LASF38
 264 0144 2E       		.byte	0x2e
 265 0145 07       		.uleb128 0x7
 266 0146 430B0000 		.4byte	.LASF39
 267 014a 2F       		.byte	0x2f
 268 014b 07       		.uleb128 0x7
 269 014c F2000000 		.4byte	.LASF40
 270 0150 30       		.byte	0x30
 271 0151 07       		.uleb128 0x7
 272 0152 1E050000 		.4byte	.LASF41
 273 0156 31       		.byte	0x31
 274 0157 07       		.uleb128 0x7
 275 0158 27030000 		.4byte	.LASF42
 276 015c 32       		.byte	0x32
 277 015d 07       		.uleb128 0x7
 278 015e 76070000 		.4byte	.LASF43
 279 0162 33       		.byte	0x33
 280 0163 07       		.uleb128 0x7
 281 0164 E7060000 		.4byte	.LASF44
 282 0168 34       		.byte	0x34
 283 0169 07       		.uleb128 0x7
 284 016a E5080000 		.4byte	.LASF45
 285 016e 35       		.byte	0x35
 286 016f 07       		.uleb128 0x7
 287 0170 5F030000 		.4byte	.LASF46
 288 0174 36       		.byte	0x36
 289 0175 07       		.uleb128 0x7
 290 0176 7B010000 		.4byte	.LASF47
 291 017a 37       		.byte	0x37
 292 017b 07       		.uleb128 0x7
 293 017c 57000000 		.4byte	.LASF48
 294 0180 40       		.byte	0x40
 295 0181 07       		.uleb128 0x7
 296 0182 54060000 		.4byte	.LASF49
 297 0186 41       		.byte	0x41
 298 0187 07       		.uleb128 0x7
 299 0188 CE010000 		.4byte	.LASF50
 300 018c 42       		.byte	0x42
 301 018d 07       		.uleb128 0x7
 302 018e B0010000 		.4byte	.LASF51
 303 0192 43       		.byte	0x43
 304 0193 07       		.uleb128 0x7
 305 0194 F5090000 		.4byte	.LASF52
 306 0198 44       		.byte	0x44
ARM GAS  C:\Users\Roi\AppData\Local\Temp\ccyjyS8C.s 			page 7


 307 0199 07       		.uleb128 0x7
 308 019a B0090000 		.4byte	.LASF53
 309 019e 45       		.byte	0x45
 310 019f 07       		.uleb128 0x7
 311 01a0 47010000 		.4byte	.LASF54
 312 01a4 46       		.byte	0x46
 313 01a5 07       		.uleb128 0x7
 314 01a6 C0050000 		.4byte	.LASF55
 315 01aa 47       		.byte	0x47
 316 01ab 07       		.uleb128 0x7
 317 01ac 04060000 		.4byte	.LASF56
 318 01b0 48       		.byte	0x48
 319 01b1 07       		.uleb128 0x7
 320 01b2 E5020000 		.4byte	.LASF57
 321 01b6 49       		.byte	0x49
 322 01b7 07       		.uleb128 0x7
 323 01b8 EC070000 		.4byte	.LASF58
 324 01bc 4A       		.byte	0x4a
 325 01bd 07       		.uleb128 0x7
 326 01be 40020000 		.4byte	.LASF59
 327 01c2 4B       		.byte	0x4b
 328 01c3 07       		.uleb128 0x7
 329 01c4 EA050000 		.4byte	.LASF60
 330 01c8 4C       		.byte	0x4c
 331 01c9 07       		.uleb128 0x7
 332 01ca 24000000 		.4byte	.LASF61
 333 01ce 4D       		.byte	0x4d
 334 01cf 07       		.uleb128 0x7
 335 01d0 D7090000 		.4byte	.LASF62
 336 01d4 4E       		.byte	0x4e
 337 01d5 07       		.uleb128 0x7
 338 01d6 82050000 		.4byte	.LASF63
 339 01da 4F       		.byte	0x4f
 340 01db 07       		.uleb128 0x7
 341 01dc C70A0000 		.4byte	.LASF64
 342 01e0 50       		.byte	0x50
 343 01e1 07       		.uleb128 0x7
 344 01e2 0A080000 		.4byte	.LASF65
 345 01e6 51       		.byte	0x51
 346 01e7 07       		.uleb128 0x7
 347 01e8 F1030000 		.4byte	.LASF66
 348 01ec 52       		.byte	0x52
 349 01ed 07       		.uleb128 0x7
 350 01ee 89030000 		.4byte	.LASF67
 351 01f2 53       		.byte	0x53
 352 01f3 07       		.uleb128 0x7
 353 01f4 5F020000 		.4byte	.LASF68
 354 01f8 54       		.byte	0x54
 355 01f9 07       		.uleb128 0x7
 356 01fa 0D0B0000 		.4byte	.LASF69
 357 01fe 55       		.byte	0x55
 358 01ff 07       		.uleb128 0x7
 359 0200 9F0A0000 		.4byte	.LASF70
 360 0204 56       		.byte	0x56
 361 0205 07       		.uleb128 0x7
 362 0206 760A0000 		.4byte	.LASF71
 363 020a 57       		.byte	0x57
ARM GAS  C:\Users\Roi\AppData\Local\Temp\ccyjyS8C.s 			page 8


 364 020b 07       		.uleb128 0x7
 365 020c FF060000 		.4byte	.LASF72
 366 0210 58       		.byte	0x58
 367 0211 07       		.uleb128 0x7
 368 0212 4E050000 		.4byte	.LASF73
 369 0216 70       		.byte	0x70
 370 0217 07       		.uleb128 0x7
 371 0218 5C090000 		.4byte	.LASF74
 372 021c 71       		.byte	0x71
 373 021d 07       		.uleb128 0x7
 374 021e B5070000 		.4byte	.LASF75
 375 0222 72       		.byte	0x72
 376 0223 07       		.uleb128 0x7
 377 0224 97020000 		.4byte	.LASF76
 378 0228 73       		.byte	0x73
 379 0229 07       		.uleb128 0x7
 380 022a 00050000 		.4byte	.LASF77
 381 022e 74       		.byte	0x74
 382 022f 07       		.uleb128 0x7
 383 0230 9E060000 		.4byte	.LASF78
 384 0234 75       		.byte	0x75
 385 0235 07       		.uleb128 0x7
 386 0236 B5020000 		.4byte	.LASF79
 387 023a 76       		.byte	0x76
 388 023b 07       		.uleb128 0x7
 389 023c 3D090000 		.4byte	.LASF80
 390 0240 77       		.byte	0x77
 391 0241 07       		.uleb128 0x7
 392 0242 4E080000 		.4byte	.LASF81
 393 0246 78       		.byte	0x78
 394 0247 07       		.uleb128 0x7
 395 0248 B6080000 		.4byte	.LASF82
 396 024c 79       		.byte	0x79
 397 024d 07       		.uleb128 0x7
 398 024e 250A0000 		.4byte	.LASF83
 399 0252 7A       		.byte	0x7a
 400 0253 07       		.uleb128 0x7
 401 0254 30080000 		.4byte	.LASF84
 402 0258 FA       		.byte	0xfa
 403 0259 07       		.uleb128 0x7
 404 025a A1050000 		.4byte	.LASF85
 405 025e FB       		.byte	0xfb
 406 025f 07       		.uleb128 0x7
 407 0260 310B0000 		.4byte	.LASF86
 408 0264 FC       		.byte	0xfc
 409 0265 07       		.uleb128 0x7
 410 0266 35070000 		.4byte	.LASF87
 411 026a FD       		.byte	0xfd
 412 026b 07       		.uleb128 0x7
 413 026c 680A0000 		.4byte	.LASF88
 414 0270 FF       		.byte	0xff
 415 0271 00       		.byte	0
 416 0272 08       		.uleb128 0x8
 417 0273 04       		.byte	0x4
 418 0274 6B000000 		.4byte	0x6b
 419 0278 04       		.uleb128 0x4
 420 0279 E60A0000 		.4byte	.LASF89
ARM GAS  C:\Users\Roi\AppData\Local\Temp\ccyjyS8C.s 			page 9


 421 027d 03       		.byte	0x3
 422 027e 8901     		.2byte	0x189
 423 0280 77000000 		.4byte	0x77
 424 0284 09       		.uleb128 0x9
 425 0285 02       		.byte	0x2
 426 0286 03       		.byte	0x3
 427 0287 9301     		.2byte	0x193
 428 0289 A8020000 		.4byte	0x2a8
 429 028d 0A       		.uleb128 0xa
 430 028e D6020000 		.4byte	.LASF90
 431 0292 03       		.byte	0x3
 432 0293 9A01     		.2byte	0x19a
 433 0295 6B000000 		.4byte	0x6b
 434 0299 00       		.byte	0
 435 029a 0A       		.uleb128 0xa
 436 029b 98060000 		.4byte	.LASF91
 437 029f 03       		.byte	0x3
 438 02a0 A001     		.2byte	0x1a0
 439 02a2 6B000000 		.4byte	0x6b
 440 02a6 01       		.byte	0x1
 441 02a7 00       		.byte	0
 442 02a8 04       		.uleb128 0x4
 443 02a9 83080000 		.4byte	.LASF92
 444 02ad 03       		.byte	0x3
 445 02ae A201     		.2byte	0x1a2
 446 02b0 84020000 		.4byte	0x284
 447 02b4 09       		.uleb128 0x9
 448 02b5 08       		.byte	0x8
 449 02b6 03       		.byte	0x3
 450 02b7 BE01     		.2byte	0x1be
 451 02b9 E5020000 		.4byte	0x2e5
 452 02bd 0B       		.uleb128 0xb
 453 02be 76616C00 		.ascii	"val\000"
 454 02c2 03       		.byte	0x3
 455 02c3 C101     		.2byte	0x1c1
 456 02c5 72020000 		.4byte	0x272
 457 02c9 00       		.byte	0
 458 02ca 0B       		.uleb128 0xb
 459 02cb 6C656E00 		.ascii	"len\000"
 460 02cf 03       		.byte	0x3
 461 02d0 C401     		.2byte	0x1c4
 462 02d2 77000000 		.4byte	0x77
 463 02d6 04       		.byte	0x4
 464 02d7 0A       		.uleb128 0xa
 465 02d8 A6090000 		.4byte	.LASF93
 466 02dc 03       		.byte	0x3
 467 02dd CB01     		.2byte	0x1cb
 468 02df 77000000 		.4byte	0x77
 469 02e3 06       		.byte	0x6
 470 02e4 00       		.byte	0
 471 02e5 04       		.uleb128 0x4
 472 02e6 A2070000 		.4byte	.LASF94
 473 02ea 03       		.byte	0x3
 474 02eb CD01     		.2byte	0x1cd
 475 02ed B4020000 		.4byte	0x2b4
 476 02f1 09       		.uleb128 0x9
 477 02f2 0C       		.byte	0xc
ARM GAS  C:\Users\Roi\AppData\Local\Temp\ccyjyS8C.s 			page 10


 478 02f3 03       		.byte	0x3
 479 02f4 D001     		.2byte	0x1d0
 480 02f6 15030000 		.4byte	0x315
 481 02fa 0A       		.uleb128 0xa
 482 02fb C10A0000 		.4byte	.LASF95
 483 02ff 03       		.byte	0x3
 484 0300 D301     		.2byte	0x1d3
 485 0302 E5020000 		.4byte	0x2e5
 486 0306 00       		.byte	0
 487 0307 0A       		.uleb128 0xa
 488 0308 71080000 		.4byte	.LASF96
 489 030c 03       		.byte	0x3
 490 030d D601     		.2byte	0x1d6
 491 030f 78020000 		.4byte	0x278
 492 0313 08       		.byte	0x8
 493 0314 00       		.byte	0
 494 0315 04       		.uleb128 0x4
 495 0316 97080000 		.4byte	.LASF97
 496 031a 03       		.byte	0x3
 497 031b D801     		.2byte	0x1d8
 498 031d F1020000 		.4byte	0x2f1
 499 0321 0C       		.uleb128 0xc
 500 0322 10       		.byte	0x10
 501 0323 04       		.byte	0x4
 502 0324 8A       		.byte	0x8a
 503 0325 42030000 		.4byte	0x342
 504 0329 0D       		.uleb128 0xd
 505 032a DC060000 		.4byte	.LASF98
 506 032e 04       		.byte	0x4
 507 032f 8D       		.byte	0x8d
 508 0330 A8020000 		.4byte	0x2a8
 509 0334 00       		.byte	0
 510 0335 0D       		.uleb128 0xd
 511 0336 D7070000 		.4byte	.LASF99
 512 033a 04       		.byte	0x4
 513 033b 90       		.byte	0x90
 514 033c 15030000 		.4byte	0x315
 515 0340 04       		.byte	0x4
 516 0341 00       		.byte	0
 517 0342 0E       		.uleb128 0xe
 518 0343 2E040000 		.4byte	.LASF100
 519 0347 04       		.byte	0x4
 520 0348 92       		.byte	0x92
 521 0349 21030000 		.4byte	0x321
 522 034d 0E       		.uleb128 0xe
 523 034e 02090000 		.4byte	.LASF101
 524 0352 04       		.byte	0x4
 525 0353 95       		.byte	0x95
 526 0354 42030000 		.4byte	0x342
 527 0358 0F       		.uleb128 0xf
 528 0359 D9080000 		.4byte	.LASF107
 529 035d 01       		.byte	0x1
 530 035e 03       		.byte	0x3
 531 035f 00000000 		.4byte	.LFB35
 532 0363 52000000 		.4byte	.LFE35-.LFB35
 533 0367 01       		.uleb128 0x1
 534 0368 9C       		.byte	0x9c
ARM GAS  C:\Users\Roi\AppData\Local\Temp\ccyjyS8C.s 			page 11


 535 0369 98030000 		.4byte	0x398
 536 036d 10       		.uleb128 0x10
 537 036e 2C010000 		.4byte	.LASF102
 538 0372 01       		.byte	0x1
 539 0373 03       		.byte	0x3
 540 0374 83000000 		.4byte	0x83
 541 0378 02       		.uleb128 0x2
 542 0379 91       		.byte	0x91
 543 037a 6C       		.sleb128 -20
 544 037b 10       		.uleb128 0x10
 545 037c 020B0000 		.4byte	.LASF103
 546 0380 01       		.byte	0x1
 547 0381 03       		.byte	0x3
 548 0382 B2000000 		.4byte	0xb2
 549 0386 02       		.uleb128 0x2
 550 0387 91       		.byte	0x91
 551 0388 68       		.sleb128 -24
 552 0389 11       		.uleb128 0x11
 553 038a 13010000 		.4byte	.LASF108
 554 038e 01       		.byte	0x1
 555 038f 04       		.byte	0x4
 556 0390 98030000 		.4byte	0x398
 557 0394 02       		.uleb128 0x2
 558 0395 91       		.byte	0x91
 559 0396 74       		.sleb128 -12
 560 0397 00       		.byte	0
 561 0398 08       		.uleb128 0x8
 562 0399 04       		.byte	0x4
 563 039a 4D030000 		.4byte	0x34d
 564 039e 00       		.byte	0
 565              		.section	.debug_abbrev,"",%progbits
 566              	.Ldebug_abbrev0:
 567 0000 01       		.uleb128 0x1
 568 0001 11       		.uleb128 0x11
 569 0002 01       		.byte	0x1
 570 0003 25       		.uleb128 0x25
 571 0004 0E       		.uleb128 0xe
 572 0005 13       		.uleb128 0x13
 573 0006 0B       		.uleb128 0xb
 574 0007 03       		.uleb128 0x3
 575 0008 0E       		.uleb128 0xe
 576 0009 1B       		.uleb128 0x1b
 577 000a 0E       		.uleb128 0xe
 578 000b 55       		.uleb128 0x55
 579 000c 17       		.uleb128 0x17
 580 000d 11       		.uleb128 0x11
 581 000e 01       		.uleb128 0x1
 582 000f 10       		.uleb128 0x10
 583 0010 17       		.uleb128 0x17
 584 0011 00       		.byte	0
 585 0012 00       		.byte	0
 586 0013 02       		.uleb128 0x2
 587 0014 24       		.uleb128 0x24
 588 0015 00       		.byte	0
 589 0016 0B       		.uleb128 0xb
 590 0017 0B       		.uleb128 0xb
 591 0018 3E       		.uleb128 0x3e
ARM GAS  C:\Users\Roi\AppData\Local\Temp\ccyjyS8C.s 			page 12


 592 0019 0B       		.uleb128 0xb
 593 001a 03       		.uleb128 0x3
 594 001b 0E       		.uleb128 0xe
 595 001c 00       		.byte	0
 596 001d 00       		.byte	0
 597 001e 03       		.uleb128 0x3
 598 001f 24       		.uleb128 0x24
 599 0020 00       		.byte	0
 600 0021 0B       		.uleb128 0xb
 601 0022 0B       		.uleb128 0xb
 602 0023 3E       		.uleb128 0x3e
 603 0024 0B       		.uleb128 0xb
 604 0025 03       		.uleb128 0x3
 605 0026 08       		.uleb128 0x8
 606 0027 00       		.byte	0
 607 0028 00       		.byte	0
 608 0029 04       		.uleb128 0x4
 609 002a 16       		.uleb128 0x16
 610 002b 00       		.byte	0
 611 002c 03       		.uleb128 0x3
 612 002d 0E       		.uleb128 0xe
 613 002e 3A       		.uleb128 0x3a
 614 002f 0B       		.uleb128 0xb
 615 0030 3B       		.uleb128 0x3b
 616 0031 05       		.uleb128 0x5
 617 0032 49       		.uleb128 0x49
 618 0033 13       		.uleb128 0x13
 619 0034 00       		.byte	0
 620 0035 00       		.byte	0
 621 0036 05       		.uleb128 0x5
 622 0037 0F       		.uleb128 0xf
 623 0038 00       		.byte	0
 624 0039 0B       		.uleb128 0xb
 625 003a 0B       		.uleb128 0xb
 626 003b 00       		.byte	0
 627 003c 00       		.byte	0
 628 003d 06       		.uleb128 0x6
 629 003e 04       		.uleb128 0x4
 630 003f 01       		.byte	0x1
 631 0040 0B       		.uleb128 0xb
 632 0041 0B       		.uleb128 0xb
 633 0042 49       		.uleb128 0x49
 634 0043 13       		.uleb128 0x13
 635 0044 3A       		.uleb128 0x3a
 636 0045 0B       		.uleb128 0xb
 637 0046 3B       		.uleb128 0x3b
 638 0047 05       		.uleb128 0x5
 639 0048 01       		.uleb128 0x1
 640 0049 13       		.uleb128 0x13
 641 004a 00       		.byte	0
 642 004b 00       		.byte	0
 643 004c 07       		.uleb128 0x7
 644 004d 28       		.uleb128 0x28
 645 004e 00       		.byte	0
 646 004f 03       		.uleb128 0x3
 647 0050 0E       		.uleb128 0xe
 648 0051 1C       		.uleb128 0x1c
ARM GAS  C:\Users\Roi\AppData\Local\Temp\ccyjyS8C.s 			page 13


 649 0052 0B       		.uleb128 0xb
 650 0053 00       		.byte	0
 651 0054 00       		.byte	0
 652 0055 08       		.uleb128 0x8
 653 0056 0F       		.uleb128 0xf
 654 0057 00       		.byte	0
 655 0058 0B       		.uleb128 0xb
 656 0059 0B       		.uleb128 0xb
 657 005a 49       		.uleb128 0x49
 658 005b 13       		.uleb128 0x13
 659 005c 00       		.byte	0
 660 005d 00       		.byte	0
 661 005e 09       		.uleb128 0x9
 662 005f 13       		.uleb128 0x13
 663 0060 01       		.byte	0x1
 664 0061 0B       		.uleb128 0xb
 665 0062 0B       		.uleb128 0xb
 666 0063 3A       		.uleb128 0x3a
 667 0064 0B       		.uleb128 0xb
 668 0065 3B       		.uleb128 0x3b
 669 0066 05       		.uleb128 0x5
 670 0067 01       		.uleb128 0x1
 671 0068 13       		.uleb128 0x13
 672 0069 00       		.byte	0
 673 006a 00       		.byte	0
 674 006b 0A       		.uleb128 0xa
 675 006c 0D       		.uleb128 0xd
 676 006d 00       		.byte	0
 677 006e 03       		.uleb128 0x3
 678 006f 0E       		.uleb128 0xe
 679 0070 3A       		.uleb128 0x3a
 680 0071 0B       		.uleb128 0xb
 681 0072 3B       		.uleb128 0x3b
 682 0073 05       		.uleb128 0x5
 683 0074 49       		.uleb128 0x49
 684 0075 13       		.uleb128 0x13
 685 0076 38       		.uleb128 0x38
 686 0077 0B       		.uleb128 0xb
 687 0078 00       		.byte	0
 688 0079 00       		.byte	0
 689 007a 0B       		.uleb128 0xb
 690 007b 0D       		.uleb128 0xd
 691 007c 00       		.byte	0
 692 007d 03       		.uleb128 0x3
 693 007e 08       		.uleb128 0x8
 694 007f 3A       		.uleb128 0x3a
 695 0080 0B       		.uleb128 0xb
 696 0081 3B       		.uleb128 0x3b
 697 0082 05       		.uleb128 0x5
 698 0083 49       		.uleb128 0x49
 699 0084 13       		.uleb128 0x13
 700 0085 38       		.uleb128 0x38
 701 0086 0B       		.uleb128 0xb
 702 0087 00       		.byte	0
 703 0088 00       		.byte	0
 704 0089 0C       		.uleb128 0xc
 705 008a 13       		.uleb128 0x13
ARM GAS  C:\Users\Roi\AppData\Local\Temp\ccyjyS8C.s 			page 14


 706 008b 01       		.byte	0x1
 707 008c 0B       		.uleb128 0xb
 708 008d 0B       		.uleb128 0xb
 709 008e 3A       		.uleb128 0x3a
 710 008f 0B       		.uleb128 0xb
 711 0090 3B       		.uleb128 0x3b
 712 0091 0B       		.uleb128 0xb
 713 0092 01       		.uleb128 0x1
 714 0093 13       		.uleb128 0x13
 715 0094 00       		.byte	0
 716 0095 00       		.byte	0
 717 0096 0D       		.uleb128 0xd
 718 0097 0D       		.uleb128 0xd
 719 0098 00       		.byte	0
 720 0099 03       		.uleb128 0x3
 721 009a 0E       		.uleb128 0xe
 722 009b 3A       		.uleb128 0x3a
 723 009c 0B       		.uleb128 0xb
 724 009d 3B       		.uleb128 0x3b
 725 009e 0B       		.uleb128 0xb
 726 009f 49       		.uleb128 0x49
 727 00a0 13       		.uleb128 0x13
 728 00a1 38       		.uleb128 0x38
 729 00a2 0B       		.uleb128 0xb
 730 00a3 00       		.byte	0
 731 00a4 00       		.byte	0
 732 00a5 0E       		.uleb128 0xe
 733 00a6 16       		.uleb128 0x16
 734 00a7 00       		.byte	0
 735 00a8 03       		.uleb128 0x3
 736 00a9 0E       		.uleb128 0xe
 737 00aa 3A       		.uleb128 0x3a
 738 00ab 0B       		.uleb128 0xb
 739 00ac 3B       		.uleb128 0x3b
 740 00ad 0B       		.uleb128 0xb
 741 00ae 49       		.uleb128 0x49
 742 00af 13       		.uleb128 0x13
 743 00b0 00       		.byte	0
 744 00b1 00       		.byte	0
 745 00b2 0F       		.uleb128 0xf
 746 00b3 2E       		.uleb128 0x2e
 747 00b4 01       		.byte	0x1
 748 00b5 3F       		.uleb128 0x3f
 749 00b6 19       		.uleb128 0x19
 750 00b7 03       		.uleb128 0x3
 751 00b8 0E       		.uleb128 0xe
 752 00b9 3A       		.uleb128 0x3a
 753 00ba 0B       		.uleb128 0xb
 754 00bb 3B       		.uleb128 0x3b
 755 00bc 0B       		.uleb128 0xb
 756 00bd 27       		.uleb128 0x27
 757 00be 19       		.uleb128 0x19
 758 00bf 11       		.uleb128 0x11
 759 00c0 01       		.uleb128 0x1
 760 00c1 12       		.uleb128 0x12
 761 00c2 06       		.uleb128 0x6
 762 00c3 40       		.uleb128 0x40
ARM GAS  C:\Users\Roi\AppData\Local\Temp\ccyjyS8C.s 			page 15


 763 00c4 18       		.uleb128 0x18
 764 00c5 9642     		.uleb128 0x2116
 765 00c7 19       		.uleb128 0x19
 766 00c8 01       		.uleb128 0x1
 767 00c9 13       		.uleb128 0x13
 768 00ca 00       		.byte	0
 769 00cb 00       		.byte	0
 770 00cc 10       		.uleb128 0x10
 771 00cd 05       		.uleb128 0x5
 772 00ce 00       		.byte	0
 773 00cf 03       		.uleb128 0x3
 774 00d0 0E       		.uleb128 0xe
 775 00d1 3A       		.uleb128 0x3a
 776 00d2 0B       		.uleb128 0xb
 777 00d3 3B       		.uleb128 0x3b
 778 00d4 0B       		.uleb128 0xb
 779 00d5 49       		.uleb128 0x49
 780 00d6 13       		.uleb128 0x13
 781 00d7 02       		.uleb128 0x2
 782 00d8 18       		.uleb128 0x18
 783 00d9 00       		.byte	0
 784 00da 00       		.byte	0
 785 00db 11       		.uleb128 0x11
 786 00dc 34       		.uleb128 0x34
 787 00dd 00       		.byte	0
 788 00de 03       		.uleb128 0x3
 789 00df 0E       		.uleb128 0xe
 790 00e0 3A       		.uleb128 0x3a
 791 00e1 0B       		.uleb128 0xb
 792 00e2 3B       		.uleb128 0x3b
 793 00e3 0B       		.uleb128 0xb
 794 00e4 49       		.uleb128 0x49
 795 00e5 13       		.uleb128 0x13
 796 00e6 02       		.uleb128 0x2
 797 00e7 18       		.uleb128 0x18
 798 00e8 00       		.byte	0
 799 00e9 00       		.byte	0
 800 00ea 00       		.byte	0
 801              		.section	.debug_aranges,"",%progbits
 802 0000 1C000000 		.4byte	0x1c
 803 0004 0200     		.2byte	0x2
 804 0006 00000000 		.4byte	.Ldebug_info0
 805 000a 04       		.byte	0x4
 806 000b 00       		.byte	0
 807 000c 0000     		.2byte	0
 808 000e 0000     		.2byte	0
 809 0010 00000000 		.4byte	.LFB35
 810 0014 52000000 		.4byte	.LFE35-.LFB35
 811 0018 00000000 		.4byte	0
 812 001c 00000000 		.4byte	0
 813              		.section	.debug_ranges,"",%progbits
 814              	.Ldebug_ranges0:
 815 0000 00000000 		.4byte	.LFB35
 816 0004 52000000 		.4byte	.LFE35
 817 0008 00000000 		.4byte	0
 818 000c 00000000 		.4byte	0
 819              		.section	.debug_line,"",%progbits
ARM GAS  C:\Users\Roi\AppData\Local\Temp\ccyjyS8C.s 			page 16


 820              	.Ldebug_line0:
 821 0000 AB000000 		.section	.debug_str,"MS",%progbits,1
 821      02008300 
 821      00000201 
 821      FB0E0D00 
 821      01010101 
 822              	.LASF26:
 823 0000 4359424C 		.ascii	"CYBLE_EVT_GAP_PASSKEY_ENTRY_REQUEST\000"
 823      455F4556 
 823      545F4741 
 823      505F5041 
 823      53534B45 
 824              	.LASF61:
 825 0024 4359424C 		.ascii	"CYBLE_EVT_GATTC_WRITE_RSP\000"
 825      455F4556 
 825      545F4741 
 825      5454435F 
 825      57524954 
 826              	.LASF23:
 827 003e 4359424C 		.ascii	"CYBLE_EVT_MEMORY_REQUEST\000"
 827      455F4556 
 827      545F4D45 
 827      4D4F5259 
 827      5F524551 
 828              	.LASF48:
 829 0057 4359424C 		.ascii	"CYBLE_EVT_GATTC_ERROR_RSP\000"
 829      455F4556 
 829      545F4741 
 829      5454435F 
 829      4552524F 
 830              	.LASF32:
 831 0071 4359424C 		.ascii	"CYBLE_EVT_GAP_DEVICE_DISCONNECTED\000"
 831      455F4556 
 831      545F4741 
 831      505F4445 
 831      56494345 
 832              	.LASF38:
 833 0093 4359424C 		.ascii	"CYBLE_EVT_GAP_KEYPRESS_NOTIFICATION\000"
 833      455F4556 
 833      545F4741 
 833      505F4B45 
 833      59505245 
 834              	.LASF2:
 835 00b7 73686F72 		.ascii	"short int\000"
 835      7420696E 
 835      7400
 836              	.LASF29:
 837 00c1 4359424C 		.ascii	"CYBLE_EVT_GAP_AUTH_FAILED\000"
 837      455F4556 
 837      545F4741 
 837      505F4155 
 837      54485F46 
 838              	.LASF105:
 839 00db 657A5F62 		.ascii	"ez_ble_goal.c\000"
 839      6C655F67 
 839      6F616C2E 
 839      6300
ARM GAS  C:\Users\Roi\AppData\Local\Temp\ccyjyS8C.s 			page 17


 840              	.LASF16:
 841 00e9 73697A65 		.ascii	"sizetype\000"
 841      74797065 
 841      00
 842              	.LASF40:
 843 00f2 4359424C 		.ascii	"CYBLE_EVT_GAP_DATA_LENGTH_CHANGE\000"
 843      455F4556 
 843      545F4741 
 843      505F4441 
 843      54415F4C 
 844              	.LASF108:
 845 0113 77725265 		.ascii	"wrReqParam\000"
 845      71506172 
 845      616D00
 846              	.LASF6:
 847 011e 6C6F6E67 		.ascii	"long long int\000"
 847      206C6F6E 
 847      6720696E 
 847      7400
 848              	.LASF102:
 849 012c 6576656E 		.ascii	"event\000"
 849      7400
 850              	.LASF21:
 851 0132 4359424C 		.ascii	"CYBLE_EVT_HCI_STATUS\000"
 851      455F4556 
 851      545F4843 
 851      495F5354 
 851      41545553 
 852              	.LASF54:
 853 0147 4359424C 		.ascii	"CYBLE_EVT_GATTC_READ_BY_TYPE_RSP\000"
 853      455F4556 
 853      545F4741 
 853      5454435F 
 853      52454144 
 854              	.LASF18:
 855 0168 4359424C 		.ascii	"CYBLE_EVT_STACK_ON\000"
 855      455F4556 
 855      545F5354 
 855      41434B5F 
 855      4F4E00
 856              	.LASF47:
 857 017b 4359424C 		.ascii	"CYBLE_EVT_GAP_SMP_LOC_P256_KEYS_GEN_AND_SET_COMPLET"
 857      455F4556 
 857      545F4741 
 857      505F534D 
 857      505F4C4F 
 858 01ae 4500     		.ascii	"E\000"
 859              	.LASF51:
 860 01b0 4359424C 		.ascii	"CYBLE_EVT_GATTS_XCNHG_MTU_REQ\000"
 860      455F4556 
 860      545F4741 
 860      5454535F 
 860      58434E48 
 861              	.LASF50:
 862 01ce 4359424C 		.ascii	"CYBLE_EVT_GATT_DISCONNECT_IND\000"
 862      455F4556 
 862      545F4741 
ARM GAS  C:\Users\Roi\AppData\Local\Temp\ccyjyS8C.s 			page 18


 862      54545F44 
 862      4953434F 
 863              	.LASF106:
 864 01ec 443A5C62 		.ascii	"D:\\bachelor_work\\program\\Goal\\GOAL-EZ-BLE.cydsn"
 864      61636865 
 864      6C6F725F 
 864      776F726B 
 864      5C70726F 
 865 021b 00       		.ascii	"\000"
 866              	.LASF36:
 867 021c 4359424C 		.ascii	"CYBLE_EVT_GAP_KEYINFO_EXCHNGE_CMPLT\000"
 867      455F4556 
 867      545F4741 
 867      505F4B45 
 867      59494E46 
 868              	.LASF59:
 869 0240 4359424C 		.ascii	"CYBLE_EVT_GATTC_READ_MULTI_RSP\000"
 869      455F4556 
 869      545F4741 
 869      5454435F 
 869      52454144 
 870              	.LASF68:
 871 025f 4359424C 		.ascii	"CYBLE_EVT_GATTS_HANDLE_VALUE_CNF\000"
 871      455F4556 
 871      545F4741 
 871      5454535F 
 871      48414E44 
 872              	.LASF17:
 873 0280 4359424C 		.ascii	"CYBLE_EVT_HOST_INVALID\000"
 873      455F4556 
 873      545F484F 
 873      53545F49 
 873      4E56414C 
 874              	.LASF76:
 875 0297 4359424C 		.ascii	"CYBLE_EVT_L2CAP_CBFC_CONN_IND\000"
 875      455F4556 
 875      545F4C32 
 875      4341505F 
 875      43424643 
 876              	.LASF79:
 877 02b5 4359424C 		.ascii	"CYBLE_EVT_L2CAP_CBFC_DISCONN_CNF\000"
 877      455F4556 
 877      545F4C32 
 877      4341505F 
 877      43424643 
 878              	.LASF90:
 879 02d6 62644861 		.ascii	"bdHandle\000"
 879      6E646C65 
 879      00
 880              	.LASF12:
 881 02df 666C6F61 		.ascii	"float\000"
 881      7400
 882              	.LASF57:
 883 02e5 4359424C 		.ascii	"CYBLE_EVT_GATTC_READ_RSP\000"
 883      455F4556 
 883      545F4741 
 883      5454435F 
ARM GAS  C:\Users\Roi\AppData\Local\Temp\ccyjyS8C.s 			page 19


 883      52454144 
 884              	.LASF37:
 885 02fe 4359424C 		.ascii	"CYBLE_EVT_GAP_NUMERIC_COMPARISON_REQUEST\000"
 885      455F4556 
 885      545F4741 
 885      505F4E55 
 885      4D455249 
 886              	.LASF42:
 887 0327 4359424C 		.ascii	"CYBLE_EVT_GAPC_DIRECT_ADV_REPORT\000"
 887      455F4556 
 887      545F4741 
 887      50435F44 
 887      49524543 
 888              	.LASF7:
 889 0348 6C6F6E67 		.ascii	"long long unsigned int\000"
 889      206C6F6E 
 889      6720756E 
 889      7369676E 
 889      65642069 
 890              	.LASF46:
 891 035f 4359424C 		.ascii	"CYBLE_EVT_GAP_AUTH_REQ_REPLY_ERR\000"
 891      455F4556 
 891      545F4741 
 891      505F4155 
 891      54485F52 
 892              	.LASF4:
 893 0380 6C6F6E67 		.ascii	"long int\000"
 893      20696E74 
 893      00
 894              	.LASF67:
 895 0389 4359424C 		.ascii	"CYBLE_EVT_GATTC_HANDLE_VALUE_IND\000"
 895      455F4556 
 895      545F4741 
 895      5454435F 
 895      48414E44 
 896              	.LASF31:
 897 03aa 4359424C 		.ascii	"CYBLE_EVT_GAP_DEVICE_CONNECTED\000"
 897      455F4556 
 897      545F4741 
 897      505F4445 
 897      56494345 
 898              	.LASF30:
 899 03c9 4359424C 		.ascii	"CYBLE_EVT_GAPP_ADVERTISEMENT_START_STOP\000"
 899      455F4556 
 899      545F4741 
 899      50505F41 
 899      44564552 
 900              	.LASF66:
 901 03f1 4359424C 		.ascii	"CYBLE_EVT_GATTC_HANDLE_VALUE_NTF\000"
 901      455F4556 
 901      545F4741 
 901      5454435F 
 901      48414E44 
 902              	.LASF22:
 903 0412 4359424C 		.ascii	"CYBLE_EVT_STACK_BUSY_STATUS\000"
 903      455F4556 
 903      545F5354 
ARM GAS  C:\Users\Roi\AppData\Local\Temp\ccyjyS8C.s 			page 20


 903      41434B5F 
 903      42555359 
 904              	.LASF100:
 905 042e 4359424C 		.ascii	"CYBLE_GATTS_WRITE_REQ_PARAM_T\000"
 905      455F4741 
 905      5454535F 
 905      57524954 
 905      455F5245 
 906              	.LASF27:
 907 044c 4359424C 		.ascii	"CYBLE_EVT_GAP_PASSKEY_DISPLAY_REQUEST\000"
 907      455F4556 
 907      545F4741 
 907      505F5041 
 907      53534B45 
 908              	.LASF104:
 909 0472 474E5520 		.ascii	"GNU C11 5.4.1 20160609 (release) [ARM/embedded-5-br"
 909      43313120 
 909      352E342E 
 909      31203230 
 909      31363036 
 910 04a5 616E6368 		.ascii	"anch revision 237715] -mcpu=cortex-m0 -mthumb -g -O"
 910      20726576 
 910      6973696F 
 910      6E203233 
 910      37373135 
 911 04d8 30202D66 		.ascii	"0 -ffunction-sections -ffat-lto-objects\000"
 911      66756E63 
 911      74696F6E 
 911      2D736563 
 911      74696F6E 
 912              	.LASF77:
 913 0500 4359424C 		.ascii	"CYBLE_EVT_L2CAP_CBFC_CONN_CNF\000"
 913      455F4556 
 913      545F4C32 
 913      4341505F 
 913      43424643 
 914              	.LASF41:
 915 051e 4359424C 		.ascii	"CYBLE_EVT_GAP_ENHANCE_CONN_COMPLETE\000"
 915      455F4556 
 915      545F4741 
 915      505F454E 
 915      48414E43 
 916              	.LASF15:
 917 0542 6C6F6E67 		.ascii	"long double\000"
 917      20646F75 
 917      626C6500 
 918              	.LASF73:
 919 054e 4359424C 		.ascii	"CYBLE_EVT_L2CAP_CONN_PARAM_UPDATE_REQ\000"
 919      455F4556 
 919      545F4C32 
 919      4341505F 
 919      434F4E4E 
 920              	.LASF1:
 921 0574 756E7369 		.ascii	"unsigned char\000"
 921      676E6564 
 921      20636861 
 921      7200
ARM GAS  C:\Users\Roi\AppData\Local\Temp\ccyjyS8C.s 			page 21


 922              	.LASF63:
 923 0582 4359424C 		.ascii	"CYBLE_EVT_GATTS_PREP_WRITE_REQ\000"
 923      455F4556 
 923      545F4741 
 923      5454535F 
 923      50524550 
 924              	.LASF85:
 925 05a1 4359424C 		.ascii	"CYBLE_EVT_LE_PING_AUTH_TIMEOUT\000"
 925      455F4556 
 925      545F4C45 
 925      5F50494E 
 925      475F4155 
 926              	.LASF55:
 927 05c0 4359424C 		.ascii	"CYBLE_EVT_GATTC_FIND_INFO_RSP\000"
 927      455F4556 
 927      545F4741 
 927      5454435F 
 927      46494E44 
 928              	.LASF0:
 929 05de 7369676E 		.ascii	"signed char\000"
 929      65642063 
 929      68617200 
 930              	.LASF60:
 931 05ea 4359424C 		.ascii	"CYBLE_EVT_GATTS_WRITE_REQ\000"
 931      455F4556 
 931      545F4741 
 931      5454535F 
 931      57524954 
 932              	.LASF56:
 933 0604 4359424C 		.ascii	"CYBLE_EVT_GATTC_FIND_BY_TYPE_VALUE_RSP\000"
 933      455F4556 
 933      545F4741 
 933      5454435F 
 933      46494E44 
 934              	.LASF28:
 935 062b 4359424C 		.ascii	"CYBLE_EVT_GAP_AUTH_COMPLETE\000"
 935      455F4556 
 935      545F4741 
 935      505F4155 
 935      54485F43 
 936              	.LASF8:
 937 0647 756E7369 		.ascii	"unsigned int\000"
 937      676E6564 
 937      20696E74 
 937      00
 938              	.LASF49:
 939 0654 4359424C 		.ascii	"CYBLE_EVT_GATT_CONNECT_IND\000"
 939      455F4556 
 939      545F4741 
 939      54545F43 
 939      4F4E4E45 
 940              	.LASF5:
 941 066f 6C6F6E67 		.ascii	"long unsigned int\000"
 941      20756E73 
 941      69676E65 
 941      6420696E 
 941      7400
ARM GAS  C:\Users\Roi\AppData\Local\Temp\ccyjyS8C.s 			page 22


 942              	.LASF25:
 943 0681 4359424C 		.ascii	"CYBLE_EVT_GAP_AUTH_REQ\000"
 943      455F4556 
 943      545F4741 
 943      505F4155 
 943      54485F52 
 944              	.LASF91:
 945 0698 61747449 		.ascii	"attId\000"
 945      6400
 946              	.LASF78:
 947 069e 4359424C 		.ascii	"CYBLE_EVT_L2CAP_CBFC_DISCONN_IND\000"
 947      455F4556 
 947      545F4C32 
 947      4341505F 
 947      43424643 
 948              	.LASF33:
 949 06bf 4359424C 		.ascii	"CYBLE_EVT_GAP_ENCRYPT_CHANGE\000"
 949      455F4556 
 949      545F4741 
 949      505F454E 
 949      43525950 
 950              	.LASF98:
 951 06dc 636F6E6E 		.ascii	"connHandle\000"
 951      48616E64 
 951      6C6500
 952              	.LASF44:
 953 06e7 4359424C 		.ascii	"CYBLE_EVT_GAP_CONN_ESTB\000"
 953      455F4556 
 953      545F4741 
 953      505F434F 
 953      4E4E5F45 
 954              	.LASF72:
 955 06ff 4359424C 		.ascii	"CYBLE_EVT_GATTC_LONG_PROCEDURE_END\000"
 955      455F4556 
 955      545F4741 
 955      5454435F 
 955      4C4F4E47 
 956              	.LASF3:
 957 0722 73686F72 		.ascii	"short unsigned int\000"
 957      7420756E 
 957      7369676E 
 957      65642069 
 957      6E7400
 958              	.LASF87:
 959 0735 4359424C 		.ascii	"CYBLE_EVT_FLASH_CORRUPT\000"
 959      455F4556 
 959      545F464C 
 959      4153485F 
 959      434F5252 
 960              	.LASF34:
 961 074d 4359424C 		.ascii	"CYBLE_EVT_GAP_CONNECTION_UPDATE_COMPLETE\000"
 961      455F4556 
 961      545F4741 
 961      505F434F 
 961      4E4E4543 
 962              	.LASF43:
 963 0776 4359424C 		.ascii	"CYBLE_EVT_GAP_SMP_NEGOTIATED_AUTH_INFO\000"
ARM GAS  C:\Users\Roi\AppData\Local\Temp\ccyjyS8C.s 			page 23


 963      455F4556 
 963      545F4741 
 963      505F534D 
 963      505F4E45 
 964              	.LASF14:
 965 079d 63686172 		.ascii	"char\000"
 965      00
 966              	.LASF94:
 967 07a2 4359424C 		.ascii	"CYBLE_GATT_VALUE_T\000"
 967      455F4741 
 967      54545F56 
 967      414C5545 
 967      5F5400
 968              	.LASF75:
 969 07b5 4359424C 		.ascii	"CYBLE_EVT_L2CAP_COMMAND_REJ\000"
 969      455F4556 
 969      545F4C32 
 969      4341505F 
 969      434F4D4D 
 970              	.LASF9:
 971 07d1 75696E74 		.ascii	"uint8\000"
 971      3800
 972              	.LASF99:
 973 07d7 68616E64 		.ascii	"handleValPair\000"
 973      6C655661 
 973      6C506169 
 973      7200
 974              	.LASF10:
 975 07e5 75696E74 		.ascii	"uint16\000"
 975      313600
 976              	.LASF58:
 977 07ec 4359424C 		.ascii	"CYBLE_EVT_GATTC_READ_BLOB_RSP\000"
 977      455F4556 
 977      545F4741 
 977      5454435F 
 977      52454144 
 978              	.LASF65:
 979 080a 4359424C 		.ascii	"CYBLE_EVT_GATTC_EXEC_WRITE_RSP\000"
 979      455F4556 
 979      545F4741 
 979      5454435F 
 979      45584543 
 980              	.LASF11:
 981 0829 75696E74 		.ascii	"uint32\000"
 981      333200
 982              	.LASF84:
 983 0830 4359424C 		.ascii	"CYBLE_EVT_PENDING_FLASH_WRITE\000"
 983      455F4556 
 983      545F5045 
 983      4E44494E 
 983      475F464C 
 984              	.LASF81:
 985 084e 4359424C 		.ascii	"CYBLE_EVT_L2CAP_CBFC_RX_CREDIT_IND\000"
 985      455F4556 
 985      545F4C32 
 985      4341505F 
 985      43424643 
ARM GAS  C:\Users\Roi\AppData\Local\Temp\ccyjyS8C.s 			page 24


 986              	.LASF96:
 987 0871 61747472 		.ascii	"attrHandle\000"
 987      48616E64 
 987      6C6500
 988              	.LASF13:
 989 087c 646F7562 		.ascii	"double\000"
 989      6C6500
 990              	.LASF92:
 991 0883 4359424C 		.ascii	"CYBLE_CONN_HANDLE_T\000"
 991      455F434F 
 991      4E4E5F48 
 991      414E444C 
 991      455F5400 
 992              	.LASF97:
 993 0897 4359424C 		.ascii	"CYBLE_GATT_HANDLE_VALUE_PAIR_T\000"
 993      455F4741 
 993      54545F48 
 993      414E444C 
 993      455F5641 
 994              	.LASF82:
 995 08b6 4359424C 		.ascii	"CYBLE_EVT_L2CAP_CBFC_TX_CREDIT_IND\000"
 995      455F4556 
 995      545F4C32 
 995      4341505F 
 995      43424643 
 996              	.LASF107:
 997 08d9 426C6543 		.ascii	"BleCallBack\000"
 997      616C6C42 
 997      61636B00 
 998              	.LASF45:
 999 08e5 4359424C 		.ascii	"CYBLE_EVT_GAP_SCAN_REQ_RECVD\000"
 999      455F4556 
 999      545F4741 
 999      505F5343 
 999      414E5F52 
 1000              	.LASF101:
 1001 0902 4359424C 		.ascii	"CYBLE_GATTS_WRITE_CMD_REQ_PARAM_T\000"
 1001      455F4741 
 1001      5454535F 
 1001      57524954 
 1001      455F434D 
 1002              	.LASF20:
 1003 0924 4359424C 		.ascii	"CYBLE_EVT_HARDWARE_ERROR\000"
 1003      455F4556 
 1003      545F4841 
 1003      52445741 
 1003      52455F45 
 1004              	.LASF80:
 1005 093d 4359424C 		.ascii	"CYBLE_EVT_L2CAP_CBFC_DATA_READ\000"
 1005      455F4556 
 1005      545F4C32 
 1005      4341505F 
 1005      43424643 
 1006              	.LASF74:
 1007 095c 4359424C 		.ascii	"CYBLE_EVT_L2CAP_CONN_PARAM_UPDATE_RSP\000"
 1007      455F4556 
 1007      545F4C32 
ARM GAS  C:\Users\Roi\AppData\Local\Temp\ccyjyS8C.s 			page 25


 1007      4341505F 
 1007      434F4E4E 
 1008              	.LASF24:
 1009 0982 4359424C 		.ascii	"CYBLE_EVT_GAPC_SCAN_PROGRESS_RESULT\000"
 1009      455F4556 
 1009      545F4741 
 1009      50435F53 
 1009      43414E5F 
 1010              	.LASF93:
 1011 09a6 61637475 		.ascii	"actualLen\000"
 1011      616C4C65 
 1011      6E00
 1012              	.LASF53:
 1013 09b0 4359424C 		.ascii	"CYBLE_EVT_GATTC_READ_BY_GROUP_TYPE_RSP\000"
 1013      455F4556 
 1013      545F4741 
 1013      5454435F 
 1013      52454144 
 1014              	.LASF62:
 1015 09d7 4359424C 		.ascii	"CYBLE_EVT_GATTS_WRITE_CMD_REQ\000"
 1015      455F4556 
 1015      545F4741 
 1015      5454535F 
 1015      57524954 
 1016              	.LASF52:
 1017 09f5 4359424C 		.ascii	"CYBLE_EVT_GATTC_XCHNG_MTU_RSP\000"
 1017      455F4556 
 1017      545F4741 
 1017      5454435F 
 1017      5843484E 
 1018              	.LASF19:
 1019 0a13 4359424C 		.ascii	"CYBLE_EVT_TIMEOUT\000"
 1019      455F4556 
 1019      545F5449 
 1019      4D454F55 
 1019      5400
 1020              	.LASF83:
 1021 0a25 4359424C 		.ascii	"CYBLE_EVT_L2CAP_CBFC_DATA_WRITE_IND\000"
 1021      455F4556 
 1021      545F4C32 
 1021      4341505F 
 1021      43424643 
 1022              	.LASF35:
 1023 0a49 4359424C 		.ascii	"CYBLE_EVT_GAPC_SCAN_START_STOP\000"
 1023      455F4556 
 1023      545F4741 
 1023      50435F53 
 1023      43414E5F 
 1024              	.LASF88:
 1025 0a68 4359424C 		.ascii	"CYBLE_EVT_MAX\000"
 1025      455F4556 
 1025      545F4D41 
 1025      5800
 1026              	.LASF71:
 1027 0a76 4359424C 		.ascii	"CYBLE_EVT_GATTS_READ_CHAR_VAL_ACCESS_REQ\000"
 1027      455F4556 
 1027      545F4741 
ARM GAS  C:\Users\Roi\AppData\Local\Temp\ccyjyS8C.s 			page 26


 1027      5454535F 
 1027      52454144 
 1028              	.LASF70:
 1029 0a9f 4359424C 		.ascii	"CYBLE_EVT_GATTC_STOP_CMD_COMPLETE\000"
 1029      455F4556 
 1029      545F4741 
 1029      5454435F 
 1029      53544F50 
 1030              	.LASF95:
 1031 0ac1 76616C75 		.ascii	"value\000"
 1031      6500
 1032              	.LASF64:
 1033 0ac7 4359424C 		.ascii	"CYBLE_EVT_GATTS_EXEC_WRITE_REQ\000"
 1033      455F4556 
 1033      545F4741 
 1033      5454535F 
 1033      45584543 
 1034              	.LASF89:
 1035 0ae6 4359424C 		.ascii	"CYBLE_GATT_DB_ATTR_HANDLE_T\000"
 1035      455F4741 
 1035      54545F44 
 1035      425F4154 
 1035      54525F48 
 1036              	.LASF103:
 1037 0b02 6576656E 		.ascii	"eventParam\000"
 1037      74506172 
 1037      616D00
 1038              	.LASF69:
 1039 0b0d 4359424C 		.ascii	"CYBLE_EVT_GATTS_DATA_SIGNED_CMD_REQ\000"
 1039      455F4556 
 1039      545F4741 
 1039      5454535F 
 1039      44415441 
 1040              	.LASF86:
 1041 0b31 4359424C 		.ascii	"CYBLE_EVT_HCI_PKT\000"
 1041      455F4556 
 1041      545F4843 
 1041      495F504B 
 1041      5400
 1042              	.LASF39:
 1043 0b43 4359424C 		.ascii	"CYBLE_EVT_GAP_OOB_GENERATED_NOTIFICATION\000"
 1043      455F4556 
 1043      545F4741 
 1043      505F4F4F 
 1043      425F4745 
 1044              		.ident	"GCC: (GNU Tools for ARM Embedded Processors) 5.4.1 20160609 (release) [ARM/embedded-5-bran
