ARM GAS  C:\Users\ADMIN\AppData\Local\Temp\ccKpyUDv.s 			page 1


   1              		.syntax unified
   2              		.cpu cortex-m0
   3              		.fpu softvfp
   4              		.eabi_attribute 20, 1
   5              		.eabi_attribute 21, 1
   6              		.eabi_attribute 23, 3
   7              		.eabi_attribute 24, 1
   8              		.eabi_attribute 25, 1
   9              		.eabi_attribute 26, 1
  10              		.eabi_attribute 30, 6
  11              		.eabi_attribute 34, 0
  12              		.eabi_attribute 18, 4
  13              		.thumb
  14              		.syntax unified
  15              		.file	"i2c_ez_ble.c"
  16              		.text
  17              	.Ltext0:
  18              		.cfi_sections	.debug_frame
  19              		.comm	data_from_ble,1,4
  20              		.comm	data_from_mcu,2,4
  21              		.section	.text.i2c_init,"ax",%progbits
  22              		.align	2
  23              		.global	i2c_init
  24              		.code	16
  25              		.thumb_func
  26              		.type	i2c_init, %function
  27              	i2c_init:
  28              	.LFB35:
  29              		.file 1 "i2c_ez_ble.c"
   1:i2c_ez_ble.c  **** #include "ez_ble.h"
   2:i2c_ez_ble.c  **** 
   3:i2c_ez_ble.c  **** uint8 data_from_ble[1];
   4:i2c_ez_ble.c  **** uint8 data_from_mcu[2];
   5:i2c_ez_ble.c  **** 
   6:i2c_ez_ble.c  **** void i2c_init(void) {
  30              		.loc 1 6 0
  31              		.cfi_startproc
  32              		@ args = 0, pretend = 0, frame = 0
  33              		@ frame_needed = 1, uses_anonymous_args = 0
  34 0000 80B5     		push	{r7, lr}
  35              		.cfi_def_cfa_offset 8
  36              		.cfi_offset 7, -8
  37              		.cfi_offset 14, -4
  38 0002 00AF     		add	r7, sp, #0
  39              		.cfi_def_cfa_register 7
   7:i2c_ez_ble.c  ****     I2C_Start();  
  40              		.loc 1 7 0
  41 0004 FFF7FEFF 		bl	I2C_Start
   8:i2c_ez_ble.c  ****     I2C_EzI2CSetBuffer1(1, 1, data_from_ble);
  42              		.loc 1 8 0
  43 0008 074B     		ldr	r3, .L2
  44 000a 1A00     		movs	r2, r3
  45 000c 0121     		movs	r1, #1
  46 000e 0120     		movs	r0, #1
  47 0010 FFF7FEFF 		bl	I2C_EzI2CSetBuffer1
   9:i2c_ez_ble.c  ****     I2C_EzI2CSetBuffer2(2, 2, data_from_mcu);
  48              		.loc 1 9 0
ARM GAS  C:\Users\ADMIN\AppData\Local\Temp\ccKpyUDv.s 			page 2


  49 0014 054B     		ldr	r3, .L2+4
  50 0016 1A00     		movs	r2, r3
  51 0018 0221     		movs	r1, #2
  52 001a 0220     		movs	r0, #2
  53 001c FFF7FEFF 		bl	I2C_EzI2CSetBuffer2
  10:i2c_ez_ble.c  **** }
  54              		.loc 1 10 0
  55 0020 C046     		nop
  56 0022 BD46     		mov	sp, r7
  57              		@ sp needed
  58 0024 80BD     		pop	{r7, pc}
  59              	.L3:
  60 0026 C046     		.align	2
  61              	.L2:
  62 0028 00000000 		.word	data_from_ble
  63 002c 00000000 		.word	data_from_mcu
  64              		.cfi_endproc
  65              	.LFE35:
  66              		.size	i2c_init, .-i2c_init
  67              		.section	.text.set_data_from_ble,"ax",%progbits
  68              		.align	2
  69              		.global	set_data_from_ble
  70              		.code	16
  71              		.thumb_func
  72              		.type	set_data_from_ble, %function
  73              	set_data_from_ble:
  74              	.LFB36:
  11:i2c_ez_ble.c  **** 
  12:i2c_ez_ble.c  **** void set_data_from_ble(uint8 index, uint16 value) {
  75              		.loc 1 12 0
  76              		.cfi_startproc
  77              		@ args = 0, pretend = 0, frame = 8
  78              		@ frame_needed = 1, uses_anonymous_args = 0
  79 0000 80B5     		push	{r7, lr}
  80              		.cfi_def_cfa_offset 8
  81              		.cfi_offset 7, -8
  82              		.cfi_offset 14, -4
  83 0002 82B0     		sub	sp, sp, #8
  84              		.cfi_def_cfa_offset 16
  85 0004 00AF     		add	r7, sp, #0
  86              		.cfi_def_cfa_register 7
  87 0006 0200     		movs	r2, r0
  88 0008 FB1D     		adds	r3, r7, #7
  89 000a 1A70     		strb	r2, [r3]
  90 000c 3B1D     		adds	r3, r7, #4
  91 000e 0A1C     		adds	r2, r1, #0
  92 0010 1A80     		strh	r2, [r3]
  13:i2c_ez_ble.c  ****     data_from_ble[index] = value;
  93              		.loc 1 13 0
  94 0012 FB1D     		adds	r3, r7, #7
  95 0014 1B78     		ldrb	r3, [r3]
  96 0016 3A1D     		adds	r2, r7, #4
  97 0018 1288     		ldrh	r2, [r2]
  98 001a D1B2     		uxtb	r1, r2
  99 001c 024A     		ldr	r2, .L5
 100 001e D154     		strb	r1, [r2, r3]
  14:i2c_ez_ble.c  **** }
ARM GAS  C:\Users\ADMIN\AppData\Local\Temp\ccKpyUDv.s 			page 3


 101              		.loc 1 14 0
 102 0020 C046     		nop
 103 0022 BD46     		mov	sp, r7
 104 0024 02B0     		add	sp, sp, #8
 105              		@ sp needed
 106 0026 80BD     		pop	{r7, pc}
 107              	.L6:
 108              		.align	2
 109              	.L5:
 110 0028 00000000 		.word	data_from_ble
 111              		.cfi_endproc
 112              	.LFE36:
 113              		.size	set_data_from_ble, .-set_data_from_ble
 114              		.section	.text.get_data_from_mcu,"ax",%progbits
 115              		.align	2
 116              		.global	get_data_from_mcu
 117              		.code	16
 118              		.thumb_func
 119              		.type	get_data_from_mcu, %function
 120              	get_data_from_mcu:
 121              	.LFB37:
  15:i2c_ez_ble.c  **** 
  16:i2c_ez_ble.c  **** uint16 get_data_from_mcu(uint8 index) {
 122              		.loc 1 16 0
 123              		.cfi_startproc
 124              		@ args = 0, pretend = 0, frame = 8
 125              		@ frame_needed = 1, uses_anonymous_args = 0
 126 0000 80B5     		push	{r7, lr}
 127              		.cfi_def_cfa_offset 8
 128              		.cfi_offset 7, -8
 129              		.cfi_offset 14, -4
 130 0002 82B0     		sub	sp, sp, #8
 131              		.cfi_def_cfa_offset 16
 132 0004 00AF     		add	r7, sp, #0
 133              		.cfi_def_cfa_register 7
 134 0006 0200     		movs	r2, r0
 135 0008 FB1D     		adds	r3, r7, #7
 136 000a 1A70     		strb	r2, [r3]
  17:i2c_ez_ble.c  ****     return data_from_mcu[index];
 137              		.loc 1 17 0
 138 000c FB1D     		adds	r3, r7, #7
 139 000e 1B78     		ldrb	r3, [r3]
 140 0010 034A     		ldr	r2, .L9
 141 0012 D35C     		ldrb	r3, [r2, r3]
 142 0014 9BB2     		uxth	r3, r3
  18:i2c_ez_ble.c  **** }
 143              		.loc 1 18 0
 144 0016 1800     		movs	r0, r3
 145 0018 BD46     		mov	sp, r7
 146 001a 02B0     		add	sp, sp, #8
 147              		@ sp needed
 148 001c 80BD     		pop	{r7, pc}
 149              	.L10:
 150 001e C046     		.align	2
 151              	.L9:
 152 0020 00000000 		.word	data_from_mcu
 153              		.cfi_endproc
ARM GAS  C:\Users\ADMIN\AppData\Local\Temp\ccKpyUDv.s 			page 4


 154              	.LFE37:
 155              		.size	get_data_from_mcu, .-get_data_from_mcu
 156              		.text
 157              	.Letext0:
 158              		.file 2 "Generated_Source\\PSoC4/cytypes.h"
 159              		.file 3 "Generated_Source\\PSoC4/BLE_Stack.h"
 160              		.section	.debug_info,"",%progbits
 161              	.Ldebug_info0:
 162 0000 0E030000 		.4byte	0x30e
 163 0004 0400     		.2byte	0x4
 164 0006 00000000 		.4byte	.Ldebug_abbrev0
 165 000a 04       		.byte	0x4
 166 000b 01       		.uleb128 0x1
 167 000c 61040000 		.4byte	.LASF92
 168 0010 0C       		.byte	0xc
 169 0011 D1020000 		.4byte	.LASF93
 170 0015 E7010000 		.4byte	.LASF94
 171 0019 00000000 		.4byte	.Ldebug_ranges0+0
 172 001d 00000000 		.4byte	0
 173 0021 00000000 		.4byte	.Ldebug_line0
 174 0025 02       		.uleb128 0x2
 175 0026 01       		.byte	0x1
 176 0027 06       		.byte	0x6
 177 0028 CD050000 		.4byte	.LASF0
 178 002c 02       		.uleb128 0x2
 179 002d 01       		.byte	0x1
 180 002e 08       		.byte	0x8
 181 002f 63050000 		.4byte	.LASF1
 182 0033 02       		.uleb128 0x2
 183 0034 02       		.byte	0x2
 184 0035 05       		.byte	0x5
 185 0036 B0000000 		.4byte	.LASF2
 186 003a 02       		.uleb128 0x2
 187 003b 02       		.byte	0x2
 188 003c 07       		.byte	0x7
 189 003d ED060000 		.4byte	.LASF3
 190 0041 02       		.uleb128 0x2
 191 0042 04       		.byte	0x4
 192 0043 05       		.byte	0x5
 193 0044 7F030000 		.4byte	.LASF4
 194 0048 02       		.uleb128 0x2
 195 0049 04       		.byte	0x4
 196 004a 07       		.byte	0x7
 197 004b 5E060000 		.4byte	.LASF5
 198 004f 02       		.uleb128 0x2
 199 0050 08       		.byte	0x8
 200 0051 05       		.byte	0x5
 201 0052 31010000 		.4byte	.LASF6
 202 0056 02       		.uleb128 0x2
 203 0057 08       		.byte	0x8
 204 0058 07       		.byte	0x7
 205 0059 47030000 		.4byte	.LASF7
 206 005d 03       		.uleb128 0x3
 207 005e 04       		.byte	0x4
 208 005f 05       		.byte	0x5
 209 0060 696E7400 		.ascii	"int\000"
 210 0064 02       		.uleb128 0x2
ARM GAS  C:\Users\ADMIN\AppData\Local\Temp\ccKpyUDv.s 			page 5


 211 0065 04       		.byte	0x4
 212 0066 07       		.byte	0x7
 213 0067 36060000 		.4byte	.LASF8
 214 006b 04       		.uleb128 0x4
 215 006c 89070000 		.4byte	.LASF9
 216 0070 02       		.byte	0x2
 217 0071 E401     		.2byte	0x1e4
 218 0073 2C000000 		.4byte	0x2c
 219 0077 04       		.uleb128 0x4
 220 0078 8F070000 		.4byte	.LASF10
 221 007c 02       		.byte	0x2
 222 007d E501     		.2byte	0x1e5
 223 007f 3A000000 		.4byte	0x3a
 224 0083 02       		.uleb128 0x2
 225 0084 04       		.byte	0x4
 226 0085 04       		.byte	0x4
 227 0086 DE020000 		.4byte	.LASF11
 228 008a 02       		.uleb128 0x2
 229 008b 08       		.byte	0x8
 230 008c 04       		.byte	0x4
 231 008d 33080000 		.4byte	.LASF12
 232 0091 02       		.uleb128 0x2
 233 0092 01       		.byte	0x1
 234 0093 08       		.byte	0x8
 235 0094 68070000 		.4byte	.LASF13
 236 0098 02       		.uleb128 0x2
 237 0099 08       		.byte	0x8
 238 009a 04       		.byte	0x4
 239 009b 31050000 		.4byte	.LASF14
 240 009f 02       		.uleb128 0x2
 241 00a0 04       		.byte	0x4
 242 00a1 07       		.byte	0x7
 243 00a2 F2000000 		.4byte	.LASF15
 244 00a6 05       		.uleb128 0x5
 245 00a7 01       		.byte	0x1
 246 00a8 2C000000 		.4byte	0x2c
 247 00ac 03       		.byte	0x3
 248 00ad 3201     		.2byte	0x132
 249 00af 64020000 		.4byte	0x264
 250 00b3 06       		.uleb128 0x6
 251 00b4 7B020000 		.4byte	.LASF16
 252 00b8 00       		.byte	0
 253 00b9 06       		.uleb128 0x6
 254 00ba 81010000 		.4byte	.LASF17
 255 00be 01       		.byte	0x1
 256 00bf 06       		.uleb128 0x6
 257 00c0 83090000 		.4byte	.LASF18
 258 00c4 02       		.byte	0x2
 259 00c5 06       		.uleb128 0x6
 260 00c6 7A080000 		.4byte	.LASF19
 261 00ca 03       		.byte	0x3
 262 00cb 06       		.uleb128 0x6
 263 00cc 1C010000 		.4byte	.LASF20
 264 00d0 04       		.byte	0x4
 265 00d1 06       		.uleb128 0x6
 266 00d2 1F040000 		.4byte	.LASF21
 267 00d6 05       		.byte	0x5
ARM GAS  C:\Users\ADMIN\AppData\Local\Temp\ccKpyUDv.s 			page 6


 268 00d7 06       		.uleb128 0x6
 269 00d8 59000000 		.4byte	.LASF22
 270 00dc 06       		.byte	0x6
 271 00dd 06       		.uleb128 0x6
 272 00de D8080000 		.4byte	.LASF23
 273 00e2 20       		.byte	0x20
 274 00e3 06       		.uleb128 0x6
 275 00e4 70060000 		.4byte	.LASF24
 276 00e8 21       		.byte	0x21
 277 00e9 06       		.uleb128 0x6
 278 00ea 1B000000 		.4byte	.LASF25
 279 00ee 22       		.byte	0x22
 280 00ef 06       		.uleb128 0x6
 281 00f0 3B040000 		.4byte	.LASF26
 282 00f4 23       		.byte	0x23
 283 00f5 06       		.uleb128 0x6
 284 00f6 1A060000 		.4byte	.LASF27
 285 00fa 24       		.byte	0x24
 286 00fb 06       		.uleb128 0x6
 287 00fc BA000000 		.4byte	.LASF28
 288 0100 25       		.byte	0x25
 289 0101 06       		.uleb128 0x6
 290 0102 D6030000 		.4byte	.LASF29
 291 0106 26       		.byte	0x26
 292 0107 06       		.uleb128 0x6
 293 0108 B7030000 		.4byte	.LASF30
 294 010c 27       		.byte	0x27
 295 010d 06       		.uleb128 0x6
 296 010e 250A0000 		.4byte	.LASF31
 297 0112 28       		.byte	0x28
 298 0113 06       		.uleb128 0x6
 299 0114 95060000 		.4byte	.LASF32
 300 0118 29       		.byte	0x29
 301 0119 06       		.uleb128 0x6
 302 011a 18070000 		.4byte	.LASF33
 303 011e 2A       		.byte	0x2a
 304 011f 06       		.uleb128 0x6
 305 0120 D3070000 		.4byte	.LASF34
 306 0124 2B       		.byte	0x2b
 307 0125 06       		.uleb128 0x6
 308 0126 17020000 		.4byte	.LASF35
 309 012a 2C       		.byte	0x2c
 310 012b 06       		.uleb128 0x6
 311 012c FD020000 		.4byte	.LASF36
 312 0130 2D       		.byte	0x2d
 313 0131 06       		.uleb128 0x6
 314 0132 8C000000 		.4byte	.LASF37
 315 0136 2E       		.byte	0x2e
 316 0137 06       		.uleb128 0x6
 317 0138 7D0A0000 		.4byte	.LASF38
 318 013c 2F       		.byte	0x2f
 319 013d 06       		.uleb128 0x6
 320 013e FB000000 		.4byte	.LASF39
 321 0142 30       		.byte	0x30
 322 0143 06       		.uleb128 0x6
 323 0144 0D050000 		.4byte	.LASF40
 324 0148 31       		.byte	0x31
ARM GAS  C:\Users\ADMIN\AppData\Local\Temp\ccKpyUDv.s 			page 7


 325 0149 06       		.uleb128 0x6
 326 014a 26030000 		.4byte	.LASF41
 327 014e 32       		.byte	0x32
 328 014f 06       		.uleb128 0x6
 329 0150 41070000 		.4byte	.LASF42
 330 0154 33       		.byte	0x33
 331 0155 06       		.uleb128 0x6
 332 0156 B2060000 		.4byte	.LASF43
 333 015a 34       		.byte	0x34
 334 015b 06       		.uleb128 0x6
 335 015c 5D080000 		.4byte	.LASF44
 336 0160 35       		.byte	0x35
 337 0161 06       		.uleb128 0x6
 338 0162 5E030000 		.4byte	.LASF45
 339 0166 36       		.byte	0x36
 340 0167 06       		.uleb128 0x6
 341 0168 94010000 		.4byte	.LASF46
 342 016c 37       		.byte	0x37
 343 016d 06       		.uleb128 0x6
 344 016e 72000000 		.4byte	.LASF47
 345 0172 40       		.byte	0x40
 346 0173 06       		.uleb128 0x6
 347 0174 43060000 		.4byte	.LASF48
 348 0178 41       		.byte	0x41
 349 0179 06       		.uleb128 0x6
 350 017a D4000000 		.4byte	.LASF49
 351 017e 42       		.byte	0x42
 352 017f 06       		.uleb128 0x6
 353 0180 C9010000 		.4byte	.LASF50
 354 0184 43       		.byte	0x43
 355 0185 06       		.uleb128 0x6
 356 0186 41090000 		.4byte	.LASF51
 357 018a 44       		.byte	0x44
 358 018b 06       		.uleb128 0x6
 359 018c FC080000 		.4byte	.LASF52
 360 0190 45       		.byte	0x45
 361 0191 06       		.uleb128 0x6
 362 0192 60010000 		.4byte	.LASF53
 363 0196 46       		.byte	0x46
 364 0197 06       		.uleb128 0x6
 365 0198 AF050000 		.4byte	.LASF54
 366 019c 47       		.byte	0x47
 367 019d 06       		.uleb128 0x6
 368 019e F3050000 		.4byte	.LASF55
 369 01a2 48       		.byte	0x48
 370 01a3 06       		.uleb128 0x6
 371 01a4 E4020000 		.4byte	.LASF56
 372 01a8 49       		.byte	0x49
 373 01a9 06       		.uleb128 0x6
 374 01aa 96070000 		.4byte	.LASF57
 375 01ae 4A       		.byte	0x4a
 376 01af 06       		.uleb128 0x6
 377 01b0 3B020000 		.4byte	.LASF58
 378 01b4 4B       		.byte	0x4b
 379 01b5 06       		.uleb128 0x6
 380 01b6 D9050000 		.4byte	.LASF59
 381 01ba 4C       		.byte	0x4c
ARM GAS  C:\Users\ADMIN\AppData\Local\Temp\ccKpyUDv.s 			page 8


 382 01bb 06       		.uleb128 0x6
 383 01bc 3F000000 		.4byte	.LASF60
 384 01c0 4D       		.byte	0x4d
 385 01c1 06       		.uleb128 0x6
 386 01c2 23090000 		.4byte	.LASF61
 387 01c6 4E       		.byte	0x4e
 388 01c7 06       		.uleb128 0x6
 389 01c8 71050000 		.4byte	.LASF62
 390 01cc 4F       		.byte	0x4f
 391 01cd 06       		.uleb128 0x6
 392 01ce 060A0000 		.4byte	.LASF63
 393 01d2 50       		.byte	0x50
 394 01d3 06       		.uleb128 0x6
 395 01d4 B4070000 		.4byte	.LASF64
 396 01d8 51       		.byte	0x51
 397 01d9 06       		.uleb128 0x6
 398 01da FE030000 		.4byte	.LASF65
 399 01de 52       		.byte	0x52
 400 01df 06       		.uleb128 0x6
 401 01e0 88030000 		.4byte	.LASF66
 402 01e4 53       		.byte	0x53
 403 01e5 06       		.uleb128 0x6
 404 01e6 5A020000 		.4byte	.LASF67
 405 01ea 54       		.byte	0x54
 406 01eb 06       		.uleb128 0x6
 407 01ec 470A0000 		.4byte	.LASF68
 408 01f0 55       		.byte	0x55
 409 01f1 06       		.uleb128 0x6
 410 01f2 DE090000 		.4byte	.LASF69
 411 01f6 56       		.byte	0x56
 412 01f7 06       		.uleb128 0x6
 413 01f8 B5090000 		.4byte	.LASF70
 414 01fc 57       		.byte	0x57
 415 01fd 06       		.uleb128 0x6
 416 01fe CA060000 		.4byte	.LASF71
 417 0202 58       		.byte	0x58
 418 0203 06       		.uleb128 0x6
 419 0204 3D050000 		.4byte	.LASF72
 420 0208 70       		.byte	0x70
 421 0209 06       		.uleb128 0x6
 422 020a B2080000 		.4byte	.LASF73
 423 020e 71       		.byte	0x71
 424 020f 06       		.uleb128 0x6
 425 0210 6D070000 		.4byte	.LASF74
 426 0214 72       		.byte	0x72
 427 0215 06       		.uleb128 0x6
 428 0216 92020000 		.4byte	.LASF75
 429 021a 73       		.byte	0x73
 430 021b 06       		.uleb128 0x6
 431 021c EF040000 		.4byte	.LASF76
 432 0220 74       		.byte	0x74
 433 0221 06       		.uleb128 0x6
 434 0222 3F010000 		.4byte	.LASF77
 435 0226 75       		.byte	0x75
 436 0227 06       		.uleb128 0x6
 437 0228 B0020000 		.4byte	.LASF78
 438 022c 76       		.byte	0x76
ARM GAS  C:\Users\ADMIN\AppData\Local\Temp\ccKpyUDv.s 			page 9


 439 022d 06       		.uleb128 0x6
 440 022e 93080000 		.4byte	.LASF79
 441 0232 77       		.byte	0x77
 442 0233 06       		.uleb128 0x6
 443 0234 10080000 		.4byte	.LASF80
 444 0238 78       		.byte	0x78
 445 0239 06       		.uleb128 0x6
 446 023a 3A080000 		.4byte	.LASF81
 447 023e 79       		.byte	0x79
 448 023f 06       		.uleb128 0x6
 449 0240 5F090000 		.4byte	.LASF82
 450 0244 7A       		.byte	0x7a
 451 0245 06       		.uleb128 0x6
 452 0246 F2070000 		.4byte	.LASF83
 453 024a FA       		.byte	0xfa
 454 024b 06       		.uleb128 0x6
 455 024c 90050000 		.4byte	.LASF84
 456 0250 FB       		.byte	0xfb
 457 0251 06       		.uleb128 0x6
 458 0252 6B0A0000 		.4byte	.LASF85
 459 0256 FC       		.byte	0xfc
 460 0257 06       		.uleb128 0x6
 461 0258 00070000 		.4byte	.LASF86
 462 025c FD       		.byte	0xfd
 463 025d 06       		.uleb128 0x6
 464 025e 95090000 		.4byte	.LASF87
 465 0262 FF       		.byte	0xff
 466 0263 00       		.byte	0
 467 0264 07       		.uleb128 0x7
 468 0265 00000000 		.4byte	.LASF95
 469 0269 01       		.byte	0x1
 470 026a 06       		.byte	0x6
 471 026b 00000000 		.4byte	.LFB35
 472 026f 30000000 		.4byte	.LFE35-.LFB35
 473 0273 01       		.uleb128 0x1
 474 0274 9C       		.byte	0x9c
 475 0275 08       		.uleb128 0x8
 476 0276 09000000 		.4byte	.LASF96
 477 027a 01       		.byte	0x1
 478 027b 0C       		.byte	0xc
 479 027c 00000000 		.4byte	.LFB36
 480 0280 2C000000 		.4byte	.LFE36-.LFB36
 481 0284 01       		.uleb128 0x1
 482 0285 9C       		.byte	0x9c
 483 0286 A7020000 		.4byte	0x2a7
 484 028a 09       		.uleb128 0x9
 485 028b 11020000 		.4byte	.LASF88
 486 028f 01       		.byte	0x1
 487 0290 0C       		.byte	0xc
 488 0291 6B000000 		.4byte	0x6b
 489 0295 02       		.uleb128 0x2
 490 0296 91       		.byte	0x91
 491 0297 77       		.sleb128 -9
 492 0298 09       		.uleb128 0x9
 493 0299 000A0000 		.4byte	.LASF89
 494 029d 01       		.byte	0x1
 495 029e 0C       		.byte	0xc
ARM GAS  C:\Users\ADMIN\AppData\Local\Temp\ccKpyUDv.s 			page 10


 496 029f 77000000 		.4byte	0x77
 497 02a3 02       		.uleb128 0x2
 498 02a4 91       		.byte	0x91
 499 02a5 74       		.sleb128 -12
 500 02a6 00       		.byte	0
 501 02a7 0A       		.uleb128 0xa
 502 02a8 A3090000 		.4byte	.LASF97
 503 02ac 01       		.byte	0x1
 504 02ad 10       		.byte	0x10
 505 02ae 77000000 		.4byte	0x77
 506 02b2 00000000 		.4byte	.LFB37
 507 02b6 24000000 		.4byte	.LFE37-.LFB37
 508 02ba 01       		.uleb128 0x1
 509 02bb 9C       		.byte	0x9c
 510 02bc CF020000 		.4byte	0x2cf
 511 02c0 09       		.uleb128 0x9
 512 02c1 11020000 		.4byte	.LASF88
 513 02c5 01       		.byte	0x1
 514 02c6 10       		.byte	0x10
 515 02c7 6B000000 		.4byte	0x6b
 516 02cb 02       		.uleb128 0x2
 517 02cc 91       		.byte	0x91
 518 02cd 77       		.sleb128 -9
 519 02ce 00       		.byte	0
 520 02cf 0B       		.uleb128 0xb
 521 02d0 6B000000 		.4byte	0x6b
 522 02d4 DF020000 		.4byte	0x2df
 523 02d8 0C       		.uleb128 0xc
 524 02d9 9F000000 		.4byte	0x9f
 525 02dd 00       		.byte	0
 526 02de 00       		.byte	0
 527 02df 0D       		.uleb128 0xd
 528 02e0 A9030000 		.4byte	.LASF90
 529 02e4 01       		.byte	0x1
 530 02e5 03       		.byte	0x3
 531 02e6 CF020000 		.4byte	0x2cf
 532 02ea 05       		.uleb128 0x5
 533 02eb 03       		.byte	0x3
 534 02ec 00000000 		.4byte	data_from_ble
 535 02f0 0B       		.uleb128 0xb
 536 02f1 6B000000 		.4byte	0x6b
 537 02f5 00030000 		.4byte	0x300
 538 02f9 0C       		.uleb128 0xc
 539 02fa 9F000000 		.4byte	0x9f
 540 02fe 01       		.byte	0x1
 541 02ff 00       		.byte	0
 542 0300 0D       		.uleb128 0xd
 543 0301 87060000 		.4byte	.LASF91
 544 0305 01       		.byte	0x1
 545 0306 04       		.byte	0x4
 546 0307 F0020000 		.4byte	0x2f0
 547 030b 05       		.uleb128 0x5
 548 030c 03       		.byte	0x3
 549 030d 00000000 		.4byte	data_from_mcu
 550 0311 00       		.byte	0
 551              		.section	.debug_abbrev,"",%progbits
 552              	.Ldebug_abbrev0:
ARM GAS  C:\Users\ADMIN\AppData\Local\Temp\ccKpyUDv.s 			page 11


 553 0000 01       		.uleb128 0x1
 554 0001 11       		.uleb128 0x11
 555 0002 01       		.byte	0x1
 556 0003 25       		.uleb128 0x25
 557 0004 0E       		.uleb128 0xe
 558 0005 13       		.uleb128 0x13
 559 0006 0B       		.uleb128 0xb
 560 0007 03       		.uleb128 0x3
 561 0008 0E       		.uleb128 0xe
 562 0009 1B       		.uleb128 0x1b
 563 000a 0E       		.uleb128 0xe
 564 000b 55       		.uleb128 0x55
 565 000c 17       		.uleb128 0x17
 566 000d 11       		.uleb128 0x11
 567 000e 01       		.uleb128 0x1
 568 000f 10       		.uleb128 0x10
 569 0010 17       		.uleb128 0x17
 570 0011 00       		.byte	0
 571 0012 00       		.byte	0
 572 0013 02       		.uleb128 0x2
 573 0014 24       		.uleb128 0x24
 574 0015 00       		.byte	0
 575 0016 0B       		.uleb128 0xb
 576 0017 0B       		.uleb128 0xb
 577 0018 3E       		.uleb128 0x3e
 578 0019 0B       		.uleb128 0xb
 579 001a 03       		.uleb128 0x3
 580 001b 0E       		.uleb128 0xe
 581 001c 00       		.byte	0
 582 001d 00       		.byte	0
 583 001e 03       		.uleb128 0x3
 584 001f 24       		.uleb128 0x24
 585 0020 00       		.byte	0
 586 0021 0B       		.uleb128 0xb
 587 0022 0B       		.uleb128 0xb
 588 0023 3E       		.uleb128 0x3e
 589 0024 0B       		.uleb128 0xb
 590 0025 03       		.uleb128 0x3
 591 0026 08       		.uleb128 0x8
 592 0027 00       		.byte	0
 593 0028 00       		.byte	0
 594 0029 04       		.uleb128 0x4
 595 002a 16       		.uleb128 0x16
 596 002b 00       		.byte	0
 597 002c 03       		.uleb128 0x3
 598 002d 0E       		.uleb128 0xe
 599 002e 3A       		.uleb128 0x3a
 600 002f 0B       		.uleb128 0xb
 601 0030 3B       		.uleb128 0x3b
 602 0031 05       		.uleb128 0x5
 603 0032 49       		.uleb128 0x49
 604 0033 13       		.uleb128 0x13
 605 0034 00       		.byte	0
 606 0035 00       		.byte	0
 607 0036 05       		.uleb128 0x5
 608 0037 04       		.uleb128 0x4
 609 0038 01       		.byte	0x1
ARM GAS  C:\Users\ADMIN\AppData\Local\Temp\ccKpyUDv.s 			page 12


 610 0039 0B       		.uleb128 0xb
 611 003a 0B       		.uleb128 0xb
 612 003b 49       		.uleb128 0x49
 613 003c 13       		.uleb128 0x13
 614 003d 3A       		.uleb128 0x3a
 615 003e 0B       		.uleb128 0xb
 616 003f 3B       		.uleb128 0x3b
 617 0040 05       		.uleb128 0x5
 618 0041 01       		.uleb128 0x1
 619 0042 13       		.uleb128 0x13
 620 0043 00       		.byte	0
 621 0044 00       		.byte	0
 622 0045 06       		.uleb128 0x6
 623 0046 28       		.uleb128 0x28
 624 0047 00       		.byte	0
 625 0048 03       		.uleb128 0x3
 626 0049 0E       		.uleb128 0xe
 627 004a 1C       		.uleb128 0x1c
 628 004b 0B       		.uleb128 0xb
 629 004c 00       		.byte	0
 630 004d 00       		.byte	0
 631 004e 07       		.uleb128 0x7
 632 004f 2E       		.uleb128 0x2e
 633 0050 00       		.byte	0
 634 0051 3F       		.uleb128 0x3f
 635 0052 19       		.uleb128 0x19
 636 0053 03       		.uleb128 0x3
 637 0054 0E       		.uleb128 0xe
 638 0055 3A       		.uleb128 0x3a
 639 0056 0B       		.uleb128 0xb
 640 0057 3B       		.uleb128 0x3b
 641 0058 0B       		.uleb128 0xb
 642 0059 27       		.uleb128 0x27
 643 005a 19       		.uleb128 0x19
 644 005b 11       		.uleb128 0x11
 645 005c 01       		.uleb128 0x1
 646 005d 12       		.uleb128 0x12
 647 005e 06       		.uleb128 0x6
 648 005f 40       		.uleb128 0x40
 649 0060 18       		.uleb128 0x18
 650 0061 9642     		.uleb128 0x2116
 651 0063 19       		.uleb128 0x19
 652 0064 00       		.byte	0
 653 0065 00       		.byte	0
 654 0066 08       		.uleb128 0x8
 655 0067 2E       		.uleb128 0x2e
 656 0068 01       		.byte	0x1
 657 0069 3F       		.uleb128 0x3f
 658 006a 19       		.uleb128 0x19
 659 006b 03       		.uleb128 0x3
 660 006c 0E       		.uleb128 0xe
 661 006d 3A       		.uleb128 0x3a
 662 006e 0B       		.uleb128 0xb
 663 006f 3B       		.uleb128 0x3b
 664 0070 0B       		.uleb128 0xb
 665 0071 27       		.uleb128 0x27
 666 0072 19       		.uleb128 0x19
ARM GAS  C:\Users\ADMIN\AppData\Local\Temp\ccKpyUDv.s 			page 13


 667 0073 11       		.uleb128 0x11
 668 0074 01       		.uleb128 0x1
 669 0075 12       		.uleb128 0x12
 670 0076 06       		.uleb128 0x6
 671 0077 40       		.uleb128 0x40
 672 0078 18       		.uleb128 0x18
 673 0079 9742     		.uleb128 0x2117
 674 007b 19       		.uleb128 0x19
 675 007c 01       		.uleb128 0x1
 676 007d 13       		.uleb128 0x13
 677 007e 00       		.byte	0
 678 007f 00       		.byte	0
 679 0080 09       		.uleb128 0x9
 680 0081 05       		.uleb128 0x5
 681 0082 00       		.byte	0
 682 0083 03       		.uleb128 0x3
 683 0084 0E       		.uleb128 0xe
 684 0085 3A       		.uleb128 0x3a
 685 0086 0B       		.uleb128 0xb
 686 0087 3B       		.uleb128 0x3b
 687 0088 0B       		.uleb128 0xb
 688 0089 49       		.uleb128 0x49
 689 008a 13       		.uleb128 0x13
 690 008b 02       		.uleb128 0x2
 691 008c 18       		.uleb128 0x18
 692 008d 00       		.byte	0
 693 008e 00       		.byte	0
 694 008f 0A       		.uleb128 0xa
 695 0090 2E       		.uleb128 0x2e
 696 0091 01       		.byte	0x1
 697 0092 3F       		.uleb128 0x3f
 698 0093 19       		.uleb128 0x19
 699 0094 03       		.uleb128 0x3
 700 0095 0E       		.uleb128 0xe
 701 0096 3A       		.uleb128 0x3a
 702 0097 0B       		.uleb128 0xb
 703 0098 3B       		.uleb128 0x3b
 704 0099 0B       		.uleb128 0xb
 705 009a 27       		.uleb128 0x27
 706 009b 19       		.uleb128 0x19
 707 009c 49       		.uleb128 0x49
 708 009d 13       		.uleb128 0x13
 709 009e 11       		.uleb128 0x11
 710 009f 01       		.uleb128 0x1
 711 00a0 12       		.uleb128 0x12
 712 00a1 06       		.uleb128 0x6
 713 00a2 40       		.uleb128 0x40
 714 00a3 18       		.uleb128 0x18
 715 00a4 9742     		.uleb128 0x2117
 716 00a6 19       		.uleb128 0x19
 717 00a7 01       		.uleb128 0x1
 718 00a8 13       		.uleb128 0x13
 719 00a9 00       		.byte	0
 720 00aa 00       		.byte	0
 721 00ab 0B       		.uleb128 0xb
 722 00ac 01       		.uleb128 0x1
 723 00ad 01       		.byte	0x1
ARM GAS  C:\Users\ADMIN\AppData\Local\Temp\ccKpyUDv.s 			page 14


 724 00ae 49       		.uleb128 0x49
 725 00af 13       		.uleb128 0x13
 726 00b0 01       		.uleb128 0x1
 727 00b1 13       		.uleb128 0x13
 728 00b2 00       		.byte	0
 729 00b3 00       		.byte	0
 730 00b4 0C       		.uleb128 0xc
 731 00b5 21       		.uleb128 0x21
 732 00b6 00       		.byte	0
 733 00b7 49       		.uleb128 0x49
 734 00b8 13       		.uleb128 0x13
 735 00b9 2F       		.uleb128 0x2f
 736 00ba 0B       		.uleb128 0xb
 737 00bb 00       		.byte	0
 738 00bc 00       		.byte	0
 739 00bd 0D       		.uleb128 0xd
 740 00be 34       		.uleb128 0x34
 741 00bf 00       		.byte	0
 742 00c0 03       		.uleb128 0x3
 743 00c1 0E       		.uleb128 0xe
 744 00c2 3A       		.uleb128 0x3a
 745 00c3 0B       		.uleb128 0xb
 746 00c4 3B       		.uleb128 0x3b
 747 00c5 0B       		.uleb128 0xb
 748 00c6 49       		.uleb128 0x49
 749 00c7 13       		.uleb128 0x13
 750 00c8 3F       		.uleb128 0x3f
 751 00c9 19       		.uleb128 0x19
 752 00ca 02       		.uleb128 0x2
 753 00cb 18       		.uleb128 0x18
 754 00cc 00       		.byte	0
 755 00cd 00       		.byte	0
 756 00ce 00       		.byte	0
 757              		.section	.debug_aranges,"",%progbits
 758 0000 2C000000 		.4byte	0x2c
 759 0004 0200     		.2byte	0x2
 760 0006 00000000 		.4byte	.Ldebug_info0
 761 000a 04       		.byte	0x4
 762 000b 00       		.byte	0
 763 000c 0000     		.2byte	0
 764 000e 0000     		.2byte	0
 765 0010 00000000 		.4byte	.LFB35
 766 0014 30000000 		.4byte	.LFE35-.LFB35
 767 0018 00000000 		.4byte	.LFB36
 768 001c 2C000000 		.4byte	.LFE36-.LFB36
 769 0020 00000000 		.4byte	.LFB37
 770 0024 24000000 		.4byte	.LFE37-.LFB37
 771 0028 00000000 		.4byte	0
 772 002c 00000000 		.4byte	0
 773              		.section	.debug_ranges,"",%progbits
 774              	.Ldebug_ranges0:
 775 0000 00000000 		.4byte	.LFB35
 776 0004 30000000 		.4byte	.LFE35
 777 0008 00000000 		.4byte	.LFB36
 778 000c 2C000000 		.4byte	.LFE36
 779 0010 00000000 		.4byte	.LFB37
 780 0014 24000000 		.4byte	.LFE37
ARM GAS  C:\Users\ADMIN\AppData\Local\Temp\ccKpyUDv.s 			page 15


 781 0018 00000000 		.4byte	0
 782 001c 00000000 		.4byte	0
 783              		.section	.debug_line,"",%progbits
 784              	.Ldebug_line0:
 785 0000 8F000000 		.section	.debug_str,"MS",%progbits,1
 785      02005600 
 785      00000201 
 785      FB0E0D00 
 785      01010101 
 786              	.LASF95:
 787 0000 6932635F 		.ascii	"i2c_init\000"
 787      696E6974 
 787      00
 788              	.LASF96:
 789 0009 7365745F 		.ascii	"set_data_from_ble\000"
 789      64617461 
 789      5F66726F 
 789      6D5F626C 
 789      6500
 790              	.LASF25:
 791 001b 4359424C 		.ascii	"CYBLE_EVT_GAP_PASSKEY_ENTRY_REQUEST\000"
 791      455F4556 
 791      545F4741 
 791      505F5041 
 791      53534B45 
 792              	.LASF60:
 793 003f 4359424C 		.ascii	"CYBLE_EVT_GATTC_WRITE_RSP\000"
 793      455F4556 
 793      545F4741 
 793      5454435F 
 793      57524954 
 794              	.LASF22:
 795 0059 4359424C 		.ascii	"CYBLE_EVT_MEMORY_REQUEST\000"
 795      455F4556 
 795      545F4D45 
 795      4D4F5259 
 795      5F524551 
 796              	.LASF47:
 797 0072 4359424C 		.ascii	"CYBLE_EVT_GATTC_ERROR_RSP\000"
 797      455F4556 
 797      545F4741 
 797      5454435F 
 797      4552524F 
 798              	.LASF37:
 799 008c 4359424C 		.ascii	"CYBLE_EVT_GAP_KEYPRESS_NOTIFICATION\000"
 799      455F4556 
 799      545F4741 
 799      505F4B45 
 799      59505245 
 800              	.LASF2:
 801 00b0 73686F72 		.ascii	"short int\000"
 801      7420696E 
 801      7400
 802              	.LASF28:
 803 00ba 4359424C 		.ascii	"CYBLE_EVT_GAP_AUTH_FAILED\000"
 803      455F4556 
 803      545F4741 
ARM GAS  C:\Users\ADMIN\AppData\Local\Temp\ccKpyUDv.s 			page 16


 803      505F4155 
 803      54485F46 
 804              	.LASF49:
 805 00d4 4359424C 		.ascii	"CYBLE_EVT_GATT_DISCONNECT_IND\000"
 805      455F4556 
 805      545F4741 
 805      54545F44 
 805      4953434F 
 806              	.LASF15:
 807 00f2 73697A65 		.ascii	"sizetype\000"
 807      74797065 
 807      00
 808              	.LASF39:
 809 00fb 4359424C 		.ascii	"CYBLE_EVT_GAP_DATA_LENGTH_CHANGE\000"
 809      455F4556 
 809      545F4741 
 809      505F4441 
 809      54415F4C 
 810              	.LASF20:
 811 011c 4359424C 		.ascii	"CYBLE_EVT_HCI_STATUS\000"
 811      455F4556 
 811      545F4843 
 811      495F5354 
 811      41545553 
 812              	.LASF6:
 813 0131 6C6F6E67 		.ascii	"long long int\000"
 813      206C6F6E 
 813      6720696E 
 813      7400
 814              	.LASF77:
 815 013f 4359424C 		.ascii	"CYBLE_EVT_L2CAP_CBFC_DISCONN_IND\000"
 815      455F4556 
 815      545F4C32 
 815      4341505F 
 815      43424643 
 816              	.LASF53:
 817 0160 4359424C 		.ascii	"CYBLE_EVT_GATTC_READ_BY_TYPE_RSP\000"
 817      455F4556 
 817      545F4741 
 817      5454435F 
 817      52454144 
 818              	.LASF17:
 819 0181 4359424C 		.ascii	"CYBLE_EVT_STACK_ON\000"
 819      455F4556 
 819      545F5354 
 819      41434B5F 
 819      4F4E00
 820              	.LASF46:
 821 0194 4359424C 		.ascii	"CYBLE_EVT_GAP_SMP_LOC_P256_KEYS_GEN_AND_SET_COMPLET"
 821      455F4556 
 821      545F4741 
 821      505F534D 
 821      505F4C4F 
 822 01c7 4500     		.ascii	"E\000"
 823              	.LASF50:
 824 01c9 4359424C 		.ascii	"CYBLE_EVT_GATTS_XCNHG_MTU_REQ\000"
 824      455F4556 
ARM GAS  C:\Users\ADMIN\AppData\Local\Temp\ccKpyUDv.s 			page 17


 824      545F4741 
 824      5454535F 
 824      58434E48 
 825              	.LASF94:
 826 01e7 443A5C50 		.ascii	"D:\\Programming\\PSoC\\Projects\\EZ-BLE.cydsn\000"
 826      726F6772 
 826      616D6D69 
 826      6E675C50 
 826      536F435C 
 827              	.LASF88:
 828 0211 696E6465 		.ascii	"index\000"
 828      7800
 829              	.LASF35:
 830 0217 4359424C 		.ascii	"CYBLE_EVT_GAP_KEYINFO_EXCHNGE_CMPLT\000"
 830      455F4556 
 830      545F4741 
 830      505F4B45 
 830      59494E46 
 831              	.LASF58:
 832 023b 4359424C 		.ascii	"CYBLE_EVT_GATTC_READ_MULTI_RSP\000"
 832      455F4556 
 832      545F4741 
 832      5454435F 
 832      52454144 
 833              	.LASF67:
 834 025a 4359424C 		.ascii	"CYBLE_EVT_GATTS_HANDLE_VALUE_CNF\000"
 834      455F4556 
 834      545F4741 
 834      5454535F 
 834      48414E44 
 835              	.LASF16:
 836 027b 4359424C 		.ascii	"CYBLE_EVT_HOST_INVALID\000"
 836      455F4556 
 836      545F484F 
 836      53545F49 
 836      4E56414C 
 837              	.LASF75:
 838 0292 4359424C 		.ascii	"CYBLE_EVT_L2CAP_CBFC_CONN_IND\000"
 838      455F4556 
 838      545F4C32 
 838      4341505F 
 838      43424643 
 839              	.LASF78:
 840 02b0 4359424C 		.ascii	"CYBLE_EVT_L2CAP_CBFC_DISCONN_CNF\000"
 840      455F4556 
 840      545F4C32 
 840      4341505F 
 840      43424643 
 841              	.LASF93:
 842 02d1 6932635F 		.ascii	"i2c_ez_ble.c\000"
 842      657A5F62 
 842      6C652E63 
 842      00
 843              	.LASF11:
 844 02de 666C6F61 		.ascii	"float\000"
 844      7400
 845              	.LASF56:
ARM GAS  C:\Users\ADMIN\AppData\Local\Temp\ccKpyUDv.s 			page 18


 846 02e4 4359424C 		.ascii	"CYBLE_EVT_GATTC_READ_RSP\000"
 846      455F4556 
 846      545F4741 
 846      5454435F 
 846      52454144 
 847              	.LASF36:
 848 02fd 4359424C 		.ascii	"CYBLE_EVT_GAP_NUMERIC_COMPARISON_REQUEST\000"
 848      455F4556 
 848      545F4741 
 848      505F4E55 
 848      4D455249 
 849              	.LASF41:
 850 0326 4359424C 		.ascii	"CYBLE_EVT_GAPC_DIRECT_ADV_REPORT\000"
 850      455F4556 
 850      545F4741 
 850      50435F44 
 850      49524543 
 851              	.LASF7:
 852 0347 6C6F6E67 		.ascii	"long long unsigned int\000"
 852      206C6F6E 
 852      6720756E 
 852      7369676E 
 852      65642069 
 853              	.LASF45:
 854 035e 4359424C 		.ascii	"CYBLE_EVT_GAP_AUTH_REQ_REPLY_ERR\000"
 854      455F4556 
 854      545F4741 
 854      505F4155 
 854      54485F52 
 855              	.LASF4:
 856 037f 6C6F6E67 		.ascii	"long int\000"
 856      20696E74 
 856      00
 857              	.LASF66:
 858 0388 4359424C 		.ascii	"CYBLE_EVT_GATTC_HANDLE_VALUE_IND\000"
 858      455F4556 
 858      545F4741 
 858      5454435F 
 858      48414E44 
 859              	.LASF90:
 860 03a9 64617461 		.ascii	"data_from_ble\000"
 860      5F66726F 
 860      6D5F626C 
 860      6500
 861              	.LASF30:
 862 03b7 4359424C 		.ascii	"CYBLE_EVT_GAP_DEVICE_CONNECTED\000"
 862      455F4556 
 862      545F4741 
 862      505F4445 
 862      56494345 
 863              	.LASF29:
 864 03d6 4359424C 		.ascii	"CYBLE_EVT_GAPP_ADVERTISEMENT_START_STOP\000"
 864      455F4556 
 864      545F4741 
 864      50505F41 
 864      44564552 
 865              	.LASF65:
ARM GAS  C:\Users\ADMIN\AppData\Local\Temp\ccKpyUDv.s 			page 19


 866 03fe 4359424C 		.ascii	"CYBLE_EVT_GATTC_HANDLE_VALUE_NTF\000"
 866      455F4556 
 866      545F4741 
 866      5454435F 
 866      48414E44 
 867              	.LASF21:
 868 041f 4359424C 		.ascii	"CYBLE_EVT_STACK_BUSY_STATUS\000"
 868      455F4556 
 868      545F5354 
 868      41434B5F 
 868      42555359 
 869              	.LASF26:
 870 043b 4359424C 		.ascii	"CYBLE_EVT_GAP_PASSKEY_DISPLAY_REQUEST\000"
 870      455F4556 
 870      545F4741 
 870      505F5041 
 870      53534B45 
 871              	.LASF92:
 872 0461 474E5520 		.ascii	"GNU C11 5.4.1 20160609 (release) [ARM/embedded-5-br"
 872      43313120 
 872      352E342E 
 872      31203230 
 872      31363036 
 873 0494 616E6368 		.ascii	"anch revision 237715] -mcpu=cortex-m0 -mthumb -g -O"
 873      20726576 
 873      6973696F 
 873      6E203233 
 873      37373135 
 874 04c7 30202D66 		.ascii	"0 -ffunction-sections -ffat-lto-objects\000"
 874      66756E63 
 874      74696F6E 
 874      2D736563 
 874      74696F6E 
 875              	.LASF76:
 876 04ef 4359424C 		.ascii	"CYBLE_EVT_L2CAP_CBFC_CONN_CNF\000"
 876      455F4556 
 876      545F4C32 
 876      4341505F 
 876      43424643 
 877              	.LASF40:
 878 050d 4359424C 		.ascii	"CYBLE_EVT_GAP_ENHANCE_CONN_COMPLETE\000"
 878      455F4556 
 878      545F4741 
 878      505F454E 
 878      48414E43 
 879              	.LASF14:
 880 0531 6C6F6E67 		.ascii	"long double\000"
 880      20646F75 
 880      626C6500 
 881              	.LASF72:
 882 053d 4359424C 		.ascii	"CYBLE_EVT_L2CAP_CONN_PARAM_UPDATE_REQ\000"
 882      455F4556 
 882      545F4C32 
 882      4341505F 
 882      434F4E4E 
 883              	.LASF1:
 884 0563 756E7369 		.ascii	"unsigned char\000"
ARM GAS  C:\Users\ADMIN\AppData\Local\Temp\ccKpyUDv.s 			page 20


 884      676E6564 
 884      20636861 
 884      7200
 885              	.LASF62:
 886 0571 4359424C 		.ascii	"CYBLE_EVT_GATTS_PREP_WRITE_REQ\000"
 886      455F4556 
 886      545F4741 
 886      5454535F 
 886      50524550 
 887              	.LASF84:
 888 0590 4359424C 		.ascii	"CYBLE_EVT_LE_PING_AUTH_TIMEOUT\000"
 888      455F4556 
 888      545F4C45 
 888      5F50494E 
 888      475F4155 
 889              	.LASF54:
 890 05af 4359424C 		.ascii	"CYBLE_EVT_GATTC_FIND_INFO_RSP\000"
 890      455F4556 
 890      545F4741 
 890      5454435F 
 890      46494E44 
 891              	.LASF0:
 892 05cd 7369676E 		.ascii	"signed char\000"
 892      65642063 
 892      68617200 
 893              	.LASF59:
 894 05d9 4359424C 		.ascii	"CYBLE_EVT_GATTS_WRITE_REQ\000"
 894      455F4556 
 894      545F4741 
 894      5454535F 
 894      57524954 
 895              	.LASF55:
 896 05f3 4359424C 		.ascii	"CYBLE_EVT_GATTC_FIND_BY_TYPE_VALUE_RSP\000"
 896      455F4556 
 896      545F4741 
 896      5454435F 
 896      46494E44 
 897              	.LASF27:
 898 061a 4359424C 		.ascii	"CYBLE_EVT_GAP_AUTH_COMPLETE\000"
 898      455F4556 
 898      545F4741 
 898      505F4155 
 898      54485F43 
 899              	.LASF8:
 900 0636 756E7369 		.ascii	"unsigned int\000"
 900      676E6564 
 900      20696E74 
 900      00
 901              	.LASF48:
 902 0643 4359424C 		.ascii	"CYBLE_EVT_GATT_CONNECT_IND\000"
 902      455F4556 
 902      545F4741 
 902      54545F43 
 902      4F4E4E45 
 903              	.LASF5:
 904 065e 6C6F6E67 		.ascii	"long unsigned int\000"
 904      20756E73 
ARM GAS  C:\Users\ADMIN\AppData\Local\Temp\ccKpyUDv.s 			page 21


 904      69676E65 
 904      6420696E 
 904      7400
 905              	.LASF24:
 906 0670 4359424C 		.ascii	"CYBLE_EVT_GAP_AUTH_REQ\000"
 906      455F4556 
 906      545F4741 
 906      505F4155 
 906      54485F52 
 907              	.LASF91:
 908 0687 64617461 		.ascii	"data_from_mcu\000"
 908      5F66726F 
 908      6D5F6D63 
 908      7500
 909              	.LASF32:
 910 0695 4359424C 		.ascii	"CYBLE_EVT_GAP_ENCRYPT_CHANGE\000"
 910      455F4556 
 910      545F4741 
 910      505F454E 
 910      43525950 
 911              	.LASF43:
 912 06b2 4359424C 		.ascii	"CYBLE_EVT_GAP_CONN_ESTB\000"
 912      455F4556 
 912      545F4741 
 912      505F434F 
 912      4E4E5F45 
 913              	.LASF71:
 914 06ca 4359424C 		.ascii	"CYBLE_EVT_GATTC_LONG_PROCEDURE_END\000"
 914      455F4556 
 914      545F4741 
 914      5454435F 
 914      4C4F4E47 
 915              	.LASF3:
 916 06ed 73686F72 		.ascii	"short unsigned int\000"
 916      7420756E 
 916      7369676E 
 916      65642069 
 916      6E7400
 917              	.LASF86:
 918 0700 4359424C 		.ascii	"CYBLE_EVT_FLASH_CORRUPT\000"
 918      455F4556 
 918      545F464C 
 918      4153485F 
 918      434F5252 
 919              	.LASF33:
 920 0718 4359424C 		.ascii	"CYBLE_EVT_GAP_CONNECTION_UPDATE_COMPLETE\000"
 920      455F4556 
 920      545F4741 
 920      505F434F 
 920      4E4E4543 
 921              	.LASF42:
 922 0741 4359424C 		.ascii	"CYBLE_EVT_GAP_SMP_NEGOTIATED_AUTH_INFO\000"
 922      455F4556 
 922      545F4741 
 922      505F534D 
 922      505F4E45 
 923              	.LASF13:
ARM GAS  C:\Users\ADMIN\AppData\Local\Temp\ccKpyUDv.s 			page 22


 924 0768 63686172 		.ascii	"char\000"
 924      00
 925              	.LASF74:
 926 076d 4359424C 		.ascii	"CYBLE_EVT_L2CAP_COMMAND_REJ\000"
 926      455F4556 
 926      545F4C32 
 926      4341505F 
 926      434F4D4D 
 927              	.LASF9:
 928 0789 75696E74 		.ascii	"uint8\000"
 928      3800
 929              	.LASF10:
 930 078f 75696E74 		.ascii	"uint16\000"
 930      313600
 931              	.LASF57:
 932 0796 4359424C 		.ascii	"CYBLE_EVT_GATTC_READ_BLOB_RSP\000"
 932      455F4556 
 932      545F4741 
 932      5454435F 
 932      52454144 
 933              	.LASF64:
 934 07b4 4359424C 		.ascii	"CYBLE_EVT_GATTC_EXEC_WRITE_RSP\000"
 934      455F4556 
 934      545F4741 
 934      5454435F 
 934      45584543 
 935              	.LASF34:
 936 07d3 4359424C 		.ascii	"CYBLE_EVT_GAPC_SCAN_START_STOP\000"
 936      455F4556 
 936      545F4741 
 936      50435F53 
 936      43414E5F 
 937              	.LASF83:
 938 07f2 4359424C 		.ascii	"CYBLE_EVT_PENDING_FLASH_WRITE\000"
 938      455F4556 
 938      545F5045 
 938      4E44494E 
 938      475F464C 
 939              	.LASF80:
 940 0810 4359424C 		.ascii	"CYBLE_EVT_L2CAP_CBFC_RX_CREDIT_IND\000"
 940      455F4556 
 940      545F4C32 
 940      4341505F 
 940      43424643 
 941              	.LASF12:
 942 0833 646F7562 		.ascii	"double\000"
 942      6C6500
 943              	.LASF81:
 944 083a 4359424C 		.ascii	"CYBLE_EVT_L2CAP_CBFC_TX_CREDIT_IND\000"
 944      455F4556 
 944      545F4C32 
 944      4341505F 
 944      43424643 
 945              	.LASF44:
 946 085d 4359424C 		.ascii	"CYBLE_EVT_GAP_SCAN_REQ_RECVD\000"
 946      455F4556 
 946      545F4741 
ARM GAS  C:\Users\ADMIN\AppData\Local\Temp\ccKpyUDv.s 			page 23


 946      505F5343 
 946      414E5F52 
 947              	.LASF19:
 948 087a 4359424C 		.ascii	"CYBLE_EVT_HARDWARE_ERROR\000"
 948      455F4556 
 948      545F4841 
 948      52445741 
 948      52455F45 
 949              	.LASF79:
 950 0893 4359424C 		.ascii	"CYBLE_EVT_L2CAP_CBFC_DATA_READ\000"
 950      455F4556 
 950      545F4C32 
 950      4341505F 
 950      43424643 
 951              	.LASF73:
 952 08b2 4359424C 		.ascii	"CYBLE_EVT_L2CAP_CONN_PARAM_UPDATE_RSP\000"
 952      455F4556 
 952      545F4C32 
 952      4341505F 
 952      434F4E4E 
 953              	.LASF23:
 954 08d8 4359424C 		.ascii	"CYBLE_EVT_GAPC_SCAN_PROGRESS_RESULT\000"
 954      455F4556 
 954      545F4741 
 954      50435F53 
 954      43414E5F 
 955              	.LASF52:
 956 08fc 4359424C 		.ascii	"CYBLE_EVT_GATTC_READ_BY_GROUP_TYPE_RSP\000"
 956      455F4556 
 956      545F4741 
 956      5454435F 
 956      52454144 
 957              	.LASF61:
 958 0923 4359424C 		.ascii	"CYBLE_EVT_GATTS_WRITE_CMD_REQ\000"
 958      455F4556 
 958      545F4741 
 958      5454535F 
 958      57524954 
 959              	.LASF51:
 960 0941 4359424C 		.ascii	"CYBLE_EVT_GATTC_XCHNG_MTU_RSP\000"
 960      455F4556 
 960      545F4741 
 960      5454435F 
 960      5843484E 
 961              	.LASF82:
 962 095f 4359424C 		.ascii	"CYBLE_EVT_L2CAP_CBFC_DATA_WRITE_IND\000"
 962      455F4556 
 962      545F4C32 
 962      4341505F 
 962      43424643 
 963              	.LASF18:
 964 0983 4359424C 		.ascii	"CYBLE_EVT_TIMEOUT\000"
 964      455F4556 
 964      545F5449 
 964      4D454F55 
 964      5400
 965              	.LASF87:
ARM GAS  C:\Users\ADMIN\AppData\Local\Temp\ccKpyUDv.s 			page 24


 966 0995 4359424C 		.ascii	"CYBLE_EVT_MAX\000"
 966      455F4556 
 966      545F4D41 
 966      5800
 967              	.LASF97:
 968 09a3 6765745F 		.ascii	"get_data_from_mcu\000"
 968      64617461 
 968      5F66726F 
 968      6D5F6D63 
 968      7500
 969              	.LASF70:
 970 09b5 4359424C 		.ascii	"CYBLE_EVT_GATTS_READ_CHAR_VAL_ACCESS_REQ\000"
 970      455F4556 
 970      545F4741 
 970      5454535F 
 970      52454144 
 971              	.LASF69:
 972 09de 4359424C 		.ascii	"CYBLE_EVT_GATTC_STOP_CMD_COMPLETE\000"
 972      455F4556 
 972      545F4741 
 972      5454435F 
 972      53544F50 
 973              	.LASF89:
 974 0a00 76616C75 		.ascii	"value\000"
 974      6500
 975              	.LASF63:
 976 0a06 4359424C 		.ascii	"CYBLE_EVT_GATTS_EXEC_WRITE_REQ\000"
 976      455F4556 
 976      545F4741 
 976      5454535F 
 976      45584543 
 977              	.LASF31:
 978 0a25 4359424C 		.ascii	"CYBLE_EVT_GAP_DEVICE_DISCONNECTED\000"
 978      455F4556 
 978      545F4741 
 978      505F4445 
 978      56494345 
 979              	.LASF68:
 980 0a47 4359424C 		.ascii	"CYBLE_EVT_GATTS_DATA_SIGNED_CMD_REQ\000"
 980      455F4556 
 980      545F4741 
 980      5454535F 
 980      44415441 
 981              	.LASF85:
 982 0a6b 4359424C 		.ascii	"CYBLE_EVT_HCI_PKT\000"
 982      455F4556 
 982      545F4843 
 982      495F504B 
 982      5400
 983              	.LASF38:
 984 0a7d 4359424C 		.ascii	"CYBLE_EVT_GAP_OOB_GENERATED_NOTIFICATION\000"
 984      455F4556 
 984      545F4741 
 984      505F4F4F 
 984      425F4745 
 985              		.ident	"GCC: (GNU Tools for ARM Embedded Processors) 5.4.1 20160609 (release) [ARM/embedded-5-bran
