ARM GAS  C:\Users\ADMIN\AppData\Local\Temp\ccfKsSrF.s 			page 1


   1              		.syntax unified
   2              		.cpu cortex-m0
   3              		.fpu softvfp
   4              		.eabi_attribute 20, 1
   5              		.eabi_attribute 21, 1
   6              		.eabi_attribute 23, 3
   7              		.eabi_attribute 24, 1
   8              		.eabi_attribute 25, 1
   9              		.eabi_attribute 26, 1
  10              		.eabi_attribute 30, 6
  11              		.eabi_attribute 34, 0
  12              		.eabi_attribute 18, 4
  13              		.thumb
  14              		.syntax unified
  15              		.file	"main.c"
  16              		.text
  17              	.Ltext0:
  18              		.cfi_sections	.debug_frame
  19              		.section	.text.main,"ax",%progbits
  20              		.align	2
  21              		.global	main
  22              		.code	16
  23              		.thumb_func
  24              		.type	main, %function
  25              	main:
  26              	.LFB35:
  27              		.file 1 "main.c"
   1:main.c        **** #include "goal.h"
   2:main.c        **** 
   3:main.c        **** int main (void)
   4:main.c        **** {
  28              		.loc 1 4 0
  29              		.cfi_startproc
  30              		@ args = 0, pretend = 0, frame = 0
  31              		@ frame_needed = 1, uses_anonymous_args = 0
  32 0000 80B5     		push	{r7, lr}
  33              		.cfi_def_cfa_offset 8
  34              		.cfi_offset 7, -8
  35              		.cfi_offset 14, -4
  36 0002 00AF     		add	r7, sp, #0
  37              		.cfi_def_cfa_register 7
   5:main.c        ****     CyGlobalIntEnable;
  38              		.loc 1 5 0
  39              		.syntax divided
  40              	@ 5 "main.c" 1
  41 0004 62B6     		CPSIE   i
  42              	@ 0 "" 2
   6:main.c        ****  
   7:main.c        ****     protocol_init();
  43              		.loc 1 7 0
  44              		.thumb
  45              		.syntax unified
  46 0006 FFF7FEFF 		bl	protocol_init
  47              	.L2:
   8:main.c        ****     
   9:main.c        ****     for(;;)
  10:main.c        ****     {
ARM GAS  C:\Users\ADMIN\AppData\Local\Temp\ccfKsSrF.s 			page 2


  11:main.c        ****         main_loop();
  48              		.loc 1 11 0 discriminator 1
  49 000a FFF7FEFF 		bl	main_loop
  12:main.c        ****         
  13:main.c        ****         update_data_read();
  50              		.loc 1 13 0 discriminator 1
  51 000e FFF7FEFF 		bl	update_data_read
  14:main.c        ****     }
  52              		.loc 1 14 0 discriminator 1
  53 0012 FAE7     		b	.L2
  54              		.cfi_endproc
  55              	.LFE35:
  56              		.size	main, .-main
  57              		.text
  58              	.Letext0:
  59              		.section	.debug_info,"",%progbits
  60              	.Ldebug_info0:
  61 0000 A0000000 		.4byte	0xa0
  62 0004 0400     		.2byte	0x4
  63 0006 00000000 		.4byte	.Ldebug_abbrev0
  64 000a 04       		.byte	0x4
  65 000b 01       		.uleb128 0x1
  66 000c E8000000 		.4byte	.LASF14
  67 0010 0C       		.byte	0xc
  68 0011 47000000 		.4byte	.LASF15
  69 0015 00000000 		.4byte	.LASF16
  70 0019 00000000 		.4byte	.Ldebug_ranges0+0
  71 001d 00000000 		.4byte	0
  72 0021 00000000 		.4byte	.Ldebug_line0
  73 0025 02       		.uleb128 0x2
  74 0026 01       		.byte	0x1
  75 0027 06       		.byte	0x6
  76 0028 C0000000 		.4byte	.LASF0
  77 002c 02       		.uleb128 0x2
  78 002d 01       		.byte	0x1
  79 002e 08       		.byte	0x8
  80 002f 7C000000 		.4byte	.LASF1
  81 0033 02       		.uleb128 0x2
  82 0034 02       		.byte	0x2
  83 0035 05       		.byte	0x5
  84 0036 DE000000 		.4byte	.LASF2
  85 003a 02       		.uleb128 0x2
  86 003b 02       		.byte	0x2
  87 003c 07       		.byte	0x7
  88 003d AD000000 		.4byte	.LASF3
  89 0041 02       		.uleb128 0x2
  90 0042 04       		.byte	0x4
  91 0043 05       		.byte	0x5
  92 0044 8F000000 		.4byte	.LASF4
  93 0048 02       		.uleb128 0x2
  94 0049 04       		.byte	0x4
  95 004a 07       		.byte	0x7
  96 004b 4E000000 		.4byte	.LASF5
  97 004f 02       		.uleb128 0x2
  98 0050 08       		.byte	0x8
  99 0051 05       		.byte	0x5
 100 0052 9F000000 		.4byte	.LASF6
ARM GAS  C:\Users\ADMIN\AppData\Local\Temp\ccfKsSrF.s 			page 3


 101 0056 02       		.uleb128 0x2
 102 0057 08       		.byte	0x8
 103 0058 07       		.byte	0x7
 104 0059 60000000 		.4byte	.LASF7
 105 005d 03       		.uleb128 0x3
 106 005e 04       		.byte	0x4
 107 005f 05       		.byte	0x5
 108 0060 696E7400 		.ascii	"int\000"
 109 0064 02       		.uleb128 0x2
 110 0065 04       		.byte	0x4
 111 0066 07       		.byte	0x7
 112 0067 3A000000 		.4byte	.LASF8
 113 006b 02       		.uleb128 0x2
 114 006c 04       		.byte	0x4
 115 006d 04       		.byte	0x4
 116 006e D8000000 		.4byte	.LASF9
 117 0072 02       		.uleb128 0x2
 118 0073 08       		.byte	0x8
 119 0074 04       		.byte	0x4
 120 0075 98000000 		.4byte	.LASF10
 121 0079 02       		.uleb128 0x2
 122 007a 01       		.byte	0x1
 123 007b 08       		.byte	0x8
 124 007c 77000000 		.4byte	.LASF11
 125 0080 02       		.uleb128 0x2
 126 0081 08       		.byte	0x8
 127 0082 04       		.byte	0x4
 128 0083 CC000000 		.4byte	.LASF12
 129 0087 02       		.uleb128 0x2
 130 0088 04       		.byte	0x4
 131 0089 07       		.byte	0x7
 132 008a 76010000 		.4byte	.LASF13
 133 008e 04       		.uleb128 0x4
 134 008f 8A000000 		.4byte	.LASF17
 135 0093 01       		.byte	0x1
 136 0094 03       		.byte	0x3
 137 0095 5D000000 		.4byte	0x5d
 138 0099 00000000 		.4byte	.LFB35
 139 009d 14000000 		.4byte	.LFE35-.LFB35
 140 00a1 01       		.uleb128 0x1
 141 00a2 9C       		.byte	0x9c
 142 00a3 00       		.byte	0
 143              		.section	.debug_abbrev,"",%progbits
 144              	.Ldebug_abbrev0:
 145 0000 01       		.uleb128 0x1
 146 0001 11       		.uleb128 0x11
 147 0002 01       		.byte	0x1
 148 0003 25       		.uleb128 0x25
 149 0004 0E       		.uleb128 0xe
 150 0005 13       		.uleb128 0x13
 151 0006 0B       		.uleb128 0xb
 152 0007 03       		.uleb128 0x3
 153 0008 0E       		.uleb128 0xe
 154 0009 1B       		.uleb128 0x1b
 155 000a 0E       		.uleb128 0xe
 156 000b 55       		.uleb128 0x55
 157 000c 17       		.uleb128 0x17
ARM GAS  C:\Users\ADMIN\AppData\Local\Temp\ccfKsSrF.s 			page 4


 158 000d 11       		.uleb128 0x11
 159 000e 01       		.uleb128 0x1
 160 000f 10       		.uleb128 0x10
 161 0010 17       		.uleb128 0x17
 162 0011 00       		.byte	0
 163 0012 00       		.byte	0
 164 0013 02       		.uleb128 0x2
 165 0014 24       		.uleb128 0x24
 166 0015 00       		.byte	0
 167 0016 0B       		.uleb128 0xb
 168 0017 0B       		.uleb128 0xb
 169 0018 3E       		.uleb128 0x3e
 170 0019 0B       		.uleb128 0xb
 171 001a 03       		.uleb128 0x3
 172 001b 0E       		.uleb128 0xe
 173 001c 00       		.byte	0
 174 001d 00       		.byte	0
 175 001e 03       		.uleb128 0x3
 176 001f 24       		.uleb128 0x24
 177 0020 00       		.byte	0
 178 0021 0B       		.uleb128 0xb
 179 0022 0B       		.uleb128 0xb
 180 0023 3E       		.uleb128 0x3e
 181 0024 0B       		.uleb128 0xb
 182 0025 03       		.uleb128 0x3
 183 0026 08       		.uleb128 0x8
 184 0027 00       		.byte	0
 185 0028 00       		.byte	0
 186 0029 04       		.uleb128 0x4
 187 002a 2E       		.uleb128 0x2e
 188 002b 00       		.byte	0
 189 002c 3F       		.uleb128 0x3f
 190 002d 19       		.uleb128 0x19
 191 002e 03       		.uleb128 0x3
 192 002f 0E       		.uleb128 0xe
 193 0030 3A       		.uleb128 0x3a
 194 0031 0B       		.uleb128 0xb
 195 0032 3B       		.uleb128 0x3b
 196 0033 0B       		.uleb128 0xb
 197 0034 27       		.uleb128 0x27
 198 0035 19       		.uleb128 0x19
 199 0036 49       		.uleb128 0x49
 200 0037 13       		.uleb128 0x13
 201 0038 11       		.uleb128 0x11
 202 0039 01       		.uleb128 0x1
 203 003a 12       		.uleb128 0x12
 204 003b 06       		.uleb128 0x6
 205 003c 40       		.uleb128 0x40
 206 003d 18       		.uleb128 0x18
 207 003e 9642     		.uleb128 0x2116
 208 0040 19       		.uleb128 0x19
 209 0041 00       		.byte	0
 210 0042 00       		.byte	0
 211 0043 00       		.byte	0
 212              		.section	.debug_aranges,"",%progbits
 213 0000 1C000000 		.4byte	0x1c
 214 0004 0200     		.2byte	0x2
ARM GAS  C:\Users\ADMIN\AppData\Local\Temp\ccfKsSrF.s 			page 5


 215 0006 00000000 		.4byte	.Ldebug_info0
 216 000a 04       		.byte	0x4
 217 000b 00       		.byte	0
 218 000c 0000     		.2byte	0
 219 000e 0000     		.2byte	0
 220 0010 00000000 		.4byte	.LFB35
 221 0014 14000000 		.4byte	.LFE35-.LFB35
 222 0018 00000000 		.4byte	0
 223 001c 00000000 		.4byte	0
 224              		.section	.debug_ranges,"",%progbits
 225              	.Ldebug_ranges0:
 226 0000 00000000 		.4byte	.LFB35
 227 0004 14000000 		.4byte	.LFE35
 228 0008 00000000 		.4byte	0
 229 000c 00000000 		.4byte	0
 230              		.section	.debug_line,"",%progbits
 231              	.Ldebug_line0:
 232 0000 41000000 		.section	.debug_str,"MS",%progbits,1
 232      02001D00 
 232      00000201 
 232      FB0E0D00 
 232      01010101 
 233              	.LASF16:
 234 0000 443A5C50 		.ascii	"D:\\Programming\\PSoC\\GitGoalKitchen\\Goal\\GOAL-E"
 234      726F6772 
 234      616D6D69 
 234      6E675C50 
 234      536F435C 
 235 002e 5A2D424C 		.ascii	"Z-BLE.cydsn\000"
 235      452E6379 
 235      64736E00 
 236              	.LASF8:
 237 003a 756E7369 		.ascii	"unsigned int\000"
 237      676E6564 
 237      20696E74 
 237      00
 238              	.LASF15:
 239 0047 6D61696E 		.ascii	"main.c\000"
 239      2E6300
 240              	.LASF5:
 241 004e 6C6F6E67 		.ascii	"long unsigned int\000"
 241      20756E73 
 241      69676E65 
 241      6420696E 
 241      7400
 242              	.LASF7:
 243 0060 6C6F6E67 		.ascii	"long long unsigned int\000"
 243      206C6F6E 
 243      6720756E 
 243      7369676E 
 243      65642069 
 244              	.LASF11:
 245 0077 63686172 		.ascii	"char\000"
 245      00
 246              	.LASF1:
 247 007c 756E7369 		.ascii	"unsigned char\000"
 247      676E6564 
ARM GAS  C:\Users\ADMIN\AppData\Local\Temp\ccfKsSrF.s 			page 6


 247      20636861 
 247      7200
 248              	.LASF17:
 249 008a 6D61696E 		.ascii	"main\000"
 249      00
 250              	.LASF4:
 251 008f 6C6F6E67 		.ascii	"long int\000"
 251      20696E74 
 251      00
 252              	.LASF10:
 253 0098 646F7562 		.ascii	"double\000"
 253      6C6500
 254              	.LASF6:
 255 009f 6C6F6E67 		.ascii	"long long int\000"
 255      206C6F6E 
 255      6720696E 
 255      7400
 256              	.LASF3:
 257 00ad 73686F72 		.ascii	"short unsigned int\000"
 257      7420756E 
 257      7369676E 
 257      65642069 
 257      6E7400
 258              	.LASF0:
 259 00c0 7369676E 		.ascii	"signed char\000"
 259      65642063 
 259      68617200 
 260              	.LASF12:
 261 00cc 6C6F6E67 		.ascii	"long double\000"
 261      20646F75 
 261      626C6500 
 262              	.LASF9:
 263 00d8 666C6F61 		.ascii	"float\000"
 263      7400
 264              	.LASF2:
 265 00de 73686F72 		.ascii	"short int\000"
 265      7420696E 
 265      7400
 266              	.LASF14:
 267 00e8 474E5520 		.ascii	"GNU C11 5.4.1 20160609 (release) [ARM/embedded-5-br"
 267      43313120 
 267      352E342E 
 267      31203230 
 267      31363036 
 268 011b 616E6368 		.ascii	"anch revision 237715] -mcpu=cortex-m0 -mthumb -g -O"
 268      20726576 
 268      6973696F 
 268      6E203233 
 268      37373135 
 269 014e 30202D66 		.ascii	"0 -ffunction-sections -ffat-lto-objects\000"
 269      66756E63 
 269      74696F6E 
 269      2D736563 
 269      74696F6E 
 270              	.LASF13:
 271 0176 73697A65 		.ascii	"sizetype\000"
 271      74797065 
ARM GAS  C:\Users\ADMIN\AppData\Local\Temp\ccfKsSrF.s 			page 7


 271      00
 272              		.ident	"GCC: (GNU Tools for ARM Embedded Processors) 5.4.1 20160609 (release) [ARM/embedded-5-bran
