ARM GAS  C:\Users\ADMIN\AppData\Local\Temp\cclX336n.s 			page 1


   1              		.syntax unified
   2              		.cpu cortex-m0
   3              		.fpu softvfp
   4              		.eabi_attribute 20, 1
   5              		.eabi_attribute 21, 1
   6              		.eabi_attribute 23, 3
   7              		.eabi_attribute 24, 1
   8              		.eabi_attribute 25, 1
   9              		.eabi_attribute 26, 1
  10              		.eabi_attribute 30, 6
  11              		.eabi_attribute 34, 0
  12              		.eabi_attribute 18, 4
  13              		.thumb
  14              		.syntax unified
  15              		.file	"protocol.c"
  16              		.text
  17              	.Ltext0:
  18              		.cfi_sections	.debug_frame
  19              		.section	.text.protocol_init,"ax",%progbits
  20              		.align	2
  21              		.global	protocol_init
  22              		.code	16
  23              		.thumb_func
  24              		.type	protocol_init, %function
  25              	protocol_init:
  26              	.LFB35:
  27              		.file 1 "protocol.c"
   1:protocol.c    **** #include "goal.h"
   2:protocol.c    **** 
   3:protocol.c    **** void protocol_init(void) {
  28              		.loc 1 3 0
  29              		.cfi_startproc
  30              		@ args = 0, pretend = 0, frame = 0
  31              		@ frame_needed = 1, uses_anonymous_args = 0
  32 0000 80B5     		push	{r7, lr}
  33              		.cfi_def_cfa_offset 8
  34              		.cfi_offset 7, -8
  35              		.cfi_offset 14, -4
  36 0002 00AF     		add	r7, sp, #0
  37              		.cfi_def_cfa_register 7
   4:protocol.c    ****     i2c_init();
  38              		.loc 1 4 0
  39 0004 FFF7FEFF 		bl	i2c_init
   5:protocol.c    ****     CyBle_Start(BleCallBack);
  40              		.loc 1 5 0
  41 0008 034B     		ldr	r3, .L2
  42 000a 1800     		movs	r0, r3
  43 000c FFF7FEFF 		bl	CyBle_Start
   6:protocol.c    **** }
  44              		.loc 1 6 0
  45 0010 C046     		nop
  46 0012 BD46     		mov	sp, r7
  47              		@ sp needed
  48 0014 80BD     		pop	{r7, pc}
  49              	.L3:
  50 0016 C046     		.align	2
  51              	.L2:
ARM GAS  C:\Users\ADMIN\AppData\Local\Temp\cclX336n.s 			page 2


  52 0018 00000000 		.word	BleCallBack
  53              		.cfi_endproc
  54              	.LFE35:
  55              		.size	protocol_init, .-protocol_init
  56              		.section	.text.main_loop,"ax",%progbits
  57              		.align	2
  58              		.global	main_loop
  59              		.code	16
  60              		.thumb_func
  61              		.type	main_loop, %function
  62              	main_loop:
  63              	.LFB36:
   7:protocol.c    **** 
   8:protocol.c    **** void main_loop(void) {
  64              		.loc 1 8 0
  65              		.cfi_startproc
  66              		@ args = 0, pretend = 0, frame = 0
  67              		@ frame_needed = 1, uses_anonymous_args = 0
  68 0000 80B5     		push	{r7, lr}
  69              		.cfi_def_cfa_offset 8
  70              		.cfi_offset 7, -8
  71              		.cfi_offset 14, -4
  72 0002 00AF     		add	r7, sp, #0
  73              		.cfi_def_cfa_register 7
   9:protocol.c    ****     CyBle_ProcessEvents();
  74              		.loc 1 9 0
  75 0004 FFF7FEFF 		bl	CyBle_ProcessEvents
  10:protocol.c    ****     CyBle_EnterLPM(CYBLE_BLESS_DEEPSLEEP);
  76              		.loc 1 10 0
  77 0008 0320     		movs	r0, #3
  78 000a FFF7FEFF 		bl	CyBle_EnterLPM
  11:protocol.c    **** }
  79              		.loc 1 11 0
  80 000e C046     		nop
  81 0010 BD46     		mov	sp, r7
  82              		@ sp needed
  83 0012 80BD     		pop	{r7, pc}
  84              		.cfi_endproc
  85              	.LFE36:
  86              		.size	main_loop, .-main_loop
  87              		.text
  88              	.Letext0:
  89              		.file 2 "Generated_Source\\PSoC4/BLE_Stack.h"
  90              		.section	.debug_info,"",%progbits
  91              	.Ldebug_info0:
  92 0000 D9000000 		.4byte	0xd9
  93 0004 0400     		.2byte	0x4
  94 0006 00000000 		.4byte	.Ldebug_abbrev0
  95 000a 04       		.byte	0x4
  96 000b 01       		.uleb128 0x1
  97 000c 50010000 		.4byte	.LASF21
  98 0010 0C       		.byte	0xc
  99 0011 8C000000 		.4byte	.LASF22
 100 0015 00000000 		.4byte	.LASF23
 101 0019 00000000 		.4byte	.Ldebug_ranges0+0
 102 001d 00000000 		.4byte	0
 103 0021 00000000 		.4byte	.Ldebug_line0
ARM GAS  C:\Users\ADMIN\AppData\Local\Temp\cclX336n.s 			page 3


 104 0025 02       		.uleb128 0x2
 105 0026 01       		.byte	0x1
 106 0027 06       		.byte	0x6
 107 0028 24010000 		.4byte	.LASF0
 108 002c 02       		.uleb128 0x2
 109 002d 01       		.byte	0x1
 110 002e 08       		.byte	0x8
 111 002f C0000000 		.4byte	.LASF1
 112 0033 02       		.uleb128 0x2
 113 0034 02       		.byte	0x2
 114 0035 05       		.byte	0x5
 115 0036 F2000000 		.4byte	.LASF2
 116 003a 02       		.uleb128 0x2
 117 003b 02       		.byte	0x2
 118 003c 07       		.byte	0x7
 119 003d 11010000 		.4byte	.LASF3
 120 0041 02       		.uleb128 0x2
 121 0042 04       		.byte	0x4
 122 0043 05       		.byte	0x5
 123 0044 E9000000 		.4byte	.LASF4
 124 0048 02       		.uleb128 0x2
 125 0049 04       		.byte	0x4
 126 004a 07       		.byte	0x7
 127 004b 70000000 		.4byte	.LASF5
 128 004f 02       		.uleb128 0x2
 129 0050 08       		.byte	0x8
 130 0051 05       		.byte	0x5
 131 0052 03010000 		.4byte	.LASF6
 132 0056 02       		.uleb128 0x2
 133 0057 08       		.byte	0x8
 134 0058 07       		.byte	0x7
 135 0059 A9000000 		.4byte	.LASF7
 136 005d 03       		.uleb128 0x3
 137 005e 04       		.byte	0x4
 138 005f 05       		.byte	0x5
 139 0060 696E7400 		.ascii	"int\000"
 140 0064 02       		.uleb128 0x2
 141 0065 04       		.byte	0x4
 142 0066 07       		.byte	0x7
 143 0067 3A000000 		.4byte	.LASF8
 144 006b 02       		.uleb128 0x2
 145 006c 04       		.byte	0x4
 146 006d 04       		.byte	0x4
 147 006e 3C010000 		.4byte	.LASF9
 148 0072 02       		.uleb128 0x2
 149 0073 08       		.byte	0x8
 150 0074 04       		.byte	0x4
 151 0075 FC000000 		.4byte	.LASF10
 152 0079 02       		.uleb128 0x2
 153 007a 01       		.byte	0x1
 154 007b 08       		.byte	0x8
 155 007c E4000000 		.4byte	.LASF11
 156 0080 02       		.uleb128 0x2
 157 0081 08       		.byte	0x8
 158 0082 04       		.byte	0x4
 159 0083 30010000 		.4byte	.LASF12
 160 0087 02       		.uleb128 0x2
ARM GAS  C:\Users\ADMIN\AppData\Local\Temp\cclX336n.s 			page 4


 161 0088 04       		.byte	0x4
 162 0089 07       		.byte	0x7
 163 008a DE010000 		.4byte	.LASF13
 164 008e 04       		.uleb128 0x4
 165 008f 01       		.byte	0x1
 166 0090 2C000000 		.4byte	0x2c
 167 0094 02       		.byte	0x2
 168 0095 5D04     		.2byte	0x45d
 169 0097 BA000000 		.4byte	0xba
 170 009b 05       		.uleb128 0x5
 171 009c 47000000 		.4byte	.LASF14
 172 00a0 01       		.byte	0x1
 173 00a1 05       		.uleb128 0x5
 174 00a2 97000000 		.4byte	.LASF15
 175 00a6 02       		.byte	0x2
 176 00a7 05       		.uleb128 0x5
 177 00a8 CE000000 		.4byte	.LASF16
 178 00ac 03       		.byte	0x3
 179 00ad 05       		.uleb128 0x5
 180 00ae 5A000000 		.4byte	.LASF17
 181 00b2 04       		.byte	0x4
 182 00b3 05       		.uleb128 0x5
 183 00b4 E7010000 		.4byte	.LASF18
 184 00b8 FF       		.byte	0xff
 185 00b9 00       		.byte	0
 186 00ba 06       		.uleb128 0x6
 187 00bb 42010000 		.4byte	.LASF19
 188 00bf 01       		.byte	0x1
 189 00c0 03       		.byte	0x3
 190 00c1 00000000 		.4byte	.LFB35
 191 00c5 1C000000 		.4byte	.LFE35-.LFB35
 192 00c9 01       		.uleb128 0x1
 193 00ca 9C       		.byte	0x9c
 194 00cb 06       		.uleb128 0x6
 195 00cc 82000000 		.4byte	.LASF20
 196 00d0 01       		.byte	0x1
 197 00d1 08       		.byte	0x8
 198 00d2 00000000 		.4byte	.LFB36
 199 00d6 14000000 		.4byte	.LFE36-.LFB36
 200 00da 01       		.uleb128 0x1
 201 00db 9C       		.byte	0x9c
 202 00dc 00       		.byte	0
 203              		.section	.debug_abbrev,"",%progbits
 204              	.Ldebug_abbrev0:
 205 0000 01       		.uleb128 0x1
 206 0001 11       		.uleb128 0x11
 207 0002 01       		.byte	0x1
 208 0003 25       		.uleb128 0x25
 209 0004 0E       		.uleb128 0xe
 210 0005 13       		.uleb128 0x13
 211 0006 0B       		.uleb128 0xb
 212 0007 03       		.uleb128 0x3
 213 0008 0E       		.uleb128 0xe
 214 0009 1B       		.uleb128 0x1b
 215 000a 0E       		.uleb128 0xe
 216 000b 55       		.uleb128 0x55
 217 000c 17       		.uleb128 0x17
ARM GAS  C:\Users\ADMIN\AppData\Local\Temp\cclX336n.s 			page 5


 218 000d 11       		.uleb128 0x11
 219 000e 01       		.uleb128 0x1
 220 000f 10       		.uleb128 0x10
 221 0010 17       		.uleb128 0x17
 222 0011 00       		.byte	0
 223 0012 00       		.byte	0
 224 0013 02       		.uleb128 0x2
 225 0014 24       		.uleb128 0x24
 226 0015 00       		.byte	0
 227 0016 0B       		.uleb128 0xb
 228 0017 0B       		.uleb128 0xb
 229 0018 3E       		.uleb128 0x3e
 230 0019 0B       		.uleb128 0xb
 231 001a 03       		.uleb128 0x3
 232 001b 0E       		.uleb128 0xe
 233 001c 00       		.byte	0
 234 001d 00       		.byte	0
 235 001e 03       		.uleb128 0x3
 236 001f 24       		.uleb128 0x24
 237 0020 00       		.byte	0
 238 0021 0B       		.uleb128 0xb
 239 0022 0B       		.uleb128 0xb
 240 0023 3E       		.uleb128 0x3e
 241 0024 0B       		.uleb128 0xb
 242 0025 03       		.uleb128 0x3
 243 0026 08       		.uleb128 0x8
 244 0027 00       		.byte	0
 245 0028 00       		.byte	0
 246 0029 04       		.uleb128 0x4
 247 002a 04       		.uleb128 0x4
 248 002b 01       		.byte	0x1
 249 002c 0B       		.uleb128 0xb
 250 002d 0B       		.uleb128 0xb
 251 002e 49       		.uleb128 0x49
 252 002f 13       		.uleb128 0x13
 253 0030 3A       		.uleb128 0x3a
 254 0031 0B       		.uleb128 0xb
 255 0032 3B       		.uleb128 0x3b
 256 0033 05       		.uleb128 0x5
 257 0034 01       		.uleb128 0x1
 258 0035 13       		.uleb128 0x13
 259 0036 00       		.byte	0
 260 0037 00       		.byte	0
 261 0038 05       		.uleb128 0x5
 262 0039 28       		.uleb128 0x28
 263 003a 00       		.byte	0
 264 003b 03       		.uleb128 0x3
 265 003c 0E       		.uleb128 0xe
 266 003d 1C       		.uleb128 0x1c
 267 003e 0B       		.uleb128 0xb
 268 003f 00       		.byte	0
 269 0040 00       		.byte	0
 270 0041 06       		.uleb128 0x6
 271 0042 2E       		.uleb128 0x2e
 272 0043 00       		.byte	0
 273 0044 3F       		.uleb128 0x3f
 274 0045 19       		.uleb128 0x19
ARM GAS  C:\Users\ADMIN\AppData\Local\Temp\cclX336n.s 			page 6


 275 0046 03       		.uleb128 0x3
 276 0047 0E       		.uleb128 0xe
 277 0048 3A       		.uleb128 0x3a
 278 0049 0B       		.uleb128 0xb
 279 004a 3B       		.uleb128 0x3b
 280 004b 0B       		.uleb128 0xb
 281 004c 27       		.uleb128 0x27
 282 004d 19       		.uleb128 0x19
 283 004e 11       		.uleb128 0x11
 284 004f 01       		.uleb128 0x1
 285 0050 12       		.uleb128 0x12
 286 0051 06       		.uleb128 0x6
 287 0052 40       		.uleb128 0x40
 288 0053 18       		.uleb128 0x18
 289 0054 9642     		.uleb128 0x2116
 290 0056 19       		.uleb128 0x19
 291 0057 00       		.byte	0
 292 0058 00       		.byte	0
 293 0059 00       		.byte	0
 294              		.section	.debug_aranges,"",%progbits
 295 0000 24000000 		.4byte	0x24
 296 0004 0200     		.2byte	0x2
 297 0006 00000000 		.4byte	.Ldebug_info0
 298 000a 04       		.byte	0x4
 299 000b 00       		.byte	0
 300 000c 0000     		.2byte	0
 301 000e 0000     		.2byte	0
 302 0010 00000000 		.4byte	.LFB35
 303 0014 1C000000 		.4byte	.LFE35-.LFB35
 304 0018 00000000 		.4byte	.LFB36
 305 001c 14000000 		.4byte	.LFE36-.LFB36
 306 0020 00000000 		.4byte	0
 307 0024 00000000 		.4byte	0
 308              		.section	.debug_ranges,"",%progbits
 309              	.Ldebug_ranges0:
 310 0000 00000000 		.4byte	.LFB35
 311 0004 1C000000 		.4byte	.LFE35
 312 0008 00000000 		.4byte	.LFB36
 313 000c 14000000 		.4byte	.LFE36
 314 0010 00000000 		.4byte	0
 315 0014 00000000 		.4byte	0
 316              		.section	.debug_line,"",%progbits
 317              	.Ldebug_line0:
 318 0000 6D000000 		.section	.debug_str,"MS",%progbits,1
 318      02004700 
 318      00000201 
 318      FB0E0D00 
 318      01010101 
 319              	.LASF23:
 320 0000 443A5C50 		.ascii	"D:\\Programming\\PSoC\\GitGoalKitchen\\Goal\\GOAL-E"
 320      726F6772 
 320      616D6D69 
 320      6E675C50 
 320      536F435C 
 321 002e 5A2D424C 		.ascii	"Z-BLE.cydsn\000"
 321      452E6379 
 321      64736E00 
ARM GAS  C:\Users\ADMIN\AppData\Local\Temp\cclX336n.s 			page 7


 322              	.LASF8:
 323 003a 756E7369 		.ascii	"unsigned int\000"
 323      676E6564 
 323      20696E74 
 323      00
 324              	.LASF14:
 325 0047 4359424C 		.ascii	"CYBLE_BLESS_ACTIVE\000"
 325      455F424C 
 325      4553535F 
 325      41435449 
 325      564500
 326              	.LASF17:
 327 005a 4359424C 		.ascii	"CYBLE_BLESS_HIBERNATE\000"
 327      455F424C 
 327      4553535F 
 327      48494245 
 327      524E4154 
 328              	.LASF5:
 329 0070 6C6F6E67 		.ascii	"long unsigned int\000"
 329      20756E73 
 329      69676E65 
 329      6420696E 
 329      7400
 330              	.LASF20:
 331 0082 6D61696E 		.ascii	"main_loop\000"
 331      5F6C6F6F 
 331      7000
 332              	.LASF22:
 333 008c 70726F74 		.ascii	"protocol.c\000"
 333      6F636F6C 
 333      2E6300
 334              	.LASF15:
 335 0097 4359424C 		.ascii	"CYBLE_BLESS_SLEEP\000"
 335      455F424C 
 335      4553535F 
 335      534C4545 
 335      5000
 336              	.LASF7:
 337 00a9 6C6F6E67 		.ascii	"long long unsigned int\000"
 337      206C6F6E 
 337      6720756E 
 337      7369676E 
 337      65642069 
 338              	.LASF1:
 339 00c0 756E7369 		.ascii	"unsigned char\000"
 339      676E6564 
 339      20636861 
 339      7200
 340              	.LASF16:
 341 00ce 4359424C 		.ascii	"CYBLE_BLESS_DEEPSLEEP\000"
 341      455F424C 
 341      4553535F 
 341      44454550 
 341      534C4545 
 342              	.LASF11:
 343 00e4 63686172 		.ascii	"char\000"
 343      00
ARM GAS  C:\Users\ADMIN\AppData\Local\Temp\cclX336n.s 			page 8


 344              	.LASF4:
 345 00e9 6C6F6E67 		.ascii	"long int\000"
 345      20696E74 
 345      00
 346              	.LASF2:
 347 00f2 73686F72 		.ascii	"short int\000"
 347      7420696E 
 347      7400
 348              	.LASF10:
 349 00fc 646F7562 		.ascii	"double\000"
 349      6C6500
 350              	.LASF6:
 351 0103 6C6F6E67 		.ascii	"long long int\000"
 351      206C6F6E 
 351      6720696E 
 351      7400
 352              	.LASF3:
 353 0111 73686F72 		.ascii	"short unsigned int\000"
 353      7420756E 
 353      7369676E 
 353      65642069 
 353      6E7400
 354              	.LASF0:
 355 0124 7369676E 		.ascii	"signed char\000"
 355      65642063 
 355      68617200 
 356              	.LASF12:
 357 0130 6C6F6E67 		.ascii	"long double\000"
 357      20646F75 
 357      626C6500 
 358              	.LASF9:
 359 013c 666C6F61 		.ascii	"float\000"
 359      7400
 360              	.LASF19:
 361 0142 70726F74 		.ascii	"protocol_init\000"
 361      6F636F6C 
 361      5F696E69 
 361      7400
 362              	.LASF21:
 363 0150 474E5520 		.ascii	"GNU C11 5.4.1 20160609 (release) [ARM/embedded-5-br"
 363      43313120 
 363      352E342E 
 363      31203230 
 363      31363036 
 364 0183 616E6368 		.ascii	"anch revision 237715] -mcpu=cortex-m0 -mthumb -g -O"
 364      20726576 
 364      6973696F 
 364      6E203233 
 364      37373135 
 365 01b6 30202D66 		.ascii	"0 -ffunction-sections -ffat-lto-objects\000"
 365      66756E63 
 365      74696F6E 
 365      2D736563 
 365      74696F6E 
 366              	.LASF13:
 367 01de 73697A65 		.ascii	"sizetype\000"
 367      74797065 
ARM GAS  C:\Users\ADMIN\AppData\Local\Temp\cclX336n.s 			page 9


 367      00
 368              	.LASF18:
 369 01e7 4359424C 		.ascii	"CYBLE_BLESS_INVALID\000"
 369      455F424C 
 369      4553535F 
 369      494E5641 
 369      4C494400 
 370              		.ident	"GCC: (GNU Tools for ARM Embedded Processors) 5.4.1 20160609 (release) [ARM/embedded-5-bran
